82 3634 23
0 2
0 4
0 7
0 10
0 14
0 18
0 19
0 21
0 22
0 26
0 29
0 31
0 32
0 34
0 37
0 38
0 39
0 47
0 48
0 50
0 51
0 52
0 53
0 54
0 58
0 61
0 64
0 65
0 66
0 67
0 69
0 70
0 73
0 76
0 77
0 81
1 2
1 6
1 8
1 12
1 14
1 16
1 18
1 23
1 26
1 29
1 30
1 31
1 32
1 34
1 36
1 37
1 38
1 39
1 40
1 41
1 42
1 46
1 47
1 48
1 49
1 56
1 57
1 59
1 67
1 69
1 70
1 71
1 73
1 74
1 75
2 0
2 1
2 7
2 10
2 12
2 15
2 17
2 18
2 20
2 21
2 22
2 23
2 24
2 25
2 27
2 32
2 37
2 39
2 40
2 41
2 42
2 43
2 45
2 47
2 48
2 50
2 51
2 52
2 55
2 58
2 61
2 62
2 63
2 67
2 68
2 69
2 70
2 71
2 73
2 74
2 77
2 79
3 5
3 8
3 12
3 14
3 17
3 18
3 21
3 22
3 23
3 25
3 28
3 29
3 31
3 34
3 36
3 37
3 39
3 40
3 41
3 45
3 46
3 47
3 48
3 49
3 50
3 51
3 56
3 57
3 58
3 59
3 63
3 65
3 67
3 70
3 76
4 0
4 5
4 6
4 7
4 8
4 9
4 10
4 11
4 12
4 13
4 14
4 15
4 18
4 19
4 20
4 21
4 23
4 25
4 28
4 29
4 31
4 35
4 36
4 37
4 38
4 41
4 45
4 47
4 49
4 50
4 52
4 53
4 54
4 55
4 60
4 63
4 64
4 66
4 67
4 68
4 69
4 70
4 71
4 72
4 73
4 74
4 76
4 80
5 3
5 4
5 6
5 7
5 8
5 11
5 12
5 17
5 19
5 22
5 23
5 28
5 29
5 36
5 37
5 41
5 46
5 48
5 49
5 50
5 54
5 56
5 58
5 59
5 63
5 66
5 67
5 70
5 72
6 1
6 4
6 5
6 8
6 9
6 11
6 12
6 13
6 14
6 15
6 17
6 18
6 19
6 21
6 23
6 24
6 25
6 26
6 28
6 29
6 34
6 36
6 37
6 38
6 41
6 44
6 46
6 48
6 50
6 51
6 55
6 56
6 58
6 61
6 63
6 65
6 66
6 69
6 70
6 71
6 72
6 76
7 0
7 2
7 4
7 5
7 10
7 14
7 16
7 17
7 18
7 21
7 22
7 27
7 29
7 31
7 32
7 33
7 34
7 36
7 37
7 38
7 39
7 42
7 43
7 47
7 48
7 49
7 50
7 51
7 54
7 56
7 58
7 59
7 63
7 67
7 68
7 69
7 70
7 72
7 74
7 75
7 76
7 77
7 78
8 1
8 3
8 4
8 5
8 6
8 11
8 12
8 14
8 17
8 18
8 19
8 21
8 22
8 23
8 25
8 26
8 27
8 28
8 29
8 30
8 31
8 32
8 33
8 36
8 37
8 39
8 40
8 41
8 46
8 47
8 48
8 49
8 50
8 51
8 56
8 57
8 59
8 61
8 62
8 63
8 65
8 66
8 67
8 69
8 70
8 73
8 75
8 80
8 81
9 4
9 6
9 10
9 14
9 15
9 17
9 20
9 21
9 22
9 24
9 28
9 31
9 32
9 33
9 37
9 38
9 39
9 40
9 43
9 45
9 47
9 48
9 50
9 52
9 53
9 54
9 55
9 60
9 62
9 63
9 67
9 68
9 69
9 71
9 72
9 73
9 77
9 78
9 79
10 0
10 2
10 4
10 7
10 9
10 14
10 15
10 16
10 18
10 21
10 22
10 29
10 31
10 32
10 33
10 34
10 37
10 38
10 39
10 40
10 42
10 45
10 47
10 48
10 50
10 51
10 53
10 54
10 55
10 58
10 60
10 67
10 68
10 69
10 73
10 76
10 77
10 78
11 4
11 5
11 6
11 8
11 12
11 14
11 18
11 20
11 22
11 23
11 25
11 29
11 33
11 34
11 37
11 38
11 41
11 46
11 47
11 48
11 49
11 50
11 54
11 56
11 63
11 65
11 66
11 67
11 70
11 71
11 80
12 1
12 2
12 3
12 4
12 5
12 6
12 8
12 11
12 13
12 14
12 17
12 18
12 19
12 21
12 22
12 23
12 25
12 26
12 28
12 29
12 30
12 33
12 35
12 36
12 37
12 38
12 39
12 40
12 41
12 45
12 46
12 47
12 48
12 49
12 50
12 53
12 54
12 56
12 57
12 58
12 59
12 61
12 63
12 65
12 66
12 70
12 71
12 72
12 73
12 74
12 76
12 81
13 4
13 6
13 12
13 14
13 21
13 22
13 23
13 25
13 29
13 31
13 34
13 36
13 37
13 39
13 41
13 45
13 46
13 47
13 49
13 51
13 53
13 55
13 56
13 58
13 61
13 63
13 65
13 66
13 70
13 71
14 0
14 1
14 3
14 4
14 6
14 7
14 8
14 9
14 10
14 11
14 12
14 13
14 15
14 16
14 17
14 18
14 19
14 20
14 21
14 23
14 24
14 25
14 26
14 28
14 29
14 30
14 31
14 33
14 35
14 36
14 37
14 38
14 39
14 40
14 41
14 42
14 43
14 44
14 45
14 46
14 47
14 48
14 49
14 50
14 51
14 52
14 53
14 54
14 55
14 56
14 57
14 58
14 59
14 60
14 61
14 62
14 63
14 64
14 65
14 66
14 67
14 68
14 70
14 71
14 72
14 74
14 75
14 76
14 79
14 80
14 81
15 2
15 4
15 6
15 9
15 10
15 14
15 16
15 18
15 19
15 21
15 22
15 24
15 26
15 29
15 31
15 32
15 33
15 34
15 36
15 37
15 38
15 39
15 40
15 44
15 45
15 47
15 48
15 50
15 51
15 54
15 55
15 58
15 61
15 63
15 67
15 68
15 69
15 71
15 72
15 73
15 74
15 77
15 78
16 1
16 7
16 10
16 14
16 15
16 20
16 21
16 26
16 29
16 30
16 31
16 33
16 35
16 37
16 38
16 40
16 41
16 42
16 45
16 46
16 47
16 48
16 49
16 51
16 53
16 57
16 59
16 71
16 74
16 76
16 78
17 2
17 3
17 5
17 6
17 7
17 8
17 9
17 12
17 14
17 18
17 19
17 21
17 22
17 23
17 25
17 27
17 29
17 34
17 36
17 37
17 38
17 39
17 40
17 41
17 47
17 48
17 49
17 50
17 51
17 55
17 56
17 61
17 63
17 65
17 67
17 70
17 71
17 72
17 73
17 76
18 0
18 1
18 2
18 3
18 4
18 6
18 7
18 8
18 10
18 11
18 12
18 14
18 15
18 17
18 20
18 21
18 22
18 23
18 24
18 25
18 26
18 27
18 29
18 30
18 31
18 32
18 34
18 36
18 37
18 38
18 39
18 41
18 42
18 43
18 44
18 45
18 47
18 49
18 50
18 52
18 53
18 54
18 55
18 56
18 58
18 60
18 61
18 62
18 63
18 64
18 65
18 66
18 67
18 68
18 69
18 70
18 72
18 73
18 75
18 77
18 78
18 79
18 80
18 81
19 0
19 4
19 5
19 6
19 8
19 12
19 14
19 15
19 17
19 21
19 24
19 26
19 28
19 29
19 36
19 37
19 45
19 46
19 47
19 48
19 49
19 50
19 55
19 61
19 63
19 65
19 66
19 70
19 71
19 73
19 74
19 76
19 81
20 2
20 4
20 9
20 11
20 14
20 16
20 18
20 21
20 22
20 23
20 25
20 27
20 29
20 31
20 32
20 33
20 34
20 35
20 37
20 38
20 39
20 40
20 41
20 42
20 47
20 48
20 50
20 51
20 52
20 54
20 55
20 58
20 59
20 63
20 67
20 69
20 71
20 72
20 73
20 74
20 77
20 78
20 79
21 0
21 2
21 3
21 4
21 6
21 7
21 8
21 9
21 10
21 12
21 13
21 14
21 15
21 16
21 17
21 18
21 19
21 20
21 22
21 23
21 24
21 25
21 26
21 27
21 28
21 31
21 32
21 33
21 34
21 35
21 36
21 37
21 38
21 39
21 40
21 41
21 42
21 43
21 45
21 46
21 47
21 48
21 50
21 52
21 53
21 55
21 56
21 57
21 58
21 59
21 60
21 61
21 62
21 63
21 64
21 66
21 67
21 68
21 69
21 70
21 71
21 72
21 75
21 76
21 77
21 78
21 79
21 80
21 81
22 0
22 2
22 3
22 5
22 7
22 8
22 9
22 10
22 11
22 12
22 13
22 15
22 17
22 18
22 20
22 21
22 23
22 24
22 25
22 26
22 27
22 28
22 31
22 32
22 34
22 35
22 36
22 37
22 38
22 40
22 41
22 42
22 43
22 45
22 46
22 48
22 49
22 50
22 51
22 52
22 54
22 55
22 56
22 57
22 58
22 59
22 60
22 61
22 62
22 63
22 64
22 65
22 66
22 67
22 68
22 70
22 71
22 72
22 74
22 75
22 76
22 77
22 78
22 79
22 80
22 81
23 1
23 2
23 3
23 4
23 5
23 6
23 8
23 11
23 12
23 13
23 14
23 17
23 18
23 20
23 21
23 22
23 25
23 26
23 27
23 28
23 29
23 31
23 33
23 34
23 36
23 38
23 39
23 41
23 42
23 44
23 46
23 47
23 49
23 50
23 55
23 56
23 59
23 60
23 61
23 63
23 65
23 66
23 67
23 70
23 71
23 80
24 2
24 6
24 9
24 14
24 15
24 18
24 19
24 21
24 22
24 31
24 32
24 33
24 36
24 37
24 39
24 45
24 46
24 47
24 48
24 54
24 58
24 61
24 63
24 65
24 67
24 68
24 69
24 71
24 72
24 73
24 78
25 2
25 3
25 4
25 6
25 8
25 11
25 12
25 13
25 14
25 17
25 18
25 20
25 21
25 22
25 23
25 26
25 27
25 28
25 29
25 30
25 31
25 32
25 34
25 36
25 37
25 38
25 39
25 40
25 41
25 45
25 46
25 47
25 48
25 49
25 50
25 53
25 55
25 56
25 58
25 60
25 61
25 63
25 65
25 66
25 67
25 71
25 72
25 73
25 76
25 80
25 81
26 0
26 1
26 6
26 8
26 12
26 14
26 15
26 16
26 18
26 19
26 21
26 22
26 23
26 25
26 29
26 31
26 33
26 34
26 36
26 37
26 39
26 40
26 44
26 46
26 47
26 48
26 49
26 50
26 51
26 56
26 61
26 63
26 65
26 66
26 67
26 68
26 69
26 70
26 71
26 73
26 76
27 2
27 7
27 8
27 17
27 18
27 20
27 21
27 22
27 23
27 25
27 28
27 32
27 36
27 38
27 39
27 40
27 41
27 42
27 43
27 45
27 47
27 49
27 50
27 63
27 67
27 81
28 3
28 4
28 5
28 6
28 8
28 9
28 12
28 14
28 19
28 21
28 22
28 23
28 25
28 27
28 29
28 33
28 34
28 36
28 37
28 38
28 39
28 40
28 41
28 42
28 47
28 48
28 49
28 50
28 51
28 63
28 67
28 71
28 74
29 0
29 1
29 3
29 4
29 5
29 6
29 7
29 8
29 10
29 11
29 12
29 13
29 14
29 15
29 16
29 17
29 18
29 19
29 20
29 23
29 25
29 26
29 28
29 30
29 31
29 32
29 33
29 34
29 35
29 36
29 37
29 38
29 40
29 41
29 42
29 43
29 44
29 45
29 46
29 49
29 50
29 51
29 52
29 53
29 54
29 55
29 56
29 58
29 59
29 60
29 61
29 62
29 63
29 64
29 65
29 66
29 67
29 68
29 69
29 70
29 71
29 72
29 74
29 75
29 79
29 80
29 81
30 1
30 8
30 12
30 14
30 16
30 18
30 25
30 29
30 31
30 34
30 36
30 37
30 38
30 40
30 42
30 45
30 46
30 47
30 48
30 49
30 50
30 51
30 57
30 58
30 59
30 63
30 70
30 71
30 73
30 75
30 76
30 80
30 81
31 0
31 1
31 3
31 4
31 7
31 8
31 9
31 10
31 13
31 14
31 15
31 16
31 18
31 20
31 21
31 22
31 23
31 24
31 25
31 26
31 29
31 30
31 32
31 33
31 34
31 35
31 36
31 37
31 38
31 39
31 41
31 42
31 43
31 44
31 45
31 47
31 48
31 50
31 51
31 54
31 55
31 58
31 59
31 60
31 63
31 64
31 65
31 66
31 67
31 68
31 69
31 70
31 71
31 72
31 73
31 74
31 75
31 76
31 78
31 79
31 80
31 81
32 0
32 1
32 2
32 7
32 8
32 9
32 10
32 15
32 18
32 20
32 21
32 22
32 24
32 25
32 27
32 29
32 31
32 33
32 37
32 38
32 39
32 40
32 42
32 43
32 45
32 48
32 50
32 52
32 54
32 55
32 58
32 59
32 60
32 62
32 63
32 64
32 65
32 67
32 68
32 69
32 72
32 74
32 75
32 77
32 79
32 81
33 7
33 8
33 9
33 10
33 11
33 12
33 14
33 15
33 16
33 20
33 21
33 23
33 24
33 26
33 28
33 29
33 31
33 32
33 34
33 36
33 37
33 38
33 39
33 40
33 41
33 42
33 43
33 45
33 46
33 47
33 48
33 51
33 52
33 53
33 55
33 58
33 60
33 62
33 63
33 67
33 68
33 69
33 71
33 72
33 75
33 76
33 77
33 78
33 79
33 80
33 81
34 0
34 1
34 3
34 6
34 7
34 10
34 11
34 13
34 15
34 17
34 18
34 20
34 21
34 22
34 23
34 25
34 26
34 28
34 29
34 30
34 31
34 33
34 36
34 37
34 38
34 39
34 40
34 41
34 42
34 43
34 44
34 45
34 47
34 48
34 49
34 50
34 51
34 52
34 55
34 56
34 59
34 61
34 63
34 66
34 67
34 68
34 70
34 71
34 72
34 74
34 75
34 77
34 79
34 81
35 4
35 12
35 14
35 16
35 20
35 21
35 22
35 29
35 31
35 37
35 39
35 40
35 41
35 47
35 48
35 49
35 50
35 51
35 55
35 57
35 59
35 66
35 67
35 70
35 71
35 74
36 1
36 3
36 4
36 5
36 6
36 7
36 8
36 12
36 13
36 14
36 15
36 17
36 18
36 19
36 21
36 22
36 23
36 24
36 25
36 26
36 27
36 28
36 29
36 30
36 31
36 33
36 34
36 37
36 41
36 43
36 46
36 47
36 48
36 49
36 50
36 51
36 53
36 54
36 55
36 56
36 57
36 61
36 63
36 65
36 66
36 67
36 70
36 74
36 75
36 81
37 0
37 1
37 2
37 3
37 4
37 5
37 6
37 7
37 8
37 9
37 10
37 11
37 12
37 13
37 14
37 15
37 16
37 17
37 18
37 19
37 20
37 21
37 22
37 24
37 25
37 26
37 28
37 29
37 30
37 31
37 32
37 33
37 34
37 35
37 36
37 38
37 39
37 40
37 41
37 42
37 43
37 44
37 45
37 46
37 47
37 48
37 49
37 51
37 52
37 53
37 54
37 56
37 57
37 58
37 59
37 60
37 61
37 62
37 63
37 64
37 65
37 66
37 67
37 68
37 69
37 70
37 71
37 72
37 73
37 74
37 75
37 76
37 77
37 78
37 79
37 80
37 81
38 0
38 1
38 4
38 6
38 7
38 9
38 10
38 11
38 12
38 14
38 15
38 16
38 17
38 18
38 20
38 21
38 22
38 23
38 25
38 27
38 28
38 29
38 30
38 31
38 32
38 33
38 34
38 37
38 39
38 40
38 41
38 42
38 43
38 45
38 47
38 48
38 49
38 51
38 52
38 53
38 54
38 55
38 56
38 58
38 59
38 60
38 62
38 63
38 64
38 65
38 67
38 68
38 70
38 71
38 72
38 73
38 74
38 76
38 78
38 79
38 81
39 0
39 1
39 2
39 3
39 7
39 8
39 9
39 10
39 12
39 13
39 14
39 15
39 17
39 18
39 20
39 21
39 23
39 24
39 25
39 26
39 27
39 28
39 31
39 32
39 33
39 34
39 35
39 37
39 38
39 40
39 42
39 43
39 44
39 45
39 47
39 48
39 49
39 50
39 51
39 52
39 53
39 55
39 57
39 58
39 59
39 60
39 61
39 62
39 63
39 64
39 65
39 67
39 71
39 72
39 74
39 75
39 76
39 77
39 78
39 79
39 80
39 81
40 1
40 2
40 3
40 8
40 9
40 10
40 12
40 14
40 15
40 16
40 17
40 20
40 21
40 22
40 25
40 26
40 27
40 28
40 29
40 30
40 32
40 33
40 34
40 35
40 37
40 38
40 39
40 41
40 42
40 43
40 48
40 49
40 51
40 53
40 54
40 55
40 57
40 59
40 60
40 62
40 69
40 70
40 71
40 72
40 73
40 74
40 78
40 79
40 81
41 1
41 2
41 3
41 4
41 5
41 6
41 8
41 11
41 12
41 13
41 14
41 16
41 17
41 18
41 20
41 21
41 22
41 23
41 25
41 27
41 28
41 29
41 31
41 33
41 34
41 35
41 36
41 37
41 38
41 40
41 42
41 43
41 44
41 46
41 47
41 49
41 50
41 51
41 52
41 54
41 55
41 56
41 59
41 61
41 63
41 65
41 66
41 67
41 69
41 70
41 71
41 76
41 81
42 1
42 2
42 7
42 10
42 14
42 16
42 18
42 20
42 21
42 22
42 23
42 27
42 28
42 29
42 30
42 31
42 32
42 33
42 34
42 37
42 38
42 39
42 40
42 41
42 43
42 45
42 46
42 47
42 48
42 49
42 50
42 51
42 53
42 54
42 55
42 60
42 62
42 63
42 64
42 67
42 69
42 70
42 71
42 72
42 73
42 74
42 76
42 77
42 78
42 80
42 81
43 2
43 7
43 9
43 14
43 18
43 21
43 22
43 27
43 29
43 31
43 32
43 33
43 34
43 36
43 37
43 38
43 39
43 40
43 41
43 42
43 45
43 47
43 48
43 50
43 51
43 53
43 58
43 60
43 63
43 67
43 69
43 73
43 74
43 78
44 6
44 14
44 15
44 18
44 23
44 26
44 29
44 31
44 34
44 37
44 39
44 41
44 47
44 48
44 50
44 51
44 55
44 63
44 65
44 66
44 70
44 71
45 2
45 3
45 4
45 9
45 10
45 12
45 13
45 14
45 15
45 16
45 18
45 19
45 21
45 22
45 24
45 25
45 27
45 29
45 30
45 31
45 32
45 33
45 34
45 37
45 38
45 39
45 42
45 43
45 46
45 47
45 48
45 49
45 50
45 51
45 52
45 53
45 57
45 58
45 63
45 67
45 68
45 69
45 71
45 72
45 73
45 74
45 76
45 77
45 78
45 81
46 1
46 3
46 5
46 6
46 8
46 11
46 12
46 13
46 14
46 16
46 19
46 21
46 22
46 23
46 24
46 25
46 26
46 29
46 30
46 33
46 36
46 37
46 41
46 42
46 45
46 47
46 48
46 49
46 50
46 56
46 57
46 58
46 61
46 63
46 65
46 66
46 70
46 73
46 74
46 81
47 0
47 1
47 2
47 3
47 4
47 7
47 8
47 9
47 10
47 11
47 12
47 13
47 14
47 15
47 16
47 17
47 18
47 19
47 20
47 21
47 23
47 24
47 25
47 26
47 27
47 28
47 30
47 31
47 33
47 34
47 35
47 36
47 37
47 38
47 39
47 41
47 42
47 43
47 44
47 45
47 46
47 48
47 49
47 51
47 52
47 53
47 56
47 57
47 58
47 59
47 60
47 61
47 62
47 63
47 65
47 66
47 68
47 71
47 72
47 73
47 74
47 75
47 79
47 80
47 81
48 0
48 1
48 2
48 3
48 5
48 6
48 7
48 8
48 9
48 10
48 11
48 12
48 14
48 15
48 16
48 17
48 19
48 20
48 21
48 22
48 24
48 25
48 26
48 28
48 30
48 31
48 32
48 33
48 34
48 35
48 36
48 37
48 38
48 39
48 40
48 42
48 43
48 44
48 45
48 46
48 47
48 49
48 50
48 51
48 52
48 53
48 54
48 55
48 56
48 57
48 58
48 59
48 60
48 61
48 62
48 63
48 64
48 65
48 66
48 67
48 68
48 69
48 70
48 71
48 72
48 73
48 74
48 75
48 76
48 78
48 79
48 80
48 81
49 1
49 3
49 4
49 5
49 7
49 8
49 11
49 12
49 13
49 14
49 16
49 17
49 18
49 19
49 22
49 23
49 25
49 26
49 27
49 28
49 29
49 30
49 34
49 35
49 36
49 37
49 38
49 39
49 40
49 41
49 42
49 45
49 46
49 47
49 48
49 50
49 51
49 53
49 57
49 59
49 62
49 63
49 65
49 66
49 67
49 70
49 71
49 72
49 76
49 80
49 81
50 0
50 2
50 3
50 4
50 5
50 6
50 7
50 8
50 9
50 10
50 11
50 12
50 14
50 15
50 17
50 18
50 19
50 20
50 21
50 22
50 23
50 25
50 26
50 27
50 28
50 29
50 30
50 31
50 32
50 34
50 35
50 36
50 39
50 41
50 42
50 43
50 44
50 45
50 46
50 48
50 49
50 51
50 52
50 53
50 54
50 55
50 56
50 58
50 59
50 61
50 62
50 63
50 64
50 65
50 66
50 67
50 68
50 70
50 71
50 73
50 75
50 76
50 79
50 80
50 81
51 0
51 2
51 3
51 6
51 7
51 8
51 10
51 13
51 14
51 15
51 16
51 17
51 20
51 22
51 26
51 28
51 29
51 30
51 31
51 33
51 34
51 35
51 36
51 37
51 38
51 39
51 40
51 41
51 42
51 43
51 44
51 45
51 47
51 48
51 49
51 50
51 52
51 53
51 57
51 58
51 59
51 61
51 62
51 63
51 67
51 68
51 70
51 71
51 72
51 74
51 75
51 78
51 79
51 81
52 0
52 2
52 4
52 9
52 14
52 18
52 20
52 21
52 22
52 29
52 32
52 33
52 34
52 37
52 38
52 39
52 41
52 45
52 47
52 48
52 50
52 51
52 53
52 54
52 60
52 63
52 64
52 67
52 68
52 69
52 73
52 74
52 77
53 0
53 4
53 9
53 10
53 12
53 13
53 14
53 16
53 18
53 21
53 25
53 29
53 33
53 36
53 37
53 38
53 39
53 40
53 42
53 43
53 45
53 47
53 48
53 49
53 50
53 51
53 52
53 54
53 55
53 58
53 59
53 63
53 64
53 65
53 70
53 71
53 72
53 74
53 76
53 79
53 80
54 0
54 4
54 5
54 7
54 9
54 10
54 11
54 12
54 14
54 15
54 18
54 20
54 22
54 24
54 29
54 31
54 32
54 36
54 37
54 38
54 40
54 41
54 42
54 48
54 50
54 52
54 53
54 55
54 58
54 60
54 63
54 67
54 69
54 70
54 72
54 73
54 75
54 77
54 78
54 79
54 80
54 81
55 2
55 4
55 6
55 9
55 10
55 13
55 14
55 15
55 17
55 18
55 19
55 20
55 21
55 22
55 23
55 25
55 29
55 31
55 32
55 33
55 34
55 35
55 36
55 38
55 39
55 40
55 41
55 42
55 44
55 48
55 50
55 53
55 54
55 58
55 60
55 63
55 64
55 65
55 66
55 67
55 69
55 70
55 71
55 73
55 74
55 77
56 1
56 3
56 5
56 6
56 7
56 8
56 11
56 12
56 13
56 14
56 17
56 18
56 21
56 22
56 23
56 25
56 26
56 29
56 34
56 36
56 37
56 38
56 41
56 46
56 47
56 48
56 50
56 58
56 61
56 63
56 65
56 71
57 1
57 3
57 8
57 12
57 14
57 16
57 21
57 22
57 30
57 35
57 36
57 37
57 39
57 40
57 45
57 46
57 47
57 48
57 49
57 51
57 58
57 59
57 67
57 70
57 74
57 76
57 81
58 0
58 2
58 3
58 5
58 6
58 7
58 10
58 12
58 13
58 14
58 15
58 18
58 20
58 21
58 22
58 24
58 25
58 29
58 30
58 31
58 32
58 33
58 37
58 38
58 39
58 43
58 45
58 46
58 47
58 48
58 50
58 51
58 53
58 54
58 55
58 56
58 57
58 59
58 60
58 62
58 63
58 67
58 68
58 69
58 70
58 71
58 72
58 73
58 74
58 75
58 77
58 78
58 79
58 81
59 1
59 3
59 5
59 7
59 8
59 12
59 14
59 16
59 20
59 21
59 22
59 23
59 29
59 30
59 31
59 32
59 34
59 35
59 37
59 38
59 39
59 40
59 41
59 47
59 48
59 49
59 50
59 51
59 53
59 57
59 58
59 60
59 61
59 63
59 66
59 67
59 69
59 70
59 76
60 4
60 9
60 10
60 14
60 18
60 21
60 22
60 23
60 25
60 29
60 31
60 32
60 33
60 37
60 38
60 39
60 40
60 42
60 43
60 47
60 48
60 52
60 54
60 55
60 58
60 59
60 63
60 67
60 68
60 69
60 72
60 73
60 74
61 0
61 2
61 6
61 8
61 12
61 13
61 14
61 15
61 17
61 18
61 19
61 21
61 22
61 23
61 24
61 25
61 26
61 29
61 34
61 36
61 37
61 39
61 41
61 46
61 47
61 48
61 50
61 51
61 56
61 59
61 63
61 65
61 66
61 67
61 70
61 71
61 72
61 73
62 2
62 8
62 9
62 14
62 18
62 21
62 22
62 29
62 32
62 33
62 37
62 38
62 39
62 40
62 42
62 47
62 48
62 49
62 50
62 51
62 58
62 63
62 67
62 70
62 73
62 74
62 75
62 79
62 81
63 2
63 3
63 4
63 5
63 6
63 7
63 8
63 9
63 11
63 12
63 13
63 14
63 15
63 17
63 18
63 19
63 20
63 21
63 22
63 23
63 24
63 25
63 26
63 27
63 28
63 29
63 30
63 31
63 32
63 33
63 34
63 36
63 37
63 38
63 39
63 41
63 42
63 43
63 44
63 45
63 46
63 47
63 48
63 49
63 50
63 51
63 52
63 53
63 54
63 55
63 56
63 58
63 59
63 60
63 61
63 62
63 64
63 65
63 66
63 67
63 69
63 70
63 71
63 72
63 73
63 74
63 75
63 76
63 81
64 0
64 4
64 14
64 18
64 21
64 22
64 29
64 31
64 32
64 37
64 38
64 39
64 42
64 48
64 50
64 52
64 53
64 55
64 63
64 67
64 68
64 69
64 71
64 74
64 81
65 0
65 3
65 6
65 8
65 11
65 12
65 13
65 14
65 17
65 18
65 19
65 22
65 23
65 24
65 25
65 26
65 29
65 31
65 32
65 36
65 37
65 38
65 39
65 41
65 44
65 46
65 47
65 48
65 49
65 50
65 53
65 55
65 56
65 61
65 63
65 66
65 70
65 71
65 73
65 80
65 81
66 0
66 4
66 5
66 6
66 8
66 11
66 12
66 13
66 14
66 18
66 19
66 21
66 22
66 23
66 25
66 26
66 29
66 31
66 34
66 35
66 36
66 37
66 41
66 44
66 46
66 47
66 48
66 49
66 50
66 55
66 59
66 61
66 63
66 65
66 70
66 71
66 72
66 73
66 80
67 0
67 1
67 2
67 3
67 4
67 5
67 7
67 8
67 9
67 10
67 11
67 14
67 15
67 17
67 18
67 20
67 21
67 22
67 23
67 24
67 25
67 26
67 27
67 28
67 29
67 31
67 32
67 33
67 34
67 35
67 36
67 37
67 38
67 39
67 41
67 42
67 43
67 45
67 48
67 49
67 50
67 51
67 52
67 54
67 55
67 57
67 58
67 59
67 60
67 61
67 62
67 63
67 64
67 68
67 69
67 70
67 72
67 73
67 75
67 76
67 78
67 79
67 80
67 81
68 2
68 4
68 7
68 9
68 10
68 14
68 15
68 18
68 21
68 22
68 24
68 26
68 29
68 31
68 32
68 33
68 34
68 37
68 38
68 45
68 47
68 48
68 50
68 51
68 52
68 58
68 60
68 64
68 67
68 69
68 74
69 0
69 1
69 2
69 4
69 6
69 7
69 8
69 9
69 10
69 15
69 18
69 20
69 21
69 24
69 26
69 29
69 31
69 32
69 33
69 37
69 40
69 41
69 42
69 43
69 45
69 48
69 52
69 54
69 55
69 58
69 59
69 60
69 63
69 64
69 67
69 68
69 70
69 72
69 73
69 75
69 77
69 79
69 81
70 0
70 1
70 2
70 3
70 4
70 5
70 6
70 7
70 8
70 11
70 12
70 13
70 14
70 17
70 18
70 19
70 21
70 22
70 23
70 26
70 29
70 30
70 31
70 34
70 35
70 36
70 37
70 38
70 40
70 41
70 42
70 44
70 46
70 48
70 49
70 50
70 51
70 53
70 54
70 55
70 57
70 58
70 59
70 61
70 62
70 63
70 65
70 66
70 67
70 69
70 71
70 72
70 74
70 75
70 76
70 80
70 81
71 1
71 2
71 4
71 6
71 9
71 11
71 12
71 13
71 14
71 15
71 16
71 17
71 19
71 20
71 21
71 22
71 23
71 24
71 25
71 26
71 28
71 29
71 30
71 31
71 33
71 34
71 35
71 37
71 38
71 39
71 40
71 41
71 42
71 44
71 45
71 47
71 48
71 49
71 50
71 51
71 53
71 55
71 56
71 58
71 61
71 63
71 64
71 65
71 66
71 70
71 72
71 74
71 75
71 76
71 78
71 79
71 80
71 81
72 4
72 5
72 6
72 7
72 9
72 12
72 14
72 15
72 17
72 18
72 20
72 21
72 22
72 24
72 25
72 29
72 31
72 32
72 33
72 34
72 37
72 38
72 39
72 40
72 42
72 45
72 47
72 48
72 49
72 51
72 53
72 54
72 58
72 60
72 61
72 63
72 66
72 67
72 69
72 70
72 71
72 73
72 77
72 78
72 81
73 0
73 1
73 2
73 4
73 8
73 9
73 10
73 12
73 15
73 17
73 18
73 19
73 20
73 24
73 25
73 26
73 30
73 31
73 37
73 38
73 40
73 42
73 43
73 45
73 46
73 47
73 48
73 50
73 52
73 54
73 55
73 58
73 60
73 61
73 62
73 63
73 65
73 66
73 67
73 69
73 72
73 75
73 77
73 79
73 81
74 1
74 2
74 4
74 7
74 12
74 14
74 15
74 16
74 19
74 20
74 22
74 28
74 29
74 31
74 32
74 34
74 35
74 36
74 37
74 38
74 39
74 40
74 42
74 43
74 45
74 46
74 47
74 48
74 51
74 52
74 53
74 55
74 57
74 58
74 60
74 62
74 63
74 64
74 68
74 70
74 71
74 78
74 81
75 1
75 7
75 8
75 14
75 18
75 21
75 22
75 29
75 30
75 31
75 32
75 33
75 34
75 36
75 37
75 39
75 47
75 48
75 50
75 51
75 54
75 58
75 62
75 63
75 67
75 69
75 70
75 71
75 73
75 81
76 0
76 3
76 4
76 6
76 7
76 10
76 12
76 14
76 16
76 17
76 19
76 21
76 22
76 25
76 26
76 30
76 31
76 33
76 37
76 38
76 39
76 41
76 42
76 45
76 48
76 49
76 50
76 53
76 57
76 59
76 63
76 67
76 70
76 71
76 80
76 81
77 0
77 2
77 7
77 9
77 10
77 15
77 18
77 20
77 21
77 22
77 32
77 33
77 34
77 37
77 39
77 42
77 45
77 52
77 54
77 55
77 58
77 69
77 72
77 73
77 78
77 81
78 7
78 9
78 10
78 15
78 16
78 18
78 20
78 21
78 22
78 24
78 31
78 33
78 37
78 38
78 39
78 40
78 42
78 43
78 45
78 48
78 51
78 54
78 58
78 67
78 71
78 72
78 74
78 77
79 2
79 9
79 14
79 18
79 20
79 21
79 22
79 29
79 31
79 32
79 33
79 34
79 37
79 38
79 39
79 40
79 47
79 48
79 50
79 51
79 53
79 54
79 58
79 62
79 67
79 69
79 71
79 73
79 80
80 4
80 8
80 11
80 14
80 18
80 21
80 22
80 23
80 25
80 29
80 30
80 31
80 33
80 37
80 39
80 42
80 47
80 48
80 49
80 50
80 53
80 54
80 65
80 66
80 67
80 70
80 71
80 76
80 79
80 81
81 0
81 8
81 12
81 14
81 18
81 19
81 21
81 22
81 25
81 27
81 29
81 30
81 31
81 32
81 33
81 34
81 36
81 37
81 38
81 39
81 40
81 41
81 42
81 45
81 46
81 47
81 48
81 49
81 50
81 51
81 54
81 57
81 58
81 62
81 63
81 64
81 65
81 67
81 69
81 70
81 71
81 72
81 73
81 74
81 75
81 76
81 77
81 80

20
68
126
167
182
186
192
207
240
256
259
264
301
302
314
336
356
392
397
406
441
452
457
467
505
510
516
535
536
599
631
673
676
685
794
801
818
838
843
849
852
872
911
918
920
972
1010
1011
1014
1085
1118
1130
1147
1172
1191
1204
1210
1284
1293
1326
1345
1370
1402
1417
1445
1518
1531
1566
1655
1663
1796
1844
1992
2253
2373
2512
3507
3524
4190
4276
13207
75912
