139 6066 18
0 3
0 4
0 6
0 8
0 9
0 10
0 11
0 13
0 17
0 19
0 29
0 30
0 35
0 36
0 43
0 51
0 52
0 55
0 60
0 67
0 101
0 104
0 108
0 109
0 118
0 129
0 132
0 134
0 136
0 137
1 2
1 5
1 12
1 16
1 20
1 21
1 24
1 26
1 28
1 44
1 45
1 50
1 56
1 62
1 71
1 72
1 75
1 79
1 80
1 83
1 86
1 89
1 90
1 93
1 96
1 98
1 105
1 106
1 113
1 115
1 117
1 120
1 123
1 125
1 135
1 138
2 1
2 7
2 14
2 20
2 23
2 28
2 34
2 35
2 40
2 41
2 45
2 50
2 56
2 57
2 61
2 66
2 68
2 69
2 78
2 79
2 82
2 83
2 84
2 86
2 88
2 94
2 98
2 102
2 105
2 106
2 107
2 112
2 113
2 119
2 123
2 124
2 135
2 137
2 138
3 0
3 4
3 6
3 8
3 9
3 10
3 11
3 13
3 16
3 17
3 29
3 30
3 35
3 43
3 49
3 52
3 53
3 55
3 60
3 67
3 101
3 104
3 109
3 126
3 129
3 132
3 136
3 137
4 0
4 3
4 6
4 8
4 9
4 11
4 13
4 16
4 17
4 29
4 30
4 35
4 36
4 49
4 51
4 67
4 81
4 87
4 101
4 103
4 108
4 109
4 114
4 126
4 129
4 131
4 132
4 134
4 136
5 1
5 7
5 15
5 16
5 21
5 26
5 28
5 31
5 34
5 38
5 42
5 45
5 50
5 54
5 56
5 57
5 59
5 61
5 65
5 66
5 68
5 69
5 70
5 71
5 72
5 77
5 78
5 79
5 80
5 90
5 91
5 93
5 96
5 107
5 112
5 113
5 115
5 119
5 120
5 121
5 125
5 133
6 0
6 3
6 4
6 8
6 9
6 10
6 11
6 16
6 25
6 29
6 30
6 35
6 43
6 51
6 52
6 55
6 60
6 67
6 101
6 104
6 126
6 129
6 134
6 136
7 2
7 5
7 20
7 23
7 26
7 30
7 33
7 34
7 39
7 40
7 41
7 42
7 43
7 44
7 47
7 57
7 66
7 69
7 70
7 71
7 72
7 73
7 75
7 78
7 79
7 82
7 83
7 84
7 85
7 89
7 92
7 94
7 98
7 99
7 100
7 107
7 111
7 112
7 113
7 115
7 119
7 120
7 124
7 128
8 0
8 3
8 4
8 6
8 9
8 10
8 11
8 13
8 16
8 17
8 19
8 25
8 29
8 30
8 35
8 36
8 43
8 49
8 51
8 52
8 53
8 55
8 60
8 67
8 81
8 87
8 101
8 103
8 104
8 108
8 109
8 114
8 118
8 126
8 131
8 132
8 134
8 136
8 137
9 0
9 3
9 4
9 6
9 8
9 10
9 11
9 13
9 16
9 17
9 19
9 25
9 29
9 30
9 35
9 36
9 43
9 49
9 51
9 52
9 53
9 55
9 60
9 67
9 81
9 87
9 101
9 103
9 104
9 108
9 109
9 114
9 118
9 126
9 129
9 131
9 132
9 134
9 136
9 137
10 0
10 3
10 6
10 8
10 9
10 11
10 13
10 17
10 19
10 25
10 30
10 35
10 36
10 43
10 52
10 53
10 55
10 60
10 87
10 101
10 103
10 104
10 109
10 118
10 126
10 129
10 136
10 137
11 0
11 3
11 4
11 6
11 8
11 9
11 10
11 13
11 16
11 17
11 19
11 25
11 29
11 30
11 35
11 36
11 43
11 49
11 52
11 53
11 55
11 60
11 67
11 81
11 87
11 101
11 103
11 104
11 108
11 109
11 114
11 118
11 126
11 129
11 131
11 132
11 134
11 136
11 137
12 1
12 15
12 21
12 26
12 28
12 32
12 33
12 34
12 37
12 40
12 41
12 42
12 44
12 48
12 50
12 56
12 61
12 63
12 65
12 66
12 69
12 70
12 71
12 75
12 77
12 78
12 79
12 80
12 82
12 83
12 90
12 93
12 94
12 95
12 96
12 100
12 105
12 107
12 113
12 122
12 123
12 133
12 138
13 0
13 3
13 4
13 8
13 9
13 10
13 11
13 16
13 17
13 19
13 25
13 30
13 35
13 36
13 43
13 51
13 52
13 55
13 60
13 67
13 101
13 104
13 109
13 118
13 132
13 136
13 137
14 2
14 15
14 16
14 20
14 21
14 22
14 23
14 24
14 26
14 27
14 28
14 30
14 34
14 35
14 37
14 38
14 39
14 40
14 42
14 44
14 48
14 50
14 56
14 62
14 65
14 66
14 68
14 71
14 75
14 78
14 80
14 82
14 84
14 86
14 88
14 89
14 92
14 97
14 100
14 102
14 106
14 107
14 111
14 112
14 113
14 115
14 116
14 117
14 119
14 120
14 123
14 130
15 5
15 12
15 14
15 16
15 20
15 21
15 24
15 26
15 33
15 35
15 41
15 42
15 48
15 50
15 54
15 59
15 63
15 65
15 66
15 71
15 76
15 77
15 79
15 80
15 82
15 88
15 90
15 94
15 95
15 96
15 100
15 106
15 107
15 113
15 117
15 121
15 122
15 125
15 130
15 133
15 138
16 1
16 3
16 4
16 5
16 6
16 8
16 9
16 11
16 13
16 14
16 15
16 17
16 18
16 19
16 21
16 22
16 24
16 26
16 27
16 28
16 29
16 30
16 33
16 34
16 35
16 36
16 37
16 38
16 40
16 42
16 43
16 44
16 45
16 48
16 49
16 50
16 51
16 52
16 53
16 55
16 59
16 60
16 61
16 63
16 65
16 66
16 67
16 68
16 71
16 74
16 77
16 79
16 81
16 82
16 83
16 87
16 89
16 90
16 94
16 98
16 100
16 103
16 105
16 106
16 108
16 109
16 112
16 113
16 114
16 115
16 116
16 117
16 123
16 126
16 129
16 131
16 132
16 133
16 134
16 136
16 137
16 138
17 0
17 3
17 4
17 8
17 9
17 10
17 11
17 13
17 16
17 19
17 25
17 29
17 30
17 35
17 43
17 49
17 51
17 52
17 53
17 55
17 60
17 67
17 87
17 103
17 104
17 108
17 109
17 114
17 126
17 129
17 132
17 136
17 137
18 16
18 28
18 30
18 31
18 35
18 43
18 45
18 50
18 56
18 58
18 61
18 65
18 66
18 68
18 69
18 72
18 78
18 79
18 80
18 89
18 98
18 100
18 105
18 115
18 123
19 0
19 8
19 9
19 10
19 11
19 13
19 16
19 17
19 30
19 35
19 43
19 49
19 53
19 67
19 87
19 101
19 103
19 104
19 114
19 118
19 126
19 129
19 132
19 134
19 136
19 137
20 1
20 2
20 7
20 14
20 15
20 23
20 28
20 31
20 33
20 34
20 40
20 41
20 47
20 50
20 56
20 57
20 58
20 61
20 65
20 66
20 68
20 69
20 72
20 73
20 78
20 79
20 80
20 82
20 83
20 88
20 90
20 94
20 96
20 100
20 107
20 110
20 111
20 112
20 113
20 117
20 120
20 121
20 123
20 124
20 127
20 137
20 138
21 1
21 5
21 12
21 14
21 15
21 16
21 24
21 26
21 28
21 32
21 33
21 34
21 35
21 37
21 40
21 41
21 42
21 44
21 45
21 47
21 48
21 50
21 54
21 56
21 57
21 58
21 59
21 63
21 64
21 65
21 66
21 69
21 70
21 71
21 76
21 77
21 78
21 79
21 80
21 82
21 83
21 85
21 90
21 93
21 96
21 98
21 99
21 100
21 105
21 106
21 107
21 112
21 113
21 119
21 121
21 130
21 133
21 135
21 138
22 14
22 16
22 23
22 28
22 30
22 33
22 39
22 40
22 41
22 43
22 48
22 56
22 57
22 58
22 62
22 66
22 68
22 69
22 70
22 73
22 74
22 75
22 78
22 79
22 82
22 84
22 86
22 88
22 89
22 97
22 99
22 100
22 107
22 111
22 112
22 115
22 117
22 119
22 124
22 127
22 128
23 2
23 7
23 14
23 20
23 22
23 28
23 30
23 31
23 34
23 40
23 41
23 50
23 56
23 57
23 58
23 61
23 66
23 68
23 69
23 70
23 72
23 75
23 78
23 79
23 82
23 83
23 86
23 88
23 89
23 94
23 97
23 106
23 107
23 111
23 112
23 119
23 123
23 124
23 127
23 138
24 1
24 14
24 15
24 16
24 21
24 26
24 28
24 34
24 39
24 41
24 42
24 44
24 50
24 58
24 61
24 63
24 66
24 68
24 71
24 77
24 78
24 79
24 80
24 82
24 88
24 90
24 95
24 100
24 105
24 106
24 107
24 113
24 115
24 122
24 130
24 133
24 138
25 6
25 8
25 9
25 10
25 11
25 13
25 17
25 30
25 35
25 36
25 43
25 49
25 51
25 52
25 53
25 55
25 60
25 67
25 87
25 101
25 104
25 114
25 118
25 126
25 129
25 134
25 136
25 137
26 1
26 5
26 7
26 12
26 14
26 15
26 16
26 21
26 24
26 27
26 28
26 32
26 33
26 34
26 35
26 37
26 40
26 41
26 42
26 44
26 45
26 48
26 50
26 54
26 58
26 62
26 63
26 65
26 66
26 68
26 69
26 70
26 71
26 75
26 76
26 77
26 78
26 79
26 80
26 82
26 86
26 88
26 90
26 93
26 94
26 95
26 96
26 98
26 100
26 105
26 106
26 113
26 115
26 116
26 117
26 119
26 120
26 122
26 123
26 125
26 133
26 135
26 138
27 14
27 16
27 26
27 28
27 37
27 38
27 40
27 41
27 42
27 44
27 50
27 56
27 61
27 65
27 66
27 69
27 71
27 75
27 77
27 78
27 80
27 83
27 86
27 89
27 90
27 94
27 98
27 100
27 105
27 106
27 113
27 115
27 116
27 138
28 1
28 2
28 5
28 12
28 14
28 16
28 18
28 20
28 21
28 22
28 23
28 24
28 26
28 27
28 30
28 31
28 32
28 33
28 34
28 35
28 37
28 38
28 39
28 40
28 42
28 43
28 44
28 45
28 46
28 48
28 50
28 54
28 56
28 58
28 59
28 62
28 64
28 65
28 66
28 68
28 69
28 70
28 71
28 72
28 73
28 74
28 75
28 76
28 77
28 78
28 79
28 80
28 82
28 83
28 84
28 85
28 86
28 88
28 89
28 90
28 91
28 92
28 93
28 94
28 95
28 96
28 97
28 98
28 99
28 100
28 102
28 105
28 106
28 107
28 110
28 111
28 113
28 115
28 116
28 117
28 120
28 121
28 122
28 123
28 125
28 128
28 130
28 135
28 137
28 138
29 0
29 3
29 4
29 6
29 8
29 9
29 11
29 16
29 17
29 30
29 35
29 36
29 43
29 49
29 51
29 53
29 55
29 60
29 67
29 81
29 87
29 101
29 103
29 104
29 108
29 109
29 114
29 126
29 129
29 131
29 132
29 134
30 0
30 3
30 4
30 6
30 7
30 8
30 9
30 10
30 11
30 13
30 14
30 16
30 17
30 18
30 19
30 22
30 23
30 25
30 28
30 29
30 31
30 34
30 35
30 36
30 40
30 41
30 43
30 45
30 47
30 50
30 51
30 52
30 53
30 55
30 56
30 57
30 58
30 60
30 61
30 65
30 66
30 67
30 68
30 69
30 70
30 74
30 75
30 78
30 79
30 81
30 82
30 83
30 87
30 88
30 89
30 94
30 98
30 100
30 101
30 103
30 104
30 107
30 108
30 109
30 111
30 112
30 114
30 115
30 117
30 118
30 119
30 120
30 124
30 126
30 127
30 131
30 132
30 134
30 136
30 137
31 5
31 18
31 20
31 23
31 28
31 30
31 33
31 39
31 40
31 45
31 50
31 54
31 56
31 58
31 62
31 66
31 68
31 70
31 71
31 72
31 75
31 77
31 78
31 79
31 80
31 83
31 86
31 93
31 96
31 105
31 106
31 115
31 120
31 123
31 127
31 130
32 12
32 21
32 26
32 28
32 34
32 40
32 50
32 54
32 59
32 61
32 65
32 69
32 75
32 76
32 77
32 80
32 82
32 83
32 94
32 99
32 100
32 113
32 121
32 123
32 135
33 7
33 12
33 15
33 16
33 20
33 21
33 22
33 26
33 28
33 31
33 34
33 35
33 38
33 40
33 41
33 42
33 44
33 47
33 50
33 61
33 63
33 64
33 65
33 66
33 68
33 69
33 70
33 71
33 78
33 79
33 80
33 82
33 83
33 89
33 90
33 91
33 98
33 100
33 105
33 107
33 110
33 113
33 115
33 117
33 119
33 123
33 133
33 138
34 2
34 5
34 7
34 12
34 14
34 16
34 20
34 21
34 23
34 24
34 26
34 28
34 30
34 32
34 33
34 39
34 40
34 41
34 42
34 43
34 44
34 45
34 46
34 47
34 50
34 54
34 56
34 57
34 59
34 61
34 63
34 65
34 66
34 68
34 69
34 71
34 72
34 73
34 74
34 75
34 78
34 80
34 82
34 84
34 85
34 86
34 88
34 89
34 90
34 92
34 94
34 97
34 98
34 99
34 100
34 102
34 105
34 106
34 107
34 111
34 112
34 113
34 117
34 119
34 121
34 124
34 127
34 128
34 130
34 135
34 137
35 0
35 2
35 3
35 4
35 6
35 8
35 9
35 10
35 11
35 13
35 14
35 15
35 16
35 17
35 18
35 19
35 21
35 25
35 26
35 28
35 29
35 30
35 33
35 37
35 38
35 40
35 43
35 45
35 48
35 49
35 50
35 51
35 52
35 53
35 55
35 60
35 63
35 65
35 66
35 67
35 74
35 75
35 77
35 78
35 79
35 80
35 81
35 82
35 87
35 89
35 98
35 100
35 101
35 103
35 104
35 105
35 106
35 108
35 109
35 113
35 114
35 115
35 118
35 119
35 120
35 123
35 126
35 129
35 132
35 133
35 134
35 135
35 136
35 137
36 0
36 4
36 8
36 9
36 10
36 11
36 13
36 16
36 25
36 29
36 30
36 49
36 51
36 52
36 67
36 81
36 87
36 101
36 103
36 104
36 108
36 109
36 114
36 118
36 131
36 132
36 134
36 136
37 12
37 14
37 16
37 21
37 26
37 27
37 28
37 35
37 42
37 44
37 45
37 61
37 66
37 68
37 71
37 74
37 79
37 82
37 83
37 90
37 96
37 98
37 105
37 106
37 113
37 115
37 133
38 5
38 14
38 16
38 27
38 28
38 33
38 35
38 41
38 42
38 45
38 48
38 54
38 56
38 58
38 59
38 61
38 65
38 71
38 72
38 75
38 77
38 79
38 80
38 82
38 89
38 100
38 115
38 117
38 135
39 7
39 14
39 22
39 24
39 28
39 31
39 34
39 40
39 41
39 42
39 44
39 47
39 50
39 56
39 57
39 58
39 61
39 62
39 63
39 66
39 68
39 69
39 70
39 71
39 72
39 78
39 79
39 82
39 83
39 84
39 88
39 89
39 94
39 96
39 100
39 107
39 112
39 115
39 116
39 117
39 119
39 120
39 124
39 127
39 128
39 138
40 2
40 7
40 12
40 14
40 16
40 20
40 21
40 22
40 23
40 26
40 27
40 28
40 30
40 31
40 32
40 33
40 34
40 35
40 39
40 41
40 42
40 43
40 44
40 45
40 46
40 47
40 48
40 56
40 57
40 58
40 59
40 61
40 62
40 65
40 66
40 68
40 69
40 70
40 71
40 72
40 73
40 75
40 77
40 78
40 79
40 82
40 84
40 86
40 89
40 90
40 92
40 93
40 94
40 95
40 96
40 97
40 98
40 99
40 100
40 102
40 106
40 107
40 110
40 111
40 112
40 113
40 115
40 116
40 117
40 121
40 122
40 123
40 124
40 125
40 127
40 128
40 130
40 135
40 137
40 138
41 2
41 7
41 12
41 15
41 20
41 21
41 22
41 23
41 24
41 26
41 27
41 30
41 33
41 34
41 38
41 39
41 40
41 42
41 43
41 44
41 45
41 46
41 47
41 48
41 56
41 57
41 59
41 61
41 62
41 63
41 64
41 65
41 66
41 68
41 70
41 71
41 72
41 73
41 75
41 77
41 79
41 80
41 82
41 83
41 84
41 85
41 88
41 89
41 90
41 91
41 92
41 93
41 94
41 95
41 96
41 97
41 98
41 99
41 100
41 102
41 105
41 106
41 107
41 110
41 111
41 113
41 115
41 116
41 117
41 120
41 121
41 122
41 123
41 124
41 127
41 128
41 130
41 135
41 137
42 5
42 7
42 12
42 14
42 15
42 16
42 21
42 24
42 26
42 27
42 28
42 33
42 34
42 37
42 38
42 39
42 40
42 41
42 44
42 45
42 47
42 48
42 50
42 56
42 58
42 59
42 61
42 65
42 68
42 69
42 71
42 72
42 74
42 76
42 77
42 78
42 80
42 82
42 85
42 89
42 90
42 91
42 96
42 97
42 98
42 100
42 105
42 106
42 107
42 113
42 115
42 116
42 125
42 130
43 0
43 3
43 6
43 7
43 8
43 9
43 10
43 11
43 13
43 16
43 17
43 18
43 19
43 22
43 25
43 28
43 29
43 30
43 34
43 35
43 40
43 41
43 51
43 53
43 55
43 56
43 57
43 58
43 60
43 65
43 66
43 67
43 69
43 74
43 75
43 77
43 78
43 79
43 88
43 94
43 98
43 100
43 101
43 104
43 105
43 107
43 108
43 109
43 111
43 112
43 115
43 117
43 118
43 119
43 126
43 127
43 129
43 132
43 134
43 136
43 137
44 1
44 7
44 12
44 14
44 16
44 21
44 24
44 26
44 27
44 28
44 33
44 34
44 37
44 39
44 40
44 41
44 42
44 45
44 46
44 47
44 48
44 50
44 54
44 56
44 57
44 59
44 61
44 64
44 65
44 66
44 68
44 69
44 70
44 71
44 75
44 77
44 78
44 79
44 80
44 82
44 85
44 86
44 89
44 90
44 91
44 94
44 97
44 98
44 100
44 105
44 106
44 107
44 110
44 115
44 117
44 119
44 122
44 123
44 124
44 130
44 133
44 135
44 138
45 1
45 2
45 5
45 16
45 18
45 21
45 26
45 28
45 30
45 31
45 34
45 35
45 37
45 38
45 40
45 41
45 42
45 44
45 50
45 56
45 58
45 61
45 65
45 66
45 69
45 70
45 74
45 77
45 78
45 79
45 80
45 82
45 83
45 90
45 98
45 100
45 105
45 106
45 107
45 111
45 112
45 113
45 115
45 119
45 123
45 133
46 28
46 34
46 40
46 41
46 44
46 47
46 50
46 54
46 56
46 57
46 69
46 70
46 72
46 75
46 77
46 78
46 79
46 80
46 82
46 83
46 86
46 93
46 107
46 113
46 121
46 135
47 7
47 20
47 21
47 30
47 33
47 34
47 39
47 40
47 41
47 42
47 44
47 46
47 48
47 54
47 57
47 59
47 63
47 65
47 68
47 69
47 70
47 71
47 72
47 73
47 75
47 78
47 80
47 82
47 84
47 85
47 90
47 91
47 100
47 107
47 121
47 124
47 135
48 12
48 14
48 15
48 16
48 21
48 22
48 26
48 28
48 35
48 38
48 40
48 41
48 42
48 44
48 47
48 50
48 58
48 61
48 63
48 65
48 66
48 68
48 69
48 70
48 71
48 72
48 76
48 78
48 79
48 80
48 82
48 83
48 100
48 107
48 112
48 115
48 119
48 120
48 122
48 133
48 138
49 3
49 4
49 8
49 9
49 11
49 16
49 17
49 19
49 25
49 29
49 35
49 36
49 51
49 52
49 53
49 55
49 60
49 67
49 81
49 87
49 101
49 103
49 104
49 108
49 109
49 114
49 118
49 129
49 136
50 1
50 2
50 5
50 12
50 14
50 15
50 16
50 18
50 20
50 21
50 23
50 24
50 26
50 27
50 28
50 30
50 31
50 32
50 33
50 34
50 35
50 39
50 42
50 44
50 45
50 46
50 48
50 54
50 56
50 57
50 58
50 59
50 61
50 62
50 64
50 65
50 66
50 68
50 70
50 71
50 72
50 73
50 74
50 75
50 76
50 77
50 80
50 82
50 83
50 84
50 85
50 86
50 88
50 89
50 90
50 91
50 92
50 94
50 95
50 96
50 97
50 98
50 99
50 100
50 102
50 105
50 106
50 107
50 110
50 111
50 112
50 113
50 115
50 116
50 117
50 120
50 121
50 122
50 125
50 128
50 130
50 133
50 135
50 137
51 0
51 4
51 6
51 8
51 9
51 13
51 16
51 17
51 25
51 29
51 30
51 35
51 36
51 43
51 49
51 52
51 53
51 60
51 67
51 81
51 87
51 101
51 103
51 104
51 108
51 109
51 114
51 118
51 126
51 129
51 131
51 132
51 134
51 136
52 0
52 3
52 6
52 8
52 9
52 10
52 11
52 13
52 16
52 17
52 25
52 30
52 35
52 36
52 49
52 51
52 60
52 67
52 101
52 104
52 118
52 126
52 132
52 134
52 136
52 137
53 3
53 8
53 9
53 10
53 11
53 16
53 17
53 19
53 25
53 29
53 30
53 35
53 43
53 49
53 51
53 55
53 60
53 67
53 87
53 104
53 109
53 134
53 137
54 5
54 15
54 21
54 26
54 28
54 31
54 32
54 34
54 38
54 44
54 46
54 47
54 50
54 56
54 59
54 61
54 63
54 65
54 66
54 68
54 70
54 72
54 75
54 76
54 77
54 78
54 79
54 80
54 82
54 83
54 93
54 94
54 95
54 96
54 100
54 113
54 115
54 119
54 121
54 122
54 123
54 130
54 133
54 135
55 0
55 3
55 6
55 8
55 9
55 10
55 11
55 13
55 16
55 17
55 25
55 29
55 30
55 35
55 43
55 49
55 53
55 60
55 67
55 87
55 101
55 104
55 108
55 109
55 126
55 129
55 136
55 137
56 1
56 2
56 5
56 12
56 14
56 18
56 20
56 21
56 22
56 23
56 27
56 28
56 30
56 31
56 34
56 38
56 39
56 40
56 41
56 42
56 43
56 44
56 45
56 46
56 50
56 54
56 57
56 58
56 59
56 61
56 62
56 64
56 65
56 66
56 68
56 69
56 71
56 72
56 73
56 74
56 75
56 78
56 79
56 82
56 83
56 88
56 89
56 91
56 92
56 94
56 95
56 96
56 97
56 100
56 102
56 105
56 106
56 107
56 110
56 111
56 112
56 113
56 115
56 116
56 117
56 119
56 120
56 121
56 123
56 125
56 127
56 128
56 130
56 135
56 138
57 2
57 5
57 7
57 20
57 21
57 22
57 23
57 30
57 34
57 39
57 40
57 41
57 43
57 44
57 46
57 47
57 50
57 56
57 58
57 62
57 66
57 68
57 69
57 70
57 72
57 73
57 74
57 75
57 79
57 82
57 84
57 88
57 89
57 91
57 94
57 96
57 97
57 99
57 100
57 102
57 105
57 107
57 111
57 112
57 117
57 120
57 121
57 124
57 125
57 128
57 135
57 137
58 18
58 20
58 21
58 22
58 23
58 24
58 26
58 28
58 30
58 31
58 38
58 39
58 40
58 42
58 43
58 45
58 48
58 50
58 56
58 57
58 59
58 61
58 64
58 65
58 66
58 68
58 69
58 70
58 71
58 72
58 73
58 75
58 76
58 77
58 78
58 79
58 83
58 84
58 85
58 86
58 89
58 91
58 92
58 94
58 95
58 97
58 99
58 100
58 107
58 110
58 111
58 112
58 115
58 116
58 117
58 121
58 123
58 124
58 127
58 128
58 130
58 135
58 137
59 5
59 15
59 16
59 21
59 28
59 32
59 34
59 38
59 40
59 41
59 42
59 44
59 47
59 50
59 54
59 56
59 58
59 65
59 69
59 72
59 75
59 76
59 77
59 80
59 82
59 83
59 90
59 91
59 93
59 95
59 100
59 107
59 122
59 123
59 135
60 0
60 3
60 6
60 8
60 9
60 10
60 11
60 13
60 16
60 17
60 25
60 29
60 30
60 35
60 43
60 49
60 51
60 52
60 53
60 55
60 67
60 87
60 101
60 103
60 104
60 108
60 114
60 118
60 126
60 129
60 134
60 136
60 137
61 2
61 5
61 12
61 16
61 18
61 20
61 23
61 24
61 27
61 30
61 32
61 33
61 34
61 37
61 38
61 39
61 40
61 41
61 42
61 44
61 45
61 48
61 50
61 54
61 56
61 58
61 64
61 65
61 66
61 68
61 69
61 70
61 71
61 72
61 73
61 74
61 75
61 78
61 79
61 80
61 82
61 83
61 84
61 89
61 90
61 95
61 96
61 98
61 100
61 106
61 107
61 110
61 111
61 113
61 115
61 116
61 117
61 120
61 121
61 122
61 124
61 128
61 135
62 1
62 14
62 22
62 26
62 28
62 31
62 39
62 40
62 41
62 50
62 56
62 57
62 66
62 69
62 70
62 71
62 78
62 79
62 80
62 82
62 83
62 89
62 93
62 96
62 106
62 107
62 112
62 113
62 115
62 120
63 12
63 15
63 16
63 21
63 24
63 26
63 33
63 34
63 35
63 39
63 41
63 47
63 48
63 54
63 65
63 69
63 71
63 72
63 75
63 79
63 82
63 90
63 94
63 96
63 100
63 106
63 107
63 113
63 117
63 119
63 121
63 133
64 21
64 28
64 33
64 41
64 44
64 50
64 56
64 58
64 61
64 65
64 66
64 71
64 72
64 73
64 77
64 78
64 79
64 83
64 85
64 90
64 91
64 98
64 107
64 110
64 113
65 5
65 12
65 14
65 15
65 16
65 18
65 20
65 21
65 26
65 27
65 28
65 30
65 32
65 33
65 34
65 35
65 38
65 40
65 41
65 42
65 43
65 44
65 45
65 47
65 48
65 50
65 54
65 56
65 58
65 59
65 61
65 63
65 64
65 66
65 71
65 73
65 76
65 77
65 78
65 79
65 80
65 82
65 83
65 85
65 86
65 88
65 89
65 90
65 91
65 93
65 95
65 98
65 100
65 105
65 106
65 107
65 110
65 113
65 120
65 121
65 125
65 133
65 135
65 137
66 2
66 5
66 7
66 12
66 14
66 15
66 16
66 18
66 20
66 21
66 22
66 23
66 24
66 26
66 27
66 28
66 30
66 31
66 33
66 34
66 35
66 37
66 39
66 40
66 41
66 43
66 44
66 45
66 48
66 50
66 54
66 56
66 57
66 58
66 61
66 62
66 64
66 65
66 68
66 69
66 70
66 71
66 72
66 73
66 74
66 75
66 76
66 77
66 78
66 79
66 80
66 83
66 84
66 85
66 86
66 88
66 90
66 91
66 92
66 93
66 94
66 95
66 96
66 97
66 98
66 99
66 100
66 102
66 105
66 106
66 107
66 110
66 111
66 112
66 113
66 115
66 117
66 119
66 120
66 121
66 122
66 123
66 124
66 125
66 127
66 128
66 130
66 135
66 137
67 0
67 3
67 4
67 6
67 8
67 9
67 11
67 13
67 16
67 17
67 19
67 25
67 29
67 30
67 35
67 36
67 43
67 49
67 51
67 52
67 53
67 55
67 60
67 81
67 87
67 101
67 103
67 104
67 108
67 109
67 114
67 118
67 126
67 129
67 131
67 132
67 134
67 136
68 2
68 5
68 14
68 16
68 18
68 20
68 22
68 23
68 24
68 26
68 28
68 30
68 31
68 33
68 34
68 37
68 39
68 40
68 41
68 42
68 44
68 47
68 48
68 50
68 54
68 56
68 57
68 58
68 61
68 66
68 69
68 70
68 71
68 72
68 73
68 75
68 76
68 78
68 79
68 80
68 83
68 84
68 86
68 88
68 89
68 90
68 92
68 94
68 96
68 97
68 99
68 100
68 102
68 105
68 107
68 111
68 113
68 115
68 116
68 117
68 119
68 120
68 123
68 127
68 128
68 135
68 138
69 2
69 5
69 7
69 12
69 18
69 20
69 21
69 22
69 23
69 26
69 27
69 28
69 30
69 32
69 33
69 34
69 39
69 40
69 42
69 43
69 44
69 45
69 46
69 47
69 48
69 56
69 57
69 58
69 59
69 61
69 62
69 63
69 66
69 68
69 70
69 72
69 73
69 74
69 75
69 76
69 78
69 79
69 80
69 82
69 83
69 84
69 85
69 86
69 89
69 91
69 92
69 93
69 94
69 96
69 97
69 98
69 99
69 100
69 102
69 105
69 107
69 115
69 117
69 120
69 121
69 123
69 124
69 127
69 128
69 130
69 135
69 137
70 5
70 7
70 12
70 21
70 22
70 23
70 26
70 28
70 30
70 31
70 33
70 39
70 40
70 41
70 44
70 45
70 46
70 47
70 48
70 50
70 54
70 57
70 58
70 61
70 62
70 66
70 68
70 69
70 71
70 72
70 73
70 74
70 79
70 80
70 83
70 86
70 88
70 89
70 91
70 93
70 96
70 97
70 99
70 112
70 113
70 115
70 117
70 119
70 120
70 125
70 127
70 128
70 135
70 138
71 1
71 5
71 7
71 12
71 14
71 15
71 16
71 21
71 24
71 26
71 27
71 28
71 31
71 33
71 34
71 37
71 38
71 39
71 40
71 41
71 42
71 44
71 47
71 48
71 50
71 56
71 58
71 61
71 62
71 63
71 64
71 65
71 66
71 68
71 70
71 72
71 73
71 74
71 76
71 77
71 78
71 80
71 82
71 83
71 84
71 85
71 88
71 89
71 90
71 92
71 96
71 98
71 100
71 105
71 106
71 107
71 110
71 112
71 113
71 115
71 116
71 122
71 123
71 125
71 133
71 135
71 138
72 1
72 5
72 7
72 18
72 20
72 23
72 28
72 31
72 34
72 38
72 39
72 40
72 41
72 42
72 46
72 47
72 48
72 50
72 54
72 56
72 57
72 58
72 59
72 61
72 63
72 64
72 66
72 68
72 69
72 70
72 71
72 73
72 75
72 77
72 78
72 79
72 80
72 82
72 83
72 85
72 86
72 88
72 89
72 91
72 97
72 99
72 100
72 102
72 107
72 110
72 112
72 113
72 115
72 117
72 119
72 120
72 123
72 124
72 127
72 130
72 135
72 138
73 7
73 20
73 22
73 28
73 34
73 40
73 41
73 47
73 50
73 56
73 57
73 58
73 61
73 64
73 65
73 66
73 68
73 69
73 70
73 71
73 72
73 75
73 78
73 79
73 82
73 83
73 86
73 91
73 94
73 97
73 100
73 107
73 112
73 119
73 120
73 127
73 137
74 16
74 22
74 28
74 30
74 34
74 35
74 37
74 42
74 43
74 45
74 50
74 56
74 57
74 61
74 66
74 69
74 70
74 71
74 78
74 79
74 82
74 83
74 86
74 89
74 100
74 105
74 106
74 113
74 115
74 120
74 137
75 1
75 7
75 12
75 14
75 22
75 23
75 26
75 27
75 28
75 30
75 31
75 32
75 34
75 35
75 38
75 40
75 41
75 43
75 44
75 46
75 47
75 50
75 54
75 56
75 57
75 58
75 59
75 61
75 63
75 66
75 68
75 69
75 72
75 73
75 77
75 78
75 79
75 80
75 82
75 83
75 84
75 86
75 91
75 92
75 93
75 94
75 95
75 100
75 107
75 111
75 112
75 115
75 117
75 119
75 120
75 123
75 124
75 125
75 127
75 135
75 138
76 15
76 21
76 26
76 28
76 32
76 42
76 48
76 50
76 54
76 58
76 59
76 65
76 66
76 68
76 69
76 71
76 77
76 78
76 80
76 83
76 93
76 94
76 96
76 113
76 115
76 121
76 122
76 123
76 125
76 133
76 135
77 5
77 12
77 15
77 16
77 21
77 24
77 26
77 27
77 28
77 31
77 32
77 35
77 38
77 40
77 41
77 42
77 43
77 44
77 45
77 46
77 50
77 54
77 58
77 59
77 64
77 65
77 66
77 71
77 72
77 75
77 76
77 78
77 79
77 80
77 82
77 90
77 93
77 94
77 95
77 98
77 100
77 105
77 106
77 113
77 119
77 120
77 122
77 125
77 133
77 135
77 138
78 2
78 5
78 7
78 12
78 14
78 18
78 20
78 21
78 22
78 23
78 24
78 26
78 27
78 28
78 30
78 31
78 33
78 34
78 35
78 39
78 40
78 42
78 43
78 44
78 45
78 46
78 47
78 48
78 54
78 56
78 58
78 61
78 62
78 64
78 65
78 66
78 68
78 69
78 71
78 72
78 73
78 74
78 75
78 76
78 77
78 79
78 80
78 83
78 84
78 85
78 86
78 90
78 91
78 92
78 93
78 94
78 95
78 96
78 97
78 98
78 99
78 100
78 105
78 106
78 111
78 115
78 116
78 117
78 119
78 120
78 121
78 122
78 128
78 130
78 135
78 137
79 1
79 2
79 5
79 7
79 12
79 15
79 16
79 18
79 20
79 21
79 22
79 23
79 24
79 26
79 28
79 30
79 31
79 33
79 35
79 37
79 38
79 39
79 40
79 41
79 43
79 44
79 45
79 46
79 48
79 54
79 56
79 57
79 58
79 61
79 62
79 63
79 64
79 65
79 66
79 68
79 69
79 70
79 72
79 73
79 74
79 75
79 77
79 78
79 80
79 82
79 83
79 84
79 85
79 86
79 88
79 89
79 90
79 91
79 92
79 93
79 94
79 96
79 97
79 98
79 99
79 100
79 102
79 105
79 106
79 107
79 110
79 111
79 112
79 113
79 115
79 116
79 117
79 119
79 120
79 121
79 122
79 123
79 125
79 127
79 128
79 130
79 133
79 135
79 137
80 1
80 5
80 12
80 14
80 15
80 18
80 20
80 21
80 24
80 26
80 27
80 28
80 31
80 32
80 33
80 34
80 35
80 38
80 41
80 42
80 44
80 45
80 46
80 47
80 48
80 50
80 54
80 59
80 61
80 62
80 65
80 66
80 68
80 69
80 70
80 71
80 72
80 75
80 76
80 77
80 78
80 79
80 82
80 83
80 86
80 93
80 96
80 99
80 100
80 105
80 106
80 107
80 113
80 115
80 117
80 123
80 130
80 133
80 135
80 138
81 4
81 8
81 9
81 11
81 16
81 29
81 30
81 35
81 36
81 49
81 51
81 67
81 87
81 103
81 108
81 109
81 114
81 131
81 132
81 134
81 136
82 2
82 7
82 12
82 14
82 15
82 16
82 20
82 21
82 22
82 23
82 24
82 26
82 28
82 30
82 32
82 33
82 34
82 35
82 37
82 38
82 39
82 40
82 41
82 42
82 44
82 45
82 46
82 47
82 48
82 50
82 54
82 56
82 57
82 59
82 61
82 62
82 63
82 65
82 69
82 71
82 72
82 73
82 74
82 75
82 77
82 79
82 80
82 83
82 84
82 85
82 86
82 88
82 89
82 90
82 92
82 94
82 95
82 96
82 98
82 99
82 100
82 102
82 105
82 106
82 107
82 111
82 113
82 115
82 116
82 119
82 121
82 122
82 123
82 125
82 128
82 130
82 135
82 137
83 1
83 2
83 7
83 12
83 16
83 20
83 21
83 23
83 27
83 28
83 30
83 31
83 32
83 33
83 37
83 39
83 41
83 45
83 46
83 48
83 50
83 54
83 56
83 58
83 59
83 61
83 62
83 64
83 65
83 66
83 68
83 69
83 70
83 71
83 72
83 73
83 74
83 75
83 76
83 78
83 79
83 80
83 82
83 84
83 85
83 86
83 91
83 92
83 93
83 94
83 96
83 98
83 99
83 100
83 107
83 110
83 111
83 113
83 115
83 117
83 120
83 121
83 122
83 125
83 127
83 128
83 135
83 137
83 138
84 2
84 7
84 14
84 22
84 28
84 34
84 39
84 40
84 41
84 47
84 50
84 57
84 58
84 61
84 66
84 68
84 69
84 71
84 75
84 78
84 79
84 82
84 83
84 86
84 88
84 97
84 100
84 102
84 107
84 111
84 112
84 119
84 120
84 124
84 137
85 7
85 21
85 28
85 34
85 41
85 42
85 44
85 47
85 50
85 58
85 64
85 65
85 66
85 69
85 71
85 72
85 78
85 79
85 82
85 83
85 86
85 89
85 90
85 91
85 100
85 115
85 120
86 1
86 2
86 14
86 22
86 23
86 26
86 27
86 28
86 31
86 34
86 40
86 44
86 46
86 50
86 58
86 65
86 66
86 68
86 69
86 70
86 72
86 73
86 74
86 75
86 78
86 79
86 80
86 82
86 83
86 84
86 85
86 88
86 89
86 94
86 96
86 100
86 102
86 105
86 113
86 115
86 116
86 117
86 120
86 123
86 128
86 130
87 4
87 8
87 9
87 10
87 11
87 16
87 17
87 19
87 25
87 29
87 30
87 35
87 36
87 49
87 51
87 53
87 55
87 60
87 67
87 81
87 103
87 104
87 109
87 114
87 118
87 129
87 131
87 132
87 134
88 2
88 14
88 15
88 20
88 22
88 23
88 24
88 26
88 28
88 30
88 34
88 39
88 41
88 43
88 50
88 56
88 57
88 65
88 66
88 68
88 70
88 71
88 72
88 79
88 82
88 84
88 86
88 89
88 92
88 94
88 97
88 100
88 107
88 112
88 113
88 117
88 119
88 121
88 124
88 127
88 128
88 130
88 135
88 138
89 1
89 7
89 14
89 16
89 18
89 22
89 23
89 27
89 28
89 30
89 33
89 34
89 35
89 38
89 39
89 40
89 41
89 42
89 44
89 50
89 56
89 57
89 58
89 61
89 62
89 65
89 68
89 69
89 70
89 71
89 72
89 74
89 79
89 82
89 85
89 86
89 88
89 92
89 94
89 97
89 100
89 102
89 105
89 106
89 107
89 112
89 113
89 115
89 119
89 120
89 124
90 1
90 5
90 12
90 15
90 16
90 20
90 21
90 24
90 26
90 27
90 28
90 33
90 34
90 37
90 40
90 41
90 42
90 44
90 45
90 47
90 50
90 59
90 61
90 63
90 64
90 65
90 66
90 68
90 71
90 77
90 78
90 79
90 82
90 85
90 91
90 93
90 94
90 98
90 100
90 105
90 110
90 115
90 116
90 122
90 133
91 5
91 28
91 33
91 41
91 42
91 44
91 47
91 50
91 56
91 57
91 58
91 59
91 64
91 65
91 66
91 69
91 70
91 72
91 73
91 75
91 78
91 79
91 83
91 85
91 90
91 97
91 100
91 105
91 110
91 113
91 120
92 7
92 14
92 28
92 34
92 40
92 41
92 50
92 56
92 58
92 66
92 68
92 69
92 71
92 75
92 78
92 79
92 82
92 83
92 88
92 89
92 94
92 107
92 112
92 120
92 127
93 1
93 5
93 12
93 21
93 26
93 28
93 31
93 40
93 41
93 46
93 54
93 59
93 62
93 65
93 66
93 69
93 70
93 75
93 76
93 77
93 78
93 79
93 80
93 83
93 90
93 94
93 95
93 96
93 107
93 113
93 120
93 122
93 123
93 125
93 133
93 135
94 2
94 7
94 12
94 15
94 16
94 20
94 23
94 26
94 27
94 28
94 30
94 32
94 34
94 39
94 40
94 41
94 43
94 44
94 50
94 54
94 56
94 57
94 58
94 63
94 66
94 68
94 69
94 73
94 75
94 76
94 77
94 78
94 79
94 82
94 83
94 86
94 88
94 89
94 90
94 92
94 93
94 96
94 97
94 99
94 100
94 107
94 111
94 112
94 113
94 115
94 117
94 119
94 120
94 121
94 122
94 124
94 125
94 127
94 128
94 135
94 138
95 12
95 15
95 24
95 26
95 28
95 40
95 41
95 50
95 54
95 56
95 58
95 59
95 61
95 65
95 66
95 75
95 77
95 78
95 82
95 93
95 98
95 100
95 105
95 106
95 107
95 113
95 122
96 1
96 5
96 12
96 15
96 20
96 21
96 26
96 28
96 31
96 37
96 39
96 40
96 41
96 42
96 50
96 54
96 56
96 57
96 61
96 62
96 63
96 66
96 68
96 69
96 70
96 71
96 76
96 78
96 79
96 80
96 82
96 83
96 86
96 93
96 94
96 97
96 98
96 100
96 106
96 107
96 112
96 113
96 123
96 125
96 133
96 138
97 14
97 22
97 23
97 28
97 34
97 40
97 41
97 42
97 44
97 50
97 56
97 57
97 58
97 66
97 68
97 69
97 70
97 72
97 73
97 78
97 79
97 84
97 88
97 89
97 91
97 94
97 96
97 100
97 107
97 111
97 112
97 117
97 119
97 120
97 137
98 1
98 2
98 7
98 16
98 18
98 21
98 26
98 27
98 28
98 30
98 33
98 34
98 35
98 37
98 40
98 41
98 42
98 43
98 44
98 45
98 50
98 61
98 64
98 65
98 66
98 69
98 71
98 77
98 78
98 79
98 82
98 83
98 90
98 95
98 96
98 100
98 105
98 106
98 107
98 113
98 115
98 117
98 119
98 133
98 137
98 138
99 7
99 21
99 22
99 28
99 32
99 34
99 40
99 41
99 50
99 57
99 58
99 66
99 68
99 69
99 70
99 72
99 78
99 79
99 80
99 82
99 83
99 94
99 100
99 107
99 113
99 119
99 120
99 121
99 123
99 124
99 127
99 128
99 135
100 7
100 12
100 14
100 15
100 16
100 18
100 20
100 21
100 22
100 24
100 26
100 27
100 28
100 30
100 32
100 33
100 34
100 35
100 38
100 39
100 40
100 41
100 42
100 43
100 44
100 45
100 47
100 48
100 50
100 54
100 56
100 57
100 58
100 59
100 61
100 63
100 65
100 66
100 68
100 69
100 71
100 72
100 73
100 74
100 75
100 77
100 78
100 79
100 80
100 82
100 83
100 84
100 85
100 86
100 88
100 89
100 90
100 91
100 94
100 95
100 96
100 97
100 98
100 99
100 102
100 105
100 106
100 107
100 110
100 112
100 113
100 115
100 116
100 117
100 119
100 120
100 121
100 123
100 125
100 135
101 0
101 3
101 4
101 6
101 8
101 9
101 10
101 11
101 13
101 19
101 25
101 29
101 30
101 35
101 36
101 43
101 49
101 51
101 52
101 55
101 60
101 67
101 104
101 118
101 126
101 129
101 132
101 134
101 136
101 137
102 2
102 14
102 28
102 34
102 40
102 41
102 50
102 56
102 57
102 66
102 68
102 69
102 72
102 79
102 82
102 84
102 86
102 89
102 100
102 107
102 111
102 112
102 115
102 119
102 120
102 135
103 4
103 8
103 9
103 10
103 11
103 16
103 17
103 19
103 29
103 30
103 35
103 36
103 49
103 51
103 60
103 67
103 81
103 87
103 104
103 118
103 126
103 129
103 132
103 134
103 136
104 0
104 3
104 6
104 8
104 9
104 10
104 11
104 13
104 17
104 19
104 25
104 29
104 30
104 35
104 36
104 43
104 49
104 51
104 52
104 53
104 55
104 60
104 67
104 87
104 101
104 103
104 114
104 126
104 129
104 132
104 136
104 137
105 1
105 2
105 12
105 16
105 18
105 21
105 24
105 26
105 27
105 28
105 31
105 33
105 34
105 35
105 37
105 41
105 42
105 43
105 44
105 45
105 50
105 56
105 57
105 65
105 66
105 68
105 69
105 71
105 74
105 77
105 78
105 79
105 80
105 82
105 86
105 89
105 90
105 91
105 95
105 98
105 100
105 106
105 113
105 115
105 116
105 119
105 125
105 130
105 135
105 137
105 138
106 1
106 2
106 14
106 15
106 16
106 21
106 23
106 24
106 26
106 27
106 28
106 31
106 34
106 35
106 37
106 40
106 41
106 42
106 44
106 45
106 50
106 56
106 61
106 62
106 63
106 65
106 66
106 71
106 74
106 77
106 78
106 79
106 80
106 82
106 89
106 95
106 96
106 98
106 100
106 105
106 113
106 115
106 117
106 119
106 130
106 133
106 138
107 2
107 5
107 7
107 12
107 14
107 15
107 20
107 21
107 22
107 23
107 24
107 28
107 30
107 33
107 34
107 39
107 40
107 41
107 42
107 43
107 44
107 45
107 46
107 47
107 48
107 50
107 56
107 57
107 58
107 59
107 61
107 62
107 63
107 64
107 65
107 66
107 68
107 69
107 71
107 72
107 73
107 75
107 79
107 80
107 82
107 83
107 84
107 88
107 89
107 92
107 93
107 94
107 95
107 96
107 97
107 98
107 99
107 100
107 102
107 111
107 112
107 113
107 117
107 119
107 121
107 123
107 125
107 127
107 128
107 130
107 135
107 138
108 0
108 4
108 8
108 9
108 11
108 16
108 17
108 29
108 30
108 35
108 36
108 43
108 49
108 51
108 55
108 60
108 67
108 81
108 109
108 114
108 131
108 132
108 134
108 136
109 0
109 3
109 4
109 8
109 9
109 10
109 11
109 13
109 16
109 17
109 29
109 30
109 35
109 36
109 43
109 49
109 51
109 53
109 55
109 67
109 81
109 87
109 108
109 118
109 126
109 131
109 132
109 134
109 136
109 137
110 20
110 28
110 33
110 40
110 41
110 44
110 50
110 56
110 58
110 61
110 64
110 65
110 66
110 71
110 72
110 79
110 83
110 90
110 91
110 100
110 113
110 117
111 7
111 14
111 20
111 22
111 23
111 28
111 30
111 34
111 40
111 41
111 43
111 45
111 50
111 56
111 57
111 58
111 61
111 66
111 68
111 75
111 78
111 79
111 82
111 83
111 84
111 94
111 97
111 102
111 107
111 112
111 120
112 2
112 5
112 7
112 14
112 16
112 20
112 21
112 22
112 23
112 30
112 34
112 39
112 40
112 43
112 45
112 48
112 50
112 56
112 57
112 58
112 62
112 66
112 70
112 71
112 72
112 73
112 75
112 79
112 84
112 88
112 89
112 92
112 94
112 96
112 97
112 100
112 102
112 107
112 111
112 113
112 117
112 119
112 121
112 124
112 128
112 135
112 137
113 1
113 2
113 5
113 7
113 12
113 14
113 15
113 16
113 20
113 21
113 24
113 26
113 27
113 28
113 32
113 33
113 34
113 35
113 37
113 40
113 41
113 42
113 45
113 46
113 50
113 54
113 56
113 61
113 62
113 63
113 64
113 65
113 66
113 68
113 70
113 71
113 72
113 74
113 76
113 77
113 79
113 80
113 82
113 83
113 86
113 88
113 89
113 91
113 93
113 94
113 95
113 96
113 98
113 99
113 100
113 105
113 106
113 107
113 110
113 112
113 115
113 116
113 117
113 120
113 121
113 122
113 123
113 125
113 130
113 133
113 135
114 4
114 8
114 9
114 11
114 16
114 17
114 19
114 25
114 29
114 30
114 35
114 36
114 49
114 51
114 60
114 67
114 81
114 87
114 104
114 108
114 118
114 126
114 129
114 131
114 132
114 134
115 1
115 5
115 7
115 14
115 16
115 18
115 22
115 24
115 26
115 27
115 28
115 30
115 31
115 33
115 35
115 37
115 38
115 39
115 40
115 41
115 42
115 43
115 44
115 45
115 48
115 50
115 54
115 56
115 58
115 61
115 62
115 66
115 68
115 69
115 70
115 71
115 72
115 74
115 75
115 76
115 78
115 79
115 80
115 82
115 83
115 85
115 86
115 89
115 90
115 94
115 98
115 100
115 102
115 105
115 106
115 113
115 116
115 117
115 120
115 121
115 123
115 127
115 128
115 130
115 133
115 135
115 138
116 14
116 16
116 26
116 27
116 28
116 39
116 40
116 41
116 42
116 50
116 56
116 58
116 61
116 68
116 71
116 78
116 79
116 82
116 86
116 90
116 100
116 105
116 113
116 115
116 120
116 130
117 1
117 14
117 15
117 16
117 20
117 22
117 26
117 28
117 30
117 33
117 34
117 38
117 39
117 40
117 41
117 43
117 44
117 50
117 56
117 57
117 58
117 61
117 63
117 66
117 68
117 69
117 70
117 72
117 75
117 78
117 79
117 80
117 83
117 86
117 88
117 94
117 97
117 98
117 100
117 106
117 107
117 110
117 112
117 113
117 115
117 119
117 124
117 127
117 135
117 138
118 0
118 8
118 9
118 10
118 11
118 13
118 19
118 25
118 30
118 35
118 36
118 43
118 49
118 51
118 52
118 60
118 67
118 87
118 101
118 103
118 109
118 114
118 126
118 129
118 137
119 2
119 5
119 7
119 14
119 21
119 22
119 23
119 26
119 30
119 33
119 34
119 35
119 39
119 43
119 44
119 45
119 48
119 54
119 56
119 63
119 66
119 68
119 70
119 72
119 73
119 75
119 77
119 78
119 79
119 82
119 84
119 88
119 89
119 94
119 97
119 98
119 99
119 100
119 102
119 105
119 106
119 107
119 112
119 117
119 121
119 124
119 128
119 135
120 1
120 5
120 7
120 14
120 20
120 26
120 28
120 30
120 31
120 35
120 39
120 41
120 48
120 50
120 56
120 57
120 61
120 62
120 65
120 66
120 68
120 69
120 70
120 72
120 73
120 74
120 75
120 77
120 78
120 79
120 83
120 84
120 85
120 86
120 89
120 91
120 92
120 93
120 94
120 97
120 99
120 100
120 102
120 111
120 113
120 115
120 116
120 122
120 125
120 127
120 135
120 137
121 5
121 15
121 20
121 21
121 28
121 32
121 34
121 40
121 41
121 46
121 47
121 50
121 54
121 56
121 57
121 58
121 61
121 63
121 65
121 66
121 69
121 76
121 78
121 79
121 82
121 83
121 88
121 94
121 99
121 100
121 107
121 112
121 113
121 115
121 119
121 124
121 135
122 12
122 15
122 24
122 26
122 28
122 40
122 41
122 44
122 48
122 50
122 54
122 59
122 61
122 66
122 71
122 76
122 77
122 78
122 79
122 82
122 83
122 90
122 93
122 94
122 95
122 113
122 120
122 123
122 125
122 133
123 1
123 2
123 12
123 14
123 16
123 18
123 20
123 23
123 26
123 28
123 31
123 32
123 33
123 35
123 40
123 41
123 44
123 45
123 54
123 56
123 58
123 59
123 66
123 68
123 69
123 71
123 72
123 75
123 76
123 79
123 80
123 82
123 86
123 93
123 96
123 99
123 100
123 107
123 113
123 115
123 122
123 125
123 130
123 133
123 135
123 138
124 2
124 7
124 20
124 22
124 23
124 30
124 34
124 39
124 40
124 41
124 44
124 47
124 57
124 58
124 61
124 66
124 69
124 72
124 75
124 84
124 88
124 89
124 94
124 99
124 112
124 117
124 119
124 121
124 127
124 128
124 135
125 1
125 5
125 15
125 26
125 28
125 40
125 42
125 50
125 56
125 57
125 65
125 66
125 70
125 71
125 75
125 76
125 77
125 79
125 82
125 83
125 93
125 94
125 96
125 100
125 105
125 107
125 113
125 120
125 122
125 123
125 138
126 3
126 4
126 6
126 8
126 9
126 10
126 11
126 16
126 17
126 19
126 25
126 29
126 30
126 35
126 43
126 51
126 52
126 55
126 60
126 67
126 101
126 103
126 104
126 109
126 114
126 118
126 129
126 134
126 137
127 20
127 22
127 23
127 30
127 31
127 34
127 39
127 40
127 41
127 43
127 56
127 58
127 66
127 68
127 69
127 70
127 72
127 73
127 75
127 79
127 83
127 88
127 92
127 94
127 99
127 107
127 115
127 117
127 120
127 124
128 7
128 22
128 28
128 34
128 39
128 40
128 41
128 50
128 56
128 57
128 58
128 61
128 66
128 68
128 69
128 70
128 78
128 79
128 82
128 83
128 86
128 88
128 94
128 99
128 107
128 112
128 115
128 119
128 124
128 130
129 0
129 3
129 4
129 6
129 9
129 10
129 11
129 16
129 17
129 19
129 25
129 29
129 35
129 43
129 49
129 51
129 55
129 60
129 67
129 87
129 101
129 103
129 104
129 114
129 118
129 126
129 137
130 14
130 15
130 21
130 24
130 28
130 31
130 34
130 40
130 41
130 42
130 44
130 50
130 54
130 56
130 58
130 66
130 69
130 72
130 78
130 79
130 80
130 82
130 86
130 88
130 105
130 106
130 107
130 113
130 115
130 116
130 123
130 128
130 135
131 4
131 8
131 9
131 11
131 16
131 29
131 30
131 36
131 51
131 67
131 81
131 87
131 108
131 109
131 114
131 132
131 134
132 0
132 3
132 4
132 8
132 9
132 11
132 13
132 16
132 17
132 19
132 29
132 30
132 35
132 36
132 43
132 51
132 52
132 67
132 81
132 87
132 101
132 103
132 104
132 108
132 109
132 114
132 131
132 134
133 5
133 12
133 15
133 16
133 21
133 24
133 26
133 33
133 35
133 37
133 44
133 45
133 48
133 50
133 54
133 63
133 65
133 71
133 76
133 77
133 79
133 80
133 90
133 93
133 96
133 98
133 106
133 113
133 115
133 122
133 123
134 0
134 4
134 6
134 8
134 9
134 11
134 16
134 19
134 25
134 29
134 30
134 35
134 36
134 43
134 51
134 52
134 53
134 60
134 67
134 81
134 87
134 101
134 103
134 108
134 109
134 114
134 126
134 131
134 132
134 136
134 137
135 1
135 2
135 21
135 26
135 28
135 32
135 34
135 35
135 38
135 40
135 41
135 44
135 46
135 47
135 50
135 54
135 56
135 57
135 58
135 59
135 61
135 65
135 66
135 68
135 69
135 70
135 71
135 72
135 75
135 76
135 77
135 78
135 79
135 80
135 82
135 83
135 88
135 93
135 94
135 99
135 100
135 102
135 105
135 107
135 112
135 113
135 115
135 117
135 119
135 120
135 121
135 123
135 124
135 130
135 138
136 0
136 3
136 4
136 6
136 8
136 9
136 10
136 11
136 13
136 16
136 17
136 19
136 25
136 30
136 35
136 36
136 43
136 49
136 51
136 52
136 55
136 60
136 67
136 81
136 101
136 103
136 104
136 108
136 109
136 134
136 137
137 0
137 2
137 3
137 8
137 9
137 10
137 11
137 13
137 16
137 17
137 19
137 20
137 25
137 28
137 30
137 34
137 35
137 40
137 41
137 43
137 50
137 52
137 53
137 55
137 57
137 58
137 60
137 65
137 66
137 69
137 73
137 74
137 78
137 79
137 82
137 83
137 84
137 97
137 98
137 101
137 104
137 105
137 109
137 112
137 118
137 120
137 126
137 129
137 134
137 136
138 1
138 2
138 12
138 15
138 16
138 20
138 21
138 23
138 24
138 26
138 27
138 28
138 33
138 39
138 40
138 44
138 48
138 56
138 68
138 70
138 71
138 72
138 75
138 77
138 80
138 83
138 88
138 94
138 96
138 98
138 105
138 106
138 107
138 115
138 117
138 123
138 125
138 135

1
11
20
50
56
68
99
126
146
147
149
158
167
175
182
186
192
195
202
206
207
240
256
259
264
285
301
302
314
333
336
356
372
392
397
406
422
435
440
441
452
457
467
505
510
516
534
535
536
562
599
602
620
622
631
640
673
676
685
693
779
794
801
808
809
818
838
841
843
849
852
872
911
918
920
972
1001
1010
1011
1014
1085
1089
1118
1130
1147
1151
1172
1181
1191
1204
1210
1240
1267
1284
1293
1298
1326
1345
1370
1402
1417
1425
1445
1464
1515
1518
1531
1566
1619
1623
1634
1655
1663
1796
1825
1844
1893
1992
2244
2253
2373
2512
2979
3507
3524
3804
3895
4190
4276
9394
13207
23783
30331
39618
60576
75912
92476
118336
215874
