104 7256 40
0 1
0 2
0 4
0 5
0 8
0 9
0 10
0 12
0 14
0 15
0 17
0 19
0 20
0 22
0 23
0 24
0 28
0 30
0 31
0 33
0 35
0 36
0 37
0 38
0 39
0 42
0 43
0 45
0 46
0 47
0 48
0 50
0 51
0 52
0 54
0 55
0 57
0 58
0 63
0 65
0 66
0 67
0 68
0 69
0 70
0 71
0 72
0 73
0 74
0 75
0 76
0 77
0 78
0 79
0 80
0 81
0 82
0 83
0 84
0 85
1 0
1 2
1 3
1 5
1 6
1 7
1 8
1 9
1 10
1 11
1 12
1 13
1 14
1 15
1 16
1 17
1 18
1 19
1 20
1 21
1 22
1 23
1 24
1 25
1 26
1 27
1 28
1 29
1 30
1 31
1 32
1 33
1 34
1 35
1 36
1 37
1 38
1 39
1 40
1 41
1 42
1 43
1 44
1 45
1 46
1 47
1 48
1 49
1 50
1 51
1 52
1 53
1 54
1 55
1 56
1 57
1 58
1 59
1 60
1 61
1 62
1 63
1 64
1 65
1 66
1 67
1 68
1 69
1 70
1 71
1 72
1 73
1 74
1 75
1 76
1 77
1 78
1 79
1 80
1 81
1 82
1 83
1 84
1 85
1 86
1 87
1 88
1 89
1 90
1 91
1 92
1 93
1 94
1 95
1 96
1 97
1 98
1 99
1 100
1 101
1 102
2 0
2 1
2 3
2 4
2 5
2 9
2 10
2 12
2 14
2 15
2 19
2 20
2 21
2 22
2 23
2 24
2 25
2 26
2 28
2 29
2 31
2 33
2 35
2 37
2 38
2 39
2 42
2 43
2 44
2 45
2 46
2 48
2 50
2 51
2 52
2 54
2 56
2 57
2 58
2 63
2 66
2 67
2 68
2 69
2 70
2 71
2 72
2 73
2 74
2 75
2 76
2 77
2 78
2 79
2 80
2 82
2 85
2 87
2 96
2 98
2 102
3 1
3 2
3 4
3 5
3 6
3 7
3 9
3 10
3 11
3 13
3 14
3 15
3 17
3 18
3 20
3 21
3 22
3 23
3 24
3 25
3 26
3 27
3 28
3 29
3 30
3 31
3 38
3 39
3 41
3 42
3 43
3 45
3 46
3 47
3 48
3 49
3 50
3 52
3 53
3 55
3 56
3 57
3 58
3 60
3 61
3 62
3 63
3 64
3 65
3 66
3 68
3 70
3 71
3 72
3 73
3 76
3 79
3 80
3 83
3 84
3 85
3 87
3 88
3 91
3 92
3 94
3 99
3 103
4 0
4 2
4 3
4 9
4 12
4 13
4 14
4 15
4 17
4 20
4 21
4 23
4 25
4 26
4 27
4 28
4 30
4 31
4 36
4 37
4 38
4 39
4 41
4 42
4 43
4 44
4 48
4 50
4 51
4 52
4 54
4 55
4 56
4 57
4 58
4 63
4 68
4 69
4 70
4 71
4 72
4 76
4 77
4 78
4 79
4 80
4 81
4 82
4 83
4 84
4 85
4 87
4 98
4 102
5 0
5 1
5 2
5 3
5 6
5 7
5 8
5 9
5 10
5 11
5 12
5 13
5 14
5 15
5 16
5 17
5 18
5 19
5 20
5 21
5 22
5 23
5 24
5 25
5 26
5 27
5 28
5 29
5 30
5 31
5 33
5 34
5 35
5 36
5 37
5 38
5 39
5 40
5 41
5 42
5 43
5 44
5 45
5 46
5 47
5 48
5 49
5 50
5 51
5 52
5 53
5 54
5 55
5 56
5 57
5 58
5 59
5 60
5 61
5 63
5 64
5 65
5 66
5 67
5 68
5 69
5 70
5 71
5 72
5 73
5 74
5 75
5 76
5 78
5 79
5 80
5 81
5 82
5 83
5 84
5 85
5 86
5 87
5 88
5 89
5 90
5 91
5 92
5 93
5 94
5 95
5 96
5 98
5 101
5 102
5 103
6 1
6 3
6 5
6 7
6 8
6 9
6 10
6 11
6 13
6 16
6 17
6 18
6 21
6 23
6 24
6 25
6 26
6 27
6 30
6 31
6 32
6 34
6 36
6 37
6 40
6 42
6 43
6 44
6 45
6 46
6 48
6 49
6 50
6 53
6 54
6 55
6 56
6 57
6 60
6 61
6 62
6 64
6 65
6 67
6 68
6 69
6 70
6 71
6 74
6 75
6 76
6 80
6 81
6 82
6 83
6 84
6 85
6 86
6 88
6 89
6 90
6 91
6 92
6 93
6 94
6 97
6 98
6 99
6 100
6 102
7 1
7 3
7 5
7 6
7 9
7 10
7 11
7 13
7 16
7 17
7 18
7 21
7 23
7 24
7 26
7 27
7 29
7 30
7 31
7 36
7 37
7 39
7 40
7 43
7 44
7 45
7 46
7 47
7 49
7 50
7 53
7 56
7 57
7 60
7 61
7 62
7 63
7 64
7 65
7 67
7 68
7 69
7 70
7 71
7 73
7 76
7 77
7 80
7 83
7 85
7 86
7 87
7 88
7 90
7 91
7 95
7 102
8 0
8 1
8 5
8 6
8 9
8 10
8 11
8 12
8 14
8 15
8 16
8 17
8 18
8 19
8 20
8 21
8 22
8 23
8 24
8 26
8 27
8 28
8 29
8 30
8 31
8 32
8 34
8 36
8 37
8 38
8 39
8 40
8 42
8 43
8 44
8 45
8 46
8 47
8 48
8 49
8 50
8 51
8 55
8 56
8 57
8 58
8 59
8 60
8 61
8 62
8 63
8 65
8 67
8 68
8 69
8 70
8 71
8 73
8 74
8 75
8 79
8 80
8 83
8 84
8 86
8 87
8 88
8 90
8 91
8 92
8 93
8 94
8 95
8 96
8 97
8 98
8 99
8 101
8 103
9 0
9 1
9 2
9 3
9 4
9 5
9 6
9 7
9 8
9 10
9 11
9 12
9 13
9 14
9 15
9 16
9 17
9 18
9 19
9 20
9 21
9 22
9 23
9 24
9 25
9 26
9 27
9 28
9 29
9 30
9 31
9 32
9 33
9 34
9 35
9 36
9 37
9 38
9 39
9 40
9 41
9 42
9 43
9 44
9 45
9 46
9 47
9 48
9 49
9 50
9 51
9 52
9 53
9 54
9 55
9 56
9 57
9 58
9 59
9 60
9 61
9 62
9 63
9 64
9 65
9 66
9 67
9 68
9 69
9 70
9 71
9 72
9 73
9 74
9 75
9 76
9 78
9 79
9 80
9 81
9 82
9 83
9 84
9 85
9 86
9 87
9 88
9 89
9 90
9 91
9 92
9 93
9 94
9 95
9 96
9 97
9 98
9 99
9 100
9 101
9 102
9 103
10 0
10 1
10 2
10 3
10 5
10 6
10 7
10 8
10 9
10 11
10 12
10 13
10 14
10 15
10 16
10 17
10 18
10 19
10 20
10 21
10 22
10 23
10 24
10 25
10 26
10 27
10 29
10 30
10 31
10 32
10 33
10 34
10 35
10 36
10 37
10 38
10 39
10 40
10 41
10 42
10 43
10 44
10 45
10 46
10 47
10 48
10 49
10 50
10 51
10 52
10 53
10 54
10 55
10 56
10 57
10 58
10 59
10 60
10 61
10 62
10 63
10 64
10 65
10 66
10 67
10 68
10 69
10 70
10 71
10 72
10 73
10 74
10 75
10 76
10 77
10 78
10 79
10 80
10 81
10 82
10 83
10 84
10 85
10 86
10 87
10 88
10 89
10 90
10 91
10 92
10 93
10 94
10 95
10 96
10 97
10 98
10 99
10 100
10 101
10 102
10 103
11 1
11 3
11 5
11 6
11 7
11 8
11 9
11 10
11 13
11 18
11 23
11 24
11 26
11 27
11 29
11 31
11 32
11 34
11 39
11 42
11 43
11 44
11 45
11 46
11 47
11 48
11 50
11 51
11 53
11 55
11 57
11 60
11 61
11 62
11 63
11 65
11 67
11 68
11 70
11 71
11 74
11 77
11 81
11 83
11 84
11 86
11 87
11 88
11 89
11 90
11 91
11 92
11 94
11 96
11 97
11 99
11 100
11 102
12 0
12 1
12 2
12 4
12 5
12 8
12 9
12 10
12 13
12 14
12 15
12 16
12 19
12 20
12 21
12 22
12 23
12 24
12 25
12 26
12 27
12 29
12 30
12 31
12 33
12 34
12 37
12 38
12 39
12 40
12 41
12 42
12 43
12 44
12 45
12 46
12 47
12 48
12 49
12 50
12 51
12 52
12 54
12 55
12 56
12 58
12 59
12 63
12 65
12 66
12 68
12 69
12 70
12 71
12 72
12 73
12 74
12 75
12 76
12 78
12 79
12 81
12 82
12 84
12 85
12 89
12 90
12 91
12 93
12 98
13 1
13 3
13 4
13 5
13 6
13 7
13 9
13 10
13 11
13 12
13 14
13 15
13 21
13 23
13 25
13 26
13 27
13 29
13 31
13 39
13 40
13 43
13 45
13 46
13 47
13 48
13 50
13 51
13 53
13 56
13 57
13 58
13 60
13 61
13 63
13 64
13 65
13 68
13 69
13 70
13 71
13 73
13 75
13 76
13 77
13 79
13 80
13 82
13 83
13 84
13 86
13 87
13 89
13 90
13 91
13 93
13 94
13 95
13 97
13 99
13 102
13 103
14 0
14 1
14 2
14 3
14 4
14 5
14 8
14 9
14 10
14 12
14 13
14 19
14 20
14 22
14 23
14 25
14 27
14 28
14 29
14 30
14 31
14 33
14 34
14 36
14 37
14 38
14 39
14 43
14 44
14 45
14 46
14 47
14 48
14 51
14 52
14 56
14 57
14 63
14 66
14 70
14 73
14 75
14 76
14 77
14 79
14 80
14 82
14 83
14 84
14 93
15 0
15 1
15 2
15 3
15 4
15 5
15 8
15 9
15 10
15 12
15 13
15 16
15 17
15 19
15 20
15 22
15 23
15 24
15 25
15 26
15 27
15 29
15 30
15 31
15 33
15 34
15 35
15 36
15 38
15 39
15 42
15 43
15 44
15 45
15 46
15 47
15 48
15 49
15 51
15 54
15 55
15 56
15 57
15 58
15 59
15 63
15 66
15 67
15 68
15 69
15 70
15 71
15 73
15 74
15 76
15 77
15 79
15 80
15 81
15 82
15 83
15 84
15 85
15 87
15 89
15 92
15 93
15 95
15 96
15 98
15 101
16 1
16 5
16 6
16 7
16 8
16 9
16 10
16 12
16 15
16 18
16 21
16 23
16 24
16 26
16 27
16 29
16 30
16 31
16 32
16 34
16 36
16 38
16 39
16 40
16 41
16 43
16 45
16 46
16 47
16 48
16 50
16 53
16 55
16 56
16 57
16 60
16 61
16 64
16 65
16 68
16 70
16 71
16 73
16 75
16 76
16 77
16 83
16 84
16 86
16 89
16 91
16 93
16 94
16 95
16 96
16 97
16 99
16 100
17 0
17 1
17 3
17 4
17 5
17 6
17 7
17 8
17 9
17 10
17 15
17 21
17 22
17 23
17 24
17 25
17 26
17 27
17 29
17 30
17 31
17 32
17 35
17 36
17 38
17 39
17 40
17 41
17 42
17 43
17 45
17 48
17 50
17 51
17 54
17 56
17 57
17 58
17 59
17 61
17 63
17 64
17 65
17 67
17 68
17 69
17 70
17 71
17 73
17 74
17 75
17 76
17 80
17 81
17 83
17 84
17 85
17 86
17 92
17 95
17 97
17 99
17 100
17 102
18 1
18 3
18 5
18 6
18 7
18 8
18 9
18 10
18 11
18 16
18 24
18 31
18 32
18 34
18 36
18 42
18 43
18 45
18 46
18 48
18 49
18 50
18 53
18 55
18 56
18 57
18 60
18 61
18 63
18 64
18 65
18 67
18 68
18 70
18 80
18 83
18 84
18 85
18 86
18 90
18 96
18 98
19 0
19 1
19 2
19 5
19 8
19 9
19 10
19 12
19 14
19 15
19 20
19 21
19 23
19 24
19 25
19 26
19 27
19 28
19 29
19 30
19 31
19 32
19 33
19 34
19 35
19 36
19 37
19 39
19 41
19 42
19 43
19 45
19 46
19 47
19 48
19 49
19 50
19 52
19 55
19 56
19 57
19 58
19 59
19 63
19 66
19 67
19 68
19 70
19 71
19 72
19 73
19 74
19 76
19 80
19 82
19 84
19 85
19 87
19 88
19 91
19 93
19 95
19 98
19 99
19 102
20 0
20 1
20 2
20 3
20 4
20 5
20 8
20 9
20 10
20 12
20 14
20 15
20 19
20 21
20 22
20 23
20 24
20 25
20 27
20 28
20 29
20 30
20 31
20 33
20 34
20 35
20 36
20 37
20 41
20 42
20 43
20 44
20 45
20 46
20 47
20 48
20 49
20 50
20 51
20 52
20 57
20 58
20 63
20 66
20 68
20 70
20 71
20 72
20 73
20 77
20 79
20 80
20 82
20 84
20 98
21 1
21 2
21 3
21 4
21 5
21 6
21 7
21 8
21 9
21 10
21 12
21 13
21 16
21 17
21 19
21 20
21 22
21 23
21 24
21 26
21 27
21 28
21 30
21 31
21 33
21 35
21 36
21 38
21 39
21 41
21 42
21 43
21 44
21 45
21 46
21 48
21 49
21 51
21 54
21 56
21 59
21 61
21 62
21 63
21 64
21 65
21 66
21 67
21 68
21 69
21 70
21 71
21 72
21 73
21 74
21 75
21 76
21 77
21 79
21 80
21 81
21 82
21 83
21 84
21 85
21 86
21 87
21 88
21 89
21 90
21 93
21 94
21 96
21 97
21 98
21 100
21 101
21 102
22 0
22 1
22 2
22 3
22 5
22 8
22 9
22 10
22 12
22 14
22 15
22 17
22 20
22 21
22 23
22 26
22 28
22 31
22 33
22 35
22 36
22 37
22 39
22 42
22 43
22 45
22 46
22 48
22 50
22 51
22 52
22 53
22 54
22 55
22 57
22 58
22 59
22 63
22 67
22 68
22 69
22 70
22 71
22 72
22 73
22 74
22 75
22 76
22 77
22 80
22 82
22 84
22 85
22 93
22 98
23 0
23 1
23 2
23 3
23 4
23 5
23 6
23 7
23 8
23 9
23 10
23 11
23 12
23 13
23 14
23 15
23 16
23 17
23 19
23 20
23 21
23 22
23 24
23 25
23 26
23 27
23 28
23 29
23 30
23 31
23 34
23 35
23 36
23 37
23 38
23 39
23 41
23 42
23 43
23 44
23 45
23 46
23 47
23 48
23 49
23 50
23 51
23 52
23 54
23 55
23 56
23 57
23 58
23 59
23 62
23 63
23 64
23 65
23 66
23 67
23 68
23 69
23 70
23 71
23 72
23 73
23 74
23 75
23 76
23 77
23 79
23 80
23 81
23 82
23 83
23 84
23 86
23 87
23 88
23 89
23 90
23 91
23 92
23 93
23 94
23 95
23 96
23 97
23 98
23 99
23 100
23 101
23 102
24 0
24 1
24 2
24 3
24 5
24 6
24 7
24 8
24 9
24 10
24 11
24 12
24 15
24 16
24 17
24 18
24 19
24 20
24 21
24 23
24 26
24 27
24 29
24 31
24 32
24 33
24 34
24 35
24 36
24 37
24 39
24 40
24 41
24 42
24 43
24 44
24 45
24 46
24 48
24 49
24 50
24 51
24 52
24 53
24 55
24 56
24 57
24 58
24 60
24 62
24 63
24 65
24 67
24 70
24 73
24 74
24 76
24 79
24 80
24 81
24 83
24 84
24 85
24 86
24 87
24 88
24 89
24 91
24 92
24 93
24 94
24 95
24 96
24 97
24 98
24 99
24 100
24 101
24 103
25 1
25 2
25 3
25 4
25 5
25 6
25 9
25 10
25 12
25 13
25 14
25 15
25 17
25 19
25 20
25 23
25 26
25 27
25 29
25 30
25 31
25 33
25 34
25 35
25 36
25 37
25 38
25 39
25 40
25 41
25 42
25 43
25 44
25 45
25 46
25 47
25 48
25 49
25 50
25 52
25 53
25 54
25 56
25 57
25 58
25 63
25 65
25 66
25 70
25 71
25 73
25 74
25 75
25 76
25 78
25 79
25 80
25 81
25 82
25 83
25 84
25 85
25 87
25 91
25 93
25 94
25 95
25 97
25 99
25 100
25 101
25 102
26 1
26 2
26 3
26 4
26 5
26 6
26 7
26 8
26 9
26 10
26 11
26 12
26 13
26 15
26 16
26 17
26 19
26 21
26 22
26 23
26 24
26 25
26 27
26 28
26 29
26 30
26 31
26 32
26 33
26 34
26 35
26 36
26 37
26 38
26 39
26 41
26 42
26 43
26 44
26 45
26 46
26 47
26 48
26 49
26 50
26 51
26 52
26 53
26 54
26 56
26 57
26 58
26 59
26 62
26 63
26 65
26 68
26 69
26 70
26 71
26 72
26 73
26 75
26 76
26 77
26 78
26 79
26 81
26 82
26 83
26 84
26 85
26 86
26 87
26 88
26 89
26 90
26 91
26 92
26 93
26 95
26 96
26 97
26 100
26 102
27 1
27 3
27 4
27 5
27 6
27 7
27 8
27 9
27 10
27 11
27 12
27 13
27 14
27 15
27 16
27 17
27 19
27 20
27 21
27 23
27 24
27 25
27 26
27 29
27 30
27 31
27 32
27 35
27 36
27 37
27 39
27 40
27 42
27 43
27 44
27 45
27 46
27 47
27 49
27 50
27 52
27 53
27 54
27 56
27 57
27 58
27 59
27 60
27 61
27 62
27 63
27 64
27 65
27 66
27 67
27 68
27 69
27 70
27 71
27 74
27 75
27 76
27 77
27 78
27 79
27 80
27 81
27 82
27 83
27 84
27 85
27 86
27 87
27 88
27 89
27 90
27 91
27 92
27 93
27 94
27 96
27 97
27 99
27 100
27 101
27 102
27 103
28 0
28 1
28 2
28 3
28 4
28 5
28 8
28 9
28 14
28 19
28 20
28 21
28 22
28 23
28 26
28 29
28 30
28 31
28 36
28 37
28 38
28 43
28 44
28 45
28 46
28 47
28 50
28 51
28 52
28 56
28 57
28 58
28 63
28 68
28 69
28 70
28 71
28 72
28 73
28 75
28 76
28 77
28 84
28 85
28 87
29 1
29 2
29 3
29 5
29 7
29 8
29 9
29 10
29 11
29 12
29 13
29 14
29 15
29 16
29 17
29 19
29 20
29 23
29 24
29 25
29 26
29 27
29 28
29 30
29 31
29 32
29 33
29 34
29 35
29 36
29 39
29 40
29 41
29 42
29 43
29 44
29 45
29 46
29 47
29 48
29 49
29 50
29 51
29 52
29 53
29 56
29 58
29 59
29 60
29 61
29 63
29 65
29 66
29 67
29 68
29 70
29 71
29 73
29 74
29 76
29 79
29 80
29 81
29 82
29 83
29 85
29 87
29 89
29 90
29 91
29 92
29 93
29 94
29 95
29 97
29 98
29 99
29 101
29 102
29 103
30 0
30 1
30 3
30 4
30 5
30 6
30 7
30 8
30 9
30 10
30 12
30 14
30 15
30 16
30 17
30 19
30 20
30 21
30 23
30 25
30 26
30 27
30 28
30 29
30 31
30 32
30 33
30 35
30 36
30 38
30 39
30 40
30 41
30 42
30 43
30 44
30 45
30 46
30 48
30 49
30 50
30 51
30 52
30 53
30 54
30 55
30 56
30 57
30 58
30 59
30 60
30 63
30 64
30 65
30 66
30 67
30 68
30 69
30 70
30 71
30 72
30 73
30 75
30 76
30 77
30 78
30 79
30 80
30 81
30 83
30 84
30 85
30 86
30 87
30 88
30 89
30 91
30 94
30 95
30 96
30 98
30 99
30 100
30 103
31 0
31 1
31 2
31 3
31 4
31 5
31 6
31 7
31 8
31 9
31 10
31 11
31 12
31 13
31 14
31 15
31 16
31 17
31 18
31 19
31 20
31 21
31 22
31 23
31 24
31 25
31 26
31 27
31 28
31 29
31 30
31 32
31 33
31 34
31 35
31 36
31 37
31 38
31 39
31 40
31 41
31 42
31 43
31 44
31 45
31 46
31 47
31 48
31 49
31 50
31 51
31 52
31 53
31 54
31 55
31 56
31 57
31 58
31 59
31 60
31 62
31 63
31 64
31 65
31 66
31 67
31 68
31 69
31 70
31 71
31 72
31 73
31 74
31 75
31 76
31 77
31 78
31 79
31 80
31 81
31 82
31 83
31 84
31 85
31 86
31 87
31 88
31 89
31 90
31 91
31 92
31 93
31 94
31 95
31 96
31 97
31 98
31 99
31 100
31 101
31 102
31 103
32 1
32 6
32 8
32 9
32 10
32 11
32 16
32 17
32 18
32 19
32 24
32 26
32 27
32 29
32 30
32 31
32 37
32 38
32 39
32 40
32 42
32 43
32 44
32 45
32 46
32 47
32 48
32 49
32 50
32 53
32 55
32 58
32 59
32 60
32 61
32 62
32 63
32 64
32 65
32 67
32 69
32 70
32 71
32 73
32 74
32 83
32 84
32 86
32 87
32 88
32 90
32 91
32 92
32 93
32 95
32 96
32 97
32 98
32 103
33 0
33 1
33 2
33 5
33 9
33 10
33 12
33 14
33 15
33 19
33 20
33 21
33 22
33 24
33 25
33 26
33 29
33 30
33 31
33 35
33 36
33 37
33 38
33 41
33 42
33 43
33 45
33 46
33 47
33 48
33 49
33 51
33 52
33 54
33 55
33 56
33 57
33 58
33 63
33 66
33 68
33 69
33 70
33 71
33 72
33 73
33 75
33 76
33 80
33 81
33 85
33 87
33 93
33 98
34 1
34 5
34 6
34 8
34 9
34 10
34 11
34 12
34 14
34 15
34 16
34 18
34 19
34 20
34 23
34 24
34 25
34 26
34 29
34 31
34 36
34 37
34 39
34 42
34 43
34 44
34 45
34 46
34 47
34 48
34 49
34 50
34 55
34 56
34 57
34 59
34 60
34 63
34 65
34 67
34 68
34 70
34 71
34 73
34 75
34 77
34 80
34 83
34 84
34 85
34 89
34 92
34 93
34 96
34 98
34 99
35 0
35 1
35 2
35 5
35 9
35 10
35 15
35 17
35 19
35 20
35 21
35 22
35 23
35 24
35 25
35 26
35 27
35 29
35 30
35 31
35 33
35 37
35 39
35 40
35 41
35 42
35 43
35 45
35 46
35 47
35 49
35 50
35 52
35 53
35 56
35 57
35 58
35 65
35 66
35 67
35 68
35 70
35 72
35 75
35 76
35 80
35 83
35 87
35 88
35 92
35 94
35 96
35 99
35 101
36 0
36 1
36 4
36 5
36 6
36 7
36 8
36 9
36 10
36 14
36 15
36 16
36 17
36 18
36 19
36 20
36 21
36 22
36 23
36 24
36 25
36 26
36 27
36 28
36 29
36 30
36 31
36 33
36 34
36 38
36 40
36 42
36 43
36 45
36 46
36 48
36 50
36 52
36 53
36 54
36 56
36 57
36 58
36 59
36 61
36 63
36 64
36 65
36 66
36 67
36 68
36 69
36 70
36 72
36 76
36 77
36 78
36 79
36 80
36 81
36 82
36 83
36 84
36 85
36 88
36 90
36 91
36 94
36 95
36 96
36 97
36 98
36 101
36 102
37 0
37 1
37 2
37 4
37 5
37 6
37 7
37 8
37 9
37 10
37 12
37 14
37 19
37 20
37 22
37 23
37 24
37 25
37 26
37 27
37 28
37 31
37 32
37 33
37 34
37 35
37 39
37 40
37 41
37 42
37 43
37 44
37 45
37 46
37 47
37 50
37 52
37 57
37 59
37 61
37 63
37 65
37 66
37 67
37 68
37 70
37 71
37 73
37 74
37 75
37 76
37 77
37 80
37 82
37 83
37 84
37 87
37 90
37 93
37 95
37 96
37 97
37 103
38 0
38 1
38 2
38 3
38 4
38 5
38 8
38 9
38 10
38 12
38 14
38 15
38 16
38 17
38 21
38 23
38 25
38 26
38 28
38 30
38 31
38 32
38 33
38 36
38 39
38 40
38 41
38 42
38 43
38 45
38 46
38 47
38 48
38 50
38 51
38 52
38 54
38 55
38 56
38 57
38 58
38 63
38 65
38 68
38 69
38 70
38 71
38 72
38 73
38 75
38 76
38 78
38 79
38 82
38 84
38 85
38 86
38 87
38 88
38 91
38 93
38 94
38 95
38 99
38 100
38 102
39 0
39 1
39 2
39 3
39 4
39 5
39 7
39 8
39 9
39 10
39 11
39 12
39 13
39 14
39 15
39 16
39 17
39 19
39 21
39 22
39 23
39 24
39 25
39 26
39 27
39 29
39 30
39 31
39 32
39 34
39 35
39 37
39 38
39 40
39 41
39 42
39 43
39 44
39 45
39 46
39 47
39 48
39 49
39 50
39 53
39 54
39 55
39 56
39 57
39 58
39 60
39 61
39 63
39 64
39 65
39 67
39 68
39 69
39 70
39 71
39 72
39 73
39 74
39 75
39 76
39 77
39 78
39 79
39 80
39 81
39 82
39 83
39 84
39 85
39 86
39 87
39 88
39 89
39 90
39 91
39 92
39 93
39 94
39 95
39 96
39 97
39 98
39 99
39 100
39 101
39 102
39 103
40 1
40 5
40 6
40 7
40 8
40 9
40 10
40 12
40 13
40 16
40 17
40 24
40 25
40 27
40 29
40 30
40 31
40 32
40 35
40 36
40 37
40 38
40 39
40 41
40 43
40 44
40 45
40 46
40 47
40 48
40 49
40 50
40 54
40 55
40 56
40 57
40 59
40 60
40 62
40 63
40 64
40 65
40 67
40 68
40 69
40 70
40 71
40 72
40 73
40 74
40 75
40 76
40 80
40 81
40 82
40 83
40 84
40 85
40 86
40 89
40 90
40 91
40 92
40 93
40 94
40 96
40 97
40 98
40 100
40 102
40 103
41 1
41 3
41 4
41 5
41 9
41 10
41 12
41 16
41 17
41 19
41 20
41 21
41 23
41 24
41 25
41 26
41 29
41 30
41 31
41 33
41 35
41 37
41 38
41 39
41 40
41 42
41 43
41 44
41 45
41 46
41 48
41 52
41 54
41 57
41 58
41 59
41 63
41 65
41 66
41 67
41 68
41 70
41 71
41 72
41 73
41 74
41 75
41 76
41 80
41 81
41 82
41 83
41 84
41 89
41 91
41 93
41 94
41 96
41 98
41 100
41 101
42 0
42 1
42 2
42 3
42 4
42 5
42 6
42 8
42 9
42 10
42 11
42 12
42 15
42 17
42 18
42 19
42 20
42 21
42 22
42 23
42 24
42 25
42 26
42 27
42 29
42 30
42 31
42 32
42 33
42 34
42 35
42 36
42 37
42 38
42 39
42 41
42 43
42 45
42 46
42 48
42 49
42 50
42 51
42 52
42 53
42 54
42 55
42 56
42 57
42 58
42 59
42 60
42 61
42 62
42 63
42 64
42 65
42 66
42 67
42 68
42 69
42 71
42 72
42 73
42 74
42 75
42 76
42 79
42 81
42 82
42 83
42 84
42 86
42 87
42 88
42 89
42 90
42 92
42 96
42 98
42 100
42 103
43 0
43 1
43 2
43 3
43 4
43 5
43 6
43 7
43 8
43 9
43 10
43 11
43 12
43 13
43 14
43 15
43 16
43 17
43 18
43 19
43 20
43 21
43 22
43 23
43 24
43 25
43 26
43 27
43 28
43 29
43 30
43 31
43 32
43 33
43 34
43 35
43 36
43 37
43 38
43 39
43 40
43 41
43 42
43 44
43 45
43 46
43 47
43 48
43 49
43 50
43 51
43 52
43 53
43 54
43 55
43 56
43 57
43 58
43 59
43 60
43 61
43 63
43 64
43 66
43 67
43 69
43 70
43 71
43 73
43 75
43 76
43 78
43 79
43 80
43 81
43 82
43 83
43 84
43 85
43 86
43 87
43 88
43 89
43 90
43 91
43 94
43 96
43 97
43 98
43 100
43 101
43 102
43 103
44 1
44 2
44 4
44 5
44 6
44 7
44 8
44 9
44 10
44 11
44 12
44 14
44 15
44 20
44 21
44 23
44 24
44 25
44 26
44 27
44 28
44 29
44 30
44 31
44 32
44 34
44 37
44 39
44 40
44 41
44 43
44 45
44 47
44 48
44 50
44 52
44 54
44 55
44 56
44 57
44 58
44 60
44 61
44 63
44 65
44 67
44 68
44 69
44 70
44 71
44 72
44 75
44 76
44 77
44 78
44 79
44 80
44 82
44 83
44 84
44 85
44 86
44 87
44 88
44 89
44 91
44 92
44 93
44 94
44 96
44 97
44 98
44 99
44 100
44 102
45 0
45 1
45 2
45 3
45 5
45 6
45 7
45 8
45 9
45 10
45 11
45 12
45 13
45 14
45 15
45 16
45 17
45 18
45 19
45 20
45 21
45 22
45 23
45 24
45 25
45 26
45 27
45 28
45 29
45 30
45 31
45 32
45 33
45 34
45 35
45 36
45 37
45 38
45 39
45 40
45 41
45 42
45 43
45 44
45 46
45 47
45 48
45 50
45 51
45 52
45 53
45 54
45 55
45 56
45 57
45 58
45 59
45 60
45 61
45 63
45 64
45 65
45 66
45 67
45 68
45 69
45 70
45 71
45 72
45 73
45 75
45 76
45 77
45 78
45 79
45 80
45 81
45 82
45 83
45 84
45 85
45 86
45 87
45 91
45 92
45 93
45 94
45 95
45 97
45 98
45 99
45 100
45 101
45 103
46 0
46 1
46 2
46 3
46 5
46 6
46 7
46 8
46 9
46 10
46 11
46 12
46 13
46 14
46 15
46 16
46 18
46 19
46 20
46 21
46 22
46 23
46 24
46 25
46 26
46 27
46 28
46 29
46 30
46 31
46 32
46 33
46 34
46 35
46 36
46 37
46 38
46 39
46 40
46 41
46 42
46 43
46 45
46 47
46 48
46 49
46 50
46 51
46 52
46 53
46 54
46 55
46 56
46 57
46 58
46 59
46 60
46 61
46 62
46 63
46 64
46 65
46 66
46 67
46 68
46 69
46 70
46 71
46 72
46 73
46 74
46 75
46 76
46 77
46 78
46 79
46 80
46 81
46 82
46 84
46 85
46 86
46 87
46 88
46 89
46 90
46 91
46 92
46 93
46 94
46 95
46 96
46 97
46 98
46 99
46 100
46 101
46 103
47 0
47 1
47 3
47 5
47 7
47 8
47 9
47 10
47 11
47 12
47 13
47 14
47 15
47 16
47 19
47 20
47 23
47 25
47 26
47 27
47 28
47 29
47 31
47 32
47 33
47 34
47 35
47 37
47 38
47 39
47 40
47 43
47 44
47 45
47 46
47 48
47 50
47 52
47 53
47 55
47 56
47 57
47 58
47 59
47 60
47 63
47 65
47 66
47 68
47 70
47 71
47 72
47 73
47 74
47 75
47 76
47 77
47 78
47 79
47 80
47 83
47 84
47 85
47 86
47 87
47 89
47 90
47 91
47 93
47 94
47 95
47 99
47 100
47 103
48 0
48 1
48 2
48 3
48 4
48 5
48 6
48 8
48 9
48 10
48 11
48 12
48 13
48 14
48 15
48 16
48 17
48 18
48 19
48 20
48 21
48 22
48 23
48 24
48 25
48 26
48 29
48 30
48 31
48 32
48 33
48 34
48 36
48 38
48 39
48 40
48 41
48 42
48 43
48 44
48 45
48 46
48 47
48 49
48 50
48 51
48 52
48 53
48 54
48 55
48 56
48 57
48 58
48 60
48 62
48 63
48 65
48 66
48 67
48 68
48 69
48 70
48 71
48 72
48 73
48 74
48 75
48 76
48 77
48 78
48 79
48 80
48 81
48 82
48 83
48 84
48 85
48 87
48 89
48 91
48 92
48 93
48 94
48 96
48 98
48 100
48 101
48 102
49 1
49 3
49 5
49 6
49 7
49 8
49 9
49 10
49 12
49 15
49 18
49 19
49 20
49 21
49 23
49 24
49 25
49 26
49 27
49 29
49 30
49 31
49 32
49 33
49 34
49 35
49 39
49 40
49 42
49 43
49 46
49 48
49 50
49 51
49 52
49 53
49 56
49 57
49 58
49 60
49 61
49 62
49 63
49 64
49 65
49 66
49 67
49 71
49 73
49 74
49 75
49 76
49 80
49 81
49 83
49 84
49 85
49 86
49 88
49 89
49 90
49 93
49 94
49 96
49 97
49 99
49 103
50 0
50 1
50 2
50 3
50 4
50 5
50 6
50 7
50 8
50 9
50 10
50 11
50 12
50 13
50 16
50 17
50 18
50 19
50 20
50 22
50 23
50 24
50 25
50 26
50 27
50 28
50 29
50 30
50 31
50 32
50 34
50 35
50 36
50 37
50 38
50 39
50 40
50 42
50 43
50 44
50 45
50 46
50 47
50 48
50 49
50 51
50 52
50 53
50 55
50 57
50 58
50 59
50 60
50 61
50 62
50 63
50 64
50 65
50 66
50 67
50 68
50 69
50 70
50 71
50 72
50 73
50 74
50 75
50 76
50 77
50 78
50 80
50 81
50 82
50 83
50 84
50 85
50 86
50 87
50 88
50 89
50 90
50 91
50 92
50 93
50 94
50 95
50 96
50 98
50 100
50 101
50 102
50 103
51 0
51 1
51 2
51 4
51 5
51 8
51 9
51 10
51 11
51 12
51 13
51 14
51 15
51 17
51 20
51 21
51 22
51 23
51 24
51 26
51 28
51 29
51 30
51 31
51 33
51 38
51 42
51 43
51 45
51 46
51 48
51 49
51 50
51 52
51 54
51 55
51 56
51 57
51 58
51 60
51 63
51 65
51 66
51 67
51 68
51 69
51 70
51 71
51 73
51 76
51 79
51 80
51 82
51 84
51 86
51 88
51 89
51 90
51 91
51 94
51 96
51 99
51 101
52 0
52 1
52 2
52 3
52 4
52 5
52 9
52 10
52 12
52 14
52 19
52 20
52 22
52 23
52 24
52 25
52 26
52 27
52 28
52 29
52 30
52 31
52 33
52 35
52 36
52 37
52 38
52 41
52 42
52 43
52 44
52 45
52 46
52 47
52 48
52 49
52 50
52 51
52 54
52 57
52 58
52 59
52 63
52 66
52 68
52 70
52 71
52 72
52 73
52 75
52 76
52 77
52 80
52 82
52 84
52 85
52 93
52 98
53 1
53 3
53 5
53 6
53 7
53 9
53 10
53 11
53 13
53 16
53 18
53 22
53 24
53 25
53 26
53 27
53 29
53 30
53 31
53 32
53 35
53 36
53 39
53 42
53 43
53 45
53 46
53 47
53 48
53 49
53 50
53 54
53 55
53 56
53 57
53 59
53 60
53 63
53 65
53 67
53 69
53 70
53 71
53 72
53 73
53 74
53 75
53 76
53 80
53 81
53 82
53 84
53 88
53 90
53 91
53 92
53 93
53 94
53 95
53 97
53 98
53 99
53 101
53 103
54 0
54 1
54 2
54 4
54 5
54 6
54 9
54 10
54 12
54 15
54 17
54 21
54 22
54 23
54 25
54 26
54 27
54 30
54 31
54 33
54 36
54 38
54 39
54 40
54 41
54 42
54 43
54 44
54 45
54 46
54 48
54 51
54 52
54 53
54 55
54 56
54 57
54 63
54 65
54 66
54 67
54 68
54 69
54 72
54 75
54 76
54 77
54 78
54 79
54 80
54 81
54 83
54 84
54 85
54 89
54 91
54 92
54 95
54 96
54 99
54 102
55 0
55 1
55 3
55 4
55 5
55 6
55 8
55 9
55 10
55 11
55 12
55 15
55 16
55 18
55 19
55 22
55 23
55 24
55 30
55 31
55 32
55 33
55 34
55 38
55 39
55 40
55 42
55 43
55 44
55 45
55 46
55 47
55 48
55 50
55 51
55 53
55 54
55 56
55 57
55 59
55 61
55 63
55 64
55 65
55 67
55 68
55 69
55 70
55 71
55 72
55 73
55 74
55 75
55 76
55 77
55 80
55 81
55 83
55 84
55 85
55 92
55 94
55 96
55 101
55 102
55 103
56 1
56 2
56 3
56 4
56 5
56 6
56 7
56 8
56 9
56 10
56 12
56 13
56 14
56 15
56 16
56 17
56 18
56 19
56 21
56 23
56 24
56 25
56 26
56 27
56 28
56 29
56 30
56 31
56 33
56 34
56 35
56 36
56 38
56 39
56 40
56 42
56 43
56 44
56 45
56 46
56 47
56 48
56 49
56 51
56 53
56 54
56 55
56 57
56 59
56 63
56 65
56 66
56 67
56 68
56 69
56 70
56 71
56 72
56 73
56 74
56 75
56 76
56 77
56 78
56 80
56 81
56 82
56 83
56 84
56 85
56 86
56 87
56 88
56 89
56 90
56 91
56 92
56 93
56 94
56 95
56 96
56 97
56 98
56 99
56 100
56 101
56 102
57 0
57 1
57 2
57 3
57 4
57 5
57 6
57 7
57 8
57 9
57 10
57 11
57 13
57 14
57 15
57 16
57 17
57 18
57 19
57 20
57 22
57 23
57 24
57 25
57 26
57 27
57 28
57 30
57 31
57 33
57 34
57 35
57 36
57 37
57 38
57 39
57 40
57 41
57 42
57 43
57 44
57 45
57 46
57 47
57 48
57 49
57 50
57 51
57 52
57 53
57 54
57 55
57 56
57 58
57 59
57 60
57 61
57 63
57 64
57 65
57 66
57 67
57 68
57 69
57 70
57 71
57 72
57 73
57 74
57 75
57 76
57 77
57 78
57 79
57 80
57 81
57 82
57 83
57 84
57 85
57 86
57 87
57 88
57 90
57 91
57 92
57 93
57 94
57 95
57 96
57 97
57 98
57 99
57 100
57 101
57 102
57 103
58 0
58 1
58 2
58 3
58 4
58 5
58 8
58 9
58 10
58 12
58 13
58 15
58 17
58 19
58 20
58 22
58 23
58 24
58 25
58 26
58 27
58 28
58 29
58 30
58 31
58 32
58 33
58 35
58 36
58 38
58 39
58 41
58 42
58 43
58 44
58 45
58 46
58 47
58 48
58 49
58 50
58 51
58 52
58 57
58 59
58 60
58 62
58 63
58 64
58 65
58 66
58 67
58 69
58 70
58 71
58 72
58 73
58 74
58 75
58 76
58 77
58 78
58 80
58 81
58 82
58 83
58 84
58 85
58 90
58 91
58 93
58 94
58 96
58 98
58 99
58 100
58 101
59 1
59 5
59 8
59 9
59 10
59 12
59 15
59 17
59 19
59 21
59 22
59 23
59 26
59 27
59 29
59 30
59 31
59 32
59 34
59 36
59 37
59 40
59 41
59 42
59 43
59 45
59 46
59 47
59 50
59 52
59 53
59 55
59 56
59 57
59 58
59 63
59 65
59 66
59 70
59 71
59 72
59 75
59 80
59 81
59 83
59 84
59 90
59 91
59 93
59 95
59 98
60 1
60 3
60 5
60 6
60 7
60 8
60 9
60 10
60 11
60 13
60 16
60 18
60 24
60 27
60 29
60 30
60 31
60 32
60 34
60 39
60 40
60 42
60 43
60 44
60 45
60 46
60 47
60 48
60 49
60 50
60 51
60 53
60 57
60 58
60 61
60 62
60 64
60 65
60 67
60 70
60 73
60 74
60 75
60 76
60 80
60 81
60 84
60 86
60 88
60 89
60 90
60 91
60 93
60 96
60 99
60 100
60 102
60 103
61 1
61 3
61 5
61 6
61 7
61 8
61 9
61 10
61 11
61 13
61 16
61 17
61 18
61 21
61 27
61 29
61 32
61 36
61 37
61 39
61 42
61 43
61 44
61 45
61 46
61 49
61 50
61 55
61 57
61 60
61 62
61 63
61 64
61 65
61 67
61 68
61 70
61 71
61 75
61 76
61 77
61 81
61 83
61 84
61 85
61 86
61 87
61 88
61 89
61 90
61 93
61 95
61 96
61 97
61 98
61 100
61 102
61 103
62 1
62 3
62 6
62 7
62 8
62 9
62 10
62 11
62 21
62 23
62 24
62 26
62 27
62 31
62 32
62 40
62 42
62 46
62 48
62 49
62 50
62 58
62 60
62 61
62 64
62 65
62 67
62 68
62 70
62 73
62 74
62 76
62 80
62 83
62 84
62 85
62 86
62 88
62 89
62 90
62 96
62 97
62 100
62 102
63 0
63 1
63 2
63 3
63 4
63 5
63 7
63 8
63 9
63 10
63 11
63 12
63 13
63 14
63 15
63 17
63 18
63 19
63 20
63 21
63 22
63 23
63 24
63 25
63 26
63 27
63 28
63 29
63 30
63 31
63 32
63 33
63 34
63 36
63 37
63 38
63 39
63 40
63 41
63 42
63 43
63 44
63 45
63 46
63 47
63 48
63 49
63 50
63 51
63 52
63 53
63 54
63 55
63 56
63 57
63 58
63 59
63 61
63 64
63 65
63 67
63 69
63 70
63 71
63 72
63 73
63 74
63 75
63 76
63 77
63 78
63 79
63 80
63 81
63 82
63 83
63 84
63 85
63 89
63 90
63 91
63 92
63 93
63 94
63 95
63 98
63 101
63 102
64 1
64 3
64 5
64 6
64 7
64 9
64 10
64 13
64 16
64 17
64 18
64 21
64 23
64 27
64 30
64 31
64 32
64 36
64 39
64 40
64 42
64 43
64 45
64 46
64 49
64 50
64 55
64 57
64 58
64 60
64 61
64 62
64 63
64 65
64 70
64 73
64 74
64 75
64 76
64 80
64 83
64 84
64 85
64 86
64 89
64 90
64 96
64 97
64 100
64 102
64 103
65 0
65 1
65 3
65 5
65 6
65 7
65 8
65 9
65 10
65 11
65 12
65 13
65 16
65 17
65 18
65 21
65 23
65 24
65 25
65 26
65 27
65 29
65 30
65 31
65 32
65 34
65 35
65 36
65 37
65 38
65 39
65 40
65 41
65 42
65 44
65 45
65 46
65 47
65 48
65 49
65 50
65 51
65 53
65 54
65 55
65 56
65 57
65 58
65 59
65 60
65 61
65 62
65 63
65 64
65 67
65 68
65 69
65 70
65 71
65 73
65 74
65 75
65 76
65 81
65 83
65 84
65 85
65 86
65 87
65 88
65 89
65 90
65 91
65 92
65 93
65 94
65 95
65 96
65 97
65 98
65 100
65 101
65 102
65 103
66 0
66 1
66 2
66 3
66 5
66 9
66 10
66 12
66 14
66 15
66 19
66 20
66 21
66 23
66 25
66 27
66 29
66 30
66 31
66 33
66 35
66 36
66 37
66 41
66 42
66 43
66 45
66 46
66 47
66 48
66 49
66 50
66 51
66 52
66 54
66 56
66 57
66 58
66 59
66 67
66 69
66 71
66 73
66 75
66 76
66 78
66 79
66 80
66 81
66 84
66 85
66 87
67 0
67 1
67 2
67 5
67 6
67 7
67 8
67 9
67 10
67 11
67 15
67 17
67 18
67 19
67 21
67 22
67 23
67 24
67 27
67 29
67 30
67 31
67 32
67 34
67 35
67 36
67 37
67 39
67 40
67 41
67 42
67 43
67 44
67 45
67 46
67 48
67 49
67 50
67 51
67 53
67 54
67 55
67 56
67 57
67 58
67 60
67 61
67 62
67 63
67 65
67 66
67 68
67 69
67 70
67 74
67 76
67 77
67 80
67 83
67 84
67 86
67 87
67 88
67 89
67 93
67 94
67 95
67 96
67 97
67 98
67 99
67 100
67 101
67 102
67 103
68 0
68 1
68 2
68 3
68 4
68 5
68 6
68 7
68 8
68 9
68 10
68 11
68 12
68 13
68 15
68 16
68 17
68 18
68 19
68 20
68 21
68 22
68 23
68 26
68 27
68 28
68 29
68 30
68 31
68 33
68 34
68 35
68 36
68 37
68 38
68 39
68 40
68 41
68 42
68 44
68 45
68 46
68 47
68 48
68 50
68 51
68 52
68 54
68 55
68 56
68 57
68 61
68 62
68 65
68 67
68 69
68 70
68 71
68 72
68 75
68 76
68 77
68 78
68 80
68 81
68 82
68 83
68 84
68 85
68 86
68 87
68 88
68 91
68 92
68 93
68 94
68 95
68 96
68 97
68 98
68 100
68 101
68 102
69 0
69 1
69 2
69 4
69 5
69 6
69 7
69 8
69 9
69 10
69 12
69 13
69 15
69 17
69 21
69 22
69 23
69 26
69 27
69 28
69 30
69 31
69 32
69 33
69 36
69 38
69 39
69 40
69 42
69 43
69 44
69 45
69 46
69 48
69 50
69 51
69 53
69 54
69 55
69 56
69 57
69 58
69 63
69 65
69 66
69 67
69 68
69 70
69 71
69 73
69 75
69 76
69 77
69 78
69 79
69 81
69 82
69 83
69 84
69 85
69 87
69 90
69 91
69 92
69 98
70 0
70 1
70 2
70 3
70 4
70 5
70 6
70 7
70 8
70 9
70 10
70 11
70 12
70 13
70 14
70 15
70 16
70 17
70 18
70 19
70 20
70 21
70 22
70 23
70 24
70 25
70 26
70 27
70 28
70 29
70 30
70 31
70 32
70 33
70 34
70 35
70 36
70 37
70 38
70 39
70 40
70 41
70 43
70 44
70 45
70 46
70 47
70 48
70 50
70 51
70 52
70 53
70 55
70 56
70 57
70 58
70 59
70 60
70 61
70 62
70 63
70 64
70 65
70 67
70 68
70 69
70 71
70 72
70 73
70 74
70 75
70 76
70 77
70 78
70 81
70 83
70 84
70 85
70 86
70 87
70 88
70 89
70 90
70 91
70 92
70 93
70 94
70 95
70 97
70 98
70 99
70 100
70 101
70 102
70 103
71 0
71 1
71 2
71 3
71 4
71 5
71 6
71 7
71 8
71 9
71 10
71 11
71 12
71 13
71 15
71 16
71 17
71 19
71 20
71 21
71 22
71 23
71 25
71 26
71 27
71 28
71 29
71 30
71 31
71 32
71 33
71 34
71 37
71 38
71 39
71 40
71 41
71 42
71 43
71 44
71 45
71 46
71 47
71 48
71 49
71 50
71 51
71 52
71 53
71 55
71 56
71 57
71 58
71 59
71 61
71 63
71 65
71 66
71 68
71 69
71 70
71 72
71 73
71 74
71 75
71 76
71 77
71 79
71 80
71 81
71 83
71 84
71 85
71 86
71 87
71 88
71 90
71 91
71 92
71 93
71 94
71 95
71 98
71 99
71 102
71 103
72 0
72 1
72 2
72 3
72 4
72 5
72 9
72 10
72 12
72 19
72 20
72 21
72 22
72 23
72 26
72 28
72 30
72 31
72 33
72 35
72 36
72 38
72 39
72 40
72 41
72 42
72 44
72 45
72 46
72 47
72 48
72 50
72 52
72 53
72 54
72 55
72 56
72 57
72 58
72 59
72 63
72 68
72 70
72 71
72 73
72 75
72 76
72 77
72 85
72 91
72 92
72 94
72 102
73 0
73 1
73 2
73 3
73 5
73 7
73 8
73 9
73 10
73 12
73 13
73 14
73 15
73 16
73 17
73 19
73 20
73 21
73 22
73 23
73 24
73 25
73 26
73 28
73 29
73 30
73 31
73 32
73 33
73 34
73 37
73 38
73 39
73 40
73 41
73 42
73 43
73 45
73 46
73 47
73 48
73 49
73 50
73 51
73 52
73 53
73 55
73 56
73 57
73 58
73 60
73 62
73 63
73 64
73 65
73 66
73 69
73 70
73 71
73 72
73 74
73 75
73 76
73 78
73 79
73 80
73 81
73 82
73 83
73 84
73 85
73 86
73 89
73 90
73 91
73 95
73 96
73 98
73 99
73 100
73 102
73 103
74 0
74 1
74 2
74 5
74 6
74 8
74 9
74 10
74 11
74 12
74 15
74 17
74 19
74 21
74 22
74 23
74 24
74 25
74 27
74 29
74 31
74 32
74 37
74 39
74 40
74 41
74 42
74 46
74 47
74 48
74 49
74 50
74 53
74 55
74 56
74 57
74 58
74 60
74 62
74 63
74 64
74 65
74 67
74 70
74 71
74 73
74 76
74 77
74 79
74 80
74 82
74 84
74 85
74 86
74 87
74 88
74 89
74 91
74 94
74 99
74 100
74 102
74 103
75 0
75 1
75 2
75 5
75 6
75 8
75 9
75 10
75 12
75 13
75 14
75 16
75 17
75 21
75 22
75 23
75 25
75 26
75 27
75 28
75 30
75 31
75 33
75 34
75 35
75 37
75 38
75 39
75 40
75 41
75 42
75 43
75 44
75 45
75 46
75 47
75 48
75 49
75 50
75 52
75 53
75 54
75 55
75 56
75 57
75 58
75 59
75 60
75 61
75 63
75 64
75 65
75 66
75 68
75 69
75 70
75 71
75 72
75 73
75 76
75 77
75 78
75 79
75 80
75 82
75 83
75 84
75 85
75 86
75 87
75 88
75 89
75 91
75 92
75 94
75 95
75 98
75 99
75 100
75 103
76 0
76 1
76 2
76 3
76 4
76 5
76 6
76 7
76 9
76 10
76 12
76 13
76 14
76 15
76 16
76 17
76 19
76 21
76 22
76 23
76 24
76 25
76 26
76 27
76 28
76 29
76 30
76 31
76 33
76 35
76 36
76 37
76 38
76 39
76 40
76 41
76 42
76 43
76 44
76 45
76 46
76 47
76 48
76 49
76 50
76 51
76 52
76 53
76 54
76 55
76 56
76 57
76 58
76 60
76 61
76 62
76 63
76 64
76 65
76 66
76 67
76 68
76 69
76 70
76 71
76 72
76 73
76 74
76 75
76 77
76 78
76 79
76 81
76 82
76 83
76 84
76 85
76 87
76 88
76 89
76 91
76 92
76 93
76 94
76 95
76 96
76 97
76 98
76 99
76 100
76 101
76 102
76 103
77 0
77 1
77 2
77 4
77 7
77 10
77 11
77 13
77 14
77 15
77 16
77 20
77 21
77 22
77 23
77 26
77 27
77 28
77 30
77 31
77 34
77 36
77 37
77 39
77 44
77 45
77 46
77 47
77 48
77 50
77 52
77 54
77 55
77 56
77 57
77 58
77 61
77 63
77 67
77 68
77 69
77 70
77 71
77 72
77 74
77 75
77 76
77 79
77 80
77 82
77 83
77 84
77 85
77 86
77 88
77 90
77 92
77 93
77 94
77 98
77 99
77 101
77 102
78 0
78 1
78 2
78 4
78 5
78 9
78 10
78 12
78 25
78 26
78 27
78 30
78 31
78 36
78 38
78 39
78 43
78 44
78 45
78 46
78 47
78 48
78 50
78 54
78 56
78 57
78 58
78 63
78 66
78 68
78 69
78 70
78 73
78 75
78 76
78 79
78 80
78 81
78 82
78 84
78 85
79 0
79 1
79 2
79 3
79 4
79 5
79 8
79 9
79 10
79 12
79 13
79 14
79 15
79 20
79 21
79 23
79 24
79 25
79 26
79 27
79 29
79 30
79 31
79 36
79 38
79 39
79 42
79 43
79 44
79 45
79 46
79 47
79 48
79 51
79 54
79 57
79 63
79 66
79 69
79 71
79 73
79 74
79 75
79 76
79 77
79 78
79 80
79 82
79 83
79 84
79 85
79 87
79 89
79 93
79 99
80 0
80 1
80 2
80 3
80 4
80 5
80 6
80 7
80 8
80 9
80 10
80 13
80 14
80 15
80 17
80 18
80 19
80 20
80 21
80 22
80 23
80 24
80 25
80 27
80 29
80 30
80 31
80 33
80 34
80 35
80 36
80 37
80 39
80 40
80 41
80 43
80 44
80 45
80 46
80 47
80 48
80 49
80 50
80 51
80 52
80 53
80 54
80 55
80 56
80 57
80 58
80 59
80 60
80 62
80 63
80 64
80 66
80 67
80 68
80 71
80 73
80 74
80 75
80 77
80 78
80 79
80 81
80 82
80 83
80 84
80 85
80 86
80 87
80 88
80 90
80 92
80 94
80 95
80 96
80 97
80 98
80 99
80 100
80 101
80 103
81 0
81 1
81 4
81 5
81 6
81 9
81 10
81 11
81 12
81 15
81 17
81 21
81 23
81 24
81 25
81 26
81 27
81 29
81 30
81 31
81 33
81 36
81 39
81 40
81 41
81 42
81 43
81 45
81 46
81 48
81 49
81 50
81 53
81 54
81 55
81 56
81 57
81 58
81 59
81 60
81 61
81 63
81 65
81 66
81 68
81 69
81 70
81 71
81 73
81 76
81 78
81 80
81 84
81 85
81 87
81 88
81 89
81 91
81 94
81 95
81 96
81 97
81 98
81 99
81 102
82 0
82 1
82 2
82 4
82 5
82 6
82 9
82 10
82 12
82 13
82 14
82 15
82 19
82 20
82 21
82 22
82 23
82 25
82 26
82 27
82 29
82 31
82 36
82 37
82 38
82 39
82 40
82 41
82 42
82 43
82 44
82 45
82 46
82 48
82 50
82 51
82 52
82 53
82 56
82 57
82 58
82 63
82 68
82 69
82 73
82 74
82 75
82 76
82 77
82 78
82 79
82 80
82 83
82 85
82 86
82 92
82 94
83 0
83 1
83 3
83 4
83 5
83 6
83 7
83 8
83 9
83 10
83 11
83 13
83 14
83 15
83 16
83 17
83 18
83 21
83 23
83 24
83 25
83 26
83 27
83 29
83 30
83 31
83 32
83 34
83 35
83 36
83 37
83 39
83 40
83 41
83 42
83 43
83 44
83 45
83 47
83 48
83 49
83 50
83 54
83 55
83 56
83 57
83 58
83 59
83 61
83 62
83 63
83 64
83 65
83 67
83 68
83 69
83 70
83 71
83 73
83 75
83 76
83 77
83 79
83 80
83 82
83 84
83 85
83 86
83 87
83 88
83 89
83 90
83 91
83 92
83 93
83 94
83 95
83 96
83 97
83 98
83 99
83 100
83 101
83 102
83 103
84 0
84 1
84 3
84 4
84 5
84 6
84 8
84 9
84 10
84 11
84 12
84 13
84 14
84 15
84 16
84 17
84 18
84 19
84 20
84 21
84 22
84 23
84 24
84 25
84 26
84 27
84 28
84 30
84 31
84 32
84 34
84 36
84 37
84 38
84 39
84 40
84 41
84 42
84 43
84 44
84 45
84 46
84 47
84 48
84 49
84 50
84 51
84 52
84 53
84 54
84 55
84 56
84 57
84 58
84 59
84 60
84 61
84 62
84 63
84 64
84 65
84 66
84 67
84 68
84 69
84 70
84 71
84 73
84 74
84 75
84 76
84 77
84 78
84 79
84 80
84 81
84 83
84 85
84 87
84 88
84 89
84 90
84 91
84 92
84 94
84 95
84 97
84 98
84 99
84 100
84 101
84 102
84 103
85 0
85 1
85 2
85 3
85 4
85 5
85 6
85 7
85 9
85 10
85 12
85 15
85 17
85 18
85 19
85 21
85 22
85 24
85 25
85 26
85 27
85 28
85 29
85 30
85 31
85 33
85 34
85 36
85 38
85 39
85 40
85 43
85 44
85 45
85 46
85 47
85 48
85 49
85 50
85 52
85 54
85 55
85 56
85 57
85 58
85 61
85 62
85 63
85 64
85 65
85 66
85 68
85 69
85 70
85 71
85 72
85 73
85 74
85 75
85 76
85 77
85 78
85 79
85 80
85 81
85 82
85 83
85 84
85 86
85 88
85 90
85 91
85 92
85 93
85 96
85 97
85 98
85 102
86 1
86 5
86 6
86 7
86 8
86 9
86 10
86 11
86 13
86 16
86 17
86 18
86 21
86 23
86 24
86 26
86 27
86 30
86 31
86 32
86 38
86 39
86 40
86 42
86 43
86 44
86 45
86 46
86 47
86 49
86 50
86 51
86 56
86 57
86 60
86 61
86 62
86 64
86 65
86 67
86 68
86 70
86 71
86 73
86 74
86 75
86 77
86 80
86 82
86 83
86 85
86 87
86 88
86 89
86 90
86 92
86 95
86 96
86 97
86 100
86 102
87 1
87 2
87 3
87 4
87 5
87 7
87 8
87 9
87 10
87 11
87 13
87 15
87 19
87 21
87 23
87 24
87 25
87 26
87 27
87 28
87 29
87 30
87 31
87 32
87 33
87 35
87 37
87 38
87 39
87 42
87 43
87 44
87 45
87 46
87 47
87 48
87 50
87 56
87 57
87 61
87 65
87 66
87 67
87 68
87 69
87 70
87 71
87 74
87 75
87 76
87 79
87 80
87 81
87 83
87 84
87 86
87 88
87 89
87 90
87 91
87 92
87 94
87 95
87 96
87 97
87 98
87 101
87 103
88 1
88 3
88 5
88 6
88 7
88 8
88 9
88 10
88 11
88 19
88 21
88 23
88 24
88 26
88 27
88 30
88 31
88 32
88 35
88 36
88 38
88 39
88 42
88 43
88 44
88 46
88 49
88 50
88 51
88 53
88 56
88 57
88 60
88 61
88 62
88 65
88 67
88 68
88 70
88 71
88 74
88 75
88 76
88 77
88 80
88 81
88 83
88 84
88 85
88 86
88 87
88 89
88 90
88 91
88 92
88 93
88 94
88 95
88 96
88 97
88 98
88 99
88 100
88 101
88 102
89 1
89 5
89 6
89 9
89 10
89 11
89 12
89 13
89 15
89 16
89 21
89 23
89 24
89 26
89 27
89 29
89 30
89 31
89 34
89 39
89 40
89 41
89 42
89 43
89 44
89 46
89 47
89 48
89 49
89 50
89 51
89 54
89 56
89 60
89 61
89 62
89 63
89 64
89 65
89 67
89 70
89 73
89 74
89 75
89 76
89 79
89 81
89 83
89 84
89 86
89 87
89 88
89 90
89 91
89 92
89 93
89 94
89 95
89 96
89 97
89 99
89 100
89 101
90 1
90 5
90 6
90 7
90 8
90 9
90 10
90 11
90 12
90 13
90 18
90 21
90 23
90 26
90 27
90 29
90 31
90 32
90 36
90 37
90 39
90 40
90 42
90 43
90 46
90 47
90 49
90 50
90 51
90 53
90 56
90 57
90 58
90 59
90 60
90 61
90 62
90 63
90 64
90 65
90 69
90 70
90 71
90 73
90 77
90 80
90 83
90 84
90 85
90 86
90 87
90 88
90 89
90 91
90 92
90 95
90 96
90 98
90 99
90 100
90 103
91 1
91 3
91 5
91 6
91 7
91 8
91 9
91 10
91 11
91 12
91 13
91 16
91 19
91 23
91 24
91 25
91 26
91 27
91 29
91 30
91 31
91 32
91 36
91 38
91 39
91 40
91 41
91 43
91 44
91 45
91 46
91 47
91 48
91 50
91 51
91 53
91 54
91 56
91 57
91 58
91 59
91 60
91 63
91 65
91 68
91 69
91 70
91 71
91 72
91 73
91 74
91 75
91 76
91 81
91 83
91 84
91 85
91 87
91 88
91 89
91 90
91 93
91 94
91 95
91 96
91 97
91 98
91 99
91 100
91 101
91 103
92 1
92 3
92 5
92 6
92 8
92 9
92 10
92 11
92 15
92 17
92 23
92 24
92 26
92 27
92 29
92 31
92 32
92 34
92 35
92 39
92 40
92 42
92 44
92 45
92 46
92 48
92 50
92 53
92 54
92 55
92 56
92 57
92 63
92 65
92 68
92 69
92 70
92 71
92 72
92 75
92 76
92 77
92 80
92 82
92 83
92 84
92 85
92 86
92 87
92 88
92 89
92 90
92 93
92 94
92 95
92 96
92 97
92 100
92 101
92 102
93 1
93 5
93 6
93 8
93 9
93 10
93 12
93 13
93 14
93 15
93 16
93 19
93 21
93 22
93 23
93 24
93 25
93 26
93 27
93 29
93 31
93 32
93 33
93 34
93 37
93 38
93 39
93 40
93 41
93 44
93 45
93 46
93 47
93 48
93 49
93 50
93 52
93 53
93 56
93 57
93 58
93 59
93 60
93 61
93 63
93 65
93 67
93 68
93 70
93 71
93 76
93 77
93 79
93 83
93 85
93 88
93 89
93 91
93 92
93 94
93 95
93 97
93 102
94 1
94 3
94 5
94 6
94 8
94 9
94 10
94 11
94 13
94 16
94 21
94 23
94 24
94 25
94 27
94 29
94 30
94 31
94 35
94 36
94 38
94 39
94 40
94 41
94 43
94 44
94 45
94 46
94 47
94 48
94 49
94 50
94 51
94 53
94 55
94 56
94 57
94 58
94 63
94 65
94 67
94 68
94 70
94 71
94 72
94 74
94 75
94 76
94 77
94 80
94 81
94 82
94 83
94 84
94 87
94 88
94 89
94 91
94 92
94 93
94 95
94 96
94 98
94 99
94 101
95 1
95 5
95 7
95 8
95 9
95 10
95 13
95 15
95 16
95 17
95 19
95 23
95 24
95 25
95 26
95 29
95 30
95 31
95 32
95 36
95 37
95 38
95 39
95 45
95 46
95 47
95 50
95 53
95 54
95 56
95 57
95 59
95 61
95 63
95 65
95 67
95 68
95 70
95 71
95 73
95 75
95 76
95 80
95 81
95 83
95 84
95 86
95 87
95 88
95 89
95 90
95 91
95 92
95 93
95 94
95 97
95 99
95 101
95 102
95 103
96 1
96 2
96 5
96 8
96 9
96 10
96 11
96 15
96 16
96 18
96 21
96 23
96 24
96 26
96 27
96 30
96 31
96 32
96 34
96 35
96 36
96 37
96 39
96 40
96 41
96 42
96 43
96 44
96 46
96 48
96 49
96 50
96 51
96 54
96 55
96 56
96 57
96 58
96 60
96 61
96 62
96 64
96 65
96 67
96 68
96 73
96 76
96 80
96 81
96 83
96 85
96 86
96 87
96 88
96 89
96 90
96 91
96 92
96 94
96 99
96 100
96 101
96 102
96 103
97 1
97 6
97 8
97 9
97 10
97 11
97 13
97 16
97 17
97 21
97 23
97 24
97 25
97 26
97 27
97 29
97 31
97 32
97 36
97 37
97 39
97 40
97 43
97 44
97 45
97 46
97 49
97 53
97 56
97 57
97 61
97 62
97 64
97 65
97 67
97 68
97 70
97 76
97 80
97 81
97 83
97 84
97 85
97 86
97 87
97 88
97 89
97 91
97 92
97 93
97 95
97 100
97 101
97 102
98 1
98 2
98 4
98 5
98 6
98 8
98 9
98 10
98 12
98 15
98 18
98 19
98 20
98 21
98 22
98 23
98 24
98 29
98 30
98 31
98 32
98 33
98 34
98 36
98 39
98 40
98 41
98 42
98 43
98 44
98 45
98 46
98 48
98 50
98 52
98 53
98 56
98 57
98 58
98 59
98 61
98 63
98 65
98 67
98 68
98 69
98 70
98 71
98 73
98 75
98 76
98 77
98 80
98 81
98 83
98 84
98 85
98 87
98 88
98 90
98 91
98 94
98 99
98 101
99 1
99 3
99 6
99 8
99 9
99 10
99 11
99 13
99 16
99 17
99 19
99 23
99 24
99 25
99 27
99 29
99 30
99 31
99 34
99 35
99 38
99 39
99 44
99 45
99 46
99 47
99 49
99 51
99 53
99 54
99 56
99 57
99 58
99 60
99 67
99 70
99 71
99 73
99 74
99 75
99 76
99 77
99 79
99 80
99 81
99 83
99 84
99 88
99 89
99 90
99 91
99 94
99 95
99 96
99 98
99 101
100 1
100 6
100 9
100 10
100 11
100 16
100 17
100 21
100 23
100 24
100 25
100 26
100 27
100 30
100 31
100 38
100 39
100 40
100 41
100 42
100 43
100 44
100 45
100 46
100 47
100 48
100 50
100 56
100 57
100 58
100 60
100 61
100 62
100 64
100 65
100 67
100 68
100 70
100 73
100 74
100 75
100 76
100 80
100 83
100 84
100 86
100 88
100 89
100 90
100 91
100 92
100 96
100 97
100 102
101 1
101 5
101 8
101 9
101 10
101 15
101 21
101 23
101 24
101 25
101 27
101 29
101 31
101 35
101 36
101 39
101 41
101 43
101 45
101 46
101 48
101 50
101 51
101 53
101 55
101 56
101 57
101 58
101 63
101 65
101 67
101 68
101 70
101 76
101 77
101 80
101 83
101 84
101 87
101 88
101 89
101 91
101 92
101 94
101 95
101 96
101 97
101 98
101 99
101 102
102 1
102 2
102 4
102 5
102 6
102 7
102 9
102 10
102 11
102 13
102 17
102 19
102 21
102 23
102 25
102 26
102 27
102 29
102 31
102 36
102 38
102 39
102 40
102 43
102 44
102 48
102 50
102 54
102 55
102 56
102 57
102 60
102 61
102 62
102 63
102 64
102 65
102 67
102 68
102 70
102 71
102 72
102 73
102 74
102 76
102 77
102 81
102 83
102 84
102 85
102 86
102 88
102 92
102 93
102 95
102 96
102 97
102 100
102 101
103 3
103 5
103 8
103 9
103 10
103 13
103 24
103 27
103 29
103 30
103 31
103 32
103 37
103 39
103 40
103 42
103 43
103 45
103 46
103 47
103 49
103 50
103 53
103 55
103 57
103 60
103 61
103 64
103 65
103 67
103 70
103 71
103 73
103 74
103 75
103 76
103 80
103 83
103 84
103 87
103 90
103 91
103 95
103 96

8
46
83
155
185
192
251
263
284
320
337
361
408
447
502
532
715
883
947
1012
1062
1275
1490
1498
1509
1517
1535
1549
1621
1699
1704
1712
1781
1801
1825
1901
1960
1999
2056
2270
2292
2374
2401
2475
2476
2478
2486
2493
2495
2499
2503
2505
2514
2522
2524
2525
2526
2527
2611
2730
2942
3050
3194
4694
4699
4986
5000
5006
5016
5033
5041
5053
5060
5064
5076
5117
5126
5137
5139
5152
5157
5161
5162
5168
5172
5192
5397
5437
6244
6354
7669
7699
7704
7723
7729
7736
7740
7749
7794
7857
7859
8024
8027
12087
