136 10358 31
0 1
0 2
0 3
0 6
0 7
0 10
0 11
0 12
0 15
0 18
0 20
0 23
0 25
0 26
0 29
0 30
0 31
0 33
0 34
0 37
0 39
0 40
0 42
0 44
0 45
0 46
0 47
0 49
0 51
0 55
0 56
0 58
0 59
0 60
0 61
0 63
0 64
0 65
0 67
0 68
0 70
0 71
0 77
0 79
0 80
0 81
0 82
0 83
0 84
0 85
0 86
0 87
0 88
0 89
0 90
0 91
0 92
0 93
0 94
0 95
0 96
0 97
0 98
0 99
0 100
0 101
0 102
0 103
1 0
1 2
1 3
1 4
1 5
1 7
1 8
1 9
1 10
1 11
1 12
1 13
1 15
1 16
1 17
1 18
1 19
1 20
1 21
1 22
1 23
1 24
1 25
1 26
1 27
1 28
1 29
1 30
1 31
1 32
1 33
1 34
1 35
1 36
1 37
1 38
1 39
1 40
1 41
1 42
1 43
1 44
1 45
1 46
1 47
1 48
1 49
1 50
1 51
1 52
1 53
1 54
1 55
1 56
1 57
1 58
1 59
1 60
1 61
1 62
1 63
1 64
1 65
1 66
1 67
1 68
1 69
1 70
1 71
1 72
1 73
1 74
1 75
1 76
1 77
1 78
1 79
1 80
1 81
1 82
1 83
1 84
1 85
1 86
1 87
1 88
1 89
1 90
1 91
1 92
1 93
1 94
1 95
1 96
1 97
1 98
1 99
1 100
1 101
1 102
1 103
1 104
1 105
1 106
1 107
1 108
1 109
1 110
1 111
1 112
1 113
1 114
1 115
1 116
1 117
1 118
1 119
1 120
1 121
1 122
1 123
1 124
1 125
1 126
1 127
1 128
1 129
1 130
1 131
1 132
1 133
1 135
2 0
2 1
2 4
2 6
2 7
2 11
2 12
2 15
2 17
2 18
2 20
2 25
2 26
2 27
2 29
2 30
2 31
2 32
2 33
2 34
2 35
2 37
2 38
2 40
2 42
2 44
2 46
2 47
2 49
2 51
2 53
2 55
2 56
2 57
2 58
2 59
2 61
2 63
2 64
2 65
2 67
2 69
2 70
2 71
2 73
2 77
2 80
2 81
2 82
2 83
2 84
2 86
2 87
2 88
2 89
2 90
2 91
2 92
2 94
2 95
2 96
2 97
2 99
2 102
2 103
2 105
2 109
2 117
2 118
2 119
2 124
2 128
2 131
2 133
2 135
3 0
3 1
3 4
3 7
3 8
3 11
3 12
3 15
3 16
3 19
3 22
3 30
3 33
3 36
3 39
3 40
3 47
3 49
3 50
3 51
3 55
3 56
3 61
3 63
3 64
3 70
3 71
3 74
3 77
3 79
3 81
3 83
3 84
3 85
3 89
3 92
3 96
3 97
3 98
3 99
3 100
3 101
3 108
3 111
3 115
3 121
3 123
3 130
3 133
4 1
4 2
4 3
4 6
4 7
4 8
4 9
4 11
4 12
4 13
4 16
4 18
4 19
4 20
4 21
4 23
4 24
4 26
4 27
4 28
4 29
4 30
4 31
4 32
4 34
4 35
4 36
4 37
4 38
4 39
4 40
4 47
4 49
4 52
4 54
4 55
4 56
4 58
4 59
4 60
4 61
4 62
4 63
4 65
4 66
4 68
4 69
4 70
4 71
4 74
4 75
4 76
4 77
4 78
4 79
4 80
4 82
4 84
4 86
4 87
4 88
4 89
4 92
4 96
4 97
4 100
4 101
4 102
4 103
4 105
4 107
4 109
4 115
4 116
4 117
4 119
4 121
4 126
4 129
4 134
5 1
5 9
5 11
5 12
5 15
5 22
5 23
5 25
5 30
5 31
5 32
5 35
5 36
5 40
5 45
5 49
5 50
5 56
5 58
5 59
5 60
5 61
5 62
5 69
5 70
5 77
5 79
5 81
5 84
5 86
5 90
5 91
5 92
5 97
5 98
5 105
5 108
5 115
5 120
6 0
6 2
6 4
6 11
6 15
6 16
6 18
6 20
6 23
6 26
6 27
6 30
6 32
6 33
6 34
6 35
6 36
6 37
6 39
6 40
6 43
6 44
6 45
6 46
6 47
6 49
6 54
6 55
6 56
6 57
6 61
6 63
6 64
6 65
6 67
6 68
6 69
6 70
6 71
6 77
6 82
6 83
6 84
6 86
6 87
6 92
6 94
6 95
6 96
6 97
6 98
6 99
6 100
6 101
6 102
6 103
6 104
6 105
6 108
6 109
6 111
6 112
6 128
6 133
7 0
7 1
7 2
7 3
7 4
7 8
7 9
7 10
7 11
7 12
7 13
7 14
7 15
7 16
7 17
7 18
7 19
7 20
7 21
7 22
7 23
7 24
7 25
7 26
7 27
7 28
7 29
7 30
7 31
7 32
7 33
7 34
7 35
7 36
7 37
7 38
7 39
7 40
7 42
7 43
7 44
7 45
7 46
7 47
7 48
7 49
7 50
7 51
7 53
7 54
7 55
7 56
7 57
7 58
7 59
7 60
7 61
7 62
7 63
7 64
7 65
7 66
7 67
7 68
7 69
7 70
7 71
7 72
7 73
7 74
7 75
7 77
7 78
7 79
7 80
7 81
7 82
7 83
7 84
7 85
7 86
7 87
7 88
7 89
7 90
7 91
7 92
7 93
7 95
7 96
7 97
7 98
7 99
7 100
7 101
7 103
7 104
7 105
7 106
7 107
7 108
7 109
7 111
7 113
7 114
7 115
7 116
7 117
7 118
7 119
7 120
7 121
7 122
7 123
7 124
7 125
7 126
7 128
7 131
7 132
7 133
7 134
7 135
8 1
8 3
8 4
8 7
8 9
8 10
8 11
8 12
8 13
8 14
8 16
8 19
8 22
8 23
8 24
8 27
8 30
8 31
8 32
8 35
8 36
8 39
8 40
8 41
8 43
8 45
8 46
8 48
8 50
8 55
8 56
8 57
8 58
8 59
8 61
8 62
8 63
8 66
8 67
8 68
8 69
8 70
8 73
8 74
8 75
8 76
8 78
8 79
8 81
8 82
8 83
8 84
8 86
8 90
8 91
8 92
8 93
8 97
8 98
8 99
8 100
8 101
8 103
8 104
8 106
8 107
8 108
8 111
8 112
8 113
8 114
8 115
8 116
8 120
8 121
8 122
8 125
8 127
8 128
8 129
8 130
8 133
9 1
9 4
9 5
9 7
9 8
9 11
9 12
9 13
9 14
9 16
9 19
9 21
9 22
9 23
9 24
9 27
9 30
9 31
9 33
9 35
9 36
9 38
9 39
9 40
9 45
9 46
9 48
9 49
9 50
9 56
9 57
9 58
9 59
9 60
9 62
9 63
9 66
9 69
9 70
9 73
9 74
9 75
9 76
9 77
9 78
9 79
9 81
9 82
9 83
9 84
9 86
9 89
9 92
9 94
9 97
9 100
9 103
9 104
9 105
9 107
9 111
9 112
9 113
9 114
9 115
9 119
9 122
9 123
9 125
9 126
9 133
10 0
10 1
10 7
10 8
10 11
10 12
10 13
10 14
10 15
10 18
10 20
10 21
10 22
10 23
10 24
10 25
10 26
10 27
10 29
10 30
10 31
10 33
10 35
10 36
10 37
10 38
10 39
10 40
10 41
10 43
10 45
10 46
10 47
10 49
10 50
10 55
10 56
10 57
10 58
10 59
10 60
10 61
10 62
10 63
10 64
10 68
10 69
10 70
10 71
10 72
10 73
10 74
10 75
10 76
10 77
10 79
10 81
10 82
10 83
10 84
10 85
10 86
10 88
10 89
10 90
10 91
10 93
10 96
10 97
10 100
10 101
10 104
10 105
10 107
10 111
10 113
10 114
10 115
10 116
10 118
10 119
10 120
10 121
10 123
10 124
10 126
10 127
10 128
10 129
10 131
10 132
10 134
11 0
11 1
11 2
11 3
11 4
11 5
11 6
11 7
11 8
11 9
11 10
11 12
11 13
11 14
11 15
11 16
11 17
11 18
11 19
11 20
11 21
11 22
11 23
11 24
11 25
11 26
11 27
11 28
11 29
11 30
11 31
11 32
11 33
11 34
11 35
11 36
11 37
11 38
11 39
11 40
11 41
11 42
11 43
11 44
11 45
11 46
11 47
11 48
11 49
11 50
11 52
11 54
11 55
11 56
11 57
11 58
11 59
11 60
11 61
11 62
11 63
11 64
11 65
11 66
11 67
11 68
11 69
11 70
11 71
11 72
11 73
11 74
11 75
11 76
11 77
11 78
11 79
11 80
11 81
11 82
11 83
11 84
11 85
11 86
11 87
11 88
11 89
11 90
11 91
11 92
11 93
11 95
11 96
11 97
11 98
11 99
11 100
11 101
11 103
11 104
11 105
11 106
11 107
11 108
11 109
11 110
11 111
11 113
11 115
11 116
11 118
11 120
11 121
11 122
11 123
11 124
11 125
11 126
11 127
11 128
11 129
11 130
11 131
11 132
11 133
11 134
12 0
12 1
12 2
12 3
12 4
12 5
12 7
12 8
12 9
12 10
12 11
12 13
12 14
12 15
12 16
12 18
12 19
12 20
12 21
12 22
12 23
12 24
12 25
12 26
12 27
12 28
12 29
12 30
12 31
12 32
12 33
12 34
12 35
12 36
12 38
12 39
12 40
12 41
12 42
12 43
12 44
12 45
12 46
12 47
12 48
12 49
12 50
12 51
12 52
12 53
12 54
12 55
12 56
12 57
12 58
12 59
12 60
12 61
12 62
12 63
12 64
12 65
12 66
12 67
12 68
12 69
12 70
12 71
12 72
12 73
12 74
12 75
12 76
12 77
12 78
12 79
12 80
12 81
12 82
12 83
12 84
12 85
12 86
12 87
12 88
12 89
12 90
12 91
12 92
12 93
12 94
12 95
12 96
12 97
12 98
12 99
12 100
12 101
12 102
12 103
12 104
12 105
12 106
12 107
12 108
12 109
12 110
12 111
12 112
12 114
12 115
12 116
12 118
12 119
12 120
12 121
12 122
12 123
12 124
12 125
12 126
12 127
12 128
12 129
12 130
12 131
12 132
12 133
12 134
12 135
13 1
13 4
13 7
13 8
13 9
13 10
13 11
13 12
13 14
13 16
13 19
13 24
13 30
13 31
13 35
13 36
13 38
13 40
13 41
13 43
13 48
13 49
13 52
13 55
13 56
13 57
13 58
13 59
13 60
13 61
13 63
13 64
13 66
13 68
13 70
13 73
13 74
13 75
13 76
13 77
13 79
13 81
13 82
13 84
13 86
13 87
13 90
13 94
13 98
13 100
13 101
13 102
13 104
13 105
13 107
13 108
13 110
13 111
13 115
13 116
13 119
13 121
13 122
13 124
13 125
13 126
13 127
13 129
13 130
13 133
14 7
14 8
14 9
14 10
14 11
14 12
14 13
14 19
14 22
14 27
14 30
14 31
14 36
14 38
14 40
14 41
14 50
14 55
14 56
14 59
14 62
14 63
14 64
14 69
14 71
14 74
14 75
14 76
14 78
14 79
14 81
14 84
14 86
14 92
14 98
14 100
14 101
14 104
14 107
14 108
14 111
14 115
14 124
15 0
15 1
15 2
15 3
15 5
15 6
15 7
15 10
15 11
15 12
15 16
15 17
15 18
15 19
15 20
15 21
15 22
15 25
15 26
15 27
15 28
15 29
15 30
15 31
15 32
15 33
15 34
15 35
15 36
15 38
15 39
15 40
15 42
15 43
15 46
15 47
15 49
15 50
15 51
15 53
15 54
15 55
15 56
15 57
15 58
15 59
15 60
15 61
15 62
15 63
15 64
15 65
15 67
15 68
15 69
15 71
15 72
15 73
15 77
15 79
15 80
15 82
15 83
15 84
15 85
15 86
15 87
15 88
15 89
15 90
15 91
15 92
15 93
15 95
15 96
15 98
15 99
15 101
15 102
15 103
15 108
15 109
15 111
15 114
15 115
15 117
15 118
15 119
15 120
15 128
15 131
15 135
16 1
16 3
16 4
16 6
16 7
16 8
16 9
16 11
16 12
16 13
16 15
16 17
16 18
16 20
16 27
16 30
16 32
16 35
16 36
16 38
16 40
16 49
16 50
16 51
16 56
16 58
16 59
16 60
16 61
16 63
16 64
16 66
16 69
16 70
16 71
16 73
16 74
16 75
16 77
16 78
16 79
16 82
16 83
16 84
16 86
16 89
16 91
16 92
16 94
16 96
16 97
16 99
16 100
16 101
16 102
16 104
16 105
16 106
16 108
16 111
16 113
16 115
16 120
16 121
16 123
16 125
16 126
16 127
16 129
16 133
16 134
17 1
17 2
17 7
17 11
17 15
17 16
17 18
17 19
17 20
17 22
17 25
17 26
17 27
17 28
17 30
17 32
17 33
17 35
17 36
17 37
17 38
17 39
17 40
17 44
17 45
17 46
17 47
17 53
17 54
17 55
17 58
17 59
17 63
17 65
17 66
17 67
17 68
17 70
17 71
17 72
17 75
17 77
17 78
17 79
17 80
17 81
17 82
17 83
17 84
17 86
17 87
17 89
17 90
17 93
17 97
17 101
17 106
17 107
17 109
17 114
17 117
17 133
17 135
18 0
18 1
18 2
18 4
18 6
18 7
18 10
18 11
18 12
18 15
18 16
18 17
18 25
18 26
18 29
18 30
18 32
18 36
18 37
18 38
18 39
18 40
18 42
18 43
18 45
18 46
18 47
18 49
18 56
18 57
18 58
18 59
18 60
18 61
18 64
18 65
18 69
18 70
18 77
18 80
18 84
18 88
18 89
18 91
18 92
18 93
18 94
18 96
18 97
18 99
18 100
18 101
18 102
18 109
18 118
18 120
18 123
19 1
19 3
19 4
19 7
19 8
19 9
19 11
19 12
19 13
19 14
19 15
19 17
19 21
19 22
19 25
19 26
19 28
19 29
19 30
19 31
19 33
19 34
19 36
19 37
19 38
19 46
19 48
19 49
19 51
19 53
19 55
19 56
19 58
19 59
19 63
19 65
19 66
19 69
19 70
19 72
19 74
19 75
19 76
19 77
19 78
19 79
19 80
19 81
19 82
19 85
19 86
19 87
19 89
19 90
19 92
19 93
19 96
19 97
19 98
19 101
19 105
19 107
19 108
19 113
19 114
19 116
19 119
19 122
19 123
19 127
19 132
19 135
20 0
20 1
20 2
20 4
20 6
20 7
20 10
20 11
20 12
20 15
20 16
20 17
20 21
20 22
20 23
20 25
20 26
20 29
20 30
20 31
20 32
20 33
20 35
20 36
20 38
20 39
20 40
20 42
20 43
20 44
20 45
20 47
20 49
20 55
20 56
20 57
20 58
20 59
20 60
20 61
20 62
20 64
20 67
20 68
20 69
20 70
20 71
20 72
20 77
20 80
20 81
20 82
20 83
20 84
20 85
20 86
20 88
20 89
20 90
20 92
20 93
20 94
20 96
20 97
20 98
20 99
20 100
20 101
20 102
20 103
20 105
20 108
20 109
20 110
20 114
20 116
20 117
20 118
20 119
20 120
20 123
20 124
20 128
20 131
20 132
21 1
21 4
21 7
21 9
21 10
21 11
21 12
21 15
21 19
21 20
21 22
21 23
21 27
21 30
21 35
21 36
21 39
21 40
21 46
21 58
21 59
21 63
21 66
21 69
21 70
21 71
21 73
21 74
21 75
21 78
21 79
21 82
21 83
21 84
21 90
21 92
21 94
21 97
21 98
21 100
21 105
21 107
21 113
21 121
21 123
21 133
22 1
22 3
22 5
22 7
22 8
22 9
22 10
22 11
22 12
22 14
22 15
22 17
22 19
22 20
22 21
22 24
22 27
22 30
22 31
22 35
22 36
22 38
22 39
22 40
22 41
22 43
22 45
22 47
22 49
22 50
22 54
22 56
22 58
22 59
22 60
22 61
22 63
22 66
22 68
22 69
22 70
22 73
22 74
22 75
22 78
22 79
22 82
22 84
22 86
22 89
22 91
22 92
22 94
22 100
22 101
22 104
22 106
22 108
22 112
22 113
22 114
22 115
22 119
22 120
22 121
22 122
22 123
22 124
22 126
22 127
22 129
22 130
23 0
23 1
23 4
23 5
23 6
23 7
23 8
23 9
23 10
23 11
23 12
23 20
23 21
23 27
23 28
23 29
23 30
23 31
23 32
23 35
23 36
23 38
23 39
23 40
23 41
23 44
23 45
23 47
23 48
23 49
23 50
23 54
23 55
23 56
23 58
23 61
23 63
23 64
23 67
23 69
23 70
23 71
23 72
23 75
23 77
23 78
23 79
23 81
23 82
23 83
23 84
23 85
23 86
23 88
23 89
23 90
23 91
23 92
23 97
23 98
23 100
23 101
23 103
23 104
23 106
23 112
23 116
23 122
23 123
23 127
23 129
23 130
23 133
24 1
24 4
24 7
24 8
24 9
24 10
24 11
24 12
24 13
24 22
24 31
24 32
24 33
24 40
24 41
24 43
24 45
24 47
24 48
24 55
24 56
24 58
24 59
24 61
24 62
24 63
24 65
24 66
24 68
24 69
24 70
24 74
24 75
24 76
24 77
24 78
24 79
24 81
24 82
24 84
24 90
24 94
24 97
24 100
24 101
24 103
24 104
24 111
24 120
24 124
24 128
24 132
24 133
25 0
25 1
25 2
25 5
25 7
25 10
25 11
25 12
25 15
25 17
25 18
25 19
25 20
25 26
25 27
25 28
25 30
25 31
25 32
25 34
25 35
25 36
25 37
25 38
25 39
25 40
25 41
25 42
25 43
25 44
25 45
25 46
25 49
25 51
25 52
25 53
25 54
25 55
25 56
25 58
25 59
25 60
25 61
25 62
25 63
25 65
25 68
25 69
25 70
25 71
25 72
25 73
25 77
25 80
25 81
25 82
25 84
25 85
25 86
25 87
25 88
25 89
25 90
25 92
25 93
25 97
25 99
25 101
25 103
25 105
25 106
25 107
25 109
25 110
25 115
25 119
25 120
25 123
25 128
25 129
25 133
25 135
26 0
26 1
26 2
26 4
26 6
26 7
26 10
26 11
26 12
26 15
26 17
26 18
26 19
26 20
26 25
26 27
26 28
26 29
26 30
26 31
26 32
26 33
26 34
26 36
26 37
26 38
26 39
26 40
26 42
26 43
26 44
26 45
26 46
26 51
26 53
26 54
26 55
26 56
26 57
26 58
26 59
26 60
26 61
26 62
26 63
26 64
26 65
26 70
26 71
26 73
26 77
26 80
26 82
26 84
26 86
26 87
26 89
26 93
26 94
26 96
26 97
26 99
26 101
26 109
26 118
26 119
26 123
26 128
26 135
27 1
27 2
27 4
27 6
27 7
27 8
27 9
27 10
27 11
27 12
27 14
27 15
27 16
27 17
27 21
27 22
27 23
27 25
27 26
27 28
27 29
27 30
27 31
27 33
27 34
27 35
27 36
27 37
27 39
27 40
27 42
27 44
27 45
27 47
27 49
27 54
27 55
27 56
27 57
27 58
27 59
27 61
27 62
27 64
27 67
27 69
27 72
27 73
27 75
27 76
27 77
27 78
27 79
27 80
27 81
27 82
27 83
27 84
27 85
27 86
27 87
27 89
27 90
27 91
27 92
27 94
27 96
27 97
27 98
27 99
27 100
27 101
27 102
27 103
27 104
27 105
27 106
27 107
27 108
27 109
27 111
27 112
27 113
27 114
27 117
27 119
27 120
27 121
27 122
27 124
27 126
27 127
27 128
27 130
27 131
27 132
27 133
28 1
28 4
28 7
28 11
28 12
28 15
28 17
28 19
28 23
28 25
28 26
28 27
28 30
28 31
28 33
28 34
28 35
28 37
28 39
28 46
28 47
28 51
28 53
28 55
28 56
28 57
28 58
28 59
28 61
28 64
28 65
28 69
28 70
28 71
28 72
28 77
28 79
28 81
28 82
28 84
28 85
28 86
28 87
28 90
28 91
28 92
28 93
28 97
28 101
28 121
28 129
28 135
29 0
29 1
29 2
29 4
29 7
29 10
29 11
29 12
29 15
29 18
29 19
29 20
29 23
29 26
29 27
29 30
29 33
29 34
29 35
29 37
29 40
29 41
29 42
29 44
29 45
29 46
29 49
29 51
29 52
29 55
29 56
29 58
29 59
29 61
29 63
29 64
29 65
29 66
29 67
29 68
29 70
29 71
29 72
29 73
29 74
29 76
29 77
29 81
29 82
29 83
29 84
29 85
29 86
29 87
29 89
29 90
29 91
29 92
29 94
29 95
29 97
29 99
29 101
29 102
29 103
29 106
29 108
29 117
29 118
29 120
29 128
29 131
30 0
30 1
30 2
30 3
30 4
30 5
30 6
30 7
30 8
30 9
30 10
30 11
30 12
30 13
30 14
30 15
30 16
30 17
30 18
30 19
30 20
30 21
30 22
30 23
30 25
30 26
30 27
30 28
30 29
30 31
30 32
30 33
30 34
30 35
30 36
30 37
30 38
30 39
30 40
30 43
30 44
30 45
30 46
30 47
30 48
30 49
30 51
30 52
30 53
30 54
30 55
30 56
30 57
30 58
30 59
30 60
30 61
30 62
30 63
30 64
30 65
30 67
30 68
30 69
30 70
30 71
30 72
30 73
30 76
30 77
30 78
30 79
30 80
30 81
30 82
30 83
30 84
30 85
30 86
30 87
30 88
30 89
30 90
30 91
30 92
30 93
30 94
30 96
30 97
30 98
30 99
30 100
30 101
30 102
30 104
30 105
30 106
30 107
30 108
30 109
30 110
30 111
30 113
30 114
30 115
30 116
30 117
30 118
30 119
30 120
30 121
30 122
30 123
30 124
30 125
30 126
30 127
30 128
30 129
30 130
30 132
30 133
30 135
31 0
31 1
31 2
31 4
31 5
31 7
31 8
31 9
31 10
31 11
31 12
31 13
31 14
31 15
31 19
31 20
31 22
31 23
31 24
31 25
31 26
31 27
31 28
31 30
31 33
31 35
31 36
31 38
31 40
31 41
31 42
31 43
31 44
31 45
31 46
31 49
31 50
31 54
31 55
31 56
31 57
31 58
31 59
31 61
31 62
31 63
31 64
31 65
31 66
31 68
31 69
31 70
31 71
31 73
31 74
31 76
31 77
31 79
31 81
31 84
31 89
31 90
31 92
31 96
31 97
31 98
31 100
31 101
31 103
31 104
31 105
31 106
31 107
31 108
31 110
31 113
31 114
31 115
31 116
31 117
31 118
31 119
31 120
31 121
31 122
31 123
31 124
31 127
31 128
31 129
31 130
31 131
31 132
31 134
32 1
32 2
32 4
32 5
32 6
32 7
32 8
32 11
32 12
32 15
32 16
32 17
32 18
32 20
32 23
32 24
32 25
32 26
32 30
32 34
32 35
32 36
32 38
32 39
32 40
32 42
32 43
32 44
32 45
32 46
32 47
32 49
32 50
32 51
32 54
32 55
32 56
32 57
32 58
32 59
32 60
32 61
32 62
32 63
32 65
32 66
32 67
32 69
32 70
32 71
32 76
32 77
32 79
32 80
32 84
32 86
32 89
32 90
32 91
32 92
32 95
32 96
32 97
32 98
32 99
32 100
32 101
32 103
32 105
32 110
32 115
32 120
32 121
32 123
32 126
32 127
32 129
32 130
32 132
32 133
33 0
33 1
33 2
33 3
33 6
33 7
33 9
33 10
33 11
33 12
33 15
33 17
33 19
33 20
33 24
33 26
33 27
33 28
33 29
33 30
33 31
33 34
33 36
33 37
33 38
33 40
33 41
33 42
33 44
33 46
33 51
33 54
33 56
33 58
33 59
33 60
33 61
33 62
33 63
33 64
33 65
33 67
33 68
33 70
33 72
33 75
33 77
33 81
33 85
33 86
33 87
33 88
33 90
33 94
33 96
33 97
33 99
33 101
33 105
33 106
33 111
33 115
33 117
33 121
33 123
33 128
33 133
34 0
34 1
34 2
34 4
34 6
34 7
34 11
34 12
34 15
34 19
34 25
34 26
34 27
34 28
34 29
34 30
34 32
34 33
34 35
34 36
34 37
34 38
34 43
34 45
34 46
34 53
34 55
34 56
34 57
34 58
34 59
34 60
34 63
34 65
34 70
34 71
34 72
34 77
34 79
34 80
34 84
34 86
34 87
34 91
34 93
34 96
34 97
34 98
34 101
34 117
34 123
34 128
34 135
35 1
35 2
35 4
35 5
35 6
35 7
35 8
35 9
35 10
35 11
35 12
35 13
35 15
35 16
35 17
35 20
35 21
35 22
35 23
35 25
35 27
35 28
35 29
35 30
35 31
35 32
35 34
35 36
35 37
35 38
35 39
35 40
35 41
35 42
35 43
35 44
35 45
35 46
35 47
35 49
35 51
35 53
35 54
35 55
35 56
35 57
35 58
35 59
35 60
35 61
35 62
35 63
35 64
35 65
35 66
35 67
35 69
35 70
35 71
35 72
35 73
35 76
35 77
35 79
35 82
35 83
35 84
35 85
35 86
35 87
35 88
35 89
35 91
35 92
35 93
35 94
35 95
35 96
35 98
35 99
35 100
35 101
35 102
35 103
35 104
35 105
35 106
35 107
35 108
35 109
35 111
35 112
35 113
35 114
35 115
35 116
35 117
35 118
35 119
35 120
35 122
35 123
35 124
35 125
35 126
35 127
35 130
35 133
35 135
36 1
36 3
36 4
36 5
36 6
36 7
36 8
36 9
36 10
36 11
36 12
36 13
36 14
36 15
36 16
36 17
36 18
36 19
36 20
36 21
36 22
36 23
36 25
36 26
36 27
36 30
36 31
36 32
36 33
36 34
36 35
36 38
36 39
36 40
36 41
36 44
36 45
36 46
36 48
36 49
36 50
36 52
36 53
36 55
36 56
36 57
36 58
36 59
36 60
36 62
36 63
36 65
36 66
36 67
36 69
36 70
36 71
36 72
36 73
36 74
36 75
36 76
36 77
36 78
36 79
36 80
36 81
36 82
36 83
36 84
36 86
36 90
36 91
36 92
36 94
36 95
36 96
36 97
36 98
36 99
36 100
36 101
36 102
36 103
36 104
36 105
36 107
36 108
36 110
36 111
36 112
36 113
36 114
36 115
36 116
36 117
36 120
36 121
36 124
36 125
36 127
36 129
36 130
36 132
36 133
36 134
36 135
37 0
37 1
37 2
37 4
37 6
37 7
37 10
37 11
37 17
37 18
37 19
37 25
37 26
37 27
37 28
37 29
37 30
37 33
37 34
37 35
37 38
37 39
37 40
37 45
37 46
37 47
37 53
37 56
37 57
37 58
37 59
37 60
37 63
37 64
37 65
37 69
37 70
37 71
37 72
37 77
37 82
37 83
37 84
37 86
37 87
37 89
37 91
37 92
37 93
37 94
37 95
37 98
37 101
37 103
37 105
37 106
37 117
37 135
38 1
38 2
38 4
38 7
38 9
38 10
38 11
38 12
38 13
38 14
38 15
38 16
38 17
38 18
38 19
38 20
38 22
38 23
38 25
38 26
38 30
38 31
38 32
38 33
38 34
38 35
38 36
38 37
38 39
38 40
38 41
38 42
38 43
38 44
38 45
38 48
38 49
38 50
38 54
38 55
38 56
38 57
38 58
38 59
38 60
38 61
38 62
38 63
38 64
38 65
38 66
38 69
38 71
38 72
38 74
38 75
38 77
38 79
38 80
38 81
38 82
38 84
38 85
38 86
38 89
38 90
38 92
38 93
38 96
38 97
38 98
38 99
38 100
38 103
38 105
38 108
38 109
38 110
38 111
38 112
38 113
38 114
38 115
38 116
38 118
38 119
38 120
38 121
38 122
38 123
38 125
38 127
38 128
38 129
38 131
38 132
38 133
38 134
39 0
39 1
39 3
39 4
39 6
39 7
39 8
39 9
39 10
39 11
39 12
39 15
39 17
39 18
39 20
39 21
39 22
39 23
39 25
39 26
39 27
39 28
39 30
39 32
39 35
39 36
39 37
39 38
39 40
39 41
39 42
39 44
39 45
39 47
39 49
39 50
39 52
39 54
39 55
39 56
39 57
39 58
39 59
39 61
39 62
39 63
39 64
39 65
39 66
39 67
39 68
39 69
39 70
39 71
39 72
39 74
39 77
39 78
39 79
39 80
39 81
39 82
39 83
39 84
39 85
39 86
39 87
39 89
39 91
39 92
39 93
39 94
39 95
39 96
39 97
39 98
39 100
39 101
39 103
39 104
39 105
39 106
39 107
39 108
39 109
39 110
39 115
39 117
39 118
39 121
39 123
39 124
39 125
39 128
39 129
39 130
39 131
39 134
40 0
40 1
40 2
40 3
40 4
40 5
40 6
40 7
40 8
40 9
40 10
40 11
40 12
40 13
40 14
40 15
40 16
40 17
40 18
40 20
40 21
40 22
40 23
40 24
40 25
40 26
40 27
40 29
40 30
40 31
40 32
40 33
40 35
40 36
40 37
40 38
40 39
40 41
40 42
40 43
40 44
40 45
40 46
40 47
40 48
40 49
40 50
40 51
40 52
40 53
40 54
40 55
40 56
40 57
40 58
40 59
40 60
40 61
40 62
40 63
40 64
40 65
40 66
40 67
40 68
40 69
40 70
40 71
40 72
40 73
40 74
40 76
40 77
40 78
40 79
40 80
40 81
40 82
40 83
40 84
40 85
40 86
40 87
40 88
40 89
40 90
40 91
40 92
40 93
40 94
40 95
40 96
40 97
40 98
40 99
40 100
40 101
40 103
40 104
40 105
40 106
40 107
40 108
40 109
40 110
40 111
40 112
40 113
40 114
40 115
40 116
40 117
40 118
40 119
40 120
40 121
40 122
40 123
40 124
40 125
40 126
40 127
40 128
40 129
40 130
40 131
40 132
40 133
40 134
40 135
41 1
41 8
41 10
41 11
41 12
41 13
41 14
41 22
41 23
41 24
41 25
41 29
41 31
41 33
41 35
41 36
41 38
41 39
41 40
41 46
41 47
41 49
41 50
41 55
41 56
41 57
41 58
41 59
41 60
41 61
41 62
41 63
41 66
41 68
41 71
41 72
41 74
41 75
41 76
41 77
41 78
41 79
41 81
41 83
41 84
41 85
41 86
41 89
41 90
41 96
41 100
41 101
41 104
41 105
41 107
41 111
41 113
41 114
41 115
41 116
41 119
41 120
41 123
41 124
41 127
41 128
41 134
42 0
42 1
42 2
42 7
42 11
42 12
42 15
42 18
42 20
42 25
42 26
42 27
42 29
42 31
42 32
42 33
42 35
42 38
42 39
42 40
42 44
42 45
42 46
42 47
42 51
42 54
42 55
42 56
42 58
42 59
42 60
42 61
42 62
42 64
42 65
42 67
42 68
42 69
42 70
42 71
42 77
42 80
42 82
42 83
42 84
42 85
42 86
42 87
42 89
42 91
42 92
42 97
42 98
42 102
42 103
42 105
42 109
42 118
42 120
42 128
43 1
43 6
43 7
43 8
43 10
43 11
43 12
43 13
43 15
43 18
43 20
43 22
43 24
43 25
43 26
43 30
43 31
43 32
43 34
43 35
43 38
43 40
43 45
43 46
43 49
43 55
43 56
43 57
43 58
43 59
43 60
43 61
43 62
43 63
43 68
43 69
43 70
43 72
43 74
43 77
43 79
43 81
43 82
43 84
43 86
43 88
43 89
43 91
43 94
43 95
43 97
43 100
43 101
43 102
43 103
43 108
43 116
43 117
43 120
43 124
43 126
43 128
43 129
44 0
44 1
44 2
44 6
44 7
44 11
44 12
44 17
44 20
44 23
44 25
44 26
44 27
44 29
44 30
44 31
44 32
44 33
44 35
44 36
44 38
44 39
44 40
44 42
44 46
44 49
44 50
44 51
44 54
44 55
44 56
44 58
44 59
44 60
44 62
44 63
44 65
44 66
44 69
44 70
44 71
44 73
44 74
44 76
44 79
44 80
44 81
44 82
44 84
44 87
44 91
44 92
44 97
44 100
44 105
44 106
44 107
44 112
44 114
44 116
44 118
44 121
44 124
44 125
44 129
44 132
44 134
45 0
45 1
45 5
45 6
45 7
45 8
45 9
45 10
45 11
45 12
45 17
45 18
45 20
45 22
45 23
45 24
45 25
45 26
45 27
45 29
45 30
45 31
45 32
45 34
45 35
45 36
45 37
45 38
45 39
45 40
45 42
45 43
45 47
45 50
45 52
45 55
45 56
45 58
45 59
45 61
45 63
45 65
45 66
45 67
45 69
45 70
45 71
45 72
45 75
45 77
45 78
45 79
45 80
45 81
45 82
45 83
45 84
45 87
45 92
45 94
45 95
45 96
45 97
45 98
45 99
45 100
45 101
45 102
45 103
45 106
45 107
45 109
45 110
45 111
45 112
45 113
45 115
45 117
45 118
45 121
45 123
45 124
45 125
45 126
45 127
45 128
45 132
45 133
46 0
46 1
46 2
46 6
46 7
46 8
46 9
46 10
46 11
46 12
46 15
46 17
46 18
46 19
46 21
46 25
46 26
46 28
46 29
46 30
46 31
46 32
46 33
46 34
46 35
46 36
46 37
46 40
46 41
46 42
46 43
46 44
46 49
46 50
46 51
46 53
46 54
46 55
46 56
46 57
46 58
46 59
46 60
46 63
46 65
46 70
46 72
46 73
46 75
46 77
46 79
46 80
46 81
46 82
46 84
46 85
46 86
46 89
46 90
46 91
46 92
46 93
46 94
46 97
46 99
46 100
46 101
46 105
46 111
46 112
46 114
46 119
46 120
46 122
46 123
46 124
46 127
46 134
46 135
47 0
47 1
47 2
47 3
47 4
47 6
47 7
47 10
47 11
47 12
47 15
47 17
47 18
47 20
47 22
47 23
47 24
47 27
47 28
47 30
47 32
47 35
47 37
47 39
47 40
47 41
47 42
47 45
47 49
47 50
47 54
47 55
47 56
47 58
47 59
47 60
47 61
47 63
47 64
47 65
47 67
47 68
47 69
47 70
47 71
47 77
47 79
47 82
47 83
47 84
47 85
47 86
47 87
47 88
47 89
47 91
47 92
47 95
47 96
47 99
47 101
47 103
47 104
47 105
47 106
47 107
47 112
47 113
47 114
47 115
47 117
47 120
47 121
47 122
47 123
47 129
47 130
47 133
48 1
48 7
48 8
48 9
48 11
48 12
48 13
48 19
48 23
48 24
48 30
48 36
48 38
48 40
48 49
48 55
48 56
48 58
48 59
48 66
48 69
48 70
48 74
48 75
48 76
48 77
48 78
48 79
48 84
48 89
48 90
48 97
48 100
48 101
48 104
48 107
48 130
48 133
49 0
49 1
49 2
49 3
49 4
49 5
49 6
49 7
49 9
49 10
49 11
49 12
49 13
49 15
49 16
49 18
49 19
49 20
49 22
49 23
49 25
49 27
49 29
49 30
49 31
49 32
49 35
49 36
49 38
49 39
49 40
49 41
49 43
49 44
49 46
49 47
49 48
49 50
49 51
49 52
49 54
49 55
49 56
49 57
49 58
49 59
49 60
49 61
49 62
49 63
49 66
49 67
49 68
49 69
49 70
49 71
49 73
49 74
49 75
49 77
49 78
49 79
49 81
49 82
49 83
49 84
49 86
49 87
49 88
49 89
49 90
49 91
49 92
49 94
49 95
49 96
49 97
49 98
49 99
49 100
49 101
49 102
49 103
49 104
49 105
49 106
49 107
49 108
49 110
49 111
49 112
49 113
49 114
49 115
49 116
49 117
49 119
49 120
49 121
49 122
49 123
49 124
49 126
49 127
49 128
49 129
49 130
49 132
49 133
49 134
50 1
50 3
50 5
50 7
50 8
50 9
50 10
50 11
50 12
50 14
50 15
50 16
50 22
50 23
50 31
50 32
50 36
50 38
50 39
50 40
50 41
50 44
50 45
50 46
50 47
50 49
50 51
50 54
50 56
50 57
50 58
50 59
50 60
50 61
50 62
50 63
50 67
50 68
50 69
50 70
50 72
50 73
50 74
50 76
50 77
50 78
50 79
50 81
50 82
50 83
50 84
50 86
50 87
50 89
50 90
50 91
50 92
50 97
50 98
50 99
50 100
50 101
50 103
50 104
50 108
50 111
50 112
50 114
50 115
50 116
50 120
50 121
50 122
50 124
50 125
50 126
50 127
50 128
50 130
50 133
50 134
51 0
51 1
51 2
51 3
51 7
51 12
51 15
51 16
51 19
51 25
51 26
51 28
51 29
51 30
51 32
51 33
51 35
51 40
51 42
51 44
51 46
51 49
51 50
51 55
51 56
51 58
51 59
51 61
51 63
51 64
51 65
51 66
51 67
51 69
51 70
51 71
51 72
51 74
51 77
51 79
51 80
51 81
51 84
51 85
51 86
51 89
51 90
51 92
51 96
51 97
51 101
51 104
51 105
51 108
51 130
51 132
52 1
52 4
52 11
52 12
52 13
52 25
52 29
52 30
52 36
52 39
52 40
52 45
52 49
52 55
52 57
52 58
52 59
52 61
52 62
52 63
52 64
52 69
52 71
52 74
52 76
52 78
52 79
52 82
52 84
52 86
52 89
52 90
52 94
52 97
52 98
52 101
52 103
52 104
52 106
52 107
52 108
52 110
52 111
52 115
52 120
52 121
52 124
52 130
52 133
53 1
53 2
53 7
53 12
53 15
53 17
53 19
53 25
53 26
53 28
53 30
53 34
53 35
53 36
53 37
53 40
53 46
53 55
53 56
53 57
53 58
53 59
53 60
53 63
53 70
53 77
53 79
53 80
53 84
53 86
53 87
53 89
53 91
53 93
53 97
53 101
53 135
54 1
54 4
54 6
54 7
54 11
54 12
54 15
54 17
54 22
54 23
54 25
54 26
54 27
54 30
54 31
54 32
54 33
54 35
54 38
54 39
54 40
54 42
54 44
54 46
54 47
54 49
54 50
54 55
54 56
54 57
54 58
54 59
54 61
54 65
54 67
54 70
54 71
54 72
54 73
54 77
54 79
54 80
54 81
54 82
54 84
54 86
54 87
54 89
54 90
54 91
54 92
54 93
54 97
54 98
54 99
54 100
54 101
54 108
54 109
54 110
54 112
54 113
54 114
54 115
54 117
54 118
54 120
54 121
54 124
54 125
54 126
54 128
54 130
54 131
54 132
55 0
55 1
55 2
55 3
55 4
55 6
55 7
55 8
55 10
55 11
55 12
55 13
55 14
55 15
55 17
55 19
55 20
55 23
55 24
55 25
55 26
55 27
55 28
55 29
55 30
55 31
55 32
55 34
55 35
55 36
55 38
55 39
55 40
55 41
55 42
55 43
55 44
55 45
55 46
55 47
55 48
55 49
55 51
55 52
55 53
55 54
55 56
55 58
55 59
55 61
55 62
55 63
55 64
55 65
55 66
55 67
55 68
55 69
55 70
55 71
55 72
55 74
55 75
55 76
55 77
55 78
55 79
55 80
55 81
55 82
55 83
55 85
55 86
55 87
55 88
55 89
55 90
55 91
55 92
55 93
55 96
55 98
55 99
55 100
55 101
55 102
55 104
55 105
55 107
55 108
55 109
55 111
55 116
55 118
55 124
55 126
55 128
55 130
55 134
55 135
56 0
56 1
56 2
56 3
56 4
56 5
56 6
56 7
56 8
56 9
56 10
56 11
56 12
56 13
56 14
56 15
56 16
56 18
56 19
56 20
56 22
56 23
56 24
56 25
56 26
56 27
56 28
56 29
56 30
56 31
56 32
56 33
56 34
56 35
56 36
56 37
56 38
56 39
56 40
56 41
56 42
56 43
56 44
56 45
56 46
56 47
56 48
56 49
56 50
56 51
56 53
56 54
56 55
56 57
56 58
56 59
56 60
56 61
56 62
56 63
56 64
56 65
56 66
56 67
56 68
56 69
56 70
56 71
56 72
56 74
56 75
56 77
56 78
56 80
56 81
56 83
56 84
56 86
56 88
56 89
56 91
56 92
56 93
56 95
56 96
56 97
56 98
56 99
56 100
56 101
56 102
56 103
56 104
56 105
56 106
56 107
56 108
56 110
56 111
56 112
56 114
56 115
56 117
56 119
56 121
56 124
56 125
56 126
56 127
56 128
56 130
56 131
56 132
56 133
56 134
56 135
57 1
57 2
57 6
57 7
57 8
57 9
57 10
57 11
57 12
57 13
57 15
57 18
57 20
57 26
57 27
57 28
57 30
57 31
57 32
57 34
57 35
57 36
57 37
57 38
57 39
57 40
57 41
57 43
57 46
57 49
57 50
57 52
57 53
57 54
57 56
57 58
57 60
57 61
57 63
57 65
57 67
57 68
57 69
57 70
57 71
57 74
57 75
57 77
57 79
57 81
57 82
57 83
57 84
57 86
57 87
57 91
57 92
57 93
57 94
57 95
57 96
57 97
57 99
57 100
57 101
57 102
57 103
57 104
57 105
57 106
57 107
57 108
57 109
57 115
57 116
57 117
57 118
57 120
57 121
57 124
57 127
57 128
57 129
57 130
57 131
57 133
57 135
58 0
58 1
58 2
58 4
58 5
58 7
58 8
58 9
58 10
58 11
58 12
58 13
58 15
58 16
58 17
58 18
58 19
58 20
58 21
58 22
58 23
58 24
58 25
58 26
58 27
58 28
58 29
58 30
58 31
58 32
58 33
58 34
58 35
58 36
58 37
58 38
58 39
58 40
58 41
58 42
58 43
58 44
58 45
58 46
58 47
58 48
58 49
58 50
58 51
58 52
58 53
58 54
58 55
58 56
58 57
58 59
58 60
58 61
58 63
58 64
58 65
58 66
58 67
58 68
58 69
58 70
58 71
58 72
58 74
58 75
58 77
58 78
58 79
58 80
58 81
58 82
58 83
58 84
58 86
58 87
58 88
58 89
58 91
58 92
58 93
58 94
58 95
58 96
58 97
58 98
58 99
58 100
58 101
58 102
58 103
58 104
58 105
58 106
58 109
58 110
58 112
58 114
58 115
58 116
58 118
58 119
58 120
58 121
58 123
58 127
58 128
58 129
58 130
58 131
58 132
58 134
58 135
59 0
59 1
59 2
59 4
59 5
59 7
59 8
59 9
59 10
59 11
59 12
59 13
59 14
59 15
59 16
59 17
59 18
59 19
59 20
59 21
59 22
59 24
59 25
59 26
59 27
59 28
59 29
59 30
59 31
59 32
59 33
59 34
59 35
59 36
59 37
59 38
59 39
59 40
59 41
59 42
59 43
59 44
59 45
59 46
59 47
59 48
59 49
59 50
59 51
59 52
59 53
59 54
59 55
59 56
59 58
59 60
59 61
59 62
59 63
59 64
59 65
59 66
59 67
59 68
59 69
59 70
59 71
59 72
59 73
59 74
59 75
59 76
59 77
59 78
59 79
59 80
59 81
59 82
59 83
59 84
59 85
59 86
59 87
59 88
59 89
59 90
59 91
59 92
59 93
59 94
59 95
59 96
59 97
59 98
59 99
59 101
59 103
59 104
59 105
59 106
59 107
59 108
59 109
59 110
59 111
59 114
59 115
59 116
59 117
59 118
59 119
59 120
59 121
59 122
59 123
59 124
59 125
59 127
59 128
59 129
59 130
59 131
59 132
59 134
59 135
60 0
60 1
60 4
60 5
60 7
60 9
60 10
60 11
60 12
60 13
60 15
60 16
60 18
60 20
60 22
60 25
60 26
60 30
60 32
60 33
60 34
60 35
60 36
60 37
60 38
60 40
60 41
60 42
60 43
60 44
60 46
60 47
60 49
60 50
60 53
60 56
60 57
60 58
60 59
60 61
60 63
60 65
60 66
60 68
60 69
60 70
60 71
60 72
60 74
60 77
60 79
60 80
60 82
60 84
60 86
60 87
60 89
60 90
60 91
60 92
60 93
60 94
60 95
60 96
60 97
60 100
60 101
60 102
60 103
60 104
60 105
60 108
60 110
60 111
60 112
60 115
60 118
60 120
60 121
60 123
60 125
60 129
60 130
60 134
60 135
61 0
61 1
61 2
61 3
61 4
61 5
61 6
61 7
61 8
61 10
61 11
61 12
61 13
61 15
61 16
61 18
61 20
61 22
61 23
61 24
61 25
61 26
61 27
61 28
61 29
61 30
61 31
61 32
61 33
61 35
61 38
61 39
61 40
61 41
61 42
61 43
61 45
61 47
61 49
61 50
61 51
61 52
61 54
61 55
61 56
61 57
61 58
61 59
61 60
61 62
61 63
61 64
61 65
61 66
61 67
61 68
61 69
61 70
61 71
61 73
61 74
61 76
61 77
61 79
61 80
61 81
61 82
61 83
61 84
61 85
61 86
61 87
61 88
61 89
61 90
61 91
61 92
61 93
61 94
61 95
61 96
61 97
61 98
61 99
61 100
61 101
61 102
61 103
61 105
61 108
61 109
61 110
61 115
61 116
61 117
61 120
61 121
61 124
61 128
61 130
61 131
61 132
61 133
62 1
62 4
62 5
62 7
62 8
62 9
62 10
62 11
62 12
62 14
62 15
62 20
62 24
62 25
62 26
62 27
62 30
62 31
62 32
62 33
62 35
62 36
62 38
62 39
62 40
62 41
62 42
62 43
62 44
62 49
62 50
62 52
62 55
62 56
62 59
62 61
62 63
62 64
62 65
62 66
62 69
62 70
62 71
62 73
62 74
62 75
62 76
62 77
62 78
62 79
62 80
62 81
62 86
62 89
62 90
62 91
62 92
62 93
62 97
62 98
62 100
62 101
62 103
62 104
62 107
62 108
62 110
62 111
62 119
62 120
62 121
62 124
62 127
62 129
62 134
63 0
63 1
63 2
63 3
63 4
63 6
63 7
63 8
63 9
63 10
63 11
63 12
63 13
63 14
63 15
63 16
63 17
63 19
63 21
63 22
63 23
63 24
63 25
63 26
63 29
63 30
63 31
63 32
63 33
63 34
63 35
63 36
63 37
63 38
63 39
63 40
63 41
63 43
63 44
63 45
63 46
63 47
63 49
63 50
63 51
63 52
63 53
63 55
63 56
63 57
63 58
63 59
63 60
63 61
63 62
63 64
63 65
63 66
63 68
63 70
63 71
63 72
63 73
63 74
63 75
63 76
63 77
63 78
63 79
63 80
63 81
63 82
63 83
63 84
63 85
63 86
63 87
63 89
63 90
63 91
63 92
63 94
63 95
63 97
63 98
63 99
63 100
63 101
63 102
63 103
63 104
63 105
63 107
63 108
63 111
63 112
63 113
63 114
63 115
63 116
63 118
63 119
63 120
63 121
63 122
63 123
63 124
63 125
63 126
63 128
63 130
63 132
63 133
63 134
63 135
64 0
64 1
64 2
64 3
64 6
64 7
64 10
64 11
64 12
64 13
64 14
64 15
64 16
64 18
64 20
64 23
64 26
64 27
64 28
64 29
64 30
64 31
64 33
64 35
64 37
64 38
64 39
64 40
64 42
64 47
64 51
64 52
64 55
64 56
64 58
64 59
64 61
64 62
64 63
64 65
64 67
64 68
64 69
64 70
64 71
64 74
64 77
64 79
64 80
64 81
64 82
64 83
64 84
64 85
64 86
64 89
64 92
64 93
64 96
64 97
64 99
64 101
64 102
64 104
64 107
64 108
64 111
64 115
64 117
64 121
64 124
64 129
64 131
64 132
65 0
65 1
65 2
65 4
65 6
65 7
65 11
65 12
65 15
65 17
65 18
65 19
65 24
65 25
65 26
65 28
65 29
65 30
65 31
65 32
65 33
65 34
65 35
65 36
65 37
65 38
65 39
65 40
65 42
65 44
65 45
65 46
65 47
65 51
65 54
65 55
65 56
65 57
65 58
65 59
65 60
65 61
65 62
65 63
65 64
65 67
65 70
65 71
65 72
65 77
65 80
65 82
65 84
65 85
65 86
65 87
65 88
65 89
65 91
65 92
65 93
65 94
65 97
65 99
65 101
65 103
65 109
65 117
65 118
65 120
65 128
65 132
66 1
66 4
66 7
66 8
66 9
66 11
66 12
66 13
66 16
66 17
66 19
66 21
66 22
66 24
66 29
66 31
66 32
66 35
66 36
66 38
66 39
66 40
66 41
66 44
66 45
66 48
66 49
66 51
66 55
66 56
66 58
66 59
66 60
66 61
66 62
66 63
66 67
66 68
66 69
66 70
66 72
66 73
66 74
66 76
66 77
66 79
66 81
66 83
66 84
66 86
66 87
66 89
66 90
66 91
66 92
66 97
66 98
66 99
66 101
66 107
66 111
66 114
66 115
66 116
66 119
66 120
66 121
66 123
66 127
66 128
66 129
66 132
66 134
67 0
67 1
67 2
67 6
67 7
67 8
67 11
67 12
67 15
67 17
67 20
67 23
67 27
67 29
67 30
67 32
67 33
67 35
67 36
67 39
67 40
67 42
67 45
67 47
67 49
67 50
67 51
67 54
67 55
67 56
67 57
67 58
67 59
67 61
67 64
67 65
67 66
67 68
67 69
67 70
67 77
67 79
67 80
67 81
67 82
67 83
67 87
67 91
67 92
67 94
67 95
67 96
67 97
67 98
67 100
67 101
67 102
67 103
67 106
67 108
67 109
67 112
67 113
67 115
67 116
67 117
67 122
67 123
67 124
67 129
67 131
67 133
68 0
68 1
68 4
68 6
68 7
68 8
68 10
68 11
68 12
68 13
68 15
68 17
68 20
68 22
68 24
68 25
68 29
68 30
68 31
68 33
68 39
68 40
68 41
68 42
68 43
68 47
68 49
68 50
68 55
68 56
68 57
68 58
68 59
68 60
68 61
68 63
68 64
68 66
68 67
68 69
68 70
68 72
68 75
68 77
68 78
68 79
68 81
68 82
68 83
68 84
68 85
68 86
68 87
68 88
68 89
68 90
68 91
68 92
68 94
68 97
68 98
68 100
68 101
68 102
68 103
68 106
68 109
68 114
68 116
68 119
68 121
68 124
68 132
68 133
68 134
69 1
69 2
69 4
69 5
69 6
69 7
69 8
69 9
69 10
69 11
69 12
69 14
69 15
69 16
69 18
69 19
69 20
69 21
69 22
69 23
69 24
69 25
69 27
69 28
69 30
69 31
69 32
69 35
69 36
69 37
69 38
69 39
69 40
69 42
69 43
69 44
69 45
69 47
69 48
69 49
69 50
69 51
69 52
69 55
69 56
69 57
69 58
69 59
69 60
69 61
69 62
69 64
69 66
69 67
69 68
69 70
69 72
69 73
69 77
69 79
69 80
69 81
69 82
69 83
69 84
69 86
69 87
69 88
69 89
69 90
69 91
69 92
69 93
69 94
69 95
69 97
69 98
69 99
69 100
69 101
69 102
69 103
69 104
69 105
69 107
69 108
69 110
69 111
69 112
69 113
69 114
69 115
69 116
69 117
69 118
69 119
69 120
69 121
69 122
69 123
69 124
69 125
69 126
69 127
69 128
69 129
69 130
69 131
69 132
69 133
70 0
70 1
70 2
70 3
70 4
70 5
70 6
70 7
70 8
70 9
70 10
70 11
70 12
70 13
70 16
70 17
70 18
70 19
70 20
70 21
70 22
70 23
70 24
70 25
70 26
70 28
70 29
70 30
70 31
70 32
70 33
70 34
70 35
70 36
70 37
70 39
70 40
70 42
70 43
70 44
70 45
70 46
70 47
70 48
70 49
70 50
70 51
70 53
70 54
70 55
70 56
70 57
70 58
70 59
70 60
70 61
70 62
70 63
70 64
70 65
70 66
70 67
70 68
70 69
70 71
70 72
70 73
70 74
70 75
70 77
70 78
70 79
70 80
70 81
70 82
70 83
70 84
70 85
70 86
70 87
70 89
70 90
70 91
70 92
70 93
70 94
70 95
70 96
70 97
70 98
70 99
70 100
70 101
70 103
70 104
70 105
70 106
70 107
70 109
70 110
70 111
70 112
70 113
70 114
70 115
70 116
70 117
70 119
70 120
70 121
70 122
70 123
70 124
70 125
70 126
70 127
70 128
70 129
70 130
70 131
70 132
70 133
70 134
70 135
71 0
71 1
71 2
71 3
71 4
71 6
71 7
71 10
71 11
71 12
71 14
71 15
71 16
71 17
71 20
71 21
71 23
71 25
71 26
71 28
71 29
71 30
71 31
71 32
71 34
71 35
71 36
71 37
71 38
71 39
71 40
71 41
71 42
71 44
71 45
71 47
71 49
71 51
71 52
71 54
71 55
71 56
71 57
71 58
71 59
71 60
71 61
71 62
71 63
71 64
71 65
71 70
71 72
71 73
71 74
71 76
71 77
71 78
71 79
71 80
71 81
71 83
71 84
71 85
71 86
71 87
71 89
71 90
71 91
71 92
71 94
71 95
71 97
71 98
71 99
71 100
71 101
71 103
71 110
71 111
71 115
71 120
71 121
71 124
71 125
71 126
71 128
71 129
71 130
71 131
71 132
72 1
72 7
72 10
72 11
72 12
72 15
72 17
72 19
72 20
72 23
72 25
72 27
72 28
72 29
72 30
72 33
72 34
72 35
72 36
72 37
72 38
72 39
72 40
72 41
72 43
72 45
72 46
72 50
72 51
72 54
72 55
72 56
72 58
72 59
72 60
72 63
72 65
72 66
72 68
72 69
72 70
72 71
72 77
72 79
72 80
72 84
72 85
72 86
72 87
72 88
72 91
72 97
72 98
72 100
72 101
72 104
72 110
72 111
72 115
72 117
72 119
72 120
72 123
72 128
72 129
73 1
73 2
73 7
73 8
73 9
73 10
73 11
73 12
73 13
73 15
73 16
73 21
73 22
73 25
73 26
73 27
73 29
73 30
73 31
73 35
73 36
73 40
73 44
73 46
73 49
73 50
73 54
73 59
73 61
73 62
73 63
73 66
73 69
73 70
73 71
73 74
73 75
73 76
73 77
73 78
73 79
73 84
73 87
73 90
73 92
73 100
73 101
73 105
73 113
73 115
73 119
73 122
73 133
74 1
74 3
74 4
74 7
74 8
74 9
74 10
74 11
74 12
74 13
74 14
74 16
74 19
74 21
74 22
74 24
74 29
74 31
74 36
74 38
74 39
74 40
74 41
74 43
74 44
74 48
74 49
74 50
74 51
74 52
74 55
74 56
74 57
74 58
74 59
74 60
74 61
74 62
74 63
74 64
74 66
74 70
74 71
74 73
74 75
74 76
74 78
74 79
74 81
74 84
74 89
74 90
74 91
74 92
74 97
74 98
74 99
74 101
74 104
74 107
74 108
74 111
74 115
74 120
74 124
74 126
74 129
74 130
74 133
74 134
75 1
75 4
75 7
75 8
75 9
75 10
75 11
75 12
75 13
75 14
75 16
75 17
75 19
75 21
75 22
75 23
75 24
75 27
75 33
75 36
75 38
75 41
75 45
75 46
75 48
75 49
75 55
75 56
75 57
75 58
75 59
75 62
75 63
75 68
75 70
75 73
75 74
75 76
75 77
75 78
75 79
75 81
75 82
75 84
75 86
75 91
75 92
75 94
75 98
75 100
75 101
75 103
75 104
75 105
75 107
75 108
75 111
75 120
75 122
75 123
75 124
75 127
75 128
75 130
75 133
75 134
76 1
76 4
76 8
76 9
76 10
76 11
76 12
76 13
76 14
76 19
76 24
76 27
76 29
76 30
76 31
76 32
76 35
76 36
76 40
76 41
76 44
76 48
76 50
76 52
76 55
76 59
76 61
76 62
76 63
76 66
76 71
76 73
76 74
76 75
76 78
76 79
76 81
76 82
76 83
76 84
76 89
76 90
76 92
76 97
76 100
76 101
76 103
76 104
76 107
76 108
76 111
76 113
76 123
76 124
76 125
76 127
76 130
76 133
77 0
77 1
77 2
77 3
77 4
77 5
77 6
77 7
77 9
77 10
77 11
77 12
77 13
77 15
77 16
77 17
77 18
77 19
77 20
77 23
77 24
77 25
77 26
77 27
77 28
77 29
77 30
77 31
77 32
77 33
77 34
77 35
77 36
77 37
77 38
77 39
77 40
77 41
77 42
77 43
77 45
77 46
77 47
77 48
77 49
77 50
77 51
77 53
77 54
77 55
77 56
77 57
77 58
77 59
77 60
77 61
77 62
77 63
77 64
77 65
77 66
77 67
77 68
77 69
77 70
77 71
77 72
77 73
77 75
77 78
77 79
77 81
77 83
77 84
77 85
77 86
77 87
77 88
77 89
77 90
77 91
77 92
77 93
77 94
77 95
77 96
77 97
77 98
77 99
77 100
77 101
77 102
77 103
77 106
77 108
77 109
77 111
77 114
77 115
77 116
77 117
77 118
77 119
77 120
77 121
77 122
77 123
77 126
77 128
77 131
77 132
77 133
77 135
78 1
78 4
78 7
78 8
78 9
78 11
78 12
78 14
78 16
78 17
78 19
78 21
78 22
78 23
78 24
78 27
78 30
78 36
78 39
78 40
78 41
78 45
78 48
78 49
78 50
78 52
78 55
78 56
78 58
78 59
78 62
78 63
78 68
78 70
78 71
78 73
78 74
78 75
78 76
78 77
78 79
78 84
78 89
78 90
78 91
78 92
78 97
78 100
78 101
78 103
78 104
78 106
78 108
78 111
78 113
78 114
78 122
78 124
78 125
78 127
78 130
78 133
78 134
79 0
79 1
79 3
79 4
79 5
79 7
79 8
79 9
79 10
79 11
79 12
79 13
79 14
79 15
79 16
79 17
79 19
79 21
79 22
79 23
79 24
79 27
79 28
79 30
79 31
79 32
79 34
79 35
79 36
79 38
79 39
79 40
79 41
79 43
79 44
79 45
79 46
79 47
79 48
79 49
79 50
79 51
79 52
79 53
79 54
79 55
79 57
79 58
79 59
79 60
79 61
79 62
79 63
79 64
79 66
79 67
79 68
79 69
79 70
79 71
79 72
79 73
79 74
79 75
79 76
79 77
79 78
79 81
79 82
79 83
79 84
79 85
79 86
79 89
79 90
79 91
79 92
79 93
79 98
79 100
79 101
79 103
79 104
79 105
79 107
79 108
79 111
79 113
79 114
79 115
79 116
79 119
79 120
79 121
79 122
79 123
79 124
79 125
79 126
79 127
79 128
79 130
79 132
79 133
79 134
79 135
80 0
80 1
80 2
80 4
80 7
80 11
80 12
80 15
80 17
80 18
80 19
80 20
80 25
80 26
80 27
80 30
80 32
80 34
80 36
80 38
80 39
80 40
80 42
80 44
80 45
80 46
80 51
80 53
80 54
80 55
80 56
80 58
80 59
80 60
80 61
80 62
80 63
80 64
80 65
80 67
80 69
80 70
80 71
80 72
80 81
80 83
80 86
80 88
80 89
80 91
80 92
80 93
80 95
80 96
80 97
80 98
80 101
80 103
80 105
80 109
80 110
80 117
80 118
80 131
80 135
81 0
81 1
81 2
81 3
81 5
81 7
81 8
81 9
81 10
81 11
81 12
81 13
81 14
81 17
81 19
81 20
81 23
81 24
81 25
81 27
81 28
81 29
81 30
81 31
81 33
81 36
81 38
81 39
81 40
81 41
81 43
81 44
81 45
81 46
81 49
81 50
81 51
81 54
81 55
81 56
81 57
81 58
81 59
81 61
81 62
81 63
81 64
81 66
81 67
81 68
81 69
81 70
81 71
81 74
81 75
81 76
81 77
81 79
81 80
81 82
81 83
81 84
81 88
81 90
81 92
81 94
81 97
81 100
81 101
81 102
81 104
81 105
81 106
81 107
81 108
81 109
81 110
81 112
81 113
81 119
81 120
81 121
81 122
81 123
81 124
81 126
81 127
81 128
81 129
81 130
81 131
81 132
81 133
81 134
82 0
82 1
82 2
82 4
82 6
82 7
82 8
82 9
82 10
82 11
82 12
82 13
82 15
82 16
82 17
82 19
82 20
82 21
82 22
82 23
82 24
82 25
82 26
82 27
82 28
82 29
82 30
82 35
82 36
82 37
82 38
82 39
82 40
82 42
82 43
82 44
82 45
82 46
82 47
82 49
82 50
82 52
82 54
82 55
82 57
82 58
82 59
82 60
82 61
82 63
82 64
82 65
82 67
82 68
82 69
82 70
82 75
82 76
82 79
82 81
82 83
82 84
82 86
82 87
82 88
82 91
82 92
82 94
82 95
82 97
82 98
82 99
82 100
82 101
82 102
82 103
82 104
82 105
82 106
82 107
82 109
82 110
82 112
82 114
82 115
82 116
82 117
82 120
82 121
82 122
82 123
82 124
82 125
82 127
82 128
82 130
82 131
82 132
82 133
83 0
83 1
83 2
83 3
83 6
83 7
83 8
83 9
83 10
83 11
83 12
83 15
83 16
83 17
83 20
83 21
83 23
83 27
83 29
83 30
83 35
83 36
83 37
83 39
83 40
83 41
83 42
83 45
83 47
83 49
83 50
83 55
83 56
83 57
83 58
83 59
83 61
83 63
83 64
83 66
83 67
83 68
83 69
83 70
83 71
83 76
83 77
83 79
83 80
83 81
83 82
83 84
83 86
83 89
83 91
83 92
83 94
83 95
83 96
83 98
83 99
83 100
83 101
83 102
83 103
83 105
83 111
83 112
83 114
83 115
83 116
83 117
83 118
83 122
83 128
83 131
84 0
84 1
84 2
84 3
84 4
84 5
84 6
84 7
84 8
84 9
84 10
84 11
84 12
84 13
84 14
84 15
84 16
84 17
84 18
84 20
84 21
84 22
84 23
84 24
84 25
84 26
84 27
84 28
84 29
84 30
84 31
84 32
84 34
84 35
84 36
84 37
84 38
84 39
84 40
84 41
84 42
84 43
84 44
84 45
84 46
84 47
84 48
84 49
84 50
84 51
84 52
84 53
84 54
84 56
84 57
84 58
84 59
84 60
84 61
84 63
84 64
84 65
84 66
84 68
84 69
84 70
84 71
84 72
84 73
84 74
84 75
84 76
84 77
84 78
84 79
84 81
84 82
84 83
84 85
84 86
84 87
84 88
84 89
84 90
84 91
84 92
84 94
84 95
84 98
84 100
84 101
84 102
84 103
84 104
84 105
84 106
84 107
84 108
84 110
84 111
84 112
84 113
84 115
84 116
84 118
84 119
84 120
84 121
84 122
84 123
84 125
84 126
84 127
84 128
84 129
84 130
84 131
84 132
84 133
84 134
84 135
85 0
85 1
85 3
85 7
85 10
85 11
85 12
85 15
85 19
85 20
85 23
85 25
85 27
85 28
85 29
85 30
85 33
85 35
85 38
85 39
85 40
85 41
85 42
85 46
85 47
85 51
85 55
85 59
85 61
85 63
85 64
85 65
85 68
85 70
85 71
85 72
85 77
85 79
85 84
85 87
85 89
85 96
85 97
85 101
85 103
85 108
85 123
85 128
86 0
86 1
86 2
86 4
86 5
86 6
86 7
86 8
86 9
86 10
86 11
86 12
86 13
86 14
86 15
86 16
86 17
86 19
86 20
86 22
86 23
86 25
86 26
86 27
86 28
86 29
86 30
86 32
86 33
86 34
86 35
86 36
86 37
86 38
86 39
86 40
86 41
86 42
86 43
86 46
86 47
86 49
86 50
86 51
86 52
86 53
86 54
86 55
86 56
86 57
86 58
86 59
86 60
86 61
86 62
86 63
86 64
86 65
86 66
86 68
86 69
86 70
86 71
86 72
86 75
86 77
86 79
86 80
86 82
86 83
86 84
86 87
86 88
86 89
86 90
86 91
86 92
86 93
86 94
86 96
86 97
86 98
86 100
86 101
86 103
86 104
86 105
86 106
86 107
86 110
86 111
86 115
86 116
86 117
86 118
86 119
86 120
86 121
86 123
86 125
86 128
86 129
86 133
86 134
86 135
87 0
87 1
87 2
87 4
87 6
87 7
87 11
87 12
87 13
87 15
87 17
87 19
87 25
87 26
87 27
87 28
87 29
87 30
87 33
87 34
87 35
87 37
87 39
87 40
87 42
87 44
87 45
87 47
87 49
87 50
87 53
87 54
87 55
87 57
87 58
87 59
87 60
87 61
87 63
87 65
87 66
87 67
87 68
87 69
87 70
87 71
87 72
87 73
87 77
87 82
87 84
87 85
87 86
87 89
87 91
87 92
87 93
87 94
87 103
87 109
87 114
87 115
87 116
87 117
87 121
87 129
87 130
87 133
87 135
88 0
88 1
88 2
88 4
88 7
88 10
88 11
88 12
88 15
88 18
88 20
88 23
88 25
88 30
88 33
88 35
88 40
88 43
88 47
88 49
88 55
88 56
88 58
88 59
88 61
88 65
88 68
88 69
88 72
88 77
88 80
88 81
88 82
88 84
88 86
88 90
88 92
88 94
88 96
88 97
88 98
88 99
88 100
88 101
88 105
88 108
88 116
88 128
88 132
89 0
89 1
89 2
89 3
89 4
89 7
89 9
89 10
89 11
89 12
89 15
89 16
89 17
89 18
89 19
89 20
89 22
89 23
89 25
89 26
89 27
89 29
89 30
89 31
89 32
89 35
89 37
89 38
89 39
89 40
89 41
89 42
89 43
89 46
89 47
89 48
89 49
89 50
89 51
89 52
89 53
89 54
89 55
89 56
89 58
89 59
89 60
89 61
89 62
89 63
89 64
89 65
89 66
89 68
89 69
89 70
89 71
89 74
89 76
89 77
89 78
89 79
89 80
89 83
89 84
89 85
89 86
89 87
89 90
89 91
89 92
89 93
89 95
89 96
89 97
89 98
89 99
89 100
89 101
89 103
89 104
89 106
89 108
89 109
89 110
89 111
89 114
89 115
89 117
89 122
89 123
89 124
89 125
89 126
89 128
89 129
89 130
89 131
89 133
89 134
89 135
90 0
90 1
90 2
90 5
90 7
90 8
90 10
90 11
90 12
90 13
90 15
90 17
90 19
90 20
90 21
90 23
90 24
90 25
90 27
90 28
90 29
90 30
90 31
90 32
90 33
90 36
90 38
90 40
90 41
90 46
90 48
90 49
90 50
90 51
90 52
90 54
90 55
90 59
90 60
90 61
90 62
90 63
90 66
90 68
90 69
90 70
90 71
90 73
90 74
90 76
90 77
90 78
90 79
90 81
90 84
90 86
90 88
90 89
90 92
90 94
90 95
90 96
90 97
90 99
90 101
90 103
90 104
90 105
90 106
90 107
90 108
90 110
90 113
90 114
90 115
90 118
90 119
90 121
90 125
90 129
90 130
90 133
90 134
91 0
91 1
91 2
91 5
91 7
91 8
91 10
91 11
91 12
91 15
91 16
91 18
91 22
91 23
91 27
91 28
91 29
91 30
91 32
91 34
91 35
91 36
91 37
91 39
91 40
91 42
91 43
91 44
91 46
91 47
91 49
91 50
91 53
91 54
91 55
91 56
91 57
91 58
91 59
91 60
91 61
91 62
91 63
91 65
91 66
91 67
91 68
91 69
91 70
91 71
91 72
91 74
91 75
91 77
91 78
91 79
91 80
91 82
91 83
91 84
91 86
91 87
91 89
91 92
91 93
91 94
91 95
91 96
91 97
91 99
91 100
91 101
91 103
91 104
91 105
91 106
91 107
91 108
91 114
91 115
91 116
91 121
91 123
91 128
91 129
91 130
91 134
91 135
92 0
92 1
92 2
92 3
92 4
92 5
92 6
92 7
92 8
92 9
92 11
92 12
92 14
92 15
92 16
92 18
92 19
92 20
92 21
92 22
92 23
92 25
92 27
92 28
92 29
92 30
92 31
92 32
92 35
92 36
92 37
92 38
92 39
92 40
92 42
92 44
92 45
92 46
92 47
92 49
92 50
92 51
92 54
92 55
92 56
92 57
92 58
92 59
92 60
92 61
92 62
92 63
92 64
92 65
92 66
92 67
92 68
92 69
92 70
92 71
92 73
92 74
92 75
92 76
92 77
92 78
92 79
92 80
92 81
92 82
92 83
92 84
92 86
92 87
92 88
92 89
92 90
92 91
92 94
92 95
92 96
92 98
92 99
92 100
92 101
92 102
92 103
92 105
92 106
92 107
92 108
92 110
92 112
92 113
92 114
92 115
92 116
92 118
92 119
92 120
92 121
92 122
92 123
92 124
92 125
92 126
92 127
92 128
92 129
92 130
92 131
92 132
92 133
92 134
93 0
93 1
93 7
93 8
93 10
93 11
93 12
93 15
93 17
93 18
93 19
93 20
93 25
93 26
93 28
93 30
93 34
93 35
93 37
93 38
93 39
93 40
93 46
93 53
93 54
93 55
93 56
93 57
93 58
93 59
93 60
93 61
93 62
93 64
93 65
93 69
93 70
93 77
93 79
93 80
93 86
93 87
93 89
93 91
93 99
93 101
93 109
93 115
93 117
93 121
93 129
93 135
94 0
94 1
94 2
94 6
94 9
94 12
94 13
94 16
94 18
94 20
94 21
94 22
94 24
94 26
94 27
94 29
94 30
94 33
94 35
94 36
94 37
94 39
94 40
94 43
94 45
94 46
94 49
94 52
94 57
94 58
94 59
94 60
94 61
94 63
94 65
94 67
94 68
94 69
94 70
94 71
94 75
94 77
94 81
94 82
94 83
94 84
94 86
94 87
94 88
94 90
94 91
94 92
94 96
94 97
94 99
94 100
94 101
94 102
94 103
94 104
94 107
94 111
94 112
94 114
94 116
94 117
94 118
94 120
94 121
94 122
94 128
94 129
94 132
94 133
95 0
95 1
95 2
95 6
95 7
95 11
95 12
95 15
95 29
95 32
95 35
95 36
95 37
95 39
95 40
95 43
95 45
95 47
95 49
95 56
95 57
95 58
95 59
95 60
95 61
95 63
95 67
95 69
95 70
95 71
95 77
95 80
95 82
95 83
95 84
95 89
95 90
95 91
95 92
95 96
95 97
95 98
95 99
95 101
95 102
95 103
96 0
96 1
96 2
96 3
96 4
96 6
96 7
96 10
96 11
96 12
96 15
96 16
96 18
96 19
96 20
96 26
96 27
96 30
96 31
96 32
96 33
96 34
96 35
96 36
96 38
96 39
96 40
96 41
96 45
96 47
96 49
96 51
96 55
96 56
96 57
96 58
96 59
96 60
96 61
96 64
96 67
96 70
96 77
96 80
96 83
96 85
96 86
96 88
96 89
96 90
96 91
96 92
96 94
96 95
96 97
96 99
96 100
96 101
96 102
96 103
96 105
96 108
96 109
96 117
96 118
96 120
96 129
96 132
97 0
97 1
97 2
97 3
97 4
97 5
97 6
97 7
97 8
97 9
97 10
97 11
97 12
97 16
97 17
97 18
97 19
97 20
97 21
97 23
97 24
97 25
97 26
97 27
97 28
97 29
97 30
97 31
97 32
97 33
97 34
97 36
97 38
97 39
97 40
97 42
97 43
97 44
97 45
97 46
97 48
97 49
97 50
97 51
97 52
97 53
97 54
97 56
97 57
97 58
97 59
97 60
97 61
97 62
97 63
97 64
97 65
97 66
97 67
97 68
97 69
97 70
97 71
97 72
97 74
97 76
97 77
97 78
97 80
97 81
97 82
97 85
97 86
97 88
97 89
97 90
97 91
97 94
97 95
97 96
97 98
97 99
97 100
97 101
97 102
97 103
97 104
97 105
97 106
97 107
97 109
97 110
97 111
97 113
97 116
97 118
97 119
97 121
97 122
97 123
97 124
97 125
97 127
97 128
97 129
97 130
97 131
97 132
97 134
97 135
98 0
98 1
98 3
98 5
98 6
98 7
98 8
98 11
98 12
98 13
98 14
98 15
98 19
98 20
98 21
98 23
98 27
98 30
98 31
98 32
98 34
98 35
98 36
98 37
98 38
98 39
98 40
98 42
98 45
98 49
98 50
98 52
98 54
98 55
98 56
98 58
98 59
98 61
98 62
98 63
98 66
98 67
98 68
98 69
98 70
98 71
98 72
98 74
98 75
98 77
98 79
98 80
98 82
98 83
98 84
98 86
98 88
98 89
98 92
98 95
98 97
98 101
98 102
98 103
98 105
98 106
98 107
98 108
98 109
98 110
98 113
98 115
98 117
98 121
98 123
98 124
98 125
98 127
98 128
98 129
98 133
99 0
99 1
99 2
99 3
99 6
99 7
99 8
99 11
99 12
99 15
99 16
99 18
99 20
99 25
99 26
99 27
99 29
99 30
99 32
99 33
99 35
99 36
99 38
99 40
99 45
99 46
99 47
99 49
99 50
99 54
99 55
99 56
99 57
99 58
99 59
99 61
99 63
99 64
99 65
99 66
99 69
99 70
99 71
99 74
99 77
99 82
99 83
99 88
99 89
99 90
99 91
99 92
99 93
99 94
99 95
99 96
99 97
99 100
99 103
99 104
99 106
99 109
99 112
99 116
99 117
99 121
99 125
99 129
100 0
100 1
100 3
100 4
100 6
100 7
100 8
100 9
100 10
100 11
100 12
100 13
100 14
100 16
100 18
100 20
100 21
100 22
100 23
100 24
100 27
100 30
100 31
100 32
100 35
100 36
100 38
100 39
100 40
100 41
100 43
100 44
100 45
100 46
100 48
100 49
100 50
100 54
100 55
100 56
100 57
100 58
100 60
100 61
100 62
100 63
100 67
100 68
100 69
100 70
100 71
100 72
100 73
100 75
100 76
100 77
100 78
100 79
100 81
100 82
100 83
100 84
100 86
100 88
100 89
100 91
100 92
100 94
100 96
100 97
100 99
100 101
100 103
100 104
100 105
100 107
100 108
100 111
100 112
100 113
100 115
100 116
100 120
100 121
100 123
100 124
100 125
100 126
100 127
100 128
100 129
100 130
100 132
100 133
100 134
101 0
101 1
101 3
101 4
101 6
101 7
101 8
101 10
101 11
101 12
101 13
101 14
101 15
101 16
101 17
101 18
101 19
101 20
101 22
101 23
101 24
101 25
101 26
101 27
101 28
101 29
101 30
101 31
101 32
101 33
101 34
101 35
101 36
101 37
101 39
101 40
101 41
101 43
101 45
101 46
101 47
101 48
101 49
101 50
101 51
101 52
101 53
101 54
101 55
101 56
101 57
101 58
101 59
101 60
101 61
101 62
101 63
101 64
101 65
101 66
101 67
101 68
101 69
101 70
101 71
101 72
101 73
101 74
101 75
101 76
101 77
101 78
101 79
101 80
101 81
101 82
101 83
101 84
101 85
101 86
101 88
101 89
101 90
101 91
101 92
101 93
101 94
101 95
101 96
101 97
101 98
101 100
101 102
101 103
101 105
101 106
101 107
101 108
101 110
101 111
101 115
101 116
101 117
101 118
101 119
101 121
101 122
101 123
101 126
101 127
101 128
101 129
101 130
101 131
101 132
101 133
101 134
101 135
102 0
102 1
102 2
102 4
102 6
102 12
102 13
102 15
102 16
102 18
102 20
102 27
102 29
102 30
102 35
102 36
102 42
102 43
102 45
102 49
102 55
102 56
102 57
102 58
102 60
102 61
102 63
102 64
102 67
102 68
102 69
102 77
102 81
102 82
102 83
102 84
102 92
102 94
102 95
102 96
102 97
102 98
102 101
102 103
102 115
102 116
102 117
102 133
103 0
103 1
103 2
103 4
103 6
103 7
103 8
103 9
103 11
103 12
103 15
103 20
103 23
103 24
103 25
103 27
103 29
103 31
103 32
103 35
103 36
103 37
103 38
103 39
103 40
103 42
103 43
103 45
103 47
103 49
103 50
103 52
103 56
103 57
103 58
103 59
103 60
103 61
103 62
103 63
103 65
103 67
103 68
103 69
103 70
103 71
103 75
103 76
103 77
103 78
103 79
103 80
103 82
103 83
103 84
103 85
103 86
103 87
103 89
103 90
103 91
103 92
103 94
103 95
103 96
103 97
103 98
103 99
103 100
103 101
103 102
103 104
103 107
103 109
103 111
103 112
103 115
103 116
103 117
103 120
103 124
103 127
103 128
103 133
104 1
104 6
104 7
104 8
104 9
104 10
104 11
104 12
104 13
104 14
104 16
104 22
104 23
104 24
104 27
104 30
104 31
104 35
104 36
104 39
104 40
104 41
104 47
104 48
104 49
104 50
104 51
104 52
104 55
104 56
104 57
104 58
104 59
104 60
104 62
104 63
104 64
104 69
104 70
104 72
104 74
104 75
104 76
104 78
104 79
104 81
104 82
104 84
104 86
104 89
104 90
104 91
104 94
104 97
104 99
104 100
104 103
104 105
104 106
104 107
104 108
104 111
104 112
104 113
104 114
104 116
104 122
104 123
104 124
104 125
104 127
104 130
104 133
105 1
105 2
105 4
105 5
105 6
105 7
105 9
105 10
105 11
105 12
105 13
105 16
105 19
105 20
105 21
105 25
105 27
105 30
105 31
105 32
105 33
105 35
105 36
105 37
105 38
105 39
105 40
105 41
105 42
105 44
105 46
105 47
105 49
105 51
105 55
105 56
105 57
105 58
105 59
105 60
105 61
105 63
105 69
105 70
105 73
105 75
105 79
105 80
105 81
105 82
105 83
105 84
105 86
105 88
105 90
105 91
105 92
105 96
105 97
105 98
105 100
105 101
105 104
105 106
105 107
105 108
105 110
105 111
105 112
105 113
105 115
105 116
105 117
105 118
105 121
105 122
105 123
105 124
105 126
105 127
105 128
105 131
105 132
105 134
106 1
106 7
106 8
106 11
106 12
106 16
106 17
106 22
106 23
106 25
106 27
106 29
106 30
106 31
106 33
106 35
106 37
106 39
106 40
106 44
106 45
106 47
106 49
106 52
106 56
106 57
106 58
106 59
106 67
106 68
106 70
106 77
106 78
106 81
106 82
106 84
106 86
106 89
106 90
106 91
106 92
106 97
106 98
106 99
106 101
106 104
106 105
106 107
106 110
106 111
106 113
106 114
106 120
106 123
106 125
106 128
106 130
106 132
106 133
107 1
107 4
107 7
107 8
107 9
107 10
107 11
107 12
107 13
107 14
107 17
107 19
107 21
107 25
107 27
107 30
107 31
107 35
107 36
107 39
107 40
107 41
107 44
107 45
107 47
107 48
107 49
107 52
107 55
107 56
107 57
107 59
107 62
107 63
107 64
107 66
107 69
107 70
107 74
107 75
107 76
107 79
107 81
107 82
107 84
107 86
107 90
107 91
107 92
107 94
107 97
107 98
107 100
107 101
107 103
107 104
107 105
107 106
107 108
107 110
107 111
107 112
107 113
107 114
107 115
107 116
107 119
107 120
107 121
107 123
107 124
107 126
107 127
107 128
107 129
107 130
107 132
107 133
108 1
108 3
108 5
108 6
108 7
108 8
108 11
108 12
108 13
108 14
108 15
108 16
108 19
108 20
108 22
108 27
108 29
108 30
108 31
108 35
108 36
108 38
108 39
108 40
108 43
108 49
108 50
108 51
108 52
108 54
108 55
108 56
108 57
108 59
108 60
108 61
108 62
108 63
108 64
108 67
108 69
108 74
108 75
108 76
108 77
108 78
108 79
108 81
108 84
108 85
108 88
108 89
108 90
108 91
108 92
108 96
108 98
108 100
108 101
108 104
108 105
108 107
108 110
108 111
108 112
108 115
108 116
108 120
108 121
108 122
108 123
108 124
108 126
108 127
108 129
108 130
108 132
109 1
109 2
109 4
109 6
109 7
109 11
109 12
109 15
109 17
109 18
109 20
109 25
109 26
109 27
109 30
109 35
109 38
109 39
109 40
109 42
109 45
109 54
109 55
109 57
109 58
109 59
109 61
109 65
109 67
109 68
109 70
109 77
109 80
109 81
109 82
109 87
109 89
109 93
109 96
109 97
109 98
109 99
109 103
109 117
109 128
110 1
110 11
110 12
110 13
110 20
110 25
110 30
110 31
110 32
110 36
110 38
110 39
110 40
110 45
110 49
110 52
110 54
110 56
110 58
110 59
110 60
110 61
110 62
110 69
110 70
110 71
110 72
110 80
110 81
110 82
110 84
110 86
110 89
110 90
110 92
110 97
110 98
110 101
110 105
110 106
110 107
110 108
110 111
110 119
110 120
110 123
110 124
110 125
110 128
110 132
111 1
111 3
111 6
111 7
111 8
111 9
111 10
111 11
111 12
111 13
111 14
111 15
111 16
111 24
111 27
111 30
111 33
111 35
111 36
111 38
111 40
111 41
111 45
111 46
111 49
111 50
111 52
111 55
111 56
111 59
111 60
111 62
111 63
111 64
111 66
111 69
111 70
111 71
111 72
111 74
111 75
111 76
111 77
111 78
111 79
111 83
111 84
111 86
111 89
111 94
111 97
111 100
111 101
111 103
111 104
111 105
111 106
111 107
111 108
111 110
111 112
111 115
111 116
111 123
111 124
111 128
111 129
111 130
111 134
112 1
112 6
112 8
112 9
112 12
112 22
112 23
112 27
112 35
112 36
112 38
112 40
112 44
112 45
112 46
112 47
112 49
112 50
112 54
112 56
112 58
112 60
112 63
112 67
112 69
112 70
112 81
112 82
112 83
112 84
112 92
112 94
112 99
112 100
112 103
112 104
112 105
112 107
112 108
112 111
112 113
112 114
112 115
112 116
112 122
112 123
112 127
112 133
113 1
113 7
113 8
113 9
113 10
113 11
113 16
113 19
113 21
113 22
113 27
113 30
113 31
113 35
113 36
113 38
113 40
113 41
113 45
113 47
113 49
113 54
113 63
113 67
113 69
113 70
113 73
113 76
113 78
113 79
113 81
113 84
113 90
113 92
113 97
113 98
113 100
113 104
113 105
113 106
113 107
113 112
113 114
113 115
113 119
113 121
113 122
113 123
113 124
113 127
113 130
113 133
114 1
114 7
114 8
114 9
114 10
114 12
114 15
114 17
114 19
114 20
114 22
114 27
114 30
114 31
114 35
114 36
114 38
114 40
114 41
114 44
114 46
114 47
114 49
114 50
114 54
114 56
114 58
114 59
114 63
114 66
114 68
114 69
114 70
114 77
114 78
114 79
114 82
114 83
114 87
114 89
114 90
114 91
114 92
114 94
114 104
114 106
114 107
114 112
114 113
114 115
114 122
114 127
114 133
115 1
115 3
115 4
115 5
115 7
115 8
115 9
115 10
115 11
115 12
115 13
115 14
115 15
115 16
115 22
115 25
115 30
115 31
115 32
115 33
115 35
115 36
115 38
115 39
115 40
115 41
115 45
115 47
115 49
115 50
115 52
115 54
115 56
115 57
115 58
115 59
115 60
115 61
115 63
115 64
115 66
115 67
115 69
115 70
115 71
115 72
115 73
115 74
115 77
115 79
115 82
115 83
115 84
115 86
115 87
115 89
115 90
115 91
115 92
115 93
115 98
115 100
115 101
115 102
115 103
115 105
115 107
115 108
115 111
115 112
115 113
115 114
115 118
115 120
115 121
115 123
115 124
115 127
115 128
115 129
115 130
115 131
115 132
115 134
116 1
116 4
116 7
116 8
116 10
116 11
116 12
116 13
116 19
116 20
116 23
116 30
116 31
116 35
116 36
116 38
116 40
116 41
116 43
116 44
116 49
116 50
116 55
116 57
116 58
116 59
116 61
116 63
116 66
116 67
116 68
116 69
116 70
116 77
116 79
116 82
116 83
116 84
116 86
116 87
116 88
116 91
116 92
116 94
116 97
116 99
116 100
116 101
116 102
116 103
116 104
116 105
116 107
116 108
116 111
116 112
116 120
116 121
116 123
116 124
116 127
116 130
116 132
116 133
117 1
117 2
117 4
117 7
117 15
117 17
117 20
117 27
117 29
117 30
117 31
117 33
117 34
117 35
117 36
117 37
117 39
117 40
117 43
117 45
117 47
117 49
117 54
117 56
117 57
117 59
117 61
117 64
117 65
117 67
117 69
117 70
117 72
117 77
117 80
117 82
117 83
117 86
117 87
117 89
117 93
117 94
117 96
117 98
117 99
117 101
117 102
117 103
117 105
117 109
117 121
117 123
117 128
117 129
117 133
118 1
118 2
118 7
118 10
118 11
118 12
118 15
118 18
118 20
118 26
118 29
118 30
118 31
118 35
118 38
118 39
118 40
118 42
118 44
118 45
118 54
118 55
118 57
118 58
118 59
118 60
118 63
118 65
118 69
118 77
118 80
118 83
118 84
118 86
118 90
118 92
118 94
118 96
118 97
118 101
118 105
118 115
118 120
119 1
119 2
119 4
119 7
119 9
119 10
119 12
119 13
119 15
119 19
119 20
119 22
119 25
119 26
119 27
119 30
119 31
119 35
119 38
119 40
119 41
119 46
119 49
119 56
119 58
119 59
119 62
119 63
119 66
119 68
119 69
119 70
119 72
119 73
119 77
119 79
119 81
119 84
119 86
119 90
119 92
119 97
119 101
119 107
119 110
119 113
119 120
119 121
119 122
119 123
119 132
119 134
120 1
120 5
120 7
120 8
120 10
120 11
120 12
120 15
120 16
120 18
120 20
120 22
120 24
120 25
120 27
120 29
120 30
120 31
120 32
120 35
120 36
120 38
120 40
120 41
120 42
120 43
120 46
120 47
120 49
120 50
120 52
120 54
120 57
120 58
120 59
120 60
120 61
120 62
120 63
120 65
120 66
120 69
120 70
120 71
120 72
120 74
120 75
120 77
120 79
120 81
120 82
120 84
120 86
120 92
120 94
120 96
120 100
120 103
120 106
120 107
120 108
120 110
120 115
120 116
120 118
120 119
120 121
120 123
120 127
120 133
120 134
121 1
121 3
121 4
121 7
121 8
121 10
121 11
121 12
121 13
121 16
121 21
121 22
121 27
121 28
121 30
121 31
121 32
121 33
121 36
121 38
121 39
121 40
121 44
121 45
121 47
121 49
121 50
121 52
121 54
121 56
121 57
121 58
121 59
121 60
121 61
121 62
121 63
121 64
121 66
121 68
121 69
121 70
121 71
121 77
121 79
121 81
121 82
121 84
121 86
121 87
121 90
121 91
121 92
121 93
121 94
121 97
121 98
121 99
121 100
121 101
121 105
121 107
121 108
121 113
121 115
121 116
121 117
121 119
121 120
121 123
121 124
121 126
121 128
121 129
121 131
121 132
122 1
122 7
122 8
122 9
122 11
122 12
122 13
122 19
122 22
122 23
122 27
122 30
122 31
122 35
122 38
122 40
122 46
122 47
122 49
122 50
122 59
122 63
122 67
122 69
122 70
122 73
122 75
122 77
122 78
122 79
122 81
122 82
122 83
122 84
122 89
122 92
122 94
122 97
122 101
122 104
122 105
122 108
122 112
122 113
122 114
122 119
122 133
123 1
123 3
123 7
123 9
123 10
123 11
123 12
123 16
123 18
123 19
123 20
123 21
123 22
123 23
123 25
123 26
123 30
123 31
123 32
123 33
123 34
123 35
123 38
123 39
123 40
123 41
123 45
123 46
123 47
123 49
123 58
123 59
123 60
123 63
123 66
123 67
123 69
123 70
123 72
123 75
123 76
123 77
123 79
123 81
123 82
123 84
123 85
123 86
123 89
123 91
123 92
123 97
123 98
123 100
123 101
123 104
123 105
123 106
123 107
123 108
123 110
123 111
123 112
123 113
123 115
123 116
123 117
123 119
123 120
123 121
123 125
123 127
123 129
123 132
123 133
123 134
124 1
124 2
124 7
124 10
124 11
124 12
124 13
124 14
124 20
124 22
124 24
124 27
124 30
124 31
124 35
124 36
124 39
124 40
124 41
124 43
124 44
124 45
124 46
124 49
124 50
124 52
124 54
124 55
124 56
124 57
124 59
124 61
124 62
124 63
124 64
124 67
124 68
124 69
124 70
124 71
124 74
124 75
124 76
124 78
124 79
124 81
124 82
124 89
124 92
124 97
124 98
124 100
124 103
124 104
124 105
124 107
124 108
124 110
124 111
124 113
124 115
124 116
124 121
124 125
124 126
124 129
124 130
124 132
124 133
124 134
125 1
125 7
125 8
125 9
125 11
125 12
125 13
125 16
125 30
125 35
125 36
125 38
125 39
125 40
125 44
125 45
125 50
125 54
125 56
125 59
125 60
125 63
125 69
125 70
125 71
125 76
125 78
125 79
125 82
125 84
125 86
125 89
125 90
125 92
125 97
125 98
125 99
125 100
125 104
125 106
125 110
125 123
125 124
125 127
125 130
126 1
126 4
126 7
126 9
126 10
126 11
126 12
126 13
126 16
126 22
126 27
126 30
126 32
126 35
126 40
126 43
126 45
126 49
126 50
126 54
126 55
126 56
126 63
126 69
126 70
126 71
126 74
126 77
126 79
126 81
126 84
126 89
126 92
126 100
126 101
126 105
126 107
126 108
126 121
126 124
126 130
126 132
126 133
127 1
127 8
127 10
127 11
127 12
127 13
127 16
127 19
127 22
127 23
127 27
127 30
127 31
127 32
127 35
127 36
127 38
127 40
127 41
127 45
127 46
127 49
127 50
127 56
127 57
127 58
127 59
127 62
127 66
127 69
127 70
127 75
127 76
127 78
127 79
127 81
127 82
127 84
127 92
127 97
127 98
127 100
127 101
127 103
127 104
127 105
127 107
127 108
127 112
127 113
127 114
127 115
127 116
127 120
127 123
127 125
127 130
127 132
127 133
128 1
128 2
128 6
128 7
128 8
128 10
128 11
128 12
128 15
128 20
128 24
128 25
128 26
128 27
128 29
128 30
128 31
128 33
128 34
128 38
128 39
128 40
128 41
128 42
128 43
128 45
128 49
128 50
128 54
128 55
128 56
128 57
128 58
128 59
128 61
128 63
128 65
128 66
128 69
128 70
128 71
128 72
128 75
128 77
128 79
128 81
128 82
128 83
128 84
128 85
128 86
128 88
128 89
128 91
128 92
128 94
128 97
128 98
128 100
128 101
128 103
128 105
128 106
128 107
128 109
128 110
128 111
128 115
128 117
128 121
128 129
128 131
128 132
129 1
129 4
129 8
129 10
129 11
129 12
129 13
129 16
129 22
129 23
129 25
129 28
129 30
129 31
129 32
129 36
129 38
129 39
129 40
129 43
129 44
129 47
129 49
129 57
129 58
129 59
129 60
129 62
129 64
129 66
129 67
129 69
129 70
129 71
129 72
129 74
129 81
129 84
129 86
129 87
129 89
129 90
129 91
129 92
129 93
129 94
129 96
129 97
129 98
129 99
129 100
129 101
129 107
129 108
129 111
129 115
129 117
129 121
129 123
129 124
129 128
129 132
130 1
130 3
130 8
130 11
130 12
130 13
130 22
130 23
130 27
130 30
130 31
130 32
130 35
130 36
130 39
130 40
130 47
130 48
130 49
130 50
130 51
130 52
130 54
130 55
130 56
130 57
130 58
130 59
130 60
130 61
130 63
130 69
130 70
130 71
130 74
130 75
130 76
130 78
130 79
130 81
130 82
130 84
130 87
130 89
130 90
130 91
130 92
130 97
130 100
130 101
130 104
130 106
130 107
130 108
130 111
130 113
130 115
130 116
130 124
130 125
130 126
130 127
130 133
131 1
131 2
131 7
131 10
131 11
131 12
131 15
131 20
131 27
131 29
131 31
131 38
131 39
131 40
131 54
131 56
131 57
131 58
131 59
131 61
131 64
131 67
131 69
131 70
131 71
131 77
131 80
131 81
131 82
131 83
131 84
131 89
131 92
131 97
131 101
131 105
131 115
131 121
131 128
132 1
132 7
132 10
132 11
132 12
132 19
132 20
132 24
132 27
132 30
132 31
132 32
132 36
132 38
132 40
132 44
132 45
132 49
132 51
132 54
132 56
132 58
132 59
132 61
132 63
132 64
132 65
132 66
132 68
132 69
132 70
132 71
132 77
132 79
132 81
132 82
132 84
132 88
132 92
132 94
132 96
132 97
132 100
132 101
132 105
132 106
132 107
132 108
132 110
132 115
132 116
132 119
132 121
132 123
132 124
132 126
132 127
132 128
132 129
132 133
133 1
133 2
133 3
133 6
133 7
133 8
133 9
133 11
133 12
133 13
133 16
133 17
133 21
133 23
133 24
133 25
133 27
133 30
133 32
133 33
133 35
133 36
133 38
133 40
133 45
133 47
133 48
133 49
133 50
133 52
133 56
133 57
133 61
133 63
133 67
133 68
133 69
133 70
133 73
133 74
133 75
133 76
133 77
133 78
133 79
133 81
133 82
133 84
133 86
133 87
133 89
133 90
133 92
133 94
133 98
133 100
133 101
133 102
133 103
133 104
133 106
133 107
133 112
133 113
133 114
133 116
133 117
133 120
133 122
133 123
133 124
133 126
133 127
133 130
133 132
134 4
134 7
134 10
134 11
134 12
134 16
134 31
134 36
134 38
134 39
134 40
134 41
134 44
134 46
134 49
134 50
134 55
134 56
134 58
134 59
134 60
134 62
134 63
134 66
134 68
134 70
134 74
134 75
134 78
134 79
134 81
134 84
134 86
134 89
134 90
134 91
134 92
134 97
134 100
134 101
134 105
134 111
134 115
134 119
134 120
134 123
134 124
135 1
135 2
135 7
135 12
135 15
135 17
135 19
135 25
135 26
135 28
135 30
135 34
135 35
135 36
135 37
135 40
135 46
135 53
135 55
135 56
135 57
135 58
135 59
135 60
135 63
135 70
135 77
135 79
135 80
135 84
135 86
135 87
135 89
135 91
135 93
135 97
135 101

8
46
83
93
155
160
185
192
251
263
284
320
337
361
381
408
447
461
502
510
532
595
715
883
947
1012
1062
1275
1364
1490
1498
1509
1517
1521
1532
1535
1549
1621
1699
1704
1712
1781
1801
1825
1901
1960
1999
2056
2148
2270
2292
2350
2366
2367
2374
2401
2475
2476
2478
2486
2493
2495
2499
2503
2505
2514
2522
2524
2525
2526
2527
2611
2730
2863
2942
3050
3194
4694
4699
4986
5000
5006
5016
5033
5041
5049
5053
5060
5063
5064
5076
5117
5126
5127
5137
5139
5152
5157
5161
5162
5168
5172
5187
5192
5397
5437
5799
6244
6354
6361
6706
7669
7693
7694
7697
7699
7704
7705
7718
7719
7723
7729
7734
7736
7740
7742
7748
7749
7794
7857
7859
7978
8024
8027
12087
30513
