82 3078 32
0 1
0 2
0 3
0 4
0 5
0 6
0 7
0 8
0 9
0 10
0 11
0 12
0 13
0 14
0 15
0 16
0 17
0 18
0 19
0 20
0 21
0 22
0 23
0 24
0 25
0 26
0 27
0 28
0 29
0 30
0 31
0 32
0 33
0 34
0 35
0 36
0 37
0 38
0 39
0 40
0 48
0 49
0 50
0 51
0 52
0 53
0 55
0 56
1 0
1 2
1 3
1 4
1 5
1 6
1 7
1 8
1 9
1 10
1 11
1 12
1 13
1 14
1 15
1 16
1 17
1 18
1 19
1 20
1 21
1 22
1 23
1 24
1 25
1 26
1 27
1 28
1 29
1 30
1 31
1 32
1 33
1 34
1 35
1 36
1 37
1 38
1 39
1 40
1 48
1 49
1 50
1 51
1 52
1 53
1 54
1 55
1 56
2 0
2 1
2 3
2 4
2 5
2 6
2 9
2 10
2 11
2 12
2 14
2 15
2 16
2 17
2 18
2 19
2 20
2 21
2 22
2 23
2 25
2 26
2 27
2 28
2 29
2 30
2 31
2 32
2 33
2 34
2 35
2 36
2 38
2 39
2 40
2 48
2 49
2 50
2 51
2 52
2 53
2 54
2 55
2 56
3 0
3 1
3 2
3 4
3 5
3 6
3 7
3 8
3 9
3 10
3 11
3 12
3 13
3 14
3 15
3 16
3 17
3 18
3 19
3 20
3 21
3 22
3 24
3 25
3 27
3 28
3 29
3 31
3 32
3 34
3 35
3 37
3 38
3 39
3 48
3 49
3 50
3 51
3 52
3 53
3 55
4 0
4 1
4 2
4 3
4 5
4 6
4 7
4 8
4 9
4 10
4 11
4 12
4 14
4 15
4 16
4 17
4 18
4 19
4 20
4 21
4 22
4 23
4 24
4 25
4 26
4 27
4 28
4 29
4 30
4 31
4 32
4 33
4 34
4 35
4 36
4 37
4 38
4 39
4 40
4 48
4 49
4 50
4 51
4 52
4 53
4 54
4 55
4 56
5 0
5 1
5 2
5 3
5 4
5 6
5 7
5 8
5 9
5 10
5 11
5 12
5 13
5 14
5 15
5 16
5 17
5 18
5 19
5 20
5 21
5 22
5 23
5 24
5 25
5 26
5 27
5 28
5 29
5 30
5 31
5 32
5 33
5 34
5 35
5 36
5 37
5 38
5 39
5 40
5 48
5 49
5 50
5 51
5 52
5 53
5 54
5 55
5 56
6 0
6 1
6 2
6 3
6 4
6 5
6 7
6 8
6 9
6 10
6 11
6 12
6 13
6 14
6 15
6 16
6 17
6 18
6 19
6 20
6 21
6 22
6 23
6 24
6 25
6 26
6 27
6 28
6 29
6 30
6 31
6 32
6 33
6 34
6 35
6 36
6 37
6 38
6 39
6 40
6 48
6 49
6 50
6 51
6 52
6 53
6 54
6 55
6 56
7 0
7 1
7 3
7 4
7 5
7 6
7 8
7 9
7 10
7 11
7 12
7 13
7 14
7 15
7 16
7 17
7 18
7 20
7 21
7 22
7 23
7 24
7 27
7 28
7 30
7 31
7 32
7 33
7 34
7 38
7 39
7 48
7 49
7 50
7 52
7 54
7 55
7 56
8 0
8 1
8 3
8 4
8 5
8 6
8 7
8 11
8 12
8 13
8 14
8 15
8 16
8 17
8 18
8 20
8 21
8 22
8 23
8 24
8 25
8 26
8 27
8 29
8 30
8 31
8 32
8 33
8 34
8 36
8 37
8 39
8 40
8 50
8 51
8 52
8 54
8 56
9 0
9 1
9 2
9 3
9 4
9 5
9 6
9 7
9 11
9 12
9 14
9 15
9 16
9 17
9 18
9 19
9 20
9 21
9 22
9 23
9 24
9 25
9 26
9 27
9 29
9 30
9 31
9 32
9 33
9 34
9 35
9 36
9 37
9 39
9 40
9 50
9 51
9 52
9 53
9 54
9 55
9 56
10 0
10 1
10 2
10 3
10 4
10 5
10 6
10 7
10 11
10 12
10 13
10 14
10 15
10 16
10 17
10 18
10 20
10 21
10 22
10 23
10 24
10 25
10 26
10 27
10 29
10 30
10 31
10 32
10 33
10 34
10 36
10 37
10 39
10 40
10 50
10 51
10 52
10 54
10 56
11 0
11 1
11 2
11 3
11 4
11 5
11 6
11 7
11 8
11 9
11 10
11 12
11 14
11 15
11 16
11 17
11 18
11 19
11 20
11 21
11 22
11 23
11 24
11 25
11 26
11 27
11 28
11 29
11 30
11 31
11 32
11 33
11 34
11 35
11 36
11 37
11 38
11 39
11 40
11 48
11 49
11 50
11 51
11 52
11 53
11 54
11 55
11 56
12 0
12 1
12 2
12 3
12 4
12 5
12 6
12 7
12 8
12 9
12 10
12 11
12 13
12 14
12 15
12 16
12 18
12 19
12 20
12 21
12 22
12 23
12 24
12 27
12 28
12 31
12 32
12 33
12 34
12 35
12 36
12 38
12 39
12 48
12 49
12 50
12 51
12 52
12 53
12 54
12 55
12 56
13 0
13 1
13 3
13 5
13 6
13 7
13 8
13 10
13 12
13 14
13 15
13 16
13 17
13 18
13 20
13 21
13 22
13 24
13 25
13 27
13 29
13 32
13 33
13 34
13 35
13 36
13 37
13 39
13 40
13 48
13 49
13 50
13 51
13 52
13 54
13 55
13 56
14 0
14 1
14 2
14 3
14 4
14 5
14 6
14 7
14 8
14 9
14 10
14 11
14 12
14 13
14 15
14 18
14 19
14 20
14 21
14 22
14 23
14 25
14 26
14 27
14 28
14 29
14 30
14 31
14 33
14 34
14 35
14 36
14 38
14 40
14 48
14 49
14 50
14 51
14 52
14 54
14 55
14 56
15 0
15 1
15 2
15 3
15 4
15 5
15 6
15 7
15 8
15 9
15 10
15 11
15 12
15 13
15 14
15 16
15 17
15 18
15 19
15 20
15 21
15 22
15 23
15 24
15 26
15 27
15 28
15 29
15 30
15 31
15 32
15 33
15 34
15 35
15 36
15 37
15 38
15 39
15 40
15 48
15 49
15 50
15 51
15 52
15 53
15 54
15 55
15 56
16 0
16 1
16 2
16 3
16 4
16 5
16 6
16 7
16 8
16 9
16 10
16 11
16 12
16 13
16 15
16 17
16 18
16 20
16 21
16 22
16 23
16 24
16 25
16 26
16 27
16 28
16 30
16 31
16 32
16 33
16 34
16 35
16 37
16 38
16 39
16 40
16 48
16 49
16 51
16 52
16 53
16 54
16 55
16 56
17 0
17 1
17 2
17 3
17 4
17 5
17 6
17 7
17 8
17 9
17 10
17 11
17 13
17 15
17 16
17 18
17 19
17 21
17 22
17 23
17 24
17 25
17 26
17 27
17 28
17 29
17 33
17 34
17 35
17 37
17 38
17 39
17 40
17 48
17 49
17 50
17 51
17 52
17 53
17 54
17 56
18 0
18 1
18 2
18 3
18 4
18 5
18 6
18 7
18 8
18 9
18 10
18 11
18 12
18 13
18 14
18 15
18 16
18 17
18 19
18 20
18 21
18 22
18 23
18 24
18 25
18 26
18 27
18 28
18 29
18 30
18 31
18 32
18 33
18 34
18 35
18 36
18 37
18 38
18 39
18 40
18 48
18 49
18 50
18 51
18 52
18 53
18 54
18 55
18 56
19 0
19 1
19 2
19 3
19 4
19 5
19 6
19 9
19 11
19 12
19 14
19 15
19 17
19 18
19 20
19 21
19 23
19 25
19 26
19 28
19 29
19 31
19 32
19 34
19 35
19 36
19 38
19 39
19 48
19 49
19 51
19 52
19 53
19 54
19 55
20 0
20 1
20 2
20 3
20 4
20 5
20 6
20 7
20 8
20 9
20 10
20 11
20 12
20 13
20 14
20 15
20 16
20 18
20 19
20 21
20 22
20 23
20 24
20 25
20 26
20 27
20 28
20 29
20 30
20 31
20 32
20 33
20 34
20 35
20 36
20 37
20 38
20 39
20 40
20 48
20 50
20 52
20 53
20 54
20 55
20 56
21 0
21 1
21 2
21 3
21 4
21 5
21 6
21 7
21 8
21 9
21 10
21 11
21 12
21 13
21 14
21 15
21 16
21 17
21 18
21 19
21 20
21 22
21 24
21 25
21 26
21 27
21 28
21 29
21 30
21 31
21 32
21 33
21 34
21 35
21 36
21 37
21 38
21 39
21 48
21 49
21 50
21 52
21 53
21 54
21 55
21 56
22 0
22 1
22 2
22 3
22 4
22 5
22 6
22 7
22 8
22 9
22 10
22 11
22 12
22 13
22 14
22 15
22 16
22 17
22 18
22 20
22 21
22 23
22 24
22 25
22 27
22 28
22 29
22 30
22 31
22 32
22 33
22 34
22 35
22 36
22 37
22 38
22 39
22 40
22 48
22 49
22 50
22 51
22 52
22 53
22 54
22 55
22 56
23 0
23 1
23 2
23 4
23 5
23 6
23 7
23 8
23 9
23 10
23 11
23 12
23 14
23 15
23 16
23 17
23 18
23 19
23 20
23 22
23 24
23 25
23 27
23 28
23 29
23 30
23 31
23 32
23 33
23 34
23 35
23 38
23 39
23 40
23 48
23 50
23 51
23 53
23 54
23 55
23 56
24 0
24 1
24 3
24 4
24 5
24 6
24 7
24 8
24 9
24 10
24 11
24 12
24 13
24 15
24 16
24 17
24 18
24 20
24 21
24 22
24 23
24 27
24 28
24 31
24 32
24 33
24 34
24 35
24 38
24 39
24 48
24 49
24 50
24 52
24 53
24 54
24 56
25 0
25 1
25 2
25 3
25 4
25 5
25 6
25 8
25 9
25 10
25 11
25 13
25 14
25 16
25 17
25 18
25 19
25 20
25 21
25 22
25 23
25 26
25 28
25 29
25 31
25 32
25 34
25 35
25 36
25 37
25 38
25 39
25 40
25 48
25 49
25 51
25 52
25 55
26 0
26 1
26 2
26 4
26 5
26 6
26 8
26 9
26 10
26 11
26 14
26 15
26 16
26 17
26 18
26 19
26 20
26 21
26 25
26 28
26 29
26 30
26 31
26 32
26 34
26 35
26 36
26 37
26 38
26 39
26 40
26 48
26 49
26 51
26 52
26 54
26 55
27 0
27 1
27 2
27 3
27 4
27 5
27 6
27 7
27 8
27 9
27 10
27 11
27 12
27 13
27 14
27 15
27 16
27 17
27 18
27 20
27 21
27 22
27 23
27 24
27 30
27 31
27 32
27 33
27 34
27 36
27 37
27 38
27 39
27 40
27 48
27 49
27 50
27 51
27 52
27 54
28 0
28 1
28 2
28 3
28 4
28 5
28 6
28 7
28 11
28 12
28 14
28 15
28 16
28 17
28 18
28 19
28 20
28 21
28 22
28 23
28 24
28 25
28 26
28 29
28 30
28 31
28 32
28 33
28 34
28 35
28 36
28 37
28 40
28 49
28 51
28 52
28 53
28 54
28 55
28 56
29 0
29 1
29 2
29 3
29 4
29 5
29 6
29 8
29 9
29 10
29 11
29 13
29 14
29 15
29 17
29 18
29 19
29 20
29 21
29 22
29 23
29 25
29 26
29 28
29 30
29 31
29 32
29 33
29 34
29 35
29 36
29 37
29 40
29 48
29 49
29 51
29 52
29 53
29 55
30 0
30 1
30 2
30 4
30 5
30 6
30 7
30 8
30 9
30 10
30 11
30 14
30 15
30 16
30 18
30 20
30 21
30 22
30 23
30 26
30 27
30 28
30 29
30 31
30 32
30 33
30 34
30 35
30 37
30 38
30 40
30 49
30 50
30 53
30 54
30 55
30 56
31 0
31 1
31 2
31 3
31 4
31 5
31 6
31 7
31 8
31 9
31 10
31 11
31 12
31 14
31 15
31 16
31 18
31 19
31 20
31 21
31 22
31 23
31 24
31 25
31 26
31 27
31 28
31 29
31 30
31 32
31 33
31 34
31 35
31 36
31 37
31 38
31 39
31 40
31 48
31 49
31 50
31 51
31 52
31 53
31 54
31 55
32 0
32 1
32 2
32 3
32 4
32 5
32 6
32 7
32 8
32 9
32 10
32 11
32 12
32 13
32 15
32 16
32 18
32 19
32 20
32 21
32 22
32 23
32 24
32 25
32 26
32 27
32 28
32 29
32 30
32 31
32 34
32 35
32 38
32 39
32 40
32 48
32 49
32 50
32 51
32 52
32 54
32 56
33 0
33 1
33 2
33 4
33 5
33 6
33 7
33 8
33 9
33 10
33 11
33 12
33 13
33 14
33 15
33 16
33 17
33 18
33 20
33 21
33 22
33 23
33 24
33 27
33 28
33 29
33 30
33 31
33 34
33 35
33 36
33 37
33 38
33 40
33 49
33 51
33 52
33 53
33 54
33 55
33 56
34 0
34 1
34 2
34 3
34 4
34 5
34 6
34 7
34 8
34 9
34 10
34 11
34 12
34 13
34 14
34 15
34 16
34 17
34 18
34 19
34 20
34 21
34 22
34 23
34 24
34 25
34 26
34 27
34 28
34 29
34 30
34 31
34 32
34 33
34 35
34 36
34 37
34 38
34 39
34 40
34 48
34 49
34 50
34 51
34 52
34 53
34 54
34 55
35 0
35 1
35 2
35 3
35 4
35 5
35 6
35 9
35 11
35 12
35 13
35 14
35 15
35 16
35 17
35 18
35 19
35 20
35 21
35 22
35 23
35 24
35 25
35 26
35 28
35 29
35 30
35 31
35 32
35 33
35 34
35 36
35 38
35 39
35 40
35 48
35 49
35 50
35 52
35 53
35 54
35 55
35 56
36 0
36 1
36 2
36 4
36 5
36 6
36 8
36 9
36 10
36 11
36 12
36 13
36 14
36 15
36 18
36 19
36 20
36 21
36 22
36 25
36 26
36 27
36 28
36 29
36 31
36 33
36 34
36 35
36 37
36 38
36 40
36 48
36 49
36 51
36 52
36 55
36 56
37 0
37 1
37 3
37 4
37 5
37 6
37 8
37 9
37 10
37 11
37 13
37 15
37 16
37 17
37 18
37 20
37 21
37 22
37 25
37 26
37 27
37 28
37 29
37 30
37 31
37 33
37 34
37 36
37 38
37 40
37 48
37 49
37 50
37 51
37 52
37 53
37 54
37 55
37 56
38 0
38 1
38 2
38 3
38 4
38 5
38 6
38 7
38 11
38 12
38 14
38 15
38 16
38 17
38 18
38 19
38 20
38 21
38 22
38 23
38 24
38 25
38 26
38 27
38 30
38 31
38 32
38 33
38 34
38 35
38 36
38 37
38 39
38 40
38 49
38 50
38 51
38 52
38 53
38 54
38 55
39 0
39 1
39 2
39 3
39 4
39 5
39 6
39 7
39 8
39 9
39 10
39 11
39 12
39 13
39 15
39 16
39 17
39 18
39 19
39 20
39 21
39 22
39 23
39 24
39 25
39 26
39 27
39 31
39 32
39 34
39 35
39 38
39 49
39 50
39 51
39 52
39 54
39 55
39 56
40 0
40 1
40 2
40 4
40 5
40 6
40 8
40 9
40 10
40 11
40 13
40 14
40 15
40 16
40 17
40 18
40 20
40 22
40 23
40 25
40 26
40 27
40 28
40 29
40 30
40 31
40 32
40 33
40 34
40 35
40 36
40 37
40 38
40 48
40 49
40 50
40 51
40 52
40 54
40 55
41 42
41 43
41 44
41 45
41 46
41 47
41 57
41 58
41 59
41 60
41 61
41 62
41 63
41 64
41 65
41 66
41 67
41 68
41 69
41 70
41 71
41 72
41 73
41 74
41 75
41 76
41 77
41 78
41 79
41 80
41 81
42 41
42 43
42 44
42 45
42 46
42 47
42 57
42 58
42 59
42 60
42 61
42 62
42 63
42 64
42 65
42 66
42 67
42 68
42 69
42 70
42 71
42 72
42 73
42 74
42 75
42 76
42 77
42 78
42 79
42 80
42 81
43 41
43 42
43 44
43 45
43 46
43 47
43 57
43 58
43 59
43 60
43 61
43 62
43 63
43 64
43 65
43 66
43 67
43 68
43 69
43 70
43 71
43 72
43 73
43 74
43 75
43 76
43 77
43 78
43 79
43 80
43 81
44 41
44 42
44 43
44 45
44 46
44 47
44 57
44 58
44 59
44 60
44 61
44 62
44 63
44 64
44 65
44 66
44 67
44 68
44 69
44 70
44 71
44 72
44 73
44 74
44 75
44 76
44 77
44 78
44 79
44 80
44 81
45 41
45 42
45 43
45 44
45 46
45 47
45 57
45 58
45 59
45 60
45 61
45 62
45 63
45 64
45 65
45 66
45 67
45 68
45 69
45 70
45 71
45 72
45 73
45 74
45 75
45 76
45 77
45 78
45 79
45 80
45 81
46 41
46 42
46 43
46 44
46 45
46 47
46 57
46 58
46 59
46 60
46 61
46 62
46 63
46 64
46 65
46 66
46 67
46 68
46 69
46 70
46 71
46 72
46 73
46 74
46 75
46 76
46 77
46 78
46 79
46 80
46 81
47 41
47 42
47 43
47 44
47 45
47 46
47 57
47 58
47 59
47 60
47 61
47 62
47 63
47 64
47 65
47 66
47 67
47 68
47 69
47 70
47 71
47 72
47 73
47 74
47 75
47 76
47 77
47 78
47 79
47 80
47 81
48 0
48 1
48 2
48 3
48 4
48 5
48 6
48 7
48 11
48 12
48 13
48 14
48 15
48 16
48 17
48 18
48 19
48 20
48 21
48 22
48 23
48 24
48 25
48 26
48 27
48 29
48 31
48 32
48 34
48 35
48 36
48 37
48 40
48 50
48 51
48 52
48 53
48 54
48 55
49 0
49 1
49 2
49 3
49 4
49 5
49 6
49 7
49 11
49 12
49 13
49 14
49 15
49 16
49 17
49 18
49 19
49 21
49 22
49 24
49 25
49 26
49 27
49 28
49 29
49 30
49 31
49 32
49 33
49 34
49 35
49 36
49 37
49 38
49 39
49 40
49 51
49 52
49 53
49 54
49 55
49 56
50 0
50 1
50 2
50 3
50 4
50 5
50 6
50 7
50 8
50 9
50 10
50 11
50 12
50 13
50 14
50 15
50 17
50 18
50 20
50 21
50 22
50 23
50 24
50 27
50 30
50 31
50 32
50 34
50 35
50 37
50 38
50 39
50 40
50 48
50 51
50 52
50 54
50 56
51 0
51 1
51 2
51 3
51 4
51 5
51 6
51 8
51 9
51 10
51 11
51 12
51 13
51 14
51 15
51 16
51 17
51 18
51 19
51 22
51 23
51 25
51 26
51 27
51 28
51 29
51 31
51 32
51 33
51 34
51 36
51 37
51 38
51 39
51 40
51 48
51 49
51 50
51 52
51 53
51 55
51 56
52 0
52 1
52 2
52 3
52 4
52 5
52 6
52 7
52 8
52 9
52 10
52 11
52 12
52 13
52 14
52 15
52 16
52 17
52 18
52 19
52 20
52 21
52 22
52 24
52 25
52 26
52 27
52 28
52 29
52 31
52 32
52 33
52 34
52 35
52 36
52 37
52 38
52 39
52 40
52 48
52 49
52 50
52 51
52 53
52 55
52 56
53 0
53 1
53 2
53 3
53 4
53 5
53 6
53 9
53 11
53 12
53 15
53 16
53 17
53 18
53 19
53 20
53 21
53 22
53 23
53 24
53 28
53 29
53 30
53 31
53 33
53 34
53 35
53 37
53 38
53 48
53 49
53 51
53 52
53 54
54 1
54 2
54 4
54 5
54 6
54 7
54 8
54 9
54 10
54 11
54 12
54 13
54 14
54 15
54 16
54 17
54 18
54 19
54 20
54 21
54 22
54 23
54 24
54 26
54 27
54 28
54 30
54 31
54 32
54 33
54 34
54 35
54 37
54 38
54 39
54 40
54 48
54 49
54 50
54 53
54 55
54 56
55 0
55 1
55 2
55 3
55 4
55 5
55 6
55 7
55 9
55 11
55 12
55 13
55 14
55 15
55 16
55 18
55 19
55 20
55 21
55 22
55 23
55 25
55 26
55 28
55 29
55 30
55 31
55 33
55 34
55 35
55 36
55 37
55 38
55 39
55 40
55 48
55 49
55 51
55 52
55 54
56 0
56 1
56 2
56 4
56 5
56 6
56 7
56 8
56 9
56 10
56 11
56 12
56 13
56 14
56 15
56 16
56 17
56 18
56 20
56 21
56 22
56 23
56 24
56 28
56 30
56 32
56 33
56 35
56 36
56 37
56 39
56 49
56 50
56 51
56 52
56 54
57 41
57 42
57 43
57 44
57 45
57 46
57 47
57 58
57 59
57 60
57 61
57 62
57 63
57 64
57 65
57 67
57 68
57 69
57 70
57 71
57 72
57 73
57 74
57 75
57 76
57 77
57 78
57 79
57 80
57 81
58 41
58 42
58 43
58 44
58 45
58 46
58 47
58 57
58 59
58 61
58 62
58 63
58 64
58 65
58 66
58 67
58 68
58 69
58 70
58 71
58 72
58 73
58 74
58 75
58 76
58 77
58 78
58 79
58 80
58 81
59 41
59 42
59 43
59 44
59 45
59 46
59 47
59 57
59 58
59 60
59 61
59 62
59 63
59 64
59 65
59 66
59 67
59 68
59 69
59 70
59 71
59 72
59 73
59 74
59 75
59 76
59 77
59 78
59 79
59 80
60 41
60 42
60 43
60 44
60 45
60 46
60 47
60 57
60 59
60 61
60 62
60 63
60 64
60 65
60 66
60 67
60 68
60 69
60 70
60 71
60 72
60 73
60 74
60 75
60 76
60 77
60 78
60 79
60 80
61 41
61 42
61 43
61 44
61 45
61 46
61 47
61 57
61 58
61 59
61 60
61 62
61 63
61 64
61 65
61 66
61 67
61 68
61 69
61 70
61 71
61 72
61 73
61 74
61 75
61 76
61 77
61 78
61 79
61 80
61 81
62 41
62 42
62 43
62 44
62 45
62 46
62 47
62 57
62 58
62 59
62 60
62 61
62 63
62 64
62 65
62 66
62 67
62 68
62 69
62 70
62 71
62 72
62 73
62 74
62 75
62 76
62 77
62 78
62 79
62 80
62 81
63 41
63 42
63 43
63 44
63 45
63 46
63 47
63 57
63 58
63 59
63 60
63 61
63 62
63 64
63 65
63 66
63 67
63 68
63 69
63 70
63 71
63 72
63 73
63 74
63 75
63 76
63 77
63 78
63 79
63 80
63 81
64 41
64 42
64 43
64 44
64 45
64 46
64 47
64 57
64 58
64 59
64 60
64 61
64 62
64 63
64 65
64 66
64 67
64 68
64 69
64 70
64 71
64 72
64 73
64 74
64 75
64 76
64 77
64 78
64 79
64 80
64 81
65 41
65 42
65 43
65 44
65 45
65 46
65 47
65 57
65 58
65 59
65 60
65 61
65 62
65 63
65 64
65 66
65 67
65 68
65 69
65 70
65 71
65 72
65 73
65 74
65 75
65 76
65 77
65 78
65 79
65 80
65 81
66 41
66 42
66 43
66 44
66 45
66 46
66 47
66 58
66 59
66 60
66 61
66 62
66 63
66 64
66 65
66 67
66 68
66 69
66 70
66 71
66 72
66 73
66 74
66 75
66 76
66 77
66 78
66 79
66 80
66 81
67 41
67 42
67 43
67 44
67 45
67 46
67 47
67 57
67 58
67 59
67 60
67 61
67 62
67 63
67 64
67 65
67 66
67 68
67 69
67 70
67 71
67 72
67 73
67 74
67 75
67 76
67 77
67 78
67 79
67 80
67 81
68 41
68 42
68 43
68 44
68 45
68 46
68 47
68 57
68 58
68 59
68 60
68 61
68 62
68 63
68 64
68 65
68 66
68 67
68 69
68 70
68 71
68 72
68 73
68 74
68 75
68 76
68 77
68 78
68 79
68 80
68 81
69 41
69 42
69 43
69 44
69 45
69 46
69 47
69 57
69 58
69 59
69 60
69 61
69 62
69 63
69 64
69 65
69 66
69 67
69 68
69 70
69 71
69 72
69 73
69 74
69 75
69 76
69 77
69 78
69 79
69 80
69 81
70 41
70 42
70 43
70 44
70 45
70 46
70 47
70 57
70 58
70 59
70 60
70 61
70 62
70 63
70 64
70 65
70 66
70 67
70 68
70 69
70 71
70 72
70 73
70 74
70 75
70 76
70 77
70 78
70 79
70 80
70 81
71 41
71 42
71 43
71 44
71 45
71 46
71 47
71 57
71 58
71 59
71 60
71 61
71 62
71 63
71 64
71 65
71 66
71 67
71 68
71 69
71 70
71 72
71 73
71 74
71 75
71 76
71 77
71 78
71 79
71 80
71 81
72 41
72 42
72 43
72 44
72 45
72 46
72 47
72 57
72 58
72 59
72 60
72 61
72 62
72 63
72 64
72 65
72 66
72 67
72 68
72 69
72 70
72 71
72 73
72 74
72 75
72 76
72 77
72 78
72 79
72 80
72 81
73 41
73 42
73 43
73 44
73 45
73 46
73 47
73 57
73 58
73 59
73 60
73 61
73 62
73 63
73 64
73 65
73 66
73 67
73 68
73 69
73 70
73 71
73 72
73 74
73 75
73 76
73 77
73 78
73 79
73 80
73 81
74 41
74 42
74 43
74 44
74 45
74 46
74 47
74 57
74 58
74 59
74 60
74 61
74 62
74 63
74 64
74 65
74 66
74 67
74 68
74 69
74 70
74 71
74 72
74 73
74 75
74 76
74 77
74 78
74 79
74 80
74 81
75 41
75 42
75 43
75 44
75 45
75 46
75 47
75 57
75 58
75 59
75 60
75 61
75 62
75 63
75 64
75 65
75 66
75 67
75 68
75 69
75 70
75 71
75 72
75 73
75 74
75 76
75 77
75 78
75 79
75 80
75 81
76 41
76 42
76 43
76 44
76 45
76 46
76 47
76 57
76 58
76 59
76 60
76 61
76 62
76 63
76 64
76 65
76 66
76 67
76 68
76 69
76 70
76 71
76 72
76 73
76 74
76 75
76 77
76 78
76 79
76 80
76 81
77 41
77 42
77 43
77 44
77 45
77 46
77 47
77 57
77 58
77 59
77 60
77 61
77 62
77 63
77 64
77 65
77 66
77 67
77 68
77 69
77 70
77 71
77 72
77 73
77 74
77 75
77 76
77 78
77 79
77 80
77 81
78 41
78 42
78 43
78 44
78 45
78 46
78 47
78 57
78 58
78 59
78 60
78 61
78 62
78 63
78 64
78 65
78 66
78 67
78 68
78 69
78 70
78 71
78 72
78 73
78 74
78 75
78 76
78 77
78 79
78 80
78 81
79 41
79 42
79 43
79 44
79 45
79 46
79 47
79 57
79 58
79 59
79 60
79 61
79 62
79 63
79 64
79 65
79 66
79 67
79 68
79 69
79 70
79 71
79 72
79 73
79 74
79 75
79 76
79 77
79 78
79 80
79 81
80 41
80 42
80 43
80 44
80 45
80 46
80 47
80 57
80 58
80 59
80 60
80 61
80 62
80 63
80 64
80 65
80 66
80 67
80 68
80 69
80 70
80 71
80 72
80 73
80 74
80 75
80 76
80 77
80 78
80 79
80 81
81 41
81 42
81 43
81 44
81 45
81 46
81 47
81 57
81 58
81 61
81 62
81 63
81 64
81 65
81 66
81 67
81 68
81 69
81 70
81 71
81 72
81 73
81 74
81 75
81 76
81 77
81 78
81 79
81 80

65376
65377
65378
65381
65382
65386
65471
65477
65485
65487
65490
65496
65614
65761
65762
65770
65772
126478
138933
139305
183763
187518
188927
197018
327079
374904
386766
405473
428789
428843
465172
465462
465467
465554
465556
465993
512976
523434
597870
597962
612126
645658
645701
646643
646646
646787
646941
647089
654175
708092
708094
708121
708122
708241
708303
708305
708506
917947
924788
1033351
1033505
1033592
1034005
1034007
1034008
1034010
1034011
1034012
1034013
1034023
1034024
1034025
1034026
1034027
1034100
1034152
1199174
1442639
1442640
1442641
1442642
1442643
