140 10938 31
0 1
0 3
0 4
0 5
0 10
0 12
0 13
0 16
0 17
0 23
0 24
0 25
0 26
0 27
0 28
0 29
0 30
0 31
0 32
0 33
0 35
0 36
0 37
0 38
0 43
0 49
0 50
0 54
0 58
0 60
0 61
0 66
0 67
0 69
0 71
0 72
0 75
0 78
0 85
0 86
0 93
0 102
0 105
0 114
0 115
0 116
0 123
0 127
1 0
1 2
1 3
1 4
1 5
1 6
1 8
1 9
1 10
1 11
1 12
1 13
1 14
1 15
1 16
1 20
1 21
1 24
1 25
1 27
1 29
1 30
1 31
1 32
1 33
1 36
1 40
1 41
1 42
1 43
1 44
1 45
1 46
1 47
1 48
1 49
1 50
1 51
1 52
1 53
1 54
1 55
1 56
1 57
1 58
1 59
1 60
1 61
1 62
1 63
1 64
1 65
1 66
1 67
1 68
1 69
1 70
1 71
1 72
1 73
1 74
1 75
1 76
1 77
1 78
1 79
1 80
1 81
1 82
1 83
1 84
1 139
2 1
2 3
2 4
2 5
2 6
2 8
2 9
2 10
2 11
2 12
2 13
2 14
2 15
2 16
2 18
2 20
2 21
2 23
2 24
2 25
2 27
2 31
2 41
2 42
2 43
2 44
2 46
2 50
2 51
2 52
2 53
2 54
2 55
2 56
2 57
2 58
2 59
2 61
2 63
2 66
2 67
2 68
2 69
2 70
2 75
2 76
2 77
2 79
2 80
2 81
2 82
2 83
2 84
2 85
2 88
2 92
2 93
2 94
2 96
2 97
2 101
2 104
2 105
2 106
2 108
2 109
2 110
2 112
2 114
2 115
2 116
2 118
2 119
2 123
2 125
2 126
2 127
2 131
2 133
2 135
2 138
2 139
3 0
3 1
3 2
3 4
3 5
3 6
3 7
3 8
3 9
3 10
3 11
3 12
3 13
3 14
3 15
3 16
3 17
3 18
3 21
3 23
3 24
3 25
3 26
3 27
3 29
3 31
3 33
3 35
3 36
3 38
3 40
3 41
3 42
3 45
3 46
3 47
3 48
3 49
3 51
3 52
3 53
3 54
3 55
3 56
3 57
3 58
3 59
3 60
3 61
3 62
3 63
3 64
3 65
3 66
3 67
3 68
3 69
3 72
3 73
3 74
3 75
3 77
3 78
3 79
3 80
3 81
3 82
3 83
3 84
3 85
3 88
3 92
3 94
3 96
3 100
3 101
3 103
3 104
3 105
3 106
3 107
3 108
3 109
3 114
3 116
3 118
3 123
3 126
3 127
3 128
3 129
3 133
3 139
4 0
4 1
4 2
4 3
4 5
4 6
4 8
4 9
4 10
4 11
4 12
4 13
4 14
4 16
4 19
4 20
4 21
4 22
4 23
4 24
4 25
4 29
4 30
4 31
4 32
4 33
4 34
4 35
4 36
4 37
4 38
4 39
4 40
4 41
4 42
4 43
4 44
4 45
4 46
4 47
4 48
4 49
4 50
4 52
4 53
4 54
4 55
4 56
4 57
4 58
4 59
4 60
4 61
4 63
4 64
4 66
4 67
4 68
4 69
4 72
4 74
4 75
4 78
4 79
4 80
4 81
4 82
4 83
4 84
4 85
4 86
4 87
4 88
4 89
4 90
4 92
4 93
4 94
4 95
4 96
4 97
4 98
4 102
4 104
4 105
4 106
4 107
4 110
4 112
4 114
4 116
4 118
4 119
4 120
4 122
4 123
4 124
4 126
4 127
4 130
4 132
4 136
4 139
5 0
5 1
5 2
5 3
5 4
5 6
5 7
5 8
5 9
5 10
5 11
5 12
5 13
5 14
5 15
5 16
5 17
5 20
5 21
5 22
5 23
5 24
5 26
5 27
5 28
5 29
5 30
5 31
5 32
5 33
5 34
5 35
5 36
5 37
5 38
5 39
5 41
5 42
5 43
5 44
5 45
5 46
5 48
5 49
5 50
5 51
5 53
5 54
5 56
5 57
5 58
5 60
5 61
5 62
5 63
5 64
5 66
5 67
5 68
5 69
5 70
5 72
5 73
5 74
5 75
5 76
5 77
5 78
5 79
5 80
5 81
5 82
5 83
5 84
5 85
5 86
5 87
5 88
5 89
5 90
5 91
5 92
5 93
5 94
5 95
5 98
5 100
5 101
5 103
5 105
5 106
5 108
5 110
5 111
5 112
5 114
5 116
5 117
5 118
5 119
5 120
5 121
5 122
5 123
5 124
5 125
5 126
5 127
5 128
5 129
5 130
5 131
5 132
5 133
5 134
5 136
5 137
5 138
5 139
6 1
6 2
6 3
6 4
6 5
6 7
6 9
6 10
6 12
6 13
6 14
6 16
6 18
6 19
6 20
6 21
6 23
6 24
6 26
6 27
6 30
6 32
6 36
6 37
6 38
6 39
6 40
6 41
6 43
6 44
6 46
6 48
6 50
6 51
6 54
6 57
6 58
6 59
6 61
6 62
6 63
6 66
6 67
6 69
6 74
6 75
6 76
6 79
6 80
6 81
6 82
6 83
6 86
6 87
6 88
6 89
6 90
6 91
6 92
6 93
6 95
6 99
6 100
6 101
6 102
6 103
6 105
6 106
6 107
6 108
6 109
6 110
6 111
6 113
6 114
6 115
6 116
6 118
6 119
6 121
6 122
6 123
6 124
6 126
6 127
6 128
6 129
6 131
6 132
6 133
6 134
6 135
6 136
6 137
6 138
6 139
7 3
7 5
7 6
7 8
7 9
7 10
7 12
7 13
7 15
7 16
7 21
7 24
7 25
7 27
7 29
7 31
7 32
7 37
7 38
7 40
7 41
7 44
7 46
7 47
7 49
7 50
7 51
7 53
7 54
7 55
7 58
7 60
7 61
7 63
7 64
7 66
7 67
7 68
7 69
7 70
7 71
7 73
7 74
7 75
7 76
7 77
7 78
7 79
7 80
7 81
7 82
7 84
7 85
7 86
7 88
7 89
7 90
7 91
7 93
7 96
7 97
7 101
7 102
7 103
7 105
7 106
7 107
7 109
7 110
7 111
7 114
7 116
7 118
7 119
7 121
7 122
7 123
7 124
7 125
7 126
7 127
7 128
7 129
7 130
7 131
7 135
7 137
7 139
8 1
8 2
8 3
8 4
8 5
8 7
8 9
8 10
8 12
8 13
8 14
8 16
8 20
8 21
8 22
8 23
8 24
8 25
8 26
8 27
8 29
8 30
8 32
8 33
8 34
8 36
8 37
8 38
8 40
8 41
8 42
8 43
8 44
8 45
8 46
8 47
8 48
8 49
8 50
8 51
8 52
8 53
8 55
8 57
8 58
8 61
8 63
8 64
8 65
8 66
8 67
8 68
8 70
8 71
8 73
8 74
8 75
8 76
8 77
8 78
8 79
8 80
8 81
8 82
8 83
8 85
8 86
8 88
8 89
8 90
8 91
8 93
8 94
8 95
8 96
8 97
8 101
8 103
8 104
8 105
8 106
8 107
8 110
8 111
8 114
8 115
8 116
8 117
8 118
8 119
8 124
8 126
8 127
8 128
8 129
8 131
8 132
8 135
8 136
8 137
8 138
8 139
9 1
9 2
9 3
9 4
9 5
9 6
9 7
9 8
9 10
9 11
9 12
9 13
9 14
9 15
9 16
9 17
9 20
9 21
9 22
9 24
9 25
9 26
9 27
9 28
9 30
9 31
9 32
9 33
9 34
9 36
9 40
9 41
9 42
9 43
9 44
9 46
9 47
9 48
9 49
9 50
9 51
9 53
9 54
9 55
9 56
9 57
9 58
9 60
9 61
9 62
9 63
9 64
9 65
9 66
9 67
9 68
9 69
9 70
9 71
9 72
9 73
9 74
9 75
9 76
9 77
9 78
9 79
9 80
9 81
9 82
9 83
9 84
9 85
9 86
9 87
9 88
9 89
9 90
9 91
9 92
9 94
9 95
9 96
9 97
9 98
9 100
9 101
9 102
9 104
9 105
9 106
9 107
9 108
9 109
9 110
9 111
9 112
9 114
9 115
9 116
9 118
9 119
9 121
9 122
9 123
9 124
9 126
9 127
9 128
9 129
9 130
9 131
9 132
9 133
9 134
9 135
9 136
9 137
9 138
9 139
10 0
10 1
10 2
10 3
10 4
10 5
10 6
10 7
10 8
10 9
10 11
10 12
10 13
10 14
10 15
10 16
10 17
10 18
10 19
10 20
10 21
10 22
10 23
10 24
10 25
10 26
10 27
10 28
10 30
10 31
10 32
10 33
10 34
10 35
10 36
10 37
10 38
10 40
10 41
10 42
10 43
10 44
10 45
10 46
10 48
10 49
10 50
10 51
10 52
10 53
10 54
10 55
10 56
10 57
10 58
10 59
10 60
10 61
10 62
10 63
10 64
10 65
10 66
10 67
10 68
10 69
10 70
10 71
10 72
10 73
10 74
10 75
10 76
10 77
10 78
10 79
10 80
10 81
10 82
10 83
10 84
10 85
10 86
10 87
10 88
10 89
10 90
10 91
10 92
10 93
10 94
10 95
10 96
10 97
10 98
10 99
10 100
10 101
10 102
10 103
10 104
10 105
10 106
10 107
10 108
10 109
10 110
10 111
10 112
10 113
10 114
10 115
10 116
10 117
10 118
10 119
10 120
10 121
10 122
10 123
10 124
10 125
10 126
10 127
10 128
10 129
10 130
10 131
10 133
10 134
10 135
10 136
10 137
10 138
10 139
11 1
11 2
11 3
11 4
11 5
11 9
11 10
11 12
11 14
11 16
11 17
11 20
11 21
11 24
11 38
11 40
11 42
11 44
11 45
11 46
11 48
11 50
11 51
11 52
11 53
11 54
11 57
11 58
11 59
11 61
11 62
11 63
11 67
11 69
11 72
11 74
11 75
11 76
11 78
11 80
11 81
11 82
11 83
11 85
11 89
11 90
11 92
11 94
11 97
11 106
11 110
11 114
11 116
11 124
11 129
11 134
11 136
11 139
12 0
12 1
12 2
12 3
12 4
12 5
12 6
12 7
12 8
12 9
12 10
12 11
12 13
12 14
12 15
12 16
12 17
12 18
12 19
12 20
12 21
12 22
12 23
12 24
12 25
12 26
12 27
12 28
12 30
12 31
12 32
12 33
12 35
12 36
12 37
12 38
12 39
12 40
12 41
12 42
12 43
12 44
12 45
12 46
12 47
12 48
12 49
12 50
12 51
12 52
12 53
12 54
12 55
12 56
12 57
12 58
12 59
12 60
12 61
12 62
12 63
12 64
12 65
12 66
12 67
12 68
12 69
12 71
12 72
12 73
12 74
12 75
12 76
12 77
12 78
12 79
12 80
12 81
12 82
12 83
12 84
12 85
12 86
12 87
12 88
12 89
12 90
12 91
12 92
12 93
12 94
12 95
12 96
12 97
12 98
12 100
12 101
12 102
12 105
12 106
12 107
12 108
12 109
12 110
12 111
12 112
12 113
12 114
12 115
12 116
12 117
12 118
12 119
12 120
12 121
12 122
12 123
12 124
12 125
12 126
12 127
12 128
12 129
12 130
12 131
12 132
12 133
12 134
12 135
12 136
12 137
12 138
12 139
13 0
13 1
13 2
13 3
13 4
13 5
13 6
13 7
13 8
13 9
13 10
13 12
13 14
13 15
13 16
13 17
13 18
13 19
13 20
13 21
13 22
13 23
13 24
13 25
13 26
13 27
13 29
13 30
13 31
13 32
13 33
13 34
13 35
13 36
13 37
13 38
13 39
13 40
13 41
13 42
13 43
13 44
13 45
13 46
13 47
13 48
13 49
13 50
13 51
13 53
13 54
13 55
13 56
13 57
13 58
13 59
13 61
13 62
13 63
13 64
13 65
13 66
13 67
13 68
13 69
13 70
13 72
13 73
13 74
13 75
13 76
13 77
13 78
13 79
13 80
13 81
13 82
13 83
13 84
13 85
13 86
13 87
13 88
13 89
13 90
13 91
13 92
13 93
13 94
13 95
13 96
13 97
13 98
13 99
13 101
13 102
13 104
13 105
13 106
13 107
13 109
13 110
13 111
13 113
13 114
13 115
13 116
13 117
13 118
13 119
13 120
13 121
13 122
13 123
13 124
13 125
13 126
13 127
13 128
13 129
13 130
13 131
13 132
13 133
13 134
13 135
13 136
13 137
13 138
13 139
14 1
14 2
14 3
14 4
14 5
14 6
14 8
14 9
14 10
14 11
14 12
14 13
14 15
14 16
14 17
14 18
14 19
14 20
14 21
14 22
14 23
14 24
14 25
14 26
14 27
14 31
14 33
14 34
14 35
14 36
14 37
14 38
14 39
14 40
14 41
14 42
14 43
14 44
14 46
14 48
14 49
14 50
14 51
14 52
14 53
14 54
14 55
14 56
14 57
14 58
14 59
14 61
14 62
14 63
14 64
14 65
14 66
14 67
14 68
14 69
14 70
14 71
14 72
14 73
14 74
14 75
14 76
14 77
14 78
14 79
14 80
14 81
14 82
14 83
14 84
14 85
14 86
14 87
14 88
14 89
14 90
14 91
14 92
14 93
14 94
14 95
14 96
14 97
14 98
14 100
14 101
14 102
14 103
14 104
14 105
14 106
14 107
14 108
14 109
14 110
14 111
14 112
14 113
14 114
14 115
14 116
14 117
14 118
14 119
14 121
14 122
14 123
14 124
14 126
14 127
14 128
14 129
14 130
14 131
14 132
14 133
14 134
14 135
14 136
14 137
14 138
14 139
15 1
15 2
15 3
15 5
15 7
15 9
15 10
15 12
15 13
15 14
15 16
15 17
15 20
15 21
15 24
15 25
15 26
15 27
15 28
15 32
15 33
15 35
15 38
15 40
15 41
15 42
15 46
15 50
15 51
15 53
15 55
15 57
15 58
15 59
15 60
15 61
15 62
15 63
15 64
15 66
15 67
15 68
15 69
15 70
15 71
15 73
15 74
15 75
15 76
15 77
15 79
15 80
15 81
15 82
15 83
15 84
15 85
15 88
15 89
15 90
15 91
15 94
15 95
15 101
15 105
15 107
15 109
15 110
15 111
15 112
15 114
15 115
15 116
15 117
15 119
15 122
15 123
15 124
15 129
15 132
15 133
15 135
15 136
15 137
15 138
15 139
16 0
16 1
16 2
16 3
16 4
16 5
16 6
16 7
16 8
16 9
16 10
16 11
16 12
16 13
16 14
16 15
16 17
16 18
16 19
16 21
16 23
16 24
16 25
16 26
16 27
16 29
16 30
16 31
16 32
16 33
16 36
16 37
16 38
16 40
16 41
16 42
16 43
16 44
16 45
16 46
16 47
16 48
16 49
16 50
16 51
16 52
16 53
16 54
16 55
16 56
16 57
16 58
16 59
16 60
16 61
16 62
16 63
16 64
16 66
16 67
16 68
16 71
16 72
16 73
16 74
16 75
16 76
16 77
16 78
16 79
16 80
16 81
16 82
16 83
16 85
16 86
16 87
16 88
16 89
16 95
16 96
16 97
16 101
16 102
16 103
16 106
16 109
16 110
16 111
16 114
16 116
16 118
16 119
16 122
16 123
16 124
16 125
16 126
16 127
16 128
16 129
16 133
16 134
16 136
16 138
16 139
17 0
17 3
17 5
17 9
17 10
17 11
17 12
17 13
17 14
17 15
17 16
17 18
17 19
17 21
17 22
17 24
17 25
17 29
17 31
17 32
17 35
17 38
17 40
17 45
17 47
17 48
17 49
17 50
17 51
17 53
17 57
17 58
17 60
17 61
17 64
17 66
17 67
17 71
17 74
17 75
17 76
17 77
17 80
17 81
17 82
17 85
17 86
17 88
17 89
17 90
17 91
17 95
17 99
17 101
17 104
17 105
17 109
17 110
17 111
17 114
17 115
17 116
17 117
17 120
17 121
17 122
17 125
17 127
17 129
17 130
17 131
17 132
17 135
17 136
17 137
17 139
18 2
18 3
18 6
18 10
18 12
18 13
18 14
18 16
18 17
18 19
18 20
18 21
18 22
18 23
18 24
18 26
18 32
18 40
18 41
18 45
18 46
18 50
18 51
18 54
18 55
18 58
18 59
18 61
18 65
18 67
18 69
18 72
18 75
18 80
18 81
18 82
18 86
18 89
18 91
18 98
18 99
18 101
18 105
18 108
18 110
18 113
18 114
18 116
18 117
18 118
18 122
18 125
18 127
18 129
18 130
18 136
18 137
18 139
19 4
19 6
19 10
19 12
19 13
19 14
19 16
19 17
19 18
19 20
19 22
19 23
19 24
19 25
19 27
19 32
19 34
19 35
19 37
19 38
19 39
19 40
19 41
19 44
19 49
19 51
19 57
19 58
19 59
19 67
19 72
19 75
19 76
19 80
19 82
19 85
19 86
19 87
19 89
19 90
19 91
19 92
19 93
19 95
19 97
19 98
19 99
19 105
19 114
19 115
19 117
19 119
19 121
19 122
19 124
19 125
19 127
19 129
19 130
19 136
19 137
19 139
20 1
20 2
20 4
20 5
20 6
20 8
20 9
20 10
20 11
20 12
20 13
20 14
20 15
20 18
20 19
20 23
20 24
20 25
20 28
20 29
20 30
20 32
20 37
20 40
20 42
20 44
20 45
20 46
20 50
20 51
20 54
20 55
20 58
20 61
20 62
20 63
20 64
20 66
20 67
20 69
20 72
20 75
20 76
20 81
20 82
20 83
20 85
20 88
20 89
20 93
20 100
20 102
20 104
20 105
20 107
20 110
20 111
20 114
20 116
20 117
20 118
20 127
20 128
20 129
20 131
20 132
20 134
20 135
20 136
20 139
21 1
21 2
21 3
21 4
21 5
21 6
21 7
21 8
21 9
21 10
21 11
21 12
21 13
21 14
21 15
21 16
21 17
21 18
21 22
21 23
21 24
21 27
21 29
21 30
21 31
21 32
21 33
21 35
21 38
21 40
21 41
21 43
21 44
21 45
21 46
21 47
21 48
21 49
21 50
21 51
21 52
21 53
21 54
21 55
21 56
21 57
21 58
21 59
21 60
21 61
21 62
21 63
21 64
21 66
21 67
21 68
21 69
21 70
21 71
21 72
21 73
21 74
21 75
21 76
21 77
21 78
21 79
21 80
21 81
21 82
21 83
21 84
21 85
21 87
21 88
21 91
21 92
21 94
21 95
21 96
21 98
21 100
21 101
21 102
21 103
21 104
21 105
21 106
21 107
21 108
21 109
21 111
21 112
21 113
21 114
21 115
21 116
21 118
21 119
21 120
21 122
21 123
21 125
21 126
21 127
21 128
21 129
21 130
21 131
21 133
21 134
21 136
21 137
21 139
22 4
22 5
22 8
22 9
22 10
22 12
22 13
22 14
22 17
22 18
22 19
22 21
22 23
22 24
22 26
22 27
22 30
22 32
22 34
22 35
22 37
22 38
22 39
22 40
22 43
22 50
22 51
22 57
22 58
22 59
22 61
22 64
22 65
22 67
22 75
22 76
22 79
22 80
22 81
22 82
22 86
22 87
22 89
22 90
22 91
22 92
22 95
22 97
22 98
22 99
22 100
22 104
22 105
22 113
22 117
22 119
22 121
22 124
22 125
22 127
22 129
22 130
22 131
22 132
22 137
22 139
23 0
23 2
23 3
23 4
23 5
23 6
23 8
23 10
23 12
23 13
23 14
23 16
23 18
23 19
23 20
23 21
23 22
23 24
23 27
23 32
23 34
23 35
23 36
23 37
23 38
23 39
23 40
23 41
23 42
23 44
23 46
23 48
23 50
23 53
23 57
23 58
23 59
23 61
23 62
23 63
23 64
23 66
23 67
23 68
23 75
23 76
23 80
23 81
23 82
23 83
23 85
23 86
23 87
23 88
23 89
23 90
23 91
23 93
23 95
23 97
23 105
23 108
23 109
23 111
23 114
23 116
23 119
23 121
23 123
23 127
23 129
23 130
23 132
23 133
23 135
23 136
23 137
23 138
23 139
24 0
24 1
24 2
24 3
24 4
24 5
24 6
24 7
24 8
24 9
24 10
24 11
24 12
24 13
24 14
24 15
24 16
24 17
24 18
24 19
24 20
24 21
24 22
24 23
24 25
24 26
24 27
24 28
24 29
24 30
24 31
24 32
24 33
24 34
24 35
24 36
24 37
24 38
24 39
24 40
24 41
24 42
24 43
24 44
24 45
24 46
24 47
24 48
24 49
24 50
24 51
24 52
24 53
24 54
24 55
24 57
24 58
24 59
24 60
24 61
24 62
24 63
24 64
24 65
24 67
24 69
24 70
24 71
24 72
24 73
24 75
24 76
24 79
24 80
24 81
24 82
24 84
24 85
24 86
24 87
24 88
24 89
24 90
24 91
24 92
24 93
24 94
24 95
24 97
24 99
24 100
24 101
24 102
24 104
24 105
24 107
24 108
24 109
24 110
24 111
24 113
24 114
24 115
24 117
24 119
24 120
24 122
24 123
24 124
24 125
24 126
24 129
24 130
24 132
24 134
24 136
24 137
24 139
25 0
25 1
25 2
25 3
25 4
25 7
25 8
25 9
25 10
25 12
25 13
25 14
25 15
25 16
25 17
25 19
25 20
25 24
25 26
25 27
25 28
25 29
25 30
25 31
25 32
25 33
25 36
25 37
25 40
25 41
25 43
25 44
25 46
25 47
25 48
25 49
25 50
25 51
25 53
25 54
25 55
25 56
25 58
25 60
25 61
25 63
25 64
25 65
25 66
25 67
25 69
25 70
25 71
25 72
25 73
25 75
25 76
25 78
25 79
25 80
25 81
25 83
25 86
25 87
25 88
25 90
25 91
25 92
25 93
25 95
25 96
25 97
25 100
25 101
25 102
25 103
25 104
25 105
25 106
25 109
25 110
25 111
25 112
25 113
25 114
25 115
25 116
25 117
25 118
25 121
25 122
25 123
25 124
25 125
25 126
25 127
25 128
25 129
25 130
25 131
25 134
25 137
25 138
26 0
26 3
26 5
26 6
26 8
26 9
26 10
26 12
26 13
26 14
26 15
26 16
26 18
26 22
26 24
26 25
26 28
26 32
26 33
26 37
26 38
26 39
26 40
26 41
26 43
26 45
26 50
26 51
26 53
26 56
26 57
26 58
26 61
26 64
26 65
26 66
26 67
26 71
26 75
26 79
26 80
26 81
26 86
26 87
26 88
26 89
26 90
26 91
26 92
26 99
26 100
26 101
26 104
26 105
26 108
26 109
26 111
26 113
26 114
26 115
26 116
26 118
26 119
26 120
26 121
26 123
26 124
26 127
26 129
26 130
26 131
26 133
26 135
26 136
26 137
27 0
27 1
27 2
27 3
27 5
27 6
27 7
27 8
27 9
27 10
27 12
27 13
27 14
27 15
27 16
27 19
27 21
27 22
27 23
27 24
27 25
27 28
27 29
27 30
27 31
27 32
27 33
27 34
27 35
27 36
27 37
27 40
27 42
27 43
27 49
27 50
27 51
27 52
27 53
27 54
27 55
27 57
27 58
27 59
27 60
27 61
27 63
27 64
27 66
27 67
27 70
27 71
27 72
27 73
27 74
27 76
27 78
27 79
27 80
27 81
27 82
27 83
27 85
27 86
27 87
27 88
27 90
27 91
27 93
27 95
27 96
27 97
27 101
27 102
27 103
27 105
27 109
27 112
27 114
27 116
27 121
27 123
27 125
27 126
27 127
27 129
27 130
27 137
27 139
28 0
28 5
28 9
28 10
28 12
28 15
28 20
28 24
28 25
28 26
28 27
28 29
28 30
28 31
28 32
28 33
28 35
28 38
28 43
28 44
28 49
28 50
28 51
28 58
28 67
28 69
28 71
28 78
28 81
28 86
28 88
28 90
28 91
28 93
28 99
28 100
28 101
28 102
28 105
28 110
28 113
28 114
28 115
28 116
28 118
28 121
28 125
28 127
28 129
28 137
29 0
29 1
29 3
29 4
29 5
29 7
29 8
29 13
29 16
29 17
29 20
29 21
29 24
29 25
29 27
29 28
29 30
29 31
29 32
29 33
29 35
29 36
29 38
29 43
29 46
29 47
29 48
29 49
29 50
29 51
29 53
29 54
29 55
29 58
29 60
29 62
29 63
29 66
29 67
29 69
29 70
29 71
29 73
29 74
29 75
29 76
29 77
29 78
29 79
29 80
29 81
29 82
29 84
29 85
29 90
29 95
29 96
29 105
29 110
29 114
29 116
29 118
29 123
29 125
29 126
29 127
29 139
30 0
30 1
30 4
30 5
30 6
30 8
30 9
30 10
30 12
30 13
30 16
30 20
30 21
30 22
30 24
30 25
30 27
30 28
30 29
30 32
30 33
30 35
30 36
30 40
30 41
30 43
30 44
30 48
30 49
30 50
30 51
30 52
30 53
30 56
30 57
30 58
30 59
30 61
30 64
30 65
30 66
30 67
30 72
30 75
30 76
30 78
30 80
30 81
30 82
30 85
30 86
30 88
30 90
30 91
30 94
30 95
30 98
30 102
30 105
30 106
30 113
30 114
30 115
30 116
30 118
30 119
30 121
30 124
30 125
30 127
30 129
30 130
30 131
30 133
30 135
30 137
30 139
31 0
31 1
31 2
31 3
31 4
31 5
31 7
31 9
31 10
31 12
31 13
31 14
31 16
31 17
31 21
31 24
31 25
31 27
31 28
31 29
31 32
31 33
31 43
31 45
31 46
31 47
31 48
31 49
31 50
31 54
31 56
31 57
31 58
31 59
31 61
31 62
31 63
31 64
31 66
31 67
31 68
31 69
31 71
31 72
31 73
31 74
31 75
31 76
31 77
31 82
31 85
31 86
31 88
31 89
31 90
31 96
31 102
31 103
31 105
31 111
31 114
31 116
31 117
31 118
31 127
31 129
31 131
31 135
31 136
31 139
32 0
32 1
32 4
32 5
32 6
32 7
32 8
32 9
32 10
32 12
32 13
32 15
32 16
32 17
32 18
32 19
32 20
32 21
32 22
32 23
32 24
32 25
32 26
32 27
32 28
32 29
32 30
32 31
32 34
32 35
32 37
32 38
32 39
32 40
32 41
32 43
32 44
32 45
32 49
32 50
32 51
32 53
32 56
32 57
32 58
32 61
32 64
32 65
32 66
32 67
32 69
32 71
32 74
32 75
32 76
32 77
32 78
32 79
32 80
32 81
32 82
32 85
32 86
32 87
32 88
32 90
32 91
32 93
32 94
32 95
32 98
32 99
32 101
32 102
32 105
32 109
32 110
32 111
32 114
32 115
32 116
32 117
32 118
32 119
32 120
32 121
32 122
32 123
32 124
32 125
32 126
32 127
32 129
32 130
32 132
32 134
32 135
32 137
32 139
33 0
33 1
33 3
33 4
33 5
33 8
33 9
33 10
33 12
33 13
33 14
33 15
33 16
33 21
33 24
33 25
33 26
33 27
33 28
33 29
33 30
33 31
33 40
33 41
33 43
33 45
33 47
33 48
33 49
33 50
33 51
33 52
33 53
33 54
33 55
33 56
33 57
33 58
33 61
33 63
33 64
33 66
33 67
33 70
33 73
33 74
33 75
33 77
33 78
33 79
33 80
33 81
33 82
33 83
33 85
33 87
33 90
33 93
33 95
33 99
33 100
33 101
33 103
33 104
33 106
33 109
33 110
33 111
33 113
33 114
33 115
33 116
33 118
33 119
33 124
33 125
33 127
33 129
33 131
33 135
33 139
34 4
34 5
34 8
34 9
34 10
34 13
34 14
34 19
34 22
34 23
34 24
34 27
34 32
34 36
34 37
34 39
34 40
34 43
34 48
34 49
34 50
34 51
34 58
34 61
34 65
34 71
34 75
34 76
34 79
34 80
34 82
34 86
34 90
34 91
34 93
34 95
34 97
34 102
34 114
34 115
34 116
34 117
34 127
34 129
34 130
34 137
34 139
35 0
35 3
35 4
35 5
35 10
35 12
35 13
35 14
35 15
35 17
35 19
35 21
35 22
35 23
35 24
35 27
35 28
35 29
35 30
35 32
35 37
35 38
35 39
35 40
35 41
35 43
35 45
35 48
35 49
35 50
35 51
35 53
35 56
35 57
35 58
35 61
35 62
35 69
35 71
35 75
35 76
35 80
35 81
35 82
35 86
35 87
35 88
35 89
35 90
35 91
35 93
35 94
35 97
35 101
35 102
35 105
35 110
35 114
35 115
35 116
35 119
35 122
35 124
35 126
35 127
35 129
35 130
35 131
35 132
35 135
35 136
35 137
35 138
35 139
36 0
36 1
36 3
36 4
36 5
36 6
36 8
36 9
36 10
36 12
36 13
36 14
36 16
36 23
36 24
36 25
36 27
36 29
36 30
36 34
36 37
36 38
36 39
36 40
36 42
36 43
36 45
36 49
36 50
36 51
36 53
36 56
36 57
36 58
36 60
36 61
36 65
36 66
36 67
36 70
36 73
36 75
36 76
36 78
36 79
36 80
36 81
36 82
36 83
36 84
36 85
36 86
36 88
36 89
36 92
36 93
36 94
36 96
36 97
36 99
36 101
36 103
36 105
36 110
36 111
36 114
36 115
36 116
36 117
36 118
36 121
36 122
36 125
36 126
36 127
36 129
36 130
36 131
36 133
36 135
36 136
36 138
36 139
37 0
37 4
37 5
37 6
37 7
37 8
37 10
37 12
37 13
37 14
37 16
37 19
37 20
37 22
37 23
37 24
37 25
37 26
37 27
37 32
37 34
37 35
37 36
37 38
37 39
37 40
37 41
37 43
37 44
37 47
37 48
37 50
37 54
37 57
37 58
37 61
37 66
37 67
37 68
37 69
37 70
37 75
37 76
37 77
37 78
37 79
37 81
37 82
37 87
37 89
37 90
37 93
37 97
37 99
37 101
37 102
37 105
37 110
37 111
37 114
37 116
37 117
37 118
37 119
37 120
37 122
37 123
37 124
37 125
37 127
37 129
37 130
37 132
37 134
37 135
37 138
37 139
38 0
38 3
38 4
38 5
38 6
38 7
38 8
38 10
38 11
38 12
38 13
38 14
38 15
38 16
38 17
38 19
38 21
38 22
38 23
38 24
38 26
38 28
38 29
38 32
38 35
38 36
38 37
38 39
38 40
38 44
38 45
38 48
38 51
38 56
38 57
38 58
38 59
38 61
38 64
38 66
38 67
38 72
38 74
38 75
38 78
38 80
38 81
38 86
38 88
38 89
38 90
38 92
38 93
38 97
38 101
38 102
38 105
38 109
38 110
38 111
38 113
38 114
38 115
38 116
38 118
38 120
38 121
38 122
38 123
38 124
38 127
38 129
38 130
38 133
38 134
38 135
38 138
39 4
39 5
39 6
39 12
39 13
39 14
39 19
39 22
39 23
39 24
39 26
39 32
39 34
39 35
39 36
39 37
39 38
39 40
39 41
39 44
39 48
39 51
39 53
39 58
39 61
39 67
39 75
39 80
39 82
39 86
39 88
39 89
39 90
39 91
39 92
39 93
39 101
39 105
39 116
39 117
39 119
39 122
39 127
39 129
39 130
39 137
39 139
40 1
40 3
40 4
40 6
40 7
40 8
40 9
40 10
40 11
40 12
40 13
40 14
40 15
40 16
40 17
40 18
40 19
40 20
40 21
40 22
40 23
40 24
40 25
40 26
40 27
40 30
40 32
40 33
40 34
40 35
40 36
40 37
40 38
40 39
40 41
40 43
40 44
40 45
40 48
40 49
40 50
40 51
40 52
40 53
40 57
40 58
40 59
40 61
40 64
40 65
40 67
40 68
40 69
40 75
40 78
40 79
40 80
40 81
40 82
40 84
40 85
40 86
40 87
40 88
40 89
40 90
40 91
40 92
40 93
40 94
40 95
40 97
40 98
40 99
40 100
40 101
40 102
40 104
40 105
40 106
40 108
40 109
40 110
40 111
40 113
40 114
40 115
40 116
40 117
40 118
40 119
40 120
40 121
40 122
40 123
40 124
40 125
40 126
40 127
40 129
40 130
40 132
40 133
40 134
40 136
40 137
40 139
41 1
41 2
41 3
41 4
41 5
41 6
41 7
41 8
41 9
41 10
41 12
41 13
41 14
41 15
41 16
41 18
41 19
41 21
41 23
41 24
41 25
41 26
41 30
41 32
41 33
41 35
41 37
41 39
41 40
41 43
41 44
41 46
41 47
41 48
41 49
41 50
41 51
41 52
41 53
41 56
41 57
41 58
41 59
41 61
41 62
41 64
41 65
41 66
41 68
41 69
41 70
41 72
41 74
41 75
41 76
41 77
41 79
41 80
41 81
41 82
41 86
41 87
41 88
41 89
41 90
41 93
41 94
41 99
41 100
41 101
41 102
41 105
41 107
41 108
41 109
41 110
41 111
41 114
41 115
41 116
41 119
41 120
41 121
41 122
41 123
41 126
41 127
41 128
41 129
41 130
41 132
41 134
41 135
41 139
42 1
42 2
42 3
42 4
42 5
42 8
42 9
42 10
42 11
42 12
42 13
42 14
42 15
42 16
42 20
42 23
42 24
42 27
42 36
42 43
42 44
42 46
42 48
42 49
42 50
42 53
42 54
42 56
42 57
42 58
42 61
42 63
42 64
42 65
42 66
42 67
42 68
42 69
42 73
42 74
42 75
42 76
42 77
42 78
42 80
42 82
42 83
42 84
42 85
42 88
42 92
42 94
42 95
42 96
42 103
42 104
42 105
42 107
42 110
42 112
42 116
42 118
42 127
42 128
42 138
42 139
43 0
43 1
43 2
43 4
43 5
43 6
43 8
43 9
43 10
43 12
43 13
43 14
43 16
43 21
43 22
43 24
43 25
43 26
43 27
43 28
43 29
43 30
43 31
43 32
43 33
43 34
43 35
43 36
43 37
43 40
43 41
43 42
43 44
43 46
43 49
43 50
43 51
43 55
43 58
43 60
43 61
43 63
43 66
43 67
43 70
43 71
43 72
43 73
43 74
43 75
43 76
43 77
43 78
43 80
43 82
43 83
43 84
43 85
43 86
43 87
43 88
43 91
43 93
43 94
43 96
43 97
43 99
43 101
43 103
43 104
43 105
43 107
43 111
43 114
43 115
43 116
43 117
43 120
43 121
43 123
43 125
43 126
43 127
43 129
43 130
43 131
43 133
43 134
43 136
43 137
43 138
43 139
44 1
44 2
44 4
44 5
44 6
44 7
44 8
44 9
44 10
44 11
44 12
44 13
44 14
44 16
44 19
44 20
44 21
44 23
44 24
44 25
44 28
44 30
44 32
44 37
44 38
44 39
44 40
44 41
44 42
44 43
44 45
44 48
44 49
44 50
44 51
44 54
44 56
44 58
44 59
44 60
44 61
44 62
44 66
44 67
44 69
44 71
44 72
44 75
44 76
44 78
44 79
44 80
44 81
44 82
44 86
44 87
44 88
44 89
44 90
44 91
44 92
44 93
44 96
44 99
44 104
44 105
44 106
44 108
44 109
44 110
44 111
44 113
44 115
44 116
44 118
44 119
44 120
44 121
44 122
44 123
44 124
44 125
44 126
44 127
44 128
44 129
44 130
44 131
44 132
44 133
44 134
44 135
44 136
44 137
44 138
44 139
45 1
45 3
45 4
45 5
45 8
45 10
45 11
45 12
45 13
45 16
45 17
45 18
45 20
45 21
45 24
45 26
45 31
45 32
45 33
45 35
45 36
45 38
45 40
45 44
45 48
45 49
45 50
45 51
45 57
45 58
45 61
45 62
45 65
45 67
45 74
45 75
45 76
45 80
45 81
45 82
45 86
45 89
45 92
45 95
45 97
45 101
45 105
45 111
45 115
45 124
45 125
45 129
45 139
46 1
46 2
46 3
46 4
46 5
46 6
46 7
46 8
46 9
46 10
46 11
46 12
46 13
46 14
46 15
46 16
46 18
46 20
46 21
46 23
46 24
46 25
46 29
46 31
46 41
46 42
46 43
46 48
46 50
46 51
46 53
46 54
46 55
46 57
46 58
46 61
46 62
46 63
46 66
46 68
46 69
46 70
46 71
46 72
46 74
46 75
46 76
46 77
46 80
46 82
46 83
46 84
46 85
46 88
46 92
46 95
46 96
46 104
46 105
46 106
46 107
46 108
46 112
46 115
46 118
46 123
46 126
46 127
46 139
47 1
47 3
47 4
47 7
47 8
47 9
47 12
47 13
47 16
47 17
47 21
47 24
47 25
47 29
47 31
47 33
47 37
47 41
47 49
47 51
47 53
47 54
47 55
47 57
47 58
47 59
47 61
47 63
47 67
47 70
47 71
47 72
47 74
47 75
47 77
47 79
47 80
47 81
47 82
47 90
47 101
47 102
47 114
47 119
47 125
47 127
47 139
48 1
48 3
48 4
48 5
48 6
48 8
48 9
48 10
48 11
48 12
48 13
48 14
48 16
48 17
48 21
48 23
48 24
48 25
48 29
48 30
48 31
48 33
48 34
48 35
48 37
48 38
48 39
48 40
48 41
48 42
48 44
48 45
48 46
48 49
48 50
48 51
48 52
48 53
48 54
48 57
48 58
48 60
48 61
48 62
48 63
48 66
48 67
48 68
48 70
48 72
48 74
48 75
48 76
48 77
48 78
48 79
48 80
48 82
48 83
48 88
48 89
48 90
48 93
48 97
48 101
48 103
48 106
48 111
48 114
48 116
48 122
48 127
48 128
48 134
48 135
48 139
49 0
49 1
49 3
49 4
49 5
49 7
49 8
49 9
49 10
49 12
49 13
49 14
49 16
49 17
49 19
49 21
49 24
49 25
49 27
49 28
49 29
49 30
49 31
49 32
49 33
49 34
49 35
49 36
49 40
49 41
49 42
49 43
49 44
49 45
49 47
49 48
49 50
49 51
49 53
49 54
49 57
49 58
49 60
49 61
49 64
49 65
49 66
49 67
49 70
49 71
49 72
49 73
49 74
49 75
49 78
49 79
49 80
49 81
49 82
49 83
49 86
49 91
49 100
49 101
49 102
49 103
49 104
49 105
49 107
49 110
49 113
49 114
49 116
49 119
49 126
49 127
49 128
49 129
49 136
49 137
49 139
50 0
50 1
50 2
50 4
50 5
50 6
50 7
50 8
50 9
50 10
50 11
50 12
50 13
50 14
50 15
50 16
50 17
50 18
50 20
50 21
50 22
50 23
50 24
50 25
50 26
50 27
50 28
50 29
50 30
50 31
50 32
50 33
50 34
50 35
50 36
50 37
50 40
50 41
50 42
50 43
50 44
50 45
50 46
50 48
50 49
50 51
50 52
50 53
50 54
50 55
50 57
50 58
50 59
50 61
50 62
50 63
50 64
50 65
50 66
50 67
50 68
50 69
50 70
50 71
50 72
50 73
50 74
50 75
50 76
50 77
50 78
50 79
50 80
50 81
50 82
50 83
50 84
50 85
50 86
50 87
50 89
50 90
50 91
50 92
50 93
50 94
50 95
50 96
50 98
50 99
50 100
50 101
50 102
50 103
50 104
50 105
50 106
50 108
50 109
50 110
50 111
50 112
50 113
50 114
50 115
50 116
50 117
50 118
50 120
50 121
50 122
50 123
50 124
50 125
50 126
50 128
50 129
50 130
50 131
50 132
50 133
50 134
50 135
50 136
50 137
50 138
50 139
51 1
51 2
51 3
51 5
51 6
51 7
51 8
51 9
51 10
51 11
51 12
51 13
51 14
51 15
51 16
51 17
51 18
51 19
51 20
51 21
51 22
51 24
51 25
51 26
51 27
51 28
51 29
51 30
51 32
51 33
51 34
51 35
51 36
51 38
51 39
51 40
51 41
51 43
51 44
51 45
51 46
51 47
51 48
51 49
51 50
51 52
51 53
51 54
51 55
51 56
51 57
51 58
51 59
51 60
51 61
51 63
51 64
51 65
51 66
51 67
51 69
51 70
51 71
51 72
51 73
51 75
51 77
51 79
51 80
51 81
51 82
51 83
51 84
51 85
51 86
51 87
51 88
51 89
51 90
51 91
51 93
51 94
51 95
51 97
51 98
51 99
51 101
51 102
51 104
51 105
51 106
51 107
51 108
51 109
51 110
51 111
51 112
51 113
51 114
51 115
51 116
51 117
51 118
51 119
51 120
51 121
51 122
51 123
51 124
51 125
51 126
51 127
51 128
51 129
51 130
51 131
51 132
51 133
51 134
51 135
51 136
51 137
51 138
51 139
52 1
52 2
52 3
52 4
52 8
52 10
52 11
52 12
52 14
52 16
52 21
52 24
52 27
52 30
52 33
52 40
52 41
52 48
52 50
52 51
52 55
52 57
52 58
52 61
52 62
52 63
52 66
52 72
52 75
52 76
52 79
52 80
52 82
52 83
52 88
52 94
52 106
52 114
52 126
52 127
52 139
53 1
53 2
53 3
53 4
53 5
53 7
53 8
53 9
53 10
53 11
53 12
53 13
53 14
53 15
53 16
53 17
53 21
53 23
53 24
53 25
53 26
53 27
53 29
53 30
53 32
53 33
53 35
53 36
53 39
53 40
53 41
53 42
53 46
53 47
53 48
53 49
53 50
53 51
53 54
53 55
53 56
53 57
53 58
53 59
53 61
53 62
53 63
53 64
53 66
53 67
53 68
53 69
53 70
53 71
53 72
53 74
53 75
53 76
53 79
53 80
53 81
53 82
53 83
53 84
53 85
53 86
53 88
53 90
53 91
53 92
53 93
53 94
53 95
53 97
53 101
53 102
53 103
53 104
53 105
53 106
53 107
53 108
53 109
53 110
53 111
53 112
53 114
53 115
53 116
53 117
53 118
53 119
53 122
53 123
53 125
53 126
53 127
53 129
53 130
53 131
53 132
53 133
53 135
53 136
53 137
53 138
53 139
54 0
54 1
54 2
54 3
54 4
54 5
54 6
54 7
54 9
54 10
54 11
54 12
54 13
54 14
54 16
54 18
54 20
54 21
54 24
54 25
54 27
54 29
54 31
54 33
54 37
54 42
54 44
54 46
54 47
54 48
54 49
54 50
54 51
54 53
54 55
54 56
54 57
54 58
54 59
54 60
54 61
54 62
54 63
54 64
54 66
54 67
54 69
54 70
54 71
54 72
54 73
54 74
54 75
54 76
54 77
54 78
54 81
54 82
54 83
54 84
54 85
54 88
54 95
54 96
54 103
54 104
54 107
54 108
54 110
54 112
54 114
54 116
54 125
54 126
54 127
54 128
54 139
55 1
55 2
55 3
55 4
55 7
55 8
55 9
55 10
55 12
55 13
55 14
55 15
55 16
55 18
55 20
55 21
55 24
55 25
55 27
55 29
55 33
55 43
55 46
55 47
55 50
55 51
55 52
55 53
55 54
55 57
55 58
55 61
55 62
55 63
55 64
55 67
55 68
55 70
55 71
55 72
55 75
55 78
55 79
55 81
55 82
55 83
55 84
55 92
55 94
55 95
55 96
55 100
55 101
55 102
55 103
55 104
55 106
55 111
55 114
55 116
55 118
55 122
55 124
55 125
55 127
55 129
55 135
55 136
55 139
56 1
56 2
56 3
56 4
56 5
56 9
56 10
56 12
56 13
56 14
56 16
56 21
56 25
56 26
56 30
56 31
56 32
56 33
56 35
56 36
56 38
56 41
56 42
56 44
56 51
56 53
56 54
56 58
56 59
56 61
56 62
56 63
56 66
56 67
56 71
56 74
56 75
56 76
56 77
56 79
56 80
56 81
56 91
56 94
56 95
56 102
56 110
56 114
56 116
56 123
56 126
56 134
56 137
57 1
57 2
57 3
57 4
57 5
57 6
57 8
57 9
57 10
57 11
57 12
57 13
57 14
57 15
57 16
57 17
57 19
57 21
57 22
57 23
57 24
57 26
57 27
57 30
57 31
57 32
57 33
57 35
57 36
57 37
57 38
57 40
57 41
57 42
57 45
57 46
57 47
57 48
57 49
57 50
57 51
57 52
57 53
57 54
57 55
57 58
57 59
57 61
57 63
57 64
57 66
57 67
57 68
57 69
57 70
57 72
57 73
57 74
57 75
57 76
57 77
57 79
57 80
57 81
57 82
57 83
57 85
57 88
57 89
57 90
57 91
57 92
57 95
57 96
57 97
57 98
57 100
57 101
57 103
57 104
57 113
57 114
57 115
57 116
57 117
57 118
57 119
57 120
57 123
57 124
57 125
57 126
57 127
57 128
57 129
57 131
57 132
57 135
57 136
57 137
57 138
57 139
58 0
58 1
58 2
58 3
58 4
58 5
58 6
58 7
58 8
58 9
58 10
58 11
58 12
58 13
58 14
58 15
58 16
58 17
58 18
58 19
58 20
58 21
58 22
58 23
58 24
58 25
58 26
58 27
58 28
58 29
58 30
58 31
58 32
58 33
58 34
58 35
58 36
58 37
58 38
58 39
58 40
58 41
58 42
58 43
58 44
58 45
58 46
58 47
58 48
58 49
58 50
58 51
58 52
58 53
58 54
58 55
58 56
58 57
58 59
58 61
58 62
58 63
58 64
58 65
58 66
58 67
58 68
58 69
58 70
58 71
58 72
58 73
58 74
58 75
58 76
58 77
58 78
58 79
58 80
58 81
58 82
58 83
58 85
58 86
58 87
58 88
58 89
58 90
58 91
58 93
58 94
58 95
58 96
58 97
58 98
58 99
58 100
58 101
58 102
58 103
58 104
58 105
58 107
58 108
58 109
58 110
58 111
58 112
58 113
58 114
58 115
58 116
58 117
58 118
58 119
58 120
58 121
58 122
58 123
58 124
58 125
58 126
58 127
58 128
58 129
58 131
58 132
58 133
58 134
58 135
58 136
58 137
58 138
58 139
59 1
59 2
59 3
59 4
59 6
59 10
59 11
59 12
59 13
59 14
59 15
59 16
59 18
59 19
59 21
59 22
59 23
59 24
59 27
59 30
59 31
59 38
59 40
59 41
59 44
59 47
59 50
59 51
59 53
59 54
59 56
59 57
59 58
59 61
59 62
59 65
59 66
59 67
59 69
59 71
59 72
59 73
59 74
59 75
59 76
59 79
59 80
59 81
59 82
59 85
59 86
59 87
59 88
59 89
59 90
59 92
59 93
59 97
59 98
59 99
59 100
59 101
59 104
59 105
59 106
59 107
59 108
59 110
59 111
59 116
59 117
59 118
59 119
59 122
59 124
59 125
59 127
59 129
59 131
59 132
59 133
59 135
59 136
59 138
59 139
60 0
60 1
60 3
60 4
60 5
60 7
60 9
60 10
60 12
60 15
60 16
60 17
60 21
60 24
60 25
60 27
60 29
60 36
60 43
60 44
60 48
60 49
60 51
60 54
60 66
60 67
60 71
60 72
60 73
60 74
60 75
60 76
60 77
60 78
60 79
60 80
60 81
60 83
60 95
60 101
60 102
60 103
60 105
60 114
60 116
60 122
60 123
60 125
60 127
61 0
61 1
61 2
61 3
61 4
61 5
61 6
61 7
61 8
61 9
61 10
61 11
61 12
61 13
61 14
61 15
61 16
61 17
61 18
61 20
61 21
61 22
61 23
61 24
61 25
61 26
61 27
61 30
61 31
61 32
61 33
61 34
61 35
61 36
61 37
61 38
61 39
61 40
61 41
61 42
61 43
61 44
61 45
61 46
61 47
61 48
61 49
61 50
61 51
61 52
61 53
61 54
61 55
61 56
61 57
61 58
61 59
61 62
61 63
61 64
61 65
61 66
61 67
61 68
61 69
61 70
61 72
61 73
61 74
61 75
61 76
61 77
61 78
61 79
61 80
61 81
61 82
61 83
61 84
61 85
61 86
61 87
61 88
61 89
61 90
61 91
61 92
61 93
61 94
61 95
61 96
61 98
61 99
61 100
61 101
61 102
61 103
61 104
61 105
61 106
61 107
61 108
61 109
61 110
61 111
61 112
61 113
61 114
61 115
61 116
61 117
61 118
61 120
61 122
61 123
61 125
61 126
61 127
61 128
61 129
61 130
61 131
61 132
61 134
61 136
61 137
61 139
62 1
62 3
62 5
62 6
62 9
62 10
62 11
62 12
62 13
62 14
62 15
62 16
62 20
62 21
62 23
62 24
62 29
62 31
62 35
62 41
62 44
62 45
62 46
62 48
62 50
62 52
62 53
62 54
62 55
62 56
62 58
62 59
62 61
62 63
62 66
62 69
62 70
62 71
62 72
62 74
62 75
62 76
62 78
62 79
62 80
62 83
62 84
62 87
62 88
62 91
62 92
62 94
62 101
62 103
62 104
62 105
62 106
62 110
62 111
62 115
62 118
62 119
62 125
62 126
62 127
62 130
62 131
62 137
63 1
63 2
63 3
63 4
63 5
63 6
63 7
63 8
63 9
63 10
63 11
63 12
63 13
63 14
63 15
63 16
63 20
63 21
63 23
63 24
63 25
63 27
63 29
63 31
63 33
63 42
63 43
63 46
63 47
63 48
63 50
63 51
63 52
63 53
63 54
63 55
63 56
63 57
63 58
63 61
63 62
63 64
63 67
63 68
63 69
63 70
63 71
63 72
63 75
63 76
63 77
63 78
63 80
63 82
63 83
63 84
63 85
63 87
63 88
63 92
63 94
63 95
63 96
63 103
63 104
63 105
63 106
63 107
63 109
63 112
63 114
63 118
63 126
63 134
63 139
64 1
64 3
64 4
64 5
64 7
64 8
64 9
64 10
64 12
64 13
64 14
64 15
64 16
64 17
64 20
64 21
64 22
64 23
64 24
64 25
64 26
64 27
64 30
64 31
64 32
64 33
64 38
64 40
64 41
64 42
64 49
64 50
64 51
64 53
64 54
64 55
64 57
64 58
64 61
64 63
64 67
64 68
64 69
64 70
64 71
64 72
64 73
64 74
64 75
64 76
64 77
64 78
64 79
64 80
64 81
64 82
64 83
64 84
64 85
64 86
64 89
64 90
64 93
64 94
64 100
64 101
64 102
64 105
64 106
64 110
64 111
64 112
64 114
64 115
64 116
64 118
64 123
64 124
64 126
64 127
64 129
64 130
64 131
64 132
64 133
64 135
64 136
64 139
65 1
65 3
65 8
65 9
65 10
65 12
65 13
65 14
65 18
65 22
65 24
65 25
65 26
65 30
65 32
65 34
65 36
65 40
65 41
65 42
65 45
65 49
65 50
65 51
65 58
65 59
65 61
65 66
65 67
65 69
65 71
65 74
65 75
65 76
65 82
65 89
65 91
65 92
65 93
65 95
65 97
65 98
65 99
65 105
65 110
65 111
65 114
65 115
65 116
65 125
65 127
65 130
65 136
65 137
65 139
66 0
66 1
66 2
66 3
66 4
66 5
66 6
66 7
66 8
66 9
66 10
66 12
66 13
66 14
66 15
66 16
66 17
66 20
66 21
66 23
66 25
66 26
66 27
66 29
66 30
66 31
66 32
66 33
66 36
66 37
66 38
66 41
66 42
66 43
66 44
66 46
66 48
66 49
66 50
66 51
66 52
66 53
66 54
66 56
66 57
66 58
66 59
66 60
66 61
66 62
66 65
66 67
66 68
66 71
66 72
66 74
66 75
66 76
66 78
66 79
66 80
66 81
66 82
66 83
66 85
66 88
66 94
66 95
66 96
66 100
66 102
66 103
66 104
66 105
66 107
66 108
66 109
66 110
66 112
66 114
66 115
66 116
66 123
66 126
66 128
66 134
66 138
66 139
67 0
67 1
67 2
67 3
67 4
67 5
67 6
67 7
67 8
67 9
67 10
67 11
67 12
67 13
67 14
67 15
67 16
67 17
67 18
67 19
67 20
67 21
67 22
67 23
67 24
67 25
67 26
67 27
67 28
67 29
67 30
67 31
67 32
67 33
67 36
67 37
67 38
67 39
67 40
67 42
67 43
67 44
67 45
67 47
67 48
67 49
67 50
67 51
67 53
67 54
67 55
67 56
67 57
67 58
67 59
67 60
67 61
67 63
67 64
67 65
67 66
67 69
67 70
67 71
67 72
67 73
67 74
67 75
67 77
67 78
67 79
67 80
67 81
67 82
67 83
67 85
67 86
67 88
67 89
67 91
67 92
67 93
67 95
67 99
67 100
67 101
67 102
67 105
67 106
67 107
67 108
67 109
67 110
67 111
67 112
67 113
67 114
67 115
67 116
67 117
67 118
67 120
67 121
67 124
67 125
67 126
67 127
67 128
67 129
67 130
67 131
67 132
67 133
67 134
67 135
67 136
67 137
67 138
67 139
68 1
68 2
68 3
68 4
68 5
68 7
68 8
68 9
68 10
68 12
68 13
68 14
68 15
68 16
68 21
68 23
68 31
68 37
68 40
68 41
68 42
68 46
68 48
68 50
68 53
68 55
68 57
68 58
68 61
68 63
68 64
68 66
68 69
68 70
68 75
68 77
68 80
68 84
68 86
68 88
68 92
68 96
68 101
68 103
68 104
68 106
68 111
68 114
68 116
68 118
68 135
69 0
69 1
69 2
69 3
69 4
69 5
69 6
69 7
69 9
69 10
69 11
69 12
69 13
69 14
69 15
69 18
69 20
69 21
69 24
69 25
69 28
69 29
69 31
69 32
69 35
69 37
69 40
69 41
69 42
69 44
69 46
69 50
69 51
69 53
69 54
69 57
69 58
69 59
69 61
69 62
69 63
69 64
69 65
69 67
69 68
69 70
69 71
69 72
69 75
69 76
69 77
69 80
69 81
69 83
69 84
69 85
69 86
69 91
69 92
69 94
69 100
69 104
69 105
69 106
69 108
69 109
69 110
69 112
69 113
69 114
69 115
69 118
69 119
69 121
69 123
69 129
69 130
69 132
69 137
70 1
70 2
70 5
70 7
70 8
70 9
70 10
70 13
70 14
70 15
70 21
70 24
70 25
70 27
70 29
70 33
70 36
70 37
70 41
70 43
70 46
70 47
70 48
70 49
70 50
70 51
70 53
70 54
70 55
70 57
70 58
70 61
70 62
70 63
70 64
70 67
70 68
70 69
70 71
70 72
70 73
70 75
70 77
70 80
70 82
70 84
70 88
70 92
70 94
70 95
70 103
70 104
70 106
70 110
70 112
70 114
70 116
70 127
70 131
70 139
71 0
71 1
71 7
71 8
71 9
71 10
71 12
71 14
71 15
71 16
71 17
71 21
71 24
71 25
71 26
71 27
71 28
71 29
71 31
71 32
71 34
71 35
71 43
71 44
71 46
71 47
71 49
71 50
71 51
71 53
71 54
71 55
71 56
71 58
71 59
71 60
71 62
71 63
71 64
71 65
71 66
71 67
71 69
71 70
71 72
71 74
71 75
71 76
71 77
71 78
71 79
71 80
71 81
71 82
71 87
71 90
71 91
71 93
71 97
71 100
71 102
71 103
71 105
71 107
71 109
71 111
71 113
71 114
71 116
71 122
71 123
71 125
71 126
71 127
71 130
71 134
71 135
71 137
71 139
72 0
72 1
72 3
72 4
72 5
72 9
72 10
72 11
72 12
72 13
72 14
72 16
72 18
72 19
72 20
72 21
72 24
72 25
72 27
72 30
72 31
72 38
72 41
72 43
72 44
72 46
72 47
72 48
72 49
72 50
72 51
72 52
72 53
72 54
72 55
72 57
72 58
72 59
72 60
72 61
72 62
72 63
72 64
72 66
72 67
72 69
72 70
72 71
72 73
72 75
72 76
72 77
72 78
72 79
72 80
72 81
72 82
72 83
72 84
72 89
72 92
72 94
72 95
72 97
72 103
72 107
72 109
72 112
72 114
72 119
72 126
72 127
72 128
72 131
72 136
72 139
73 1
73 3
73 5
73 7
73 8
73 9
73 10
73 12
73 13
73 14
73 15
73 16
73 21
73 24
73 25
73 27
73 29
73 31
73 33
73 36
73 42
73 43
73 49
73 50
73 51
73 54
73 57
73 58
73 59
73 60
73 61
73 64
73 67
73 70
73 72
73 74
73 76
73 78
73 80
73 81
73 82
73 85
73 105
73 114
73 116
73 123
73 139
74 1
74 3
74 4
74 5
74 6
74 7
74 8
74 9
74 10
74 11
74 12
74 13
74 14
74 15
74 16
74 17
74 21
74 27
74 29
74 31
74 32
74 33
74 38
74 41
74 42
74 43
74 45
74 46
74 47
74 48
74 49
74 50
74 53
74 54
74 56
74 57
74 58
74 59
74 60
74 61
74 62
74 64
74 65
74 66
74 67
74 71
74 73
74 75
74 76
74 77
74 78
74 80
74 81
74 84
74 85
74 88
74 92
74 95
74 96
74 103
74 105
74 107
74 109
74 110
74 114
74 119
74 127
74 134
74 135
75 0
75 1
75 2
75 3
75 4
75 5
75 6
75 7
75 8
75 9
75 10
75 11
75 12
75 13
75 14
75 15
75 16
75 17
75 18
75 19
75 20
75 21
75 22
75 23
75 24
75 25
75 26
75 29
75 30
75 31
75 32
75 33
75 34
75 35
75 36
75 37
75 38
75 39
75 40
75 41
75 42
75 43
75 44
75 45
75 46
75 47
75 48
75 49
75 50
75 51
75 52
75 53
75 54
75 55
75 56
75 57
75 58
75 59
75 60
75 61
75 62
75 63
75 64
75 65
75 66
75 67
75 68
75 69
75 70
75 71
75 72
75 74
75 76
75 77
75 78
75 79
75 80
75 81
75 82
75 84
75 85
75 86
75 88
75 90
75 91
75 92
75 93
75 94
75 95
75 96
75 97
75 98
75 99
75 100
75 101
75 102
75 103
75 104
75 105
75 106
75 107
75 108
75 109
75 110
75 111
75 112
75 113
75 114
75 115
75 116
75 117
75 118
75 120
75 121
75 122
75 123
75 124
75 125
75 126
75 127
75 131
75 133
75 134
75 135
75 137
75 138
75 139
76 1
76 2
76 5
76 6
76 7
76 8
76 9
76 10
76 11
76 12
76 13
76 14
76 15
76 16
76 17
76 19
76 20
76 21
76 22
76 23
76 24
76 25
76 27
76 29
76 30
76 31
76 32
76 34
76 35
76 36
76 37
76 41
76 42
76 43
76 44
76 45
76 46
76 48
76 50
76 52
76 53
76 54
76 56
76 57
76 58
76 59
76 60
76 61
76 62
76 63
76 64
76 65
76 66
76 69
76 71
76 72
76 73
76 74
76 75
76 77
76 78
76 79
76 80
76 81
76 82
76 83
76 84
76 85
76 86
76 87
76 88
76 89
76 90
76 91
76 92
76 93
76 94
76 95
76 96
76 97
76 98
76 99
76 102
76 104
76 105
76 106
76 107
76 108
76 110
76 111
76 112
76 113
76 115
76 116
76 117
76 118
76 121
76 123
76 124
76 126
76 127
76 128
76 129
76 131
76 132
76 133
76 134
76 135
76 136
76 137
76 138
76 139
77 1
77 2
77 3
77 5
77 7
77 8
77 9
77 10
77 12
77 13
77 14
77 15
77 16
77 17
77 21
77 29
77 31
77 32
77 33
77 37
77 41
77 42
77 43
77 46
77 47
77 48
77 50
77 51
77 54
77 56
77 57
77 58
77 60
77 61
77 63
77 64
77 67
77 68
77 69
77 70
77 71
77 72
77 74
77 75
77 76
77 80
77 81
77 83
77 85
77 88
77 95
77 96
77 104
77 105
77 107
77 109
77 115
77 116
77 123
78 0
78 1
78 3
78 4
78 5
78 7
78 8
78 9
78 10
78 11
78 12
78 13
78 14
78 16
78 21
78 25
78 27
78 28
78 29
78 30
78 32
78 33
78 36
78 37
78 38
78 40
78 42
78 43
78 44
78 48
78 49
78 50
78 54
78 55
78 58
78 60
78 61
78 62
78 63
78 64
78 66
78 67
78 71
78 72
78 73
78 74
78 75
78 76
78 79
78 80
78 81
78 83
78 85
78 86
78 96
78 99
78 101
78 102
78 103
78 104
78 105
78 113
78 114
78 115
78 116
78 118
78 125
78 127
78 128
78 129
78 131
78 135
78 136
79 1
79 2
79 3
79 4
79 5
79 6
79 7
79 8
79 9
79 10
79 12
79 13
79 14
79 15
79 16
79 21
79 22
79 24
79 25
79 26
79 27
79 29
79 32
79 33
79 34
79 36
79 37
79 40
79 41
79 44
79 47
79 48
79 49
79 50
79 51
79 52
79 53
79 55
79 56
79 57
79 58
79 59
79 60
79 61
79 62
79 64
79 66
79 67
79 71
79 72
79 75
79 76
79 78
79 80
79 81
79 83
79 86
79 87
79 94
79 95
79 96
79 100
79 102
79 104
79 108
79 111
79 116
79 119
79 122
79 123
79 125
79 129
79 130
79 131
79 132
79 134
79 136
80 1
80 2
80 3
80 4
80 5
80 6
80 7
80 8
80 9
80 10
80 11
80 12
80 13
80 14
80 15
80 16
80 17
80 18
80 19
80 21
80 22
80 23
80 24
80 25
80 26
80 27
80 29
80 30
80 32
80 33
80 34
80 35
80 36
80 38
80 39
80 40
80 41
80 42
80 43
80 44
80 45
80 46
80 47
80 48
80 49
80 50
80 51
80 52
80 53
80 56
80 57
80 58
80 59
80 60
80 61
80 62
80 63
80 64
80 66
80 67
80 68
80 69
80 70
80 71
80 72
80 73
80 74
80 75
80 76
80 77
80 78
80 79
80 81
80 82
80 84
80 85
80 86
80 87
80 89
80 92
80 93
80 94
80 95
80 97
80 98
80 101
80 102
80 103
80 104
80 105
80 106
80 107
80 108
80 110
80 111
80 113
80 114
80 115
80 116
80 118
80 119
80 120
80 121
80 122
80 123
80 124
80 125
80 126
80 127
80 128
80 129
80 130
80 131
80 132
80 134
80 135
80 136
80 138
80 139
81 1
81 2
81 3
81 4
81 5
81 6
81 7
81 8
81 9
81 10
81 11
81 12
81 13
81 14
81 15
81 16
81 17
81 18
81 20
81 21
81 22
81 23
81 24
81 25
81 26
81 27
81 28
81 29
81 30
81 32
81 33
81 35
81 36
81 37
81 38
81 40
81 41
81 44
81 45
81 47
81 49
81 50
81 51
81 53
81 54
81 55
81 56
81 57
81 58
81 59
81 60
81 61
81 64
81 66
81 67
81 69
81 71
81 72
81 73
81 74
81 75
81 76
81 77
81 78
81 79
81 80
81 82
81 85
81 88
81 89
81 90
81 91
81 92
81 93
81 95
81 97
81 98
81 99
81 100
81 101
81 102
81 103
81 105
81 108
81 109
81 110
81 111
81 113
81 114
81 115
81 116
81 118
81 119
81 120
81 121
81 122
81 123
81 124
81 125
81 126
81 127
81 129
81 130
81 131
81 132
81 133
81 134
81 135
81 136
81 137
81 138
81 139
82 1
82 2
82 3
82 4
82 5
82 6
82 7
82 8
82 9
82 10
82 11
82 12
82 13
82 14
82 15
82 16
82 17
82 18
82 19
82 20
82 21
82 22
82 23
82 24
82 27
82 29
82 30
82 31
82 32
82 33
82 34
82 35
82 36
82 37
82 39
82 40
82 41
82 42
82 43
82 44
82 45
82 46
82 47
82 48
82 49
82 50
82 51
82 52
82 53
82 54
82 55
82 57
82 58
82 59
82 61
82 63
82 64
82 65
82 66
82 67
82 70
82 71
82 72
82 73
82 75
82 76
82 80
82 81
82 83
82 84
82 85
82 88
82 89
82 94
82 95
82 97
82 101
82 104
82 105
82 106
82 109
82 111
82 112
82 114
82 117
82 118
82 119
82 120
82 124
82 126
82 128
82 134
82 135
82 138
82 139
83 1
83 2
83 3
83 4
83 5
83 6
83 8
83 9
83 10
83 11
83 12
83 13
83 14
83 15
83 16
83 20
83 21
83 23
83 25
83 27
83 33
83 36
83 42
83 43
83 46
83 48
83 49
83 50
83 51
83 52
83 53
83 54
83 55
83 57
83 58
83 60
83 61
83 62
83 63
83 64
83 66
83 67
83 69
83 72
83 76
83 77
83 78
83 79
83 82
83 85
83 88
83 96
83 107
83 109
83 110
83 114
83 116
83 118
83 126
83 127
83 139
84 1
84 2
84 3
84 4
84 5
84 7
84 9
84 10
84 12
84 13
84 14
84 15
84 21
84 24
84 29
84 36
84 40
84 42
84 43
84 46
84 50
84 51
84 53
84 54
84 55
84 61
84 62
84 63
84 64
84 68
84 69
84 70
84 72
84 74
84 75
84 76
84 80
84 82
84 85
84 88
84 92
84 94
84 95
84 103
84 105
84 106
84 112
84 114
84 115
84 123
84 126
84 127
84 139
85 0
85 2
85 3
85 4
85 5
85 7
85 8
85 9
85 10
85 11
85 12
85 13
85 14
85 15
85 16
85 17
85 19
85 20
85 21
85 23
85 24
85 27
85 29
85 30
85 31
85 32
85 33
85 36
85 40
85 42
85 43
85 46
85 50
85 51
85 53
85 54
85 57
85 58
85 59
85 61
85 63
85 64
85 66
85 67
85 69
85 73
85 74
85 75
85 76
85 77
85 78
85 80
85 81
85 82
85 83
85 84
85 86
85 87
85 88
85 95
85 101
85 104
85 105
85 109
85 110
85 111
85 114
85 115
85 116
85 118
85 120
85 121
85 123
85 124
85 125
85 129
85 133
85 134
85 135
85 136
85 138
85 139
86 0
86 4
86 5
86 6
86 7
86 8
86 9
86 10
86 12
86 13
86 14
86 16
86 17
86 18
86 19
86 22
86 23
86 24
86 25
86 26
86 27
86 28
86 30
86 31
86 32
86 34
86 35
86 36
86 38
86 39
86 40
86 41
86 43
86 44
86 45
86 49
86 50
86 51
86 53
86 58
86 59
86 61
86 64
86 67
86 68
86 69
86 75
86 76
86 78
86 79
86 80
86 85
86 87
86 89
86 90
86 91
86 92
86 93
86 95
86 98
86 99
86 100
86 101
86 102
86 105
86 109
86 111
86 113
86 114
86 116
86 117
86 119
86 121
86 122
86 123
86 124
86 125
86 126
86 127
86 129
86 130
86 131
86 135
86 136
86 137
87 4
87 5
87 6
87 9
87 10
87 12
87 13
87 14
87 16
87 19
87 21
87 22
87 23
87 24
87 25
87 26
87 27
87 32
87 33
87 35
87 37
87 40
87 41
87 43
87 44
87 50
87 51
87 58
87 59
87 61
87 62
87 63
87 71
87 76
87 79
87 80
87 85
87 86
87 89
87 90
87 91
87 95
87 98
87 109
87 113
87 116
87 119
87 122
87 123
87 125
87 126
87 130
87 134
87 136
87 137
88 2
88 3
88 4
88 5
88 6
88 7
88 8
88 9
88 10
88 12
88 13
88 14
88 15
88 16
88 17
88 20
88 21
88 23
88 24
88 25
88 26
88 27
88 28
88 30
88 31
88 32
88 35
88 36
88 38
88 39
88 40
88 41
88 42
88 43
88 44
88 46
88 48
88 51
88 52
88 53
88 54
88 57
88 58
88 59
88 61
88 62
88 63
88 66
88 67
88 68
88 70
88 74
88 75
88 76
88 77
88 81
88 82
88 83
88 84
88 85
88 89
88 91
88 92
88 94
88 95
88 96
88 98
88 99
88 100
88 101
88 102
88 104
88 105
88 107
88 108
88 109
88 110
88 111
88 113
88 114
88 115
88 116
88 117
88 118
88 119
88 121
88 122
88 123
88 125
88 126
88 128
88 129
88 130
88 132
88 134
88 135
88 136
88 137
88 138
88 139
89 4
89 5
89 6
89 7
89 8
89 9
89 10
89 11
89 12
89 13
89 14
89 15
89 16
89 17
89 18
89 19
89 20
89 22
89 23
89 24
89 26
89 31
89 35
89 36
89 37
89 38
89 39
89 40
89 41
89 44
89 45
89 48
89 50
89 51
89 57
89 58
89 59
89 61
89 64
89 65
89 67
89 72
89 76
89 80
89 81
89 82
89 86
89 87
89 88
89 90
89 91
89 92
89 93
89 95
89 97
89 98
89 101
89 105
89 109
89 119
89 120
89 122
89 123
89 124
89 125
89 129
89 130
89 132
89 135
89 136
89 137
89 139
90 4
90 5
90 6
90 7
90 8
90 9
90 10
90 11
90 12
90 13
90 14
90 15
90 17
90 19
90 22
90 23
90 24
90 25
90 26
90 27
90 28
90 29
90 30
90 31
90 32
90 33
90 34
90 35
90 37
90 38
90 39
90 40
90 41
90 44
90 47
90 48
90 50
90 51
90 53
90 57
90 58
90 59
90 61
90 64
90 71
90 75
90 76
90 81
90 86
90 87
90 89
90 91
90 93
90 94
90 97
90 98
90 99
90 100
90 102
90 105
90 110
90 113
90 114
90 115
90 116
90 117
90 119
90 121
90 122
90 124
90 125
90 127
90 129
90 130
90 131
90 137
91 5
91 6
91 7
91 8
91 9
91 10
91 12
91 13
91 14
91 15
91 17
91 18
91 19
91 21
91 22
91 23
91 24
91 25
91 26
91 27
91 28
91 30
91 32
91 34
91 35
91 39
91 40
91 43
91 44
91 49
91 50
91 51
91 53
91 56
91 57
91 58
91 61
91 62
91 65
91 67
91 69
91 71
91 75
91 76
91 81
91 86
91 87
91 88
91 89
91 90
91 92
91 93
91 95
91 98
91 99
91 100
91 101
91 105
91 108
91 110
91 113
91 114
91 115
91 116
91 117
91 120
91 122
91 125
91 127
91 129
91 130
91 133
91 136
91 137
92 2
92 3
92 4
92 5
92 6
92 9
92 10
92 11
92 12
92 13
92 14
92 19
92 21
92 22
92 24
92 25
92 26
92 36
92 38
92 39
92 40
92 42
92 44
92 45
92 46
92 50
92 53
92 55
92 57
92 59
92 61
92 62
92 63
92 65
92 67
92 68
92 69
92 70
92 72
92 74
92 75
92 76
92 80
92 81
92 84
92 86
92 88
92 89
92 91
92 93
92 94
92 95
92 98
92 99
92 100
92 102
92 104
92 105
92 106
92 108
92 110
92 113
92 115
92 116
92 120
92 121
92 122
92 130
92 134
92 136
92 137
93 0
93 2
93 4
93 5
93 6
93 7
93 8
93 10
93 12
93 13
93 14
93 19
93 20
93 23
93 24
93 25
93 27
93 28
93 32
93 33
93 34
93 35
93 36
93 37
93 38
93 39
93 40
93 41
93 43
93 44
93 48
93 50
93 51
93 53
93 58
93 59
93 61
93 64
93 65
93 67
93 71
93 75
93 76
93 80
93 81
93 86
93 89
93 90
93 91
93 92
93 95
93 97
93 98
93 99
93 100
93 101
93 102
93 104
93 105
93 108
93 109
93 110
93 111
93 114
93 115
93 116
93 119
93 120
93 121
93 122
93 124
93 125
93 126
93 127
93 128
93 130
93 131
93 134
93 135
93 136
93 137
93 138
94 2
94 3
94 4
94 5
94 8
94 9
94 10
94 11
94 12
94 13
94 14
94 15
94 21
94 24
94 30
94 32
94 35
94 36
94 40
94 41
94 42
94 43
94 50
94 51
94 52
94 53
94 55
94 56
94 58
94 61
94 62
94 63
94 64
94 66
94 69
94 70
94 72
94 75
94 76
94 79
94 80
94 82
94 84
94 88
94 90
94 92
94 101
94 103
94 104
94 105
94 106
94 108
94 109
94 112
94 114
94 115
94 116
94 118
94 119
94 123
94 126
94 127
94 129
94 135
94 136
94 138
94 139
95 4
95 5
95 6
95 8
95 9
95 10
95 12
95 13
95 14
95 15
95 16
95 17
95 19
95 21
95 22
95 23
95 24
95 25
95 27
95 29
95 30
95 32
95 33
95 34
95 40
95 42
95 45
95 46
95 50
95 51
95 53
95 54
95 55
95 56
95 57
95 58
95 60
95 61
95 63
95 65
95 66
95 67
95 70
95 72
95 74
95 75
95 76
95 77
95 79
95 80
95 81
95 82
95 84
95 85
95 86
95 87
95 88
95 89
95 91
95 92
95 93
95 96
95 97
95 101
95 102
95 103
95 105
95 106
95 108
95 110
95 111
95 112
95 114
95 116
95 118
95 120
95 122
95 127
95 130
95 132
95 135
95 136
95 137
95 139
96 2
96 3
96 4
96 7
96 8
96 9
96 10
96 12
96 13
96 14
96 16
96 21
96 25
96 27
96 29
96 31
96 36
96 42
96 43
96 44
96 46
96 50
96 54
96 55
96 57
96 58
96 61
96 63
96 66
96 68
96 74
96 75
96 76
96 77
96 78
96 79
96 83
96 88
96 95
96 103
96 104
96 114
96 118
96 126
96 127
97 2
97 4
97 7
97 8
97 9
97 10
97 11
97 12
97 13
97 14
97 16
97 19
97 22
97 23
97 24
97 25
97 27
97 34
97 35
97 36
97 37
97 38
97 40
97 43
97 45
97 48
97 51
97 53
97 57
97 58
97 59
97 65
97 71
97 72
97 75
97 76
97 80
97 81
97 82
97 89
97 90
97 93
97 95
97 101
97 105
97 109
97 111
97 116
97 122
97 124
97 125
97 131
97 138
97 139
98 4
98 5
98 9
98 10
98 12
98 13
98 14
98 18
98 19
98 21
98 22
98 30
98 32
98 40
98 50
98 51
98 57
98 58
98 59
98 61
98 65
98 75
98 76
98 80
98 81
98 86
98 87
98 88
98 89
98 90
98 91
98 92
98 93
98 99
98 105
98 113
98 116
98 122
98 124
98 125
98 130
98 136
98 137
99 6
99 10
99 13
99 17
99 18
99 19
99 22
99 24
99 26
99 28
99 32
99 33
99 36
99 37
99 40
99 41
99 43
99 44
99 50
99 51
99 58
99 59
99 61
99 65
99 67
99 75
99 76
99 78
99 81
99 86
99 88
99 90
99 91
99 92
99 93
99 98
99 100
99 101
99 105
99 108
99 110
99 111
99 113
99 114
99 115
99 116
99 118
99 119
99 121
99 124
99 125
99 127
99 131
99 137
100 3
100 5
100 6
100 9
100 10
100 12
100 14
100 20
100 21
100 22
100 24
100 25
100 26
100 28
100 33
100 40
100 41
100 49
100 50
100 55
100 57
100 58
100 59
100 61
100 64
100 66
100 67
100 69
100 71
100 75
100 79
100 81
100 86
100 88
100 90
100 91
100 92
100 93
100 99
100 101
100 104
100 105
100 113
100 114
100 116
100 118
100 119
100 121
100 125
100 127
100 129
100 131
100 136
100 137
101 2
101 3
101 5
101 6
101 7
101 8
101 9
101 10
101 12
101 13
101 14
101 15
101 16
101 17
101 18
101 21
101 24
101 25
101 26
101 27
101 28
101 32
101 33
101 35
101 36
101 37
101 38
101 39
101 40
101 41
101 43
101 45
101 47
101 48
101 49
101 50
101 51
101 53
101 55
101 57
101 58
101 59
101 60
101 61
101 62
101 64
101 67
101 68
101 75
101 78
101 80
101 81
101 82
101 85
101 86
101 88
101 89
101 91
101 93
101 94
101 95
101 97
101 99
101 100
101 105
101 107
101 109
101 110
101 111
101 114
101 115
101 116
101 118
101 119
101 121
101 122
101 124
101 126
101 128
101 129
101 132
101 133
101 134
101 135
101 136
101 137
101 139
102 0
102 4
102 6
102 7
102 9
102 10
102 12
102 13
102 14
102 16
102 20
102 21
102 24
102 25
102 27
102 28
102 30
102 31
102 32
102 34
102 35
102 37
102 38
102 40
102 41
102 47
102 49
102 50
102 51
102 53
102 55
102 56
102 58
102 60
102 61
102 64
102 66
102 67
102 71
102 75
102 76
102 78
102 79
102 80
102 81
102 86
102 88
102 90
102 92
102 93
102 95
102 105
102 109
102 110
102 111
102 114
102 115
102 116
102 119
102 121
102 122
102 123
102 124
102 125
102 129
102 134
102 136
103 3
103 5
103 6
103 7
103 8
103 10
103 14
103 16
103 21
103 25
103 27
103 31
103 33
103 36
103 42
103 43
103 48
103 49
103 50
103 53
103 54
103 55
103 57
103 58
103 60
103 61
103 62
103 63
103 66
103 68
103 70
103 71
103 72
103 74
103 75
103 78
103 80
103 81
103 84
103 94
103 95
103 96
103 104
103 105
103 110
103 111
103 114
103 115
103 116
103 118
103 123
103 125
103 126
103 127
103 135
104 2
104 3
104 4
104 8
104 9
104 10
104 13
104 14
104 17
104 20
104 21
104 22
104 24
104 25
104 26
104 33
104 40
104 42
104 43
104 44
104 46
104 49
104 50
104 51
104 53
104 54
104 55
104 57
104 58
104 59
104 61
104 62
104 63
104 66
104 68
104 69
104 70
104 75
104 76
104 77
104 78
104 79
104 80
104 82
104 85
104 88
104 92
104 93
104 94
104 96
104 100
104 103
104 105
104 106
104 114
104 118
104 125
104 127
104 130
104 131
104 136
104 139
105 0
105 2
105 3
105 4
105 5
105 6
105 7
105 8
105 9
105 10
105 12
105 13
105 14
105 15
105 17
105 18
105 19
105 20
105 21
105 22
105 23
105 24
105 25
105 26
105 27
105 28
105 29
105 30
105 31
105 32
105 35
105 36
105 37
105 38
105 39
105 40
105 41
105 42
105 43
105 44
105 45
105 46
105 49
105 50
105 51
105 53
105 58
105 59
105 60
105 61
105 62
105 63
105 64
105 65
105 66
105 67
105 69
105 71
105 73
105 74
105 75
105 76
105 77
105 78
105 80
105 81
105 82
105 84
105 85
105 86
105 88
105 89
105 90
105 91
105 92
105 93
105 94
105 95
105 97
105 98
105 99
105 100
105 101
105 102
105 103
105 104
105 109
105 110
105 111
105 112
105 114
105 116
105 117
105 119
105 121
105 122
105 124
105 125
105 127
105 129
105 130
105 132
105 133
105 134
105 135
105 136
105 137
105 138
105 139
106 2
106 3
106 4
106 5
106 6
106 7
106 8
106 9
106 10
106 11
106 12
106 13
106 14
106 16
106 21
106 25
106 30
106 33
106 40
106 44
106 46
106 48
106 50
106 51
106 52
106 53
106 55
106 59
106 61
106 62
106 63
106 64
106 67
106 68
106 69
106 70
106 75
106 76
106 80
106 82
106 84
106 92
106 94
106 95
106 104
106 111
106 114
106 116
106 127
106 135
106 139
107 3
107 4
107 6
107 7
107 8
107 9
107 10
107 12
107 13
107 14
107 15
107 20
107 21
107 24
107 41
107 42
107 43
107 46
107 49
107 51
107 53
107 54
107 58
107 59
107 61
107 63
107 66
107 67
107 71
107 72
107 74
107 75
107 76
107 77
107 80
107 83
107 88
107 101
107 109
107 110
107 114
107 116
107 118
108 2
108 3
108 5
108 6
108 9
108 10
108 12
108 14
108 18
108 21
108 23
108 24
108 26
108 40
108 41
108 44
108 46
108 50
108 51
108 53
108 54
108 58
108 59
108 61
108 66
108 67
108 69
108 75
108 76
108 79
108 80
108 81
108 88
108 91
108 92
108 93
108 94
108 95
108 99
108 109
108 111
108 113
108 114
108 115
108 116
108 119
108 122
108 127
108 132
108 134
108 136
108 137
108 138
109 2
109 3
109 6
109 7
109 9
109 10
109 12
109 13
109 14
109 15
109 16
109 17
109 21
109 23
109 24
109 25
109 26
109 27
109 32
109 33
109 38
109 40
109 41
109 44
109 50
109 51
109 53
109 58
109 61
109 63
109 66
109 67
109 69
109 71
109 72
109 74
109 75
109 77
109 81
109 82
109 83
109 85
109 86
109 87
109 88
109 89
109 93
109 94
109 97
109 101
109 102
109 105
109 107
109 108
109 111
109 114
109 115
109 116
109 118
109 119
109 121
109 123
109 125
109 127
109 129
109 130
109 131
109 132
109 133
109 136
109 138
109 139
110 2
110 4
110 5
110 6
110 7
110 8
110 9
110 10
110 11
110 12
110 13
110 14
110 15
110 16
110 17
110 18
110 20
110 24
110 25
110 28
110 29
110 32
110 33
110 35
110 36
110 37
110 38
110 40
110 41
110 42
110 44
110 49
110 50
110 51
110 53
110 54
110 56
110 58
110 59
110 61
110 62
110 64
110 65
110 66
110 67
110 69
110 70
110 74
110 75
110 76
110 80
110 81
110 83
110 85
110 88
110 90
110 91
110 92
110 93
110 95
110 99
110 101
110 102
110 103
110 105
110 107
110 111
110 113
110 114
110 115
110 116
110 119
110 120
110 121
110 122
110 126
110 127
110 128
110 130
110 131
110 132
110 133
110 134
110 137
110 138
111 5
111 6
111 7
111 8
111 9
111 10
111 12
111 13
111 14
111 15
111 16
111 17
111 20
111 21
111 23
111 24
111 25
111 26
111 31
111 32
111 33
111 36
111 37
111 38
111 40
111 41
111 43
111 44
111 45
111 48
111 50
111 51
111 53
111 55
111 58
111 59
111 61
111 62
111 64
111 65
111 67
111 68
111 71
111 75
111 76
111 79
111 80
111 81
111 82
111 85
111 86
111 88
111 93
111 95
111 97
111 99
111 101
111 102
111 103
111 105
111 106
111 108
111 109
111 110
111 115
111 116
111 118
111 120
111 122
111 126
111 127
111 128
111 129
111 134
111 135
111 136
111 139
112 2
112 4
112 5
112 9
112 10
112 12
112 14
112 15
112 21
112 25
112 27
112 42
112 46
112 50
112 51
112 53
112 54
112 58
112 61
112 63
112 64
112 66
112 67
112 69
112 70
112 72
112 75
112 76
112 82
112 84
112 94
112 95
112 105
112 114
112 126
112 139
113 6
113 10
113 12
113 13
113 14
113 18
113 21
113 22
113 24
113 25
113 26
113 28
113 30
113 33
113 38
113 40
113 44
113 49
113 50
113 51
113 57
113 58
113 61
113 67
113 69
113 71
113 75
113 76
113 78
113 80
113 81
113 86
113 87
113 88
113 90
113 91
113 92
113 98
113 99
113 100
113 108
113 110
113 114
113 116
113 120
113 122
113 125
113 127
113 129
113 130
113 137
114 0
114 2
114 3
114 4
114 5
114 6
114 7
114 8
114 9
114 10
114 11
114 12
114 13
114 14
114 15
114 16
114 17
114 18
114 19
114 20
114 21
114 23
114 24
114 25
114 26
114 27
114 28
114 29
114 30
114 31
114 32
114 33
114 34
114 35
114 36
114 37
114 38
114 40
114 41
114 43
114 47
114 48
114 49
114 50
114 51
114 52
114 53
114 54
114 55
114 56
114 57
114 58
114 60
114 61
114 63
114 64
114 65
114 66
114 67
114 68
114 69
114 70
114 71
114 72
114 73
114 74
114 75
114 78
114 80
114 81
114 82
114 83
114 84
114 85
114 86
114 88
114 90
114 91
114 93
114 94
114 95
114 96
114 99
114 100
114 101
114 102
114 103
114 104
114 105
114 106
114 107
114 108
114 109
114 110
114 112
114 113
114 115
114 116
114 117
114 118
114 119
114 120
114 121
114 122
114 123
114 124
114 125
114 127
114 131
114 133
114 136
114 137
114 139
115 0
115 2
115 6
115 8
115 9
115 10
115 12
115 13
115 14
115 15
115 17
115 19
115 21
115 24
115 25
115 26
115 28
115 30
115 32
115 33
115 34
115 35
115 36
115 38
115 40
115 41
115 43
115 44
115 45
115 46
115 50
115 51
115 53
115 57
115 58
115 61
115 62
115 64
115 65
115 66
115 67
115 69
115 75
115 76
115 77
115 78
115 80
115 81
115 84
115 85
115 88
115 90
115 91
115 92
115 93
115 94
115 99
115 101
115 102
115 103
115 108
115 109
115 110
115 111
115 114
115 116
115 117
115 119
115 121
115 125
115 130
115 131
115 132
115 134
115 135
115 136
115 137
115 138
116 0
116 2
116 3
116 4
116 5
116 6
116 7
116 8
116 9
116 10
116 11
116 12
116 13
116 14
116 15
116 16
116 17
116 18
116 20
116 21
116 23
116 25
116 26
116 27
116 28
116 29
116 30
116 31
116 32
116 33
116 34
116 35
116 36
116 37
116 38
116 39
116 40
116 41
116 42
116 43
116 44
116 48
116 49
116 50
116 51
116 53
116 54
116 55
116 56
116 57
116 58
116 59
116 60
116 61
116 64
116 65
116 66
116 67
116 68
116 70
116 71
116 73
116 75
116 76
116 77
116 78
116 79
116 80
116 81
116 83
116 85
116 86
116 87
116 88
116 90
116 91
116 92
116 93
116 94
116 95
116 97
116 98
116 99
116 100
116 101
116 102
116 103
116 105
116 106
116 107
116 108
116 109
116 110
116 111
116 113
116 114
116 115
116 117
116 120
116 121
116 123
116 124
116 125
116 126
116 127
116 128
116 129
116 133
116 134
116 135
116 136
116 137
116 138
117 5
117 8
117 10
117 12
117 13
117 14
117 15
117 17
117 18
117 19
117 20
117 22
117 24
117 25
117 31
117 32
117 34
117 36
117 37
117 39
117 40
117 43
117 50
117 51
117 53
117 57
117 58
117 59
117 61
117 67
117 75
117 76
117 82
117 86
117 88
117 90
117 91
117 105
117 114
117 115
117 116
117 118
117 121
117 122
117 124
117 129
117 131
117 137
117 138
117 139
118 2
118 3
118 4
118 5
118 6
118 7
118 8
118 9
118 10
118 12
118 13
118 14
118 16
118 18
118 20
118 21
118 25
118 26
118 28
118 29
118 30
118 31
118 32
118 33
118 36
118 37
118 38
118 40
118 42
118 44
118 46
118 50
118 51
118 53
118 55
118 57
118 58
118 59
118 61
118 62
118 63
118 64
118 67
118 68
118 69
118 75
118 76
118 78
118 80
118 81
118 82
118 83
118 85
118 88
118 94
118 95
118 96
118 99
118 100
118 101
118 103
118 104
118 107
118 109
118 111
118 114
118 117
118 120
118 124
118 126
118 127
118 128
118 129
118 134
118 138
118 139
119 2
119 4
119 5
119 6
119 7
119 8
119 9
119 10
119 12
119 13
119 14
119 15
119 16
119 19
119 21
119 22
119 23
119 24
119 26
119 30
119 32
119 33
119 35
119 37
119 39
119 40
119 41
119 44
119 47
119 49
119 51
119 53
119 57
119 58
119 59
119 62
119 69
119 72
119 74
119 79
119 80
119 81
119 82
119 86
119 87
119 88
119 89
119 90
119 93
119 94
119 99
119 100
119 101
119 102
119 105
119 108
119 109
119 110
119 114
119 115
119 121
119 122
119 126
119 129
119 130
119 132
119 136
119 139
120 4
120 5
120 10
120 12
120 13
120 17
120 21
120 24
120 26
120 32
120 37
120 38
120 40
120 41
120 43
120 44
120 50
120 51
120 57
120 58
120 61
120 67
120 75
120 80
120 81
120 82
120 85
120 89
120 91
120 92
120 93
120 95
120 110
120 111
120 113
120 114
120 116
120 118
120 122
120 123
120 124
120 125
120 127
120 129
120 134
120 137
120 139
121 5
121 6
121 7
121 9
121 10
121 12
121 13
121 14
121 17
121 19
121 22
121 23
121 25
121 26
121 27
121 28
121 30
121 32
121 36
121 38
121 40
121 41
121 43
121 44
121 50
121 51
121 58
121 67
121 69
121 75
121 76
121 80
121 81
121 85
121 86
121 88
121 90
121 92
121 93
121 99
121 100
121 101
121 102
121 105
121 109
121 110
121 114
121 115
121 116
121 117
121 119
121 122
121 124
121 125
121 127
121 129
121 130
121 134
121 136
122 4
122 5
122 6
122 7
122 9
122 10
122 12
122 13
122 14
122 15
122 16
122 17
122 18
122 19
122 21
122 24
122 25
122 32
122 35
122 36
122 37
122 38
122 39
122 40
122 41
122 44
122 48
122 50
122 51
122 53
122 55
122 58
122 59
122 60
122 61
122 71
122 75
122 79
122 80
122 81
122 86
122 87
122 88
122 89
122 90
122 91
122 92
122 93
122 95
122 97
122 98
122 101
122 102
122 105
122 108
122 110
122 111
122 113
122 114
122 117
122 119
122 120
122 121
122 123
122 124
122 125
122 130
122 135
122 136
122 137
122 138
123 0
123 2
123 3
123 4
123 5
123 6
123 7
123 9
123 10
123 12
123 13
123 14
123 15
123 16
123 21
123 23
123 24
123 25
123 26
123 27
123 29
123 32
123 37
123 38
123 40
123 41
123 43
123 44
123 46
123 50
123 51
123 53
123 56
123 57
123 58
123 60
123 61
123 64
123 66
123 69
123 71
123 73
123 75
123 76
123 77
123 79
123 80
123 81
123 84
123 85
123 86
123 87
123 88
123 89
123 94
123 102
123 103
123 109
123 114
123 116
123 120
123 122
123 126
123 135
124 4
124 5
124 6
124 7
124 8
124 9
124 10
124 11
124 12
124 13
124 14
124 15
124 16
124 19
124 22
124 24
124 25
124 26
124 30
124 32
124 33
124 35
124 37
124 38
124 40
124 44
124 45
124 50
124 51
124 55
124 57
124 58
124 59
124 64
124 67
124 75
124 76
124 80
124 81
124 82
124 85
124 86
124 89
124 90
124 93
124 97
124 98
124 99
124 101
124 102
124 105
124 114
124 116
124 117
124 118
124 120
124 121
124 122
124 125
124 127
124 129
124 130
124 131
124 139
125 2
125 5
125 7
125 10
125 12
125 13
125 16
125 17
125 18
125 19
125 21
125 22
125 24
125 25
125 27
125 28
125 29
125 30
125 32
125 33
125 36
125 37
125 40
125 43
125 44
125 45
125 47
125 50
125 51
125 53
125 54
125 55
125 57
125 58
125 59
125 60
125 61
125 62
125 65
125 67
125 71
125 75
125 78
125 79
125 80
125 81
125 85
125 86
125 87
125 88
125 89
125 90
125 91
125 93
125 97
125 98
125 99
125 100
125 102
125 103
125 104
125 105
125 109
125 113
125 114
125 115
125 116
125 120
125 121
125 122
125 124
125 127
125 129
125 130
125 131
125 134
125 137
126 2
126 3
126 4
126 5
126 6
126 7
126 8
126 9
126 10
126 12
126 13
126 14
126 16
126 21
126 24
126 25
126 27
126 29
126 32
126 35
126 36
126 40
126 41
126 43
126 44
126 46
126 49
126 50
126 51
126 52
126 53
126 54
126 56
126 57
126 58
126 61
126 62
126 63
126 64
126 66
126 67
126 71
126 72
126 75
126 76
126 80
126 81
126 82
126 83
126 84
126 86
126 87
126 88
126 93
126 94
126 96
126 101
126 103
126 110
126 111
126 112
126 116
126 118
126 119
126 123
126 127
126 128
126 129
126 130
126 131
126 134
126 135
126 136
126 138
126 139
127 0
127 2
127 3
127 4
127 5
127 6
127 7
127 8
127 9
127 10
127 12
127 13
127 14
127 16
127 17
127 18
127 19
127 20
127 21
127 22
127 23
127 25
127 26
127 27
127 28
127 29
127 30
127 31
127 32
127 33
127 34
127 35
127 36
127 37
127 38
127 39
127 40
127 41
127 42
127 43
127 44
127 46
127 47
127 48
127 49
127 51
127 52
127 53
127 54
127 55
127 57
127 58
127 59
127 60
127 61
127 62
127 64
127 65
127 67
127 70
127 71
127 72
127 74
127 75
127 76
127 78
127 80
127 81
127 83
127 84
127 86
127 90
127 91
127 93
127 94
127 95
127 96
127 99
127 100
127 103
127 104
127 105
127 106
127 108
127 109
127 110
127 111
127 113
127 114
127 116
127 118
127 120
127 121
127 124
127 125
127 126
127 128
127 130
127 131
127 134
127 137
128 3
128 5
128 6
128 7
128 8
128 9
128 10
128 12
128 13
128 14
128 16
128 20
128 21
128 25
128 41
128 42
128 44
128 48
128 49
128 50
128 51
128 54
128 57
128 58
128 61
128 66
128 67
128 72
128 76
128 78
128 80
128 82
128 88
128 93
128 101
128 110
128 111
128 116
128 118
128 126
128 127
128 135
128 138
128 139
129 3
129 5
129 6
129 7
129 8
129 9
129 10
129 11
129 12
129 13
129 14
129 15
129 16
129 17
129 18
129 19
129 20
129 21
129 22
129 23
129 24
129 25
129 26
129 27
129 28
129 30
129 31
129 32
129 33
129 34
129 35
129 36
129 37
129 38
129 39
129 40
129 41
129 43
129 44
129 45
129 49
129 50
129 51
129 53
129 55
129 57
129 58
129 59
129 61
129 64
129 67
129 69
129 76
129 78
129 79
129 80
129 81
129 85
129 86
129 88
129 89
129 90
129 91
129 94
129 100
129 101
129 102
129 105
129 109
129 111
129 113
129 116
129 117
129 118
129 119
129 120
129 121
129 124
129 125
129 126
129 132
129 133
129 137
130 4
130 5
130 7
130 9
130 10
130 12
130 13
130 14
130 17
130 18
130 19
130 21
130 22
130 23
130 24
130 25
130 26
130 27
130 30
130 32
130 34
130 35
130 36
130 37
130 38
130 39
130 40
130 41
130 43
130 44
130 50
130 51
130 53
130 61
130 62
130 64
130 65
130 67
130 69
130 71
130 79
130 80
130 81
130 86
130 87
130 88
130 89
130 90
130 91
130 92
130 93
130 95
130 98
130 104
130 105
130 109
130 110
130 113
130 115
130 119
130 121
130 122
130 124
130 125
130 126
130 127
130 132
130 137
131 2
131 5
131 6
131 7
131 8
131 9
131 10
131 12
131 13
131 14
131 17
131 20
131 21
131 22
131 25
131 26
131 30
131 31
131 33
131 35
131 36
131 43
131 44
131 50
131 51
131 53
131 57
131 58
131 59
131 61
131 62
131 64
131 67
131 70
131 72
131 75
131 76
131 78
131 79
131 80
131 81
131 86
131 90
131 93
131 97
131 99
131 100
131 104
131 109
131 110
131 114
131 115
131 117
131 124
131 125
131 126
131 127
131 134
131 138
132 4
132 5
132 6
132 8
132 9
132 12
132 13
132 14
132 15
132 17
132 20
132 22
132 23
132 24
132 32
132 35
132 37
132 40
132 41
132 44
132 50
132 51
132 53
132 57
132 58
132 59
132 61
132 64
132 67
132 69
132 76
132 79
132 80
132 81
132 88
132 89
132 95
132 101
132 105
132 108
132 109
132 110
132 115
132 119
132 129
132 130
132 136
133 2
133 3
133 5
133 6
133 9
133 10
133 12
133 13
133 14
133 15
133 16
133 21
133 23
133 26
133 30
133 36
133 38
133 40
133 43
133 44
133 50
133 51
133 53
133 58
133 59
133 64
133 67
133 75
133 76
133 81
133 85
133 91
133 101
133 105
133 109
133 110
133 114
133 116
133 129
133 137
134 5
134 6
134 9
134 10
134 11
134 12
134 13
134 14
134 16
134 20
134 21
134 24
134 25
134 32
134 37
134 38
134 40
134 41
134 43
134 44
134 48
134 50
134 51
134 56
134 58
134 61
134 63
134 66
134 67
134 71
134 74
134 75
134 76
134 79
134 80
134 81
134 82
134 85
134 87
134 88
134 92
134 93
134 101
134 102
134 105
134 108
134 110
134 111
134 115
134 116
134 118
134 120
134 121
134 125
134 126
134 127
134 131
134 135
134 136
134 138
134 139
135 2
135 6
135 7
135 8
135 9
135 10
135 12
135 13
135 14
135 15
135 17
135 20
135 23
135 26
135 30
135 31
135 32
135 33
135 35
135 36
135 37
135 38
135 41
135 44
135 48
135 50
135 51
135 53
135 55
135 57
135 58
135 59
135 64
135 67
135 68
135 71
135 74
135 75
135 76
135 78
135 80
135 81
135 82
135 85
135 86
135 88
135 89
135 93
135 94
135 95
135 101
135 103
135 105
135 106
135 111
135 115
135 116
135 122
135 123
135 126
135 128
135 134
135 136
135 139
136 4
136 5
136 6
136 8
136 9
136 10
136 11
136 12
136 13
136 14
136 15
136 16
136 17
136 18
136 19
136 20
136 21
136 23
136 24
136 26
136 31
136 35
136 36
136 40
136 43
136 44
136 49
136 50
136 51
136 53
136 55
136 57
136 58
136 59
136 61
136 64
136 65
136 67
136 72
136 76
136 78
136 79
136 80
136 81
136 85
136 86
136 87
136 88
136 89
136 91
136 92
136 93
136 94
136 95
136 98
136 100
136 101
136 102
136 104
136 105
136 108
136 109
136 111
136 114
136 115
136 116
136 119
136 121
136 122
136 126
136 132
136 134
136 135
136 137
137 5
137 6
137 7
137 8
137 9
137 10
137 12
137 13
137 14
137 15
137 17
137 18
137 19
137 21
137 22
137 23
137 24
137 25
137 26
137 27
137 28
137 30
137 32
137 34
137 35
137 39
137 40
137 43
137 44
137 49
137 50
137 51
137 53
137 56
137 57
137 58
137 61
137 62
137 65
137 67
137 69
137 71
137 75
137 76
137 81
137 86
137 87
137 88
137 89
137 90
137 91
137 92
137 93
137 95
137 98
137 99
137 100
137 101
137 105
137 108
137 110
137 113
137 114
137 115
137 116
137 117
137 120
137 122
137 125
137 127
137 129
137 130
137 133
137 136
138 2
138 5
138 6
138 8
138 9
138 10
138 12
138 13
138 14
138 15
138 16
138 23
138 25
138 35
138 36
138 37
138 38
138 42
138 43
138 44
138 50
138 51
138 53
138 57
138 58
138 59
138 66
138 67
138 75
138 76
138 80
138 81
138 82
138 85
138 88
138 93
138 94
138 97
138 105
138 108
138 109
138 110
138 115
138 116
138 117
138 118
138 122
138 126
138 128
138 131
138 134
138 139
139 1
139 2
139 3
139 4
139 5
139 6
139 7
139 8
139 9
139 10
139 11
139 12
139 13
139 14
139 15
139 16
139 17
139 18
139 19
139 20
139 21
139 22
139 23
139 24
139 27
139 29
139 30
139 31
139 32
139 33
139 34
139 35
139 36
139 37
139 39
139 40
139 41
139 42
139 43
139 44
139 45
139 46
139 47
139 48
139 49
139 50
139 51
139 52
139 53
139 54
139 55
139 57
139 58
139 59
139 61
139 63
139 64
139 65
139 66
139 67
139 70
139 71
139 72
139 73
139 75
139 76
139 80
139 81
139 82
139 83
139 84
139 85
139 88
139 89
139 94
139 95
139 97
139 101
139 104
139 105
139 106
139 109
139 111
139 112
139 114
139 117
139 118
139 119
139 120
139 124
139 126
139 128
139 134
139 135
139 138

8
11
66
67
69
70
71
72
75
76
79
83
87
88
92
101
103
159
197
258
599
657
662
806
811
813
830
832
837
846
847
860
862
876
906
922
929
933
938
940
973
980
989
997
998
1000
1018
1028
1032
1034
1035
1042
1051
1055
1056
1063
1068
1070
1087
1088
1093
1111
1120
1130
1136
1143
1144
1146
1148
1150
1153
1159
1161
1162
1176
1177
1183
1192
1198
1199
1203
1213
1223
1224
1234
1287
1324
1346
1350
1353
1392
1536
1877
2061
2115
2172
2200
2451
2503
2505
2511
2515
2522
2523
2528
2541
2542
2548
2549
2555
2562
2563
2565
2570
2571
2573
2577
2583
2587
2591
2592
2593
2930
3160
3594
3894
4367
4386
4388
4396
4956
6638
6829
6945
7888
7964
8781
8906
9977
27498
