113 8246 40
0 1
0 2
0 3
0 4
0 5
0 7
0 8
0 9
0 10
0 11
0 12
0 13
0 14
0 15
0 18
0 19
0 22
0 23
0 25
0 26
0 27
0 28
0 29
0 30
0 32
0 36
0 37
0 38
0 39
0 40
0 41
0 42
0 43
0 44
0 45
0 46
0 47
0 48
0 49
0 50
0 51
0 52
0 53
0 54
0 55
0 56
0 57
0 58
0 59
0 60
0 61
0 62
0 63
0 64
0 65
0 66
0 67
0 68
0 69
0 70
0 71
0 72
0 73
0 112
1 0
1 2
1 3
1 4
1 5
1 7
1 8
1 9
1 10
1 11
1 12
1 13
1 14
1 15
1 18
1 19
1 21
1 22
1 23
1 25
1 28
1 37
1 38
1 39
1 40
1 41
1 44
1 45
1 46
1 47
1 48
1 49
1 50
1 51
1 52
1 54
1 56
1 57
1 58
1 59
1 64
1 65
1 66
1 68
1 69
1 70
1 71
1 72
1 73
1 74
1 77
1 81
1 82
1 83
1 85
1 87
1 88
1 89
1 90
1 91
1 93
1 94
1 95
1 96
1 97
1 100
1 102
1 103
1 104
1 109
1 112
2 0
2 1
2 3
2 4
2 5
2 6
2 7
2 8
2 9
2 10
2 11
2 12
2 13
2 14
2 15
2 16
2 19
2 21
2 22
2 23
2 24
2 25
2 26
2 28
2 30
2 31
2 32
2 34
2 36
2 37
2 38
2 41
2 42
2 43
2 45
2 46
2 47
2 48
2 49
2 50
2 51
2 52
2 53
2 54
2 55
2 56
2 57
2 58
2 61
2 62
2 63
2 64
2 66
2 67
2 68
2 69
2 70
2 71
2 72
2 73
2 74
2 77
2 81
2 83
2 85
2 87
2 88
2 89
2 90
2 93
2 95
2 96
2 100
2 103
2 104
2 105
2 112
3 0
3 1
3 2
3 4
3 5
3 7
3 8
3 9
3 10
3 11
3 12
3 13
3 15
3 17
3 18
3 19
3 20
3 21
3 22
3 23
3 26
3 27
3 28
3 29
3 30
3 31
3 32
3 33
3 34
3 35
3 36
3 37
3 38
3 39
3 40
3 41
3 42
3 43
3 44
3 46
3 47
3 48
3 49
3 50
3 51
3 52
3 54
3 55
3 56
3 57
3 58
3 61
3 63
3 64
3 67
3 68
3 69
3 70
3 71
3 72
3 73
3 74
3 75
3 76
3 77
3 78
3 79
3 81
3 82
3 83
3 84
3 86
3 87
3 88
3 89
3 91
3 93
3 95
3 96
3 97
3 99
3 100
3 101
3 103
3 104
3 106
3 107
3 110
3 112
4 0
4 1
4 2
4 3
4 5
4 6
4 7
4 8
4 9
4 10
4 11
4 12
4 13
4 14
4 15
4 16
4 18
4 19
4 20
4 21
4 22
4 24
4 25
4 26
4 27
4 28
4 29
4 30
4 31
4 32
4 33
4 34
4 35
4 37
4 38
4 39
4 40
4 41
4 42
4 43
4 44
4 45
4 46
4 47
4 49
4 50
4 52
4 53
4 54
4 55
4 56
4 57
4 58
4 59
4 61
4 62
4 63
4 64
4 65
4 66
4 67
4 68
4 69
4 70
4 71
4 72
4 73
4 74
4 75
4 76
4 77
4 78
4 79
4 80
4 81
4 82
4 83
4 84
4 85
4 88
4 89
4 91
4 92
4 93
4 95
4 96
4 97
4 98
4 99
4 100
4 101
4 102
4 103
4 104
4 105
4 106
4 107
4 108
4 110
4 111
4 112
5 0
5 1
5 2
5 3
5 4
5 6
5 8
5 9
5 11
5 12
5 13
5 15
5 17
5 18
5 19
5 21
5 22
5 24
5 25
5 27
5 29
5 32
5 33
5 34
5 35
5 36
5 37
5 39
5 40
5 41
5 42
5 44
5 45
5 47
5 49
5 50
5 51
5 52
5 53
5 54
5 56
5 57
5 58
5 63
5 64
5 65
5 68
5 69
5 70
5 71
5 72
5 75
5 76
5 77
5 78
5 79
5 80
5 81
5 82
5 84
5 85
5 86
5 88
5 89
5 90
5 91
5 92
5 93
5 94
5 95
5 96
5 97
5 98
5 99
5 100
5 101
5 103
5 104
5 105
5 107
5 108
5 109
5 110
5 111
5 112
6 2
6 4
6 5
6 7
6 8
6 9
6 11
6 12
6 14
6 15
6 19
6 22
6 23
6 25
6 26
6 28
6 29
6 33
6 34
6 36
6 37
6 40
6 41
6 43
6 44
6 45
6 46
6 47
6 48
6 50
6 52
6 54
6 55
6 56
6 57
6 58
6 59
6 60
6 62
6 63
6 64
6 65
6 66
6 67
6 68
6 69
6 70
6 71
6 73
6 74
6 75
6 77
6 78
6 79
6 80
6 82
6 85
6 86
6 88
6 89
6 90
6 91
6 92
6 93
6 95
6 96
6 97
6 98
6 99
6 100
6 101
6 102
6 103
6 104
6 105
6 106
6 109
6 111
6 112
7 0
7 1
7 2
7 3
7 4
7 6
7 8
7 9
7 11
7 12
7 13
7 15
7 18
7 19
7 20
7 21
7 22
7 23
7 24
7 25
7 26
7 27
7 29
7 30
7 32
7 33
7 34
7 36
7 37
7 38
7 39
7 40
7 41
7 42
7 43
7 44
7 45
7 46
7 48
7 49
7 50
7 52
7 54
7 55
7 56
7 57
7 59
7 60
7 62
7 63
7 64
7 65
7 66
7 67
7 68
7 69
7 70
7 71
7 72
7 74
7 75
7 77
7 78
7 79
7 80
7 82
7 83
7 84
7 85
7 87
7 88
7 89
7 91
7 92
7 93
7 94
7 95
7 96
7 97
7 101
7 103
7 104
7 105
7 107
7 109
7 110
7 111
7 112
8 0
8 1
8 2
8 3
8 4
8 5
8 6
8 7
8 9
8 10
8 11
8 12
8 13
8 14
8 15
8 16
8 18
8 19
8 20
8 22
8 23
8 24
8 25
8 27
8 28
8 29
8 30
8 32
8 36
8 37
8 38
8 39
8 40
8 41
8 42
8 43
8 44
8 45
8 46
8 47
8 48
8 49
8 50
8 52
8 53
8 54
8 55
8 56
8 57
8 58
8 59
8 60
8 61
8 62
8 63
8 64
8 65
8 66
8 67
8 68
8 69
8 70
8 71
8 72
8 73
8 74
8 75
8 76
8 77
8 78
8 79
8 80
8 81
8 83
8 84
8 85
8 86
8 87
8 88
8 89
8 90
8 91
8 92
8 93
8 94
8 95
8 96
8 97
8 98
8 99
8 100
8 101
8 103
8 104
8 105
8 106
8 107
8 108
8 109
8 110
8 111
8 112
9 0
9 1
9 2
9 3
9 4
9 5
9 6
9 7
9 8
9 10
9 11
9 12
9 13
9 14
9 15
9 16
9 17
9 18
9 19
9 20
9 21
9 22
9 23
9 24
9 25
9 27
9 28
9 29
9 30
9 31
9 32
9 33
9 34
9 36
9 37
9 38
9 39
9 40
9 41
9 42
9 43
9 44
9 45
9 46
9 47
9 48
9 49
9 50
9 51
9 52
9 53
9 54
9 55
9 56
9 57
9 58
9 59
9 60
9 61
9 62
9 63
9 64
9 65
9 66
9 67
9 68
9 69
9 70
9 71
9 72
9 73
9 74
9 75
9 76
9 77
9 78
9 79
9 80
9 81
9 82
9 83
9 84
9 85
9 86
9 87
9 88
9 89
9 90
9 91
9 92
9 93
9 94
9 95
9 96
9 97
9 98
9 99
9 100
9 101
9 102
9 103
9 104
9 105
9 106
9 108
9 109
9 110
9 111
9 112
10 0
10 1
10 2
10 3
10 4
10 8
10 9
10 11
10 13
10 15
10 18
10 19
10 22
10 36
10 38
10 40
10 41
10 42
10 44
10 45
10 46
10 47
10 49
10 50
10 51
10 52
10 53
10 54
10 57
10 58
10 61
10 63
10 64
10 65
10 67
10 69
10 70
10 71
10 72
10 74
10 81
10 89
10 91
10 93
10 95
10 112
11 0
11 1
11 2
11 3
11 4
11 5
11 6
11 7
11 8
11 9
11 10
11 12
11 13
11 14
11 15
11 16
11 17
11 18
11 19
11 20
11 21
11 22
11 23
11 24
11 25
11 27
11 28
11 29
11 30
11 31
11 32
11 33
11 34
11 35
11 36
11 37
11 38
11 39
11 40
11 41
11 42
11 43
11 44
11 45
11 46
11 47
11 48
11 49
11 50
11 51
11 52
11 53
11 54
11 55
11 56
11 57
11 58
11 60
11 61
11 62
11 63
11 64
11 65
11 66
11 67
11 68
11 69
11 70
11 71
11 72
11 73
11 74
11 75
11 76
11 77
11 78
11 79
11 80
11 81
11 82
11 83
11 84
11 85
11 86
11 88
11 89
11 90
11 91
11 92
11 93
11 94
11 95
11 96
11 97
11 98
11 99
11 100
11 101
11 102
11 103
11 104
11 105
11 106
11 107
11 108
11 109
11 110
11 111
11 112
12 0
12 1
12 2
12 3
12 4
12 5
12 6
12 7
12 8
12 9
12 11
12 13
12 14
12 15
12 16
12 17
12 18
12 19
12 20
12 21
12 22
12 23
12 24
12 25
12 26
12 27
12 28
12 29
12 30
12 31
12 32
12 33
12 34
12 35
12 36
12 37
12 38
12 39
12 40
12 41
12 42
12 43
12 44
12 45
12 46
12 47
12 48
12 49
12 50
12 51
12 52
12 53
12 54
12 55
12 56
12 57
12 58
12 59
12 61
12 62
12 63
12 64
12 65
12 66
12 67
12 68
12 69
12 70
12 71
12 72
12 73
12 74
12 75
12 76
12 77
12 78
12 79
12 80
12 81
12 82
12 83
12 84
12 85
12 86
12 87
12 88
12 89
12 90
12 91
12 92
12 93
12 94
12 95
12 96
12 97
12 98
12 99
12 100
12 101
12 102
12 103
12 104
12 105
12 106
12 107
12 108
12 109
12 110
12 111
12 112
13 0
13 1
13 2
13 3
13 4
13 5
13 7
13 8
13 9
13 10
13 11
13 12
13 14
13 15
13 16
13 17
13 18
13 19
13 20
13 21
13 22
13 23
13 24
13 25
13 28
13 30
13 31
13 32
13 33
13 34
13 35
13 36
13 37
13 38
13 39
13 40
13 41
13 42
13 43
13 44
13 45
13 46
13 47
13 48
13 49
13 50
13 51
13 52
13 53
13 54
13 55
13 56
13 57
13 58
13 59
13 60
13 61
13 62
13 63
13 64
13 65
13 66
13 67
13 68
13 69
13 70
13 71
13 72
13 73
13 74
13 75
13 76
13 77
13 78
13 79
13 80
13 81
13 82
13 83
13 84
13 85
13 86
13 87
13 88
13 89
13 90
13 91
13 92
13 93
13 94
13 95
13 96
13 97
13 98
13 99
13 100
13 101
13 103
13 104
13 105
13 106
13 107
13 108
13 109
13 110
13 111
13 112
14 0
14 1
14 2
14 4
14 6
14 8
14 9
14 11
14 12
14 13
14 15
14 16
14 18
14 19
14 22
14 23
14 24
14 25
14 29
14 30
14 31
14 34
14 36
14 37
14 38
14 41
14 44
14 45
14 46
14 48
14 49
14 50
14 51
14 52
14 53
14 54
14 55
14 56
14 57
14 58
14 59
14 60
14 62
14 63
14 64
14 65
14 66
14 68
14 69
14 70
14 71
14 72
14 73
14 74
14 77
14 78
14 79
14 80
14 83
14 84
14 85
14 88
14 90
14 91
14 92
14 93
14 94
14 95
14 97
14 99
14 100
14 101
14 105
14 107
14 109
14 110
14 111
14 112
15 0
15 1
15 2
15 3
15 4
15 5
15 6
15 7
15 8
15 9
15 10
15 11
15 12
15 13
15 14
15 16
15 17
15 19
15 21
15 22
15 23
15 24
15 25
15 26
15 27
15 28
15 29
15 30
15 32
15 33
15 34
15 36
15 37
15 38
15 39
15 40
15 41
15 42
15 43
15 44
15 45
15 46
15 47
15 48
15 49
15 50
15 51
15 52
15 53
15 54
15 55
15 56
15 57
15 60
15 61
15 62
15 63
15 64
15 65
15 66
15 67
15 68
15 69
15 70
15 71
15 72
15 74
15 75
15 76
15 77
15 78
15 84
15 85
15 86
15 89
15 90
15 91
15 92
15 93
15 95
15 96
15 97
15 99
15 100
15 101
15 102
15 103
15 104
15 105
15 108
15 110
15 112
16 2
16 4
16 8
16 9
16 11
16 12
16 13
16 14
16 15
16 17
16 19
16 20
16 22
16 23
16 26
16 28
16 29
16 31
16 34
16 36
16 42
16 43
16 44
16 45
16 46
16 49
16 50
16 52
16 55
16 56
16 57
16 60
16 63
16 64
16 65
16 66
16 69
16 70
16 71
16 74
16 75
16 77
16 78
16 79
16 80
16 84
16 85
16 88
16 90
16 91
16 92
16 93
16 94
16 95
16 98
16 99
16 102
16 104
16 105
16 106
16 107
16 109
16 110
16 111
16 112
17 3
17 5
17 9
17 11
17 12
17 13
17 15
17 16
17 20
17 21
17 22
17 23
17 25
17 29
17 31
17 33
17 34
17 35
17 36
17 37
17 40
17 43
17 45
17 49
17 50
17 51
17 57
17 64
17 65
17 69
17 71
17 74
17 75
17 76
17 78
17 79
17 80
17 82
17 84
17 88
17 93
17 94
17 97
17 98
17 99
17 101
17 102
17 104
17 105
17 106
17 110
17 111
17 112
18 0
18 1
18 3
18 4
18 5
18 7
18 8
18 9
18 10
18 11
18 12
18 13
18 14
18 21
18 22
18 23
18 26
18 27
18 29
18 33
18 36
18 38
18 40
18 41
18 44
18 45
18 47
18 48
18 50
18 52
18 53
18 54
18 55
18 56
18 57
18 58
18 61
18 64
18 65
18 70
18 71
18 72
18 74
18 77
18 78
18 82
18 86
18 87
18 88
18 91
18 92
18 93
18 95
18 96
18 104
18 105
18 108
18 109
18 110
18 112
19 0
19 1
19 2
19 3
19 4
19 5
19 6
19 7
19 8
19 9
19 10
19 11
19 12
19 13
19 14
19 15
19 16
19 20
19 21
19 22
19 25
19 26
19 27
19 28
19 29
19 30
19 31
19 34
19 36
19 37
19 39
19 40
19 41
19 42
19 43
19 44
19 45
19 46
19 47
19 48
19 49
19 50
19 51
19 52
19 53
19 54
19 55
19 56
19 57
19 58
19 59
19 60
19 61
19 62
19 63
19 64
19 65
19 66
19 67
19 68
19 69
19 70
19 71
19 72
19 73
19 74
19 76
19 77
19 80
19 81
19 83
19 84
19 85
19 86
19 87
19 88
19 89
19 90
19 92
19 93
19 94
19 95
19 96
19 97
19 99
19 100
19 102
19 103
19 104
19 105
19 106
19 108
19 110
19 111
19 112
20 3
20 4
20 7
20 8
20 9
20 11
20 12
20 13
20 16
20 17
20 19
20 21
20 22
20 24
20 25
20 27
20 29
20 31
20 33
20 34
20 35
20 36
20 39
20 44
20 45
20 49
20 50
20 51
20 52
20 55
20 57
20 64
20 65
20 68
20 69
20 70
20 71
20 75
20 76
20 78
20 79
20 80
20 84
20 88
20 97
20 98
20 101
20 102
20 104
20 105
20 106
20 107
20 111
20 112
21 1
21 2
21 3
21 4
21 5
21 7
21 9
21 11
21 12
21 13
21 15
21 17
21 18
21 19
21 20
21 22
21 25
21 29
21 31
21 32
21 33
21 34
21 35
21 36
21 37
21 38
21 40
21 41
21 42
21 44
21 46
21 49
21 50
21 51
21 52
21 54
21 55
21 56
21 57
21 64
21 65
21 69
21 70
21 71
21 72
21 74
21 75
21 76
21 77
21 78
21 79
21 80
21 82
21 84
21 88
21 90
21 92
21 93
21 95
21 97
21 98
21 100
21 104
21 105
21 106
21 107
21 109
21 110
21 111
21 112
22 0
22 1
22 2
22 3
22 4
22 5
22 6
22 7
22 8
22 9
22 10
22 11
22 12
22 13
22 14
22 15
22 16
22 17
22 18
22 19
22 20
22 21
22 23
22 24
22 25
22 26
22 27
22 28
22 29
22 30
22 31
22 32
22 33
22 34
22 35
22 36
22 37
22 38
22 39
22 40
22 41
22 42
22 43
22 44
22 45
22 46
22 47
22 48
22 49
22 50
22 51
22 52
22 53
22 54
22 55
22 57
22 58
22 59
22 60
22 61
22 62
22 64
22 65
22 68
22 69
22 70
22 71
22 73
22 74
22 75
22 76
22 77
22 78
22 79
22 80
22 81
22 82
22 83
22 84
22 85
22 86
22 87
22 88
22 90
22 91
22 92
22 93
22 94
22 97
22 99
22 100
22 101
22 102
22 103
22 105
22 106
22 107
22 108
22 110
22 111
22 112
23 0
23 1
23 2
23 3
23 6
23 7
23 8
23 9
23 11
23 12
23 13
23 14
23 15
23 16
23 17
23 18
23 22
23 24
23 25
23 26
23 27
23 28
23 29
23 30
23 32
23 33
23 36
23 37
23 39
23 40
23 41
23 42
23 43
23 44
23 45
23 46
23 47
23 48
23 50
23 52
23 54
23 55
23 56
23 57
23 58
23 59
23 60
23 61
23 62
23 64
23 65
23 67
23 68
23 69
23 70
23 72
23 75
23 76
23 77
23 79
23 80
23 81
23 82
23 84
23 85
23 86
23 87
23 88
23 89
23 90
23 91
23 92
23 93
23 94
23 95
23 96
23 98
23 99
23 100
23 101
23 102
23 103
23 104
23 105
23 106
23 108
23 111
24 2
24 4
24 5
24 7
24 8
24 9
24 11
24 12
24 13
24 14
24 15
24 20
24 22
24 23
24 29
24 30
24 33
24 34
24 35
24 36
24 37
24 39
24 44
24 45
24 46
24 49
24 50
24 52
24 55
24 56
24 57
24 60
24 64
24 68
24 69
24 70
24 75
24 76
24 77
24 78
24 79
24 80
24 81
24 85
24 88
24 90
24 92
24 93
24 94
24 95
24 96
24 97
24 98
24 100
24 101
24 104
24 105
24 106
24 109
24 110
24 111
25 0
25 1
25 2
25 4
25 5
25 6
25 7
25 8
25 9
25 11
25 12
25 13
25 14
25 15
25 17
25 19
25 20
25 21
25 22
25 23
25 26
25 27
25 28
25 29
25 30
25 31
25 32
25 33
25 36
25 38
25 39
25 43
25 44
25 45
25 46
25 47
25 48
25 49
25 50
25 51
25 52
25 54
25 55
25 56
25 57
25 59
25 60
25 61
25 62
25 63
25 65
25 67
25 68
25 69
25 70
25 71
25 72
25 74
25 75
25 76
25 77
25 79
25 80
25 82
25 84
25 85
25 86
25 88
25 90
25 93
25 95
25 98
25 100
25 102
25 103
25 104
25 105
25 106
25 111
25 112
26 0
26 2
26 3
26 4
26 6
26 7
26 12
26 15
26 16
26 18
26 19
26 22
26 23
26 25
26 27
26 28
26 29
26 30
26 31
26 32
26 39
26 41
26 42
26 43
26 44
26 45
26 46
26 47
26 48
26 50
26 53
26 54
26 56
26 57
26 58
26 59
26 60
26 62
26 63
26 64
26 65
26 66
26 67
26 68
26 69
26 70
26 71
26 73
26 74
26 84
26 88
26 91
26 93
26 95
26 96
26 100
26 102
26 103
26 104
26 112
27 0
27 3
27 4
27 5
27 7
27 8
27 9
27 11
27 12
27 15
27 18
27 19
27 20
27 22
27 23
27 25
27 26
27 29
27 30
27 31
27 32
27 36
27 37
27 39
27 40
27 42
27 43
27 44
27 45
27 46
27 49
27 50
27 51
27 52
27 55
27 56
27 57
27 61
27 64
27 65
27 67
27 69
27 70
27 71
27 74
27 75
27 77
27 79
27 80
27 83
27 84
27 86
27 88
27 89
27 93
27 94
27 95
27 96
27 97
27 98
27 101
27 102
27 104
27 105
27 106
27 109
27 111
27 112
28 0
28 1
28 2
28 3
28 4
28 6
28 8
28 9
28 11
28 12
28 13
28 15
28 16
28 19
28 22
28 23
28 25
28 26
28 29
28 30
28 39
28 41
28 42
28 43
28 44
28 47
28 49
28 50
28 51
28 52
28 53
28 54
28 55
28 56
28 57
28 58
28 60
28 61
28 62
28 63
28 64
28 65
28 66
28 71
28 74
28 75
28 77
28 79
28 86
28 88
28 92
28 93
28 95
28 96
28 104
28 105
28 112
29 0
29 3
29 4
29 5
29 6
29 7
29 8
29 9
29 11
29 12
29 14
29 15
29 16
29 17
29 18
29 19
29 20
29 21
29 22
29 23
29 24
29 25
29 26
29 27
29 28
29 31
29 33
29 34
29 35
29 36
29 37
29 39
29 40
29 43
29 44
29 45
29 46
29 49
29 50
29 52
29 55
29 56
29 57
29 58
29 60
29 63
29 64
29 65
29 66
29 67
29 68
29 69
29 70
29 71
29 74
29 75
29 76
29 77
29 79
29 80
29 82
29 83
29 84
29 85
29 86
29 88
29 90
29 91
29 92
29 93
29 94
29 95
29 96
29 97
29 98
29 99
29 100
29 101
29 102
29 103
29 104
29 105
29 106
29 107
29 108
29 109
29 111
29 112
30 0
30 2
30 3
30 4
30 7
30 8
30 9
30 11
30 12
30 13
30 14
30 15
30 19
30 22
30 23
30 24
30 25
30 26
30 27
30 28
30 36
30 37
30 39
30 42
30 43
30 44
30 45
30 46
30 47
30 48
30 49
30 50
30 52
30 54
30 55
30 56
30 57
30 59
30 62
30 63
30 64
30 66
30 67
30 68
30 69
30 70
30 71
30 72
30 74
30 79
30 82
30 84
30 85
30 87
30 89
30 90
30 91
30 92
30 93
30 94
30 95
30 96
30 97
30 101
30 102
30 104
30 105
30 109
30 112
31 2
31 3
31 4
31 9
31 11
31 12
31 13
31 14
31 16
31 17
31 19
31 20
31 21
31 22
31 25
31 26
31 27
31 29
31 33
31 34
31 35
31 36
31 37
31 39
31 42
31 43
31 44
31 45
31 46
31 49
31 50
31 52
31 58
31 60
31 64
31 65
31 69
31 70
31 71
31 75
31 76
31 77
31 78
31 79
31 80
31 82
31 83
31 85
31 86
31 88
31 91
31 93
31 94
31 95
31 97
31 99
31 101
31 103
31 104
31 105
31 106
31 107
31 109
31 110
31 111
31 112
32 0
32 2
32 3
32 4
32 5
32 7
32 8
32 9
32 11
32 12
32 13
32 15
32 21
32 22
32 23
32 25
32 26
32 27
32 33
32 34
32 35
32 36
32 38
32 39
32 43
32 44
32 45
32 46
32 49
32 50
32 52
32 56
32 57
32 59
32 62
32 64
32 65
32 67
32 68
32 69
32 70
32 71
32 72
32 73
32 74
32 75
32 77
32 78
32 81
32 82
32 83
32 85
32 88
32 91
32 92
32 93
32 94
32 95
32 96
32 98
32 99
32 102
32 103
32 104
32 105
32 106
32 109
32 110
32 112
33 3
33 4
33 5
33 6
33 7
33 9
33 11
33 12
33 13
33 15
33 17
33 18
33 20
33 21
33 22
33 23
33 24
33 25
33 29
33 31
33 32
33 34
33 35
33 36
33 37
33 39
33 40
33 42
33 44
33 47
33 49
33 50
33 52
33 56
33 57
33 58
33 64
33 65
33 67
33 68
33 70
33 71
33 76
33 78
33 79
33 82
33 85
33 86
33 88
33 91
33 92
33 93
33 95
33 96
33 97
33 99
33 100
33 101
33 102
33 104
33 105
33 106
33 107
33 108
33 109
33 112
34 2
34 3
34 4
34 5
34 6
34 7
34 9
34 11
34 12
34 13
34 14
34 15
34 16
34 17
34 19
34 20
34 21
34 22
34 24
34 29
34 31
34 32
34 33
34 35
34 36
34 40
34 42
34 45
34 49
34 50
34 51
34 52
34 55
34 56
34 57
34 63
34 64
34 67
34 69
34 70
34 75
34 77
34 78
34 79
34 81
34 82
34 85
34 86
34 88
34 90
34 91
34 92
34 93
34 94
34 95
34 96
34 98
34 99
34 100
34 101
34 104
34 105
34 106
34 108
34 109
35 3
35 4
35 5
35 11
35 12
35 13
35 17
35 20
35 21
35 22
35 24
35 29
35 31
35 32
35 33
35 34
35 36
35 37
35 40
35 42
35 45
35 46
35 50
35 52
35 57
35 64
35 69
35 71
35 75
35 77
35 78
35 79
35 80
35 82
35 85
35 88
35 95
35 97
35 99
35 104
35 105
35 106
35 111
35 112
36 0
36 2
36 3
36 5
36 6
36 7
36 8
36 9
36 10
36 11
36 12
36 13
36 14
36 15
36 16
36 17
36 18
36 19
36 20
36 21
36 22
36 23
36 24
36 25
36 27
36 29
36 30
36 31
36 32
36 33
36 34
36 35
36 37
36 39
36 40
36 42
36 43
36 44
36 45
36 46
36 49
36 50
36 51
36 52
36 55
36 57
36 58
36 64
36 67
36 68
36 69
36 70
36 71
36 73
36 74
36 75
36 76
36 77
36 78
36 79
36 80
36 81
36 82
36 83
36 84
36 85
36 86
36 87
36 88
36 89
36 90
36 91
36 92
36 93
36 94
36 95
36 96
36 97
36 98
36 99
36 100
36 101
36 102
36 103
36 104
36 105
36 106
36 107
36 108
36 110
36 111
36 112
37 0
37 1
37 2
37 3
37 4
37 5
37 6
37 7
37 8
37 9
37 11
37 12
37 13
37 14
37 15
37 17
37 19
37 21
37 22
37 23
37 24
37 27
37 29
37 30
37 31
37 33
37 35
37 36
37 39
37 40
37 41
37 42
37 43
37 44
37 45
37 46
37 49
37 50
37 51
37 52
37 53
37 55
37 56
37 58
37 59
37 61
37 63
37 64
37 65
37 66
37 68
37 69
37 70
37 71
37 75
37 76
37 77
37 78
37 79
37 82
37 83
37 85
37 86
37 88
37 90
37 91
37 92
37 93
37 94
37 95
37 97
37 98
37 99
37 100
37 103
37 104
37 105
37 106
37 107
37 108
37 109
37 112
38 0
38 1
38 2
38 3
38 4
38 7
38 8
38 9
38 10
38 11
38 12
38 13
38 14
38 15
38 18
38 21
38 22
38 25
38 32
38 39
38 40
38 41
38 42
38 43
38 44
38 46
38 47
38 49
38 50
38 52
38 54
38 55
38 56
38 57
38 58
38 62
38 63
38 64
38 65
38 66
38 67
38 69
38 71
38 72
38 73
38 74
38 77
38 81
38 83
38 84
38 87
38 88
38 91
38 95
38 96
38 104
38 112
39 0
39 1
39 3
39 4
39 5
39 7
39 8
39 9
39 11
39 12
39 13
39 15
39 19
39 20
39 22
39 23
39 24
39 25
39 26
39 27
39 28
39 29
39 30
39 31
39 32
39 33
39 36
39 37
39 38
39 40
39 41
39 43
39 44
39 45
39 48
39 50
39 52
39 54
39 56
39 57
39 59
39 60
39 61
39 62
39 63
39 64
39 65
39 66
39 67
39 69
39 71
39 72
39 73
39 74
39 75
39 76
39 77
39 80
39 82
39 83
39 85
39 87
39 88
39 92
39 93
39 94
39 95
39 98
39 100
39 102
39 103
39 104
39 105
39 106
39 108
39 110
39 111
39 112
40 0
40 1
40 3
40 4
40 5
40 6
40 7
40 8
40 9
40 10
40 11
40 12
40 13
40 15
40 17
40 18
40 19
40 21
40 22
40 23
40 27
40 29
40 33
40 34
40 35
40 36
40 37
40 38
40 39
40 42
40 43
40 44
40 45
40 47
40 50
40 51
40 52
40 53
40 56
40 57
40 58
40 60
40 61
40 64
40 65
40 67
40 68
40 69
40 70
40 71
40 75
40 76
40 77
40 78
40 79
40 80
40 81
40 82
40 87
40 88
40 89
40 90
40 91
40 92
40 94
40 95
40 96
40 97
40 98
40 99
40 100
40 101
40 102
40 103
40 104
40 105
40 106
40 107
40 108
40 109
40 110
40 111
40 112
41 0
41 1
41 2
41 3
41 4
41 5
41 6
41 7
41 8
41 9
41 10
41 11
41 12
41 13
41 14
41 15
41 18
41 19
41 21
41 22
41 23
41 26
41 28
41 37
41 38
41 39
41 42
41 44
41 45
41 46
41 47
41 48
41 49
41 50
41 52
41 53
41 54
41 56
41 58
41 59
41 60
41 61
41 63
41 64
41 65
41 66
41 69
41 71
41 72
41 73
41 74
41 77
41 81
41 84
41 87
41 88
41 89
41 96
41 100
41 103
41 104
41 112
42 0
42 2
42 3
42 4
42 5
42 7
42 8
42 9
42 10
42 11
42 12
42 13
42 15
42 16
42 19
42 21
42 22
42 23
42 26
42 27
42 28
42 30
42 31
42 33
42 34
42 35
42 36
42 37
42 38
42 40
42 41
42 43
42 44
42 45
42 46
42 47
42 49
42 50
42 52
42 53
42 54
42 56
42 57
42 59
42 61
42 63
42 64
42 65
42 66
42 67
42 68
42 69
42 71
42 72
42 77
42 78
42 79
42 82
42 85
42 89
42 92
42 93
42 95
42 99
42 104
42 108
42 109
42 112
43 0
43 2
43 3
43 4
43 6
43 7
43 8
43 9
43 11
43 12
43 13
43 15
43 16
43 17
43 19
43 22
43 23
43 25
43 26
43 27
43 28
43 29
43 30
43 31
43 32
43 36
43 37
43 38
43 39
43 40
43 42
43 44
43 45
43 46
43 47
43 49
43 50
43 52
43 55
43 56
43 57
43 59
43 60
43 61
43 62
43 63
43 64
43 67
43 68
43 69
43 70
43 71
43 72
43 75
43 80
43 85
43 86
43 87
43 88
43 91
43 93
43 95
43 97
43 103
43 104
43 105
43 110
43 111
43 112
44 0
44 1
44 3
44 4
44 5
44 6
44 7
44 8
44 9
44 10
44 11
44 12
44 13
44 14
44 15
44 16
44 18
44 19
44 20
44 21
44 22
44 23
44 24
44 25
44 26
44 27
44 28
44 29
44 30
44 31
44 32
44 33
44 36
44 37
44 38
44 39
44 40
44 41
44 42
44 43
44 45
44 46
44 47
44 48
44 49
44 50
44 51
44 52
44 53
44 54
44 55
44 56
44 57
44 58
44 59
44 60
44 61
44 62
44 63
44 64
44 65
44 66
44 67
44 68
44 69
44 70
44 71
44 72
44 73
44 74
44 75
44 76
44 78
44 79
44 80
44 81
44 82
44 83
44 84
44 85
44 86
44 87
44 88
44 89
44 90
44 91
44 92
44 93
44 94
44 95
44 96
44 98
44 99
44 100
44 101
44 102
44 103
44 105
44 106
44 107
44 108
44 109
44 110
44 111
44 112
45 0
45 1
45 2
45 4
45 5
45 6
45 7
45 8
45 9
45 10
45 11
45 12
45 13
45 14
45 15
45 16
45 17
45 18
45 19
45 20
45 22
45 23
45 24
45 25
45 26
45 27
45 29
45 30
45 31
45 32
45 34
45 35
45 36
45 37
45 39
45 40
45 41
45 42
45 43
45 44
45 46
45 47
45 48
45 49
45 50
45 51
45 52
45 54
45 55
45 56
45 57
45 58
45 59
45 60
45 61
45 62
45 64
45 66
45 68
45 69
45 70
45 71
45 72
45 73
45 74
45 75
45 76
45 77
45 78
45 79
45 80
45 82
45 83
45 84
45 85
45 86
45 87
45 88
45 89
45 90
45 91
45 92
45 93
45 94
45 95
45 96
45 97
45 98
45 99
45 100
45 101
45 102
45 103
45 104
45 105
45 106
45 107
45 108
45 109
45 110
45 111
45 112
46 0
46 1
46 2
46 3
46 4
46 6
46 7
46 8
46 9
46 10
46 11
46 12
46 13
46 14
46 15
46 16
46 19
46 21
46 22
46 23
46 24
46 25
46 26
46 27
46 29
46 30
46 31
46 32
46 35
46 36
46 37
46 38
46 41
46 42
46 43
46 44
46 45
46 47
46 48
46 49
46 50
46 51
46 52
46 53
46 54
46 55
46 56
46 57
46 58
46 59
46 60
46 61
46 63
46 64
46 65
46 68
46 69
46 70
46 71
46 72
46 73
46 74
46 75
46 77
46 79
46 80
46 81
46 82
46 83
46 84
46 85
46 86
46 87
46 88
46 89
46 90
46 91
46 92
46 93
46 94
46 95
46 96
46 97
46 99
46 100
46 102
46 103
46 104
46 105
46 106
46 107
46 109
46 110
46 111
46 112
47 0
47 1
47 2
47 3
47 4
47 5
47 6
47 8
47 9
47 10
47 11
47 12
47 13
47 15
47 18
47 19
47 22
47 23
47 25
47 26
47 28
47 30
47 33
47 38
47 40
47 41
47 42
47 43
47 44
47 45
47 46
47 48
47 49
47 50
47 51
47 52
47 53
47 54
47 55
47 56
47 57
47 58
47 59
47 60
47 61
47 62
47 63
47 64
47 65
47 66
47 67
47 70
47 71
47 72
47 73
47 74
47 77
47 84
47 87
47 91
47 93
47 95
47 102
47 103
47 104
47 112
48 0
48 1
48 2
48 3
48 6
48 7
48 8
48 9
48 11
48 12
48 13
48 14
48 15
48 18
48 19
48 22
48 23
48 25
48 26
48 30
48 39
48 41
48 44
48 45
48 46
48 47
48 49
48 50
48 52
48 53
48 54
48 55
48 57
48 59
48 60
48 61
48 64
48 67
48 68
48 70
48 71
48 72
48 73
48 81
48 83
48 84
48 85
48 86
48 87
48 89
48 92
48 93
48 95
48 96
48 99
48 101
48 102
48 104
48 105
48 109
48 110
48 112
49 0
49 1
49 2
49 3
49 4
49 5
49 7
49 8
49 9
49 10
49 11
49 12
49 13
49 14
49 15
49 16
49 17
49 19
49 20
49 21
49 22
49 24
49 25
49 27
49 28
49 29
49 30
49 31
49 32
49 33
49 34
49 36
49 37
49 38
49 41
49 42
49 43
49 44
49 45
49 46
49 47
49 48
49 50
49 51
49 52
49 54
49 55
49 56
49 57
49 58
49 59
49 61
49 62
49 63
49 64
49 65
49 66
49 68
49 69
49 70
49 71
49 72
49 74
49 77
49 78
49 79
49 80
49 81
49 84
49 85
49 87
49 93
49 94
49 95
49 96
49 97
49 100
49 101
49 102
49 103
49 104
49 105
49 107
49 109
49 110
49 111
49 112
50 0
50 1
50 2
50 3
50 4
50 5
50 6
50 7
50 8
50 9
50 10
50 11
50 12
50 13
50 14
50 15
50 16
50 17
50 18
50 19
50 20
50 21
50 22
50 23
50 24
50 25
50 26
50 27
50 28
50 29
50 30
50 31
50 32
50 33
50 34
50 35
50 36
50 37
50 38
50 39
50 40
50 41
50 42
50 43
50 44
50 45
50 46
50 47
50 48
50 49
50 51
50 52
50 53
50 54
50 55
50 56
50 57
50 58
50 59
50 60
50 61
50 62
50 63
50 64
50 65
50 66
50 67
50 68
50 69
50 70
50 71
50 72
50 74
50 75
50 76
50 77
50 78
50 79
50 80
50 82
50 83
50 84
50 85
50 86
50 87
50 88
50 90
50 91
50 92
50 93
50 94
50 95
50 96
50 97
50 98
50 99
50 100
50 101
50 102
50 103
50 104
50 105
50 107
50 108
50 109
50 110
50 111
50 112
51 0
51 1
51 2
51 3
51 5
51 9
51 10
51 11
51 12
51 13
51 14
51 15
51 17
51 19
51 20
51 21
51 22
51 25
51 27
51 28
51 34
51 36
51 37
51 40
51 44
51 45
51 46
51 47
51 49
51 50
51 52
51 53
51 56
51 57
51 58
51 60
51 61
51 63
51 64
51 65
51 68
51 69
51 70
51 71
51 74
51 75
51 76
51 77
51 78
51 79
51 81
51 82
51 85
51 87
51 88
51 89
51 91
51 92
51 95
51 96
51 97
51 99
51 101
51 102
51 104
51 105
51 107
51 109
51 110
51 112
52 0
52 1
52 2
52 3
52 4
52 5
52 6
52 7
52 8
52 9
52 10
52 11
52 12
52 13
52 14
52 15
52 16
52 18
52 19
52 20
52 21
52 22
52 23
52 24
52 25
52 27
52 28
52 29
52 30
52 31
52 32
52 33
52 34
52 35
52 36
52 37
52 38
52 39
52 40
52 41
52 42
52 43
52 44
52 45
52 46
52 47
52 48
52 49
52 50
52 51
52 53
52 54
52 55
52 56
52 57
52 58
52 59
52 61
52 62
52 63
52 64
52 65
52 66
52 67
52 68
52 69
52 70
52 71
52 72
52 73
52 74
52 75
52 76
52 77
52 78
52 79
52 80
52 81
52 82
52 83
52 84
52 85
52 86
52 87
52 88
52 89
52 90
52 91
52 92
52 93
52 94
52 95
52 96
52 99
52 100
52 102
52 103
52 104
52 105
52 106
52 107
52 108
52 110
52 111
52 112
53 0
53 2
53 4
53 5
53 8
53 9
53 10
53 11
53 12
53 13
53 14
53 15
53 18
53 19
53 22
53 26
53 28
53 37
53 40
53 41
53 42
53 44
53 46
53 47
53 48
53 50
53 51
53 52
53 54
53 56
53 58
53 59
53 60
53 61
53 63
53 64
53 65
53 67
53 68
53 69
53 72
53 73
53 77
53 81
53 83
53 87
53 88
53 89
53 91
53 92
53 96
53 103
53 104
54 0
54 1
54 2
54 3
54 4
54 5
54 6
54 7
54 8
54 9
54 10
54 11
54 12
54 13
54 14
54 15
54 18
54 19
54 21
54 22
54 23
54 25
54 26
54 28
54 30
54 38
54 39
54 41
54 42
54 44
54 45
54 46
54 47
54 48
54 49
54 50
54 52
54 53
54 55
54 57
54 58
54 59
54 60
54 61
54 64
54 65
54 66
54 67
54 69
54 71
54 72
54 73
54 74
54 77
54 81
54 83
54 84
54 87
54 88
54 89
54 90
54 93
54 96
54 103
54 108
54 112
55 0
55 2
55 3
55 4
55 6
55 7
55 8
55 9
55 11
55 12
55 13
55 14
55 15
55 16
55 18
55 19
55 20
55 21
55 22
55 23
55 24
55 25
55 27
55 28
55 29
55 30
55 34
55 36
55 37
55 38
55 43
55 44
55 45
55 46
55 47
55 48
55 49
55 50
55 52
55 54
55 57
55 58
55 59
55 60
55 61
55 62
55 63
55 64
55 65
55 66
55 67
55 68
55 69
55 70
55 71
55 72
55 73
55 74
55 75
55 78
55 79
55 82
55 83
55 85
55 86
55 88
55 89
55 91
55 92
55 93
55 94
55 95
55 96
55 100
55 101
55 103
55 104
55 105
55 106
55 107
55 109
55 110
55 112
56 0
56 1
56 2
56 3
56 4
56 5
56 6
56 7
56 8
56 9
56 11
56 12
56 13
56 14
56 15
56 16
56 18
56 19
56 21
56 23
56 24
56 25
56 26
56 27
56 28
56 29
56 30
56 32
56 33
56 34
56 37
56 38
56 39
56 40
56 41
56 42
56 43
56 44
56 45
56 46
56 47
56 49
56 50
56 51
56 52
56 53
56 57
56 60
56 61
56 63
56 64
56 65
56 67
56 68
56 69
56 70
56 71
56 72
56 74
56 77
56 83
56 84
56 86
56 87
56 88
56 90
56 91
56 93
56 94
56 95
56 100
56 103
56 108
56 112
57 0
57 1
57 2
57 3
57 4
57 5
57 6
57 7
57 8
57 9
57 10
57 11
57 12
57 13
57 14
57 15
57 16
57 17
57 18
57 19
57 20
57 21
57 22
57 23
57 24
57 25
57 26
57 27
57 28
57 29
57 30
57 32
57 33
57 34
57 35
57 36
57 38
57 39
57 40
57 42
57 43
57 44
57 45
57 46
57 47
57 48
57 49
57 50
57 51
57 52
57 54
57 55
57 56
57 58
57 59
57 60
57 61
57 62
57 63
57 64
57 66
57 67
57 68
57 69
57 70
57 71
57 72
57 74
57 75
57 77
57 78
57 80
57 81
57 82
57 84
57 85
57 86
57 88
57 89
57 90
57 91
57 92
57 93
57 94
57 95
57 96
57 98
57 101
57 102
57 103
57 104
57 105
57 106
57 107
57 108
57 109
57 110
57 111
57 112
58 0
58 1
58 2
58 3
58 4
58 5
58 6
58 8
58 9
58 10
58 11
58 12
58 13
58 14
58 18
58 19
58 22
58 23
58 26
58 28
58 29
58 31
58 33
58 36
58 37
58 38
58 40
58 41
58 44
58 45
58 46
58 47
58 49
58 50
58 51
58 52
58 53
58 54
58 55
58 57
58 59
58 60
58 61
58 64
58 65
58 66
58 69
58 70
58 72
58 73
58 74
58 75
58 80
58 81
58 83
58 87
58 88
58 89
58 90
58 91
58 93
58 94
58 96
58 97
58 98
58 100
58 105
58 106
58 107
58 111
59 0
59 1
59 4
59 6
59 7
59 8
59 9
59 12
59 13
59 14
59 19
59 22
59 23
59 25
59 26
59 30
59 32
59 37
59 39
59 41
59 42
59 43
59 44
59 45
59 46
59 47
59 48
59 49
59 50
59 52
59 53
59 54
59 55
59 57
59 58
59 60
59 61
59 62
59 64
59 66
59 69
59 71
59 73
59 77
59 81
59 83
59 84
59 87
59 89
59 91
59 93
59 95
59 104
59 112
60 0
60 6
60 7
60 8
60 9
60 11
60 13
60 14
60 15
60 16
60 19
60 22
60 23
60 24
60 25
60 26
60 28
60 29
60 31
60 39
60 40
60 41
60 43
60 44
60 45
60 46
60 47
60 48
60 50
60 51
60 53
60 54
60 55
60 56
60 57
60 58
60 59
60 61
60 63
60 64
60 65
60 66
60 67
60 68
60 69
60 70
60 71
60 79
60 80
60 82
60 86
60 88
60 90
60 92
60 93
60 95
60 99
60 100
60 102
60 103
60 104
60 106
60 108
60 109
60 111
60 112
61 0
61 2
61 3
61 4
61 8
61 9
61 10
61 11
61 12
61 13
61 15
61 18
61 19
61 22
61 23
61 25
61 27
61 28
61 37
61 39
61 40
61 41
61 42
61 43
61 44
61 45
61 46
61 47
61 48
61 49
61 50
61 51
61 52
61 53
61 54
61 55
61 56
61 57
61 58
61 59
61 60
61 62
61 64
61 65
61 66
61 67
61 68
61 69
61 70
61 71
61 72
61 73
61 78
61 81
61 83
61 84
61 90
61 93
61 97
61 103
61 104
61 110
61 112
62 0
62 2
62 4
62 6
62 7
62 8
62 9
62 11
62 12
62 13
62 14
62 15
62 19
62 22
62 23
62 25
62 26
62 28
62 30
62 32
62 38
62 39
62 43
62 44
62 45
62 47
62 49
62 50
62 52
62 55
62 57
62 59
62 61
62 63
62 65
62 67
62 69
62 70
62 71
62 74
62 88
62 93
62 95
62 112
63 0
63 2
63 3
63 4
63 5
63 6
63 7
63 8
63 9
63 10
63 11
63 12
63 13
63 14
63 15
63 16
63 19
63 25
63 26
63 28
63 29
63 30
63 34
63 37
63 38
63 39
63 41
63 42
63 43
63 44
63 46
63 47
63 49
63 50
63 51
63 52
63 53
63 55
63 56
63 57
63 60
63 62
63 64
63 65
63 66
63 67
63 69
63 70
63 73
63 74
63 77
63 81
63 84
63 88
63 90
63 91
63 93
63 104
63 108
63 109
64 0
64 1
64 2
64 3
64 4
64 5
64 6
64 7
64 8
64 9
64 10
64 11
64 12
64 13
64 14
64 15
64 16
64 17
64 18
64 19
64 20
64 21
64 22
64 23
64 24
64 26
64 27
64 28
64 29
64 30
64 31
64 32
64 33
64 34
64 35
64 36
64 37
64 38
64 39
64 40
64 41
64 42
64 43
64 44
64 45
64 46
64 47
64 48
64 49
64 50
64 51
64 52
64 53
64 54
64 55
64 56
64 57
64 58
64 59
64 60
64 61
64 63
64 65
64 66
64 67
64 68
64 69
64 70
64 71
64 73
64 74
64 75
64 77
64 79
64 80
64 81
64 82
64 83
64 84
64 85
64 86
64 87
64 88
64 89
64 90
64 91
64 92
64 93
64 94
64 95
64 96
64 98
64 99
64 100
64 101
64 102
64 103
64 104
64 108
64 109
64 111
64 112
65 0
65 1
65 4
65 5
65 6
65 7
65 8
65 9
65 10
65 11
65 12
65 13
65 14
65 15
65 16
65 17
65 18
65 19
65 20
65 21
65 22
65 23
65 25
65 26
65 27
65 28
65 29
65 31
65 32
65 33
65 37
65 38
65 39
65 40
65 41
65 42
65 44
65 46
65 47
65 49
65 50
65 51
65 52
65 53
65 54
65 55
65 56
65 58
65 60
65 61
65 62
65 63
65 64
65 66
65 67
65 68
65 69
65 70
65 71
65 72
65 73
65 74
65 75
65 76
65 77
65 78
65 79
65 80
65 81
65 82
65 83
65 84
65 86
65 87
65 88
65 89
65 91
65 92
65 94
65 95
65 96
65 98
65 100
65 101
65 103
65 104
65 105
65 107
65 108
65 109
65 110
65 111
65 112
66 0
66 1
66 2
66 4
66 6
66 7
66 8
66 9
66 11
66 12
66 13
66 14
66 15
66 16
66 19
66 26
66 28
66 29
66 30
66 37
66 38
66 39
66 41
66 42
66 44
66 45
66 47
66 49
66 50
66 52
66 54
66 55
66 57
66 58
66 59
66 60
66 61
66 63
66 64
66 65
66 69
66 70
66 72
66 74
66 77
66 84
66 88
66 90
66 95
66 100
67 0
67 2
67 3
67 4
67 6
67 7
67 8
67 9
67 10
67 11
67 12
67 13
67 15
67 19
67 23
67 25
67 26
67 27
67 29
67 30
67 32
67 33
67 34
67 36
67 38
67 39
67 40
67 42
67 43
67 44
67 47
67 48
67 50
67 52
67 53
67 54
67 55
67 56
67 57
67 60
67 61
67 62
67 63
67 64
67 65
67 68
67 69
67 70
67 72
67 74
67 75
67 85
67 86
67 87
67 88
67 93
67 94
67 95
67 96
67 102
67 104
67 105
67 109
67 110
68 0
68 1
68 2
68 3
68 4
68 5
68 6
68 7
68 8
68 9
68 11
68 12
68 13
68 14
68 15
68 19
68 20
68 22
68 23
68 24
68 25
68 26
68 29
68 30
68 32
68 33
68 36
68 37
68 40
68 42
68 43
68 44
68 45
68 46
68 48
68 49
68 50
68 51
68 52
68 53
68 55
68 56
68 57
68 60
68 61
68 64
68 65
68 67
68 69
68 70
68 72
68 75
68 76
68 83
68 84
68 86
68 87
68 92
68 95
68 97
68 99
68 100
68 102
68 105
68 106
68 107
68 108
68 110
69 0
69 1
69 2
69 3
69 4
69 5
69 6
69 7
69 8
69 9
69 10
69 11
69 12
69 13
69 14
69 15
69 16
69 17
69 19
69 20
69 21
69 22
69 23
69 24
69 25
69 26
69 27
69 29
69 30
69 31
69 32
69 34
69 35
69 36
69 37
69 38
69 39
69 40
69 41
69 42
69 43
69 44
69 45
69 46
69 49
69 50
69 51
69 52
69 53
69 54
69 55
69 56
69 57
69 58
69 59
69 60
69 61
69 62
69 63
69 64
69 65
69 66
69 67
69 68
69 70
69 71
69 73
69 74
69 75
69 76
69 78
69 81
69 82
69 83
69 84
69 85
69 86
69 87
69 88
69 89
69 91
69 92
69 93
69 94
69 95
69 96
69 97
69 98
69 99
69 100
69 101
69 102
69 103
69 104
69 105
69 106
69 107
69 108
69 109
69 110
69 112
70 0
70 1
70 2
70 3
70 4
70 5
70 6
70 7
70 8
70 9
70 10
70 11
70 12
70 13
70 14
70 15
70 16
70 18
70 19
70 20
70 21
70 22
70 23
70 24
70 25
70 26
70 27
70 29
70 30
70 31
70 32
70 33
70 34
70 36
70 37
70 40
70 43
70 44
70 45
70 46
70 47
70 48
70 49
70 50
70 51
70 52
70 55
70 56
70 57
70 58
70 60
70 61
70 62
70 63
70 64
70 65
70 66
70 67
70 68
70 69
70 71
70 74
70 77
70 78
70 79
70 80
70 81
70 82
70 84
70 85
70 86
70 88
70 90
70 91
70 92
70 93
70 94
70 95
70 96
70 97
70 98
70 99
70 100
70 101
70 102
70 103
70 104
70 105
70 106
70 107
70 108
70 109
70 110
70 111
70 112
71 0
71 1
71 2
71 3
71 4
71 5
71 6
71 7
71 8
71 9
71 10
71 11
71 12
71 13
71 14
71 15
71 16
71 17
71 18
71 19
71 20
71 21
71 22
71 25
71 26
71 27
71 28
71 29
71 30
71 31
71 32
71 33
71 35
71 36
71 37
71 38
71 39
71 40
71 41
71 42
71 43
71 44
71 45
71 46
71 47
71 48
71 49
71 50
71 51
71 52
71 54
71 55
71 56
71 57
71 59
71 60
71 61
71 62
71 64
71 65
71 69
71 70
71 72
71 73
71 74
71 77
71 78
71 83
71 84
71 85
71 87
71 88
71 89
71 90
71 92
71 93
71 96
71 97
71 101
71 103
71 108
71 109
71 112
72 0
72 1
72 2
72 3
72 4
72 5
72 7
72 8
72 9
72 10
72 11
72 12
72 13
72 14
72 15
72 18
72 19
72 21
72 23
72 25
72 30
72 32
72 38
72 39
72 41
72 42
72 43
72 44
72 45
72 46
72 47
72 48
72 49
72 50
72 52
72 53
72 54
72 55
72 56
72 57
72 58
72 61
72 65
72 66
72 67
72 68
72 71
72 74
72 77
72 90
72 91
72 93
72 95
72 96
72 103
72 104
72 112
73 0
73 1
73 2
73 3
73 4
73 6
73 8
73 9
73 11
73 12
73 13
73 14
73 19
73 22
73 26
73 32
73 36
73 38
73 39
73 41
73 44
73 45
73 46
73 47
73 48
73 52
73 53
73 54
73 55
73 58
73 59
73 61
73 63
73 64
73 65
73 69
73 71
73 74
73 77
73 81
73 83
73 84
73 88
73 89
73 93
73 100
73 103
73 104
73 112
74 1
74 2
74 3
74 4
74 6
74 7
74 8
74 9
74 10
74 11
74 12
74 13
74 14
74 15
74 16
74 17
74 18
74 19
74 21
74 22
74 25
74 26
74 27
74 28
74 29
74 30
74 32
74 36
74 38
74 39
74 41
74 44
74 45
74 46
74 47
74 49
74 50
74 51
74 52
74 54
74 55
74 56
74 57
74 58
74 62
74 63
74 64
74 65
74 66
74 67
74 69
74 70
74 71
74 72
74 73
74 75
74 77
74 84
74 85
74 87
74 88
74 90
74 91
74 92
74 93
74 94
74 95
74 96
74 98
74 100
74 101
74 102
74 105
74 108
74 109
74 110
74 112
75 3
75 4
75 5
75 6
75 7
75 8
75 9
75 11
75 12
75 13
75 15
75 16
75 17
75 20
75 21
75 22
75 23
75 24
75 25
75 27
75 28
75 29
75 31
75 32
75 34
75 35
75 36
75 37
75 39
75 40
75 43
75 44
75 45
75 46
75 50
75 51
75 52
75 55
75 57
75 58
75 64
75 65
75 67
75 68
75 69
75 74
75 76
75 78
75 79
75 80
75 81
75 82
75 84
75 85
75 86
75 88
75 90
75 92
75 93
75 95
75 97
75 98
75 99
75 100
75 101
75 102
75 103
75 104
75 105
75 106
75 109
75 110
75 111
76 3
76 4
76 5
76 8
76 9
76 11
76 12
76 13
76 15
76 17
76 19
76 20
76 21
76 22
76 23
76 24
76 25
76 29
76 31
76 33
76 36
76 37
76 39
76 40
76 44
76 45
76 50
76 51
76 52
76 65
76 68
76 69
76 75
76 78
76 79
76 80
76 84
76 95
76 97
76 99
76 100
76 102
76 103
76 106
76 110
76 111
77 1
77 2
77 3
77 4
77 5
77 6
77 7
77 8
77 9
77 11
77 12
77 13
77 14
77 15
77 16
77 18
77 19
77 21
77 22
77 23
77 24
77 25
77 27
77 28
77 29
77 31
77 32
77 34
77 35
77 36
77 37
77 38
77 39
77 40
77 41
77 42
77 45
77 46
77 47
77 49
77 50
77 51
77 52
77 53
77 54
77 56
77 57
77 59
77 63
77 64
77 65
77 66
77 70
77 71
77 72
77 73
77 74
77 78
77 80
77 81
77 83
77 84
77 85
77 86
77 87
77 88
77 90
77 91
77 92
77 93
77 94
77 95
77 96
77 97
77 98
77 99
77 100
77 102
77 103
77 105
77 106
77 107
77 108
77 109
77 110
77 111
77 112
78 3
78 4
78 5
78 6
78 7
78 8
78 9
78 11
78 12
78 13
78 14
78 15
78 16
78 17
78 18
78 20
78 21
78 22
78 24
78 31
78 32
78 33
78 34
78 35
78 36
78 37
78 40
78 42
78 44
78 45
78 49
78 50
78 51
78 52
78 55
78 57
78 61
78 65
78 69
78 70
78 71
78 75
78 76
78 77
78 79
78 80
78 81
78 82
78 84
78 85
78 88
78 90
78 97
78 99
78 100
78 101
78 102
78 105
78 106
78 107
78 109
78 110
78 111
78 112
79 3
79 4
79 5
79 6
79 7
79 8
79 9
79 11
79 12
79 13
79 14
79 16
79 17
79 20
79 21
79 22
79 23
79 24
79 25
79 27
79 28
79 29
79 30
79 31
79 33
79 34
79 35
79 36
79 37
79 40
79 42
79 44
79 45
79 46
79 49
79 50
79 51
79 52
79 55
79 60
79 64
79 65
79 70
79 75
79 76
79 78
79 80
79 82
79 86
79 88
79 91
79 93
79 94
79 95
79 97
79 98
79 99
79 101
79 102
79 104
79 105
79 106
79 111
80 4
80 5
80 6
80 7
80 8
80 9
80 11
80 12
80 13
80 14
80 16
80 17
80 19
80 20
80 21
80 22
80 23
80 24
80 25
80 27
80 29
80 31
80 35
80 36
80 39
80 40
80 43
80 44
80 45
80 46
80 49
80 50
80 52
80 57
80 58
80 60
80 64
80 65
80 70
80 75
80 76
80 77
80 78
80 79
80 81
80 82
80 84
80 85
80 88
80 91
80 93
80 94
80 95
80 99
80 102
80 104
80 105
80 106
80 110
80 111
81 1
81 2
81 3
81 4
81 5
81 8
81 9
81 10
81 11
81 12
81 13
81 19
81 22
81 23
81 24
81 32
81 34
81 36
81 38
81 40
81 41
81 44
81 46
81 48
81 49
81 51
81 52
81 53
81 54
81 57
81 58
81 59
81 61
81 63
81 64
81 65
81 69
81 70
81 73
81 75
81 77
81 78
81 80
81 82
81 83
81 84
81 86
81 87
81 88
81 89
81 91
81 94
81 95
81 98
81 99
81 106
81 108
81 110
81 111
82 1
82 3
82 4
82 5
82 6
82 7
82 9
82 11
82 12
82 13
82 17
82 18
82 21
82 22
82 23
82 25
82 29
82 30
82 31
82 32
82 33
82 34
82 35
82 36
82 37
82 39
82 40
82 42
82 44
82 45
82 46
82 50
82 51
82 52
82 55
82 57
82 60
82 64
82 65
82 69
82 70
82 75
82 78
82 79
82 80
82 81
82 84
82 85
82 86
82 88
82 90
82 91
82 92
82 93
82 94
82 95
82 97
82 98
82 99
82 101
82 102
82 103
82 104
82 106
82 108
82 109
82 110
82 111
83 1
83 2
83 3
83 4
83 7
83 8
83 9
83 11
83 12
83 13
83 14
83 19
83 22
83 27
83 29
83 31
83 32
83 36
83 37
83 38
83 39
83 44
83 45
83 46
83 48
83 50
83 52
83 53
83 54
83 55
83 56
83 58
83 59
83 61
83 64
83 65
83 68
83 69
83 71
83 73
83 77
83 81
83 85
83 87
83 88
83 89
83 90
83 93
83 94
83 95
83 96
83 97
83 100
83 103
83 104
83 105
83 109
83 110
83 112
84 3
84 4
84 5
84 7
84 8
84 9
84 11
84 12
84 13
84 14
84 15
84 16
84 17
84 19
84 20
84 21
84 22
84 23
84 25
84 26
84 27
84 29
84 30
84 36
84 38
84 41
84 44
84 45
84 46
84 47
84 48
84 49
84 50
84 52
84 54
84 56
84 57
84 59
84 61
84 63
84 64
84 65
84 66
84 68
84 69
84 70
84 71
84 73
84 74
84 75
84 76
84 77
84 78
84 80
84 81
84 82
84 85
84 86
84 88
84 89
84 91
84 92
84 93
84 95
84 96
84 99
84 104
84 106
84 107
84 109
84 110
84 111
84 112
85 1
85 2
85 4
85 5
85 6
85 7
85 8
85 9
85 11
85 12
85 13
85 14
85 15
85 16
85 19
85 22
85 23
85 24
85 25
85 29
85 30
85 31
85 32
85 33
85 34
85 35
85 36
85 37
85 39
85 42
85 43
85 44
85 45
85 46
85 48
85 49
85 50
85 51
85 52
85 55
85 57
85 64
85 67
85 69
85 70
85 71
85 74
85 75
85 77
85 78
85 80
85 82
85 83
85 84
85 88
85 90
85 91
85 92
85 93
85 94
85 95
85 96
85 97
85 98
85 99
85 101
85 103
85 105
85 107
85 108
85 109
85 110
85 111
85 112
86 3
86 5
86 6
86 8
86 9
86 11
86 12
86 13
86 15
86 18
86 19
86 22
86 23
86 25
86 27
86 28
86 29
86 31
86 33
86 34
86 36
86 37
86 43
86 44
86 45
86 46
86 48
86 50
86 52
86 55
86 56
86 57
86 60
86 64
86 65
86 67
86 68
86 69
86 70
86 75
86 77
86 79
86 81
86 82
86 84
86 88
86 90
86 91
86 92
86 93
86 94
86 95
86 97
86 98
86 99
86 100
86 101
86 102
86 105
86 108
86 110
87 1
87 2
87 3
87 7
87 8
87 9
87 12
87 13
87 18
87 19
87 22
87 23
87 30
87 36
87 38
87 39
87 40
87 41
87 43
87 44
87 45
87 46
87 47
87 48
87 49
87 50
87 51
87 52
87 53
87 54
87 56
87 58
87 59
87 64
87 65
87 67
87 68
87 69
87 71
87 74
87 77
87 81
87 83
87 88
87 89
87 93
87 96
87 104
87 110
87 112
88 1
88 2
88 3
88 4
88 5
88 6
88 7
88 8
88 9
88 11
88 12
88 13
88 14
88 16
88 17
88 18
88 19
88 20
88 21
88 22
88 23
88 24
88 25
88 26
88 27
88 28
88 29
88 31
88 32
88 33
88 34
88 35
88 36
88 37
88 38
88 39
88 40
88 41
88 43
88 44
88 45
88 46
88 50
88 51
88 52
88 53
88 54
88 55
88 56
88 57
88 58
88 60
88 62
88 63
88 64
88 65
88 66
88 67
88 69
88 70
88 71
88 73
88 74
88 75
88 77
88 78
88 79
88 80
88 81
88 82
88 83
88 84
88 85
88 86
88 87
88 90
88 91
88 92
88 93
88 95
88 97
88 98
88 99
88 101
88 102
88 104
88 105
88 106
88 107
88 108
88 109
88 110
88 111
88 112
89 1
89 2
89 3
89 4
89 5
89 6
89 7
89 8
89 9
89 10
89 11
89 12
89 13
89 15
89 19
89 23
89 27
89 30
89 36
89 40
89 41
89 42
89 44
89 45
89 46
89 48
89 51
89 52
89 53
89 54
89 55
89 57
89 58
89 59
89 64
89 65
89 69
89 71
89 73
89 81
89 83
89 84
89 87
89 92
89 93
89 95
89 104
89 112
90 1
90 2
90 5
90 6
90 8
90 9
90 11
90 12
90 13
90 14
90 15
90 16
90 19
90 21
90 22
90 23
90 24
90 25
90 29
90 30
90 34
90 36
90 37
90 40
90 44
90 45
90 46
90 50
90 52
90 54
90 56
90 57
90 58
90 60
90 61
90 63
90 64
90 66
90 70
90 71
90 72
90 74
90 75
90 77
90 78
90 82
90 83
90 85
90 86
90 88
90 92
90 93
90 94
90 95
90 96
90 97
90 98
90 100
90 102
90 104
90 105
90 106
90 110
90 112
91 1
91 3
91 4
91 5
91 6
91 7
91 8
91 9
91 10
91 11
91 12
91 13
91 14
91 15
91 16
91 18
91 22
91 23
91 26
91 29
91 30
91 31
91 32
91 33
91 34
91 36
91 37
91 38
91 40
91 43
91 44
91 45
91 46
91 47
91 50
91 51
91 52
91 53
91 55
91 56
91 57
91 58
91 59
91 63
91 64
91 65
91 69
91 70
91 72
91 74
91 77
91 79
91 80
91 81
91 82
91 84
91 85
91 86
91 88
91 92
91 93
91 94
91 95
91 97
91 98
91 99
91 103
91 104
91 106
91 107
91 108
91 111
92 4
92 5
92 6
92 7
92 8
92 9
92 11
92 12
92 13
92 14
92 15
92 16
92 18
92 19
92 21
92 22
92 23
92 24
92 28
92 29
92 30
92 32
92 33
92 34
92 36
92 37
92 39
92 40
92 42
92 44
92 45
92 46
92 48
92 50
92 51
92 52
92 53
92 55
92 57
92 60
92 64
92 65
92 68
92 69
92 70
92 71
92 74
92 75
92 77
92 82
92 84
92 85
92 86
92 88
92 89
92 90
92 91
92 94
92 95
92 96
92 99
92 103
92 104
92 105
92 108
92 109
92 110
92 112
93 1
93 2
93 3
93 4
93 5
93 6
93 7
93 8
93 9
93 10
93 11
93 12
93 13
93 14
93 15
93 16
93 17
93 18
93 19
93 21
93 22
93 23
93 24
93 25
93 26
93 27
93 28
93 29
93 30
93 31
93 32
93 33
93 34
93 36
93 37
93 39
93 42
93 43
93 44
93 45
93 46
93 47
93 48
93 49
93 50
93 52
93 54
93 55
93 56
93 57
93 58
93 59
93 60
93 61
93 62
93 63
93 64
93 67
93 69
93 70
93 71
93 72
93 73
93 74
93 75
93 77
93 79
93 80
93 82
93 83
93 84
93 85
93 86
93 87
93 88
93 89
93 90
93 91
93 94
93 95
93 96
93 97
93 98
93 99
93 100
93 101
93 102
93 104
93 110
93 111
93 112
94 1
94 5
94 7
94 8
94 9
94 11
94 12
94 13
94 14
94 16
94 17
94 19
94 22
94 23
94 24
94 27
94 29
94 30
94 31
94 32
94 34
94 36
94 37
94 39
94 40
94 44
94 45
94 46
94 49
94 50
94 52
94 55
94 56
94 57
94 58
94 64
94 65
94 67
94 69
94 70
94 74
94 77
94 79
94 80
94 81
94 82
94 83
94 85
94 86
94 90
94 91
94 92
94 93
94 95
94 97
94 98
94 102
94 106
94 107
94 108
94 109
94 110
94 111
95 1
95 2
95 3
95 4
95 5
95 6
95 7
95 8
95 9
95 10
95 11
95 12
95 13
95 14
95 15
95 16
95 18
95 19
95 21
95 23
95 24
95 25
95 26
95 27
95 28
95 29
95 30
95 31
95 32
95 33
95 34
95 35
95 36
95 37
95 38
95 39
95 40
95 42
95 43
95 44
95 45
95 46
95 47
95 48
95 49
95 50
95 51
95 52
95 55
95 56
95 57
95 59
95 60
95 62
95 64
95 65
95 66
95 67
95 68
95 69
95 70
95 72
95 74
95 75
95 76
95 77
95 79
95 80
95 81
95 82
95 83
95 84
95 85
95 86
95 88
95 89
95 90
95 91
95 92
95 93
95 94
95 98
95 100
95 101
95 102
95 103
95 104
95 105
95 108
95 109
95 110
95 111
96 1
96 2
96 3
96 4
96 5
96 6
96 7
96 8
96 9
96 11
96 12
96 13
96 15
96 18
96 19
96 23
96 24
96 26
96 27
96 28
96 29
96 30
96 32
96 33
96 34
96 36
96 38
96 40
96 41
96 44
96 45
96 46
96 48
96 49
96 50
96 51
96 52
96 53
96 54
96 55
96 57
96 58
96 64
96 65
96 67
96 69
96 70
96 71
96 72
96 74
96 77
96 83
96 84
96 85
96 87
96 90
96 92
96 93
96 101
96 103
96 104
96 105
96 108
96 112
97 1
97 3
97 4
97 5
97 6
97 7
97 8
97 9
97 11
97 12
97 13
97 14
97 15
97 17
97 19
97 20
97 21
97 22
97 24
97 27
97 29
97 30
97 31
97 33
97 35
97 36
97 37
97 40
97 43
97 45
97 46
97 49
97 50
97 51
97 58
97 61
97 68
97 69
97 70
97 71
97 75
97 76
97 77
97 78
97 79
97 82
97 83
97 85
97 86
97 88
97 90
97 91
97 93
97 94
97 98
97 99
97 103
97 105
97 106
97 107
97 110
97 112
98 4
98 5
98 6
98 8
98 9
98 11
98 12
98 13
98 16
98 17
98 20
98 21
98 23
98 24
98 25
98 27
98 29
98 32
98 34
98 36
98 37
98 39
98 40
98 44
98 45
98 50
98 57
98 58
98 64
98 65
98 69
98 70
98 74
98 75
98 77
98 79
98 81
98 82
98 85
98 86
98 88
98 90
98 91
98 93
98 94
98 95
98 97
98 99
98 101
98 102
98 104
98 105
98 106
98 108
98 110
99 3
99 4
99 5
99 6
99 8
99 9
99 11
99 12
99 13
99 14
99 15
99 16
99 17
99 19
99 22
99 23
99 29
99 31
99 32
99 33
99 34
99 35
99 36
99 37
99 40
99 42
99 44
99 45
99 46
99 48
99 50
99 51
99 52
99 60
99 64
99 68
99 69
99 70
99 75
99 76
99 77
99 78
99 79
99 80
99 81
99 82
99 84
99 85
99 86
99 88
99 91
99 92
99 93
99 97
99 98
99 100
99 101
99 102
99 106
99 109
99 110
99 111
100 1
100 2
100 3
100 4
100 5
100 6
100 8
100 9
100 11
100 12
100 13
100 14
100 15
100 19
100 21
100 22
100 23
100 24
100 25
100 26
100 29
100 33
100 34
100 36
100 37
100 39
100 40
100 41
100 44
100 45
100 46
100 49
100 50
100 52
100 55
100 56
100 58
100 60
100 64
100 65
100 66
100 68
100 69
100 70
100 73
100 74
100 75
100 76
100 77
100 78
100 83
100 86
100 90
100 93
100 95
100 99
100 103
100 109
101 3
101 4
101 5
101 6
101 7
101 8
101 9
101 11
101 12
101 13
101 14
101 15
101 17
101 20
101 22
101 23
101 24
101 27
101 29
101 30
101 31
101 33
101 34
101 36
101 40
101 44
101 45
101 48
101 49
101 50
101 51
101 55
101 57
101 64
101 65
101 69
101 70
101 71
101 74
101 75
101 78
101 79
101 82
101 85
101 86
101 88
101 93
101 95
101 96
101 98
101 99
101 102
101 104
101 105
101 106
101 112
102 1
102 4
102 6
102 9
102 11
102 12
102 15
102 16
102 17
102 19
102 20
102 22
102 23
102 25
102 26
102 27
102 29
102 30
102 32
102 33
102 36
102 39
102 40
102 44
102 45
102 46
102 47
102 48
102 49
102 50
102 51
102 52
102 57
102 60
102 64
102 67
102 68
102 69
102 70
102 74
102 75
102 76
102 77
102 78
102 79
102 80
102 82
102 86
102 88
102 90
102 93
102 94
102 95
102 98
102 99
102 101
102 104
102 105
102 106
102 108
102 111
103 1
103 2
103 3
103 4
103 5
103 6
103 7
103 8
103 9
103 11
103 12
103 13
103 15
103 19
103 22
103 23
103 25
103 26
103 29
103 31
103 32
103 36
103 37
103 39
103 40
103 41
103 43
103 44
103 45
103 46
103 47
103 49
103 50
103 52
103 53
103 54
103 55
103 56
103 57
103 60
103 61
103 64
103 65
103 69
103 70
103 71
103 72
103 73
103 75
103 76
103 77
103 82
103 83
103 85
103 91
103 92
103 95
103 96
103 97
103 100
103 104
103 105
103 106
103 108
103 109
103 110
103 112
104 1
104 2
104 3
104 4
104 5
104 6
104 7
104 8
104 9
104 11
104 12
104 13
104 15
104 16
104 17
104 18
104 19
104 20
104 21
104 23
104 24
104 25
104 26
104 27
104 28
104 29
104 30
104 31
104 32
104 33
104 34
104 35
104 36
104 37
104 38
104 39
104 40
104 41
104 42
104 43
104 45
104 46
104 47
104 48
104 49
104 50
104 51
104 52
104 53
104 55
104 57
104 59
104 60
104 61
104 63
104 64
104 65
104 67
104 69
104 70
104 72
104 73
104 75
104 79
104 80
104 82
104 83
104 84
104 87
104 88
104 89
104 90
104 91
104 92
104 93
104 95
104 96
104 98
104 101
104 102
104 103
104 106
104 108
104 111
105 2
105 4
105 5
105 6
105 7
105 8
105 9
105 11
105 12
105 13
105 14
105 15
105 16
105 17
105 18
105 19
105 20
105 21
105 22
105 23
105 24
105 25
105 27
105 28
105 29
105 30
105 31
105 32
105 33
105 34
105 35
105 36
105 37
105 39
105 40
105 43
105 44
105 45
105 46
105 48
105 49
105 50
105 51
105 52
105 55
105 57
105 58
105 65
105 67
105 68
105 69
105 70
105 74
105 75
105 77
105 78
105 79
105 80
105 83
105 85
105 86
105 88
105 90
105 92
105 95
105 96
105 97
105 98
105 101
105 102
105 103
105 107
105 111
106 3
106 4
106 6
106 8
106 9
106 11
106 12
106 13
106 16
106 17
106 19
106 20
106 21
106 22
106 23
106 24
106 25
106 27
106 29
106 31
106 32
106 33
106 34
106 35
106 36
106 37
106 39
106 40
106 44
106 45
106 46
106 52
106 55
106 57
106 58
106 60
106 68
106 69
106 70
106 75
106 76
106 77
106 78
106 79
106 80
106 81
106 82
106 84
106 88
106 90
106 91
106 94
106 97
106 98
106 99
106 101
106 102
106 103
106 104
106 107
106 111
107 3
107 4
107 5
107 7
107 8
107 11
107 12
107 13
107 14
107 16
107 20
107 21
107 22
107 29
107 31
107 33
107 36
107 37
107 40
107 44
107 45
107 46
107 49
107 50
107 51
107 52
107 55
107 57
107 58
107 65
107 68
107 69
107 70
107 77
107 78
107 84
107 85
107 88
107 91
107 94
107 97
107 105
107 106
107 110
108 4
108 5
108 8
108 9
108 11
108 12
108 13
108 15
108 18
108 19
108 22
108 23
108 29
108 33
108 34
108 36
108 37
108 39
108 40
108 42
108 44
108 45
108 50
108 52
108 54
108 56
108 57
108 60
108 63
108 64
108 65
108 68
108 69
108 70
108 71
108 74
108 77
108 81
108 82
108 85
108 86
108 88
108 91
108 92
108 94
108 95
108 96
108 98
108 102
108 103
108 104
108 109
108 110
108 112
109 1
109 5
109 6
109 7
109 8
109 9
109 11
109 12
109 13
109 14
109 16
109 18
109 21
109 24
109 27
109 29
109 30
109 31
109 32
109 33
109 34
109 37
109 40
109 42
109 44
109 45
109 46
109 48
109 49
109 50
109 51
109 55
109 57
109 60
109 63
109 64
109 65
109 67
109 69
109 70
109 71
109 74
109 75
109 77
109 78
109 82
109 83
109 84
109 85
109 88
109 92
109 94
109 95
109 99
109 100
109 103
109 108
109 110
109 112
110 3
110 4
110 5
110 7
110 8
110 9
110 11
110 12
110 13
110 14
110 15
110 16
110 17
110 18
110 19
110 21
110 22
110 24
110 31
110 32
110 36
110 39
110 40
110 43
110 44
110 45
110 46
110 48
110 49
110 50
110 51
110 52
110 55
110 57
110 61
110 65
110 67
110 68
110 69
110 70
110 74
110 75
110 76
110 77
110 78
110 80
110 81
110 82
110 83
110 84
110 85
110 86
110 87
110 88
110 90
110 92
110 93
110 94
110 95
110 97
110 98
110 99
110 103
110 107
110 108
110 109
110 111
111 4
111 5
111 6
111 7
111 8
111 9
111 11
111 12
111 13
111 14
111 16
111 17
111 19
111 20
111 21
111 22
111 23
111 24
111 25
111 27
111 29
111 31
111 35
111 36
111 39
111 40
111 43
111 44
111 45
111 46
111 49
111 50
111 52
111 57
111 58
111 60
111 64
111 65
111 70
111 75
111 76
111 77
111 78
111 79
111 80
111 81
111 82
111 84
111 85
111 88
111 91
111 93
111 94
111 95
111 99
111 102
111 104
111 105
111 106
111 110
112 0
112 1
112 2
112 3
112 4
112 5
112 6
112 7
112 8
112 9
112 10
112 11
112 12
112 13
112 14
112 15
112 16
112 17
112 18
112 19
112 20
112 21
112 22
112 25
112 26
112 27
112 28
112 29
112 30
112 31
112 32
112 33
112 35
112 36
112 37
112 38
112 39
112 40
112 41
112 42
112 43
112 44
112 45
112 46
112 47
112 48
112 49
112 50
112 51
112 52
112 54
112 55
112 56
112 57
112 59
112 60
112 61
112 62
112 64
112 65
112 69
112 70
112 71
112 72
112 73
112 74
112 77
112 78
112 83
112 84
112 85
112 87
112 88
112 89
112 90
112 92
112 93
112 96
112 97
112 101
112 103
112 108
112 109

11
66
67
69
70
71
72
75
76
79
83
87
88
92
101
103
159
258
599
657
662
806
811
813
830
832
846
847
860
862
876
922
929
933
938
940
973
980
989
997
998
1018
1032
1034
1035
1042
1055
1056
1063
1070
1087
1088
1111
1120
1130
1136
1144
1146
1150
1153
1159
1161
1162
1176
1177
1183
1192
1198
1199
1203
1213
1223
1224
1234
1287
1324
1346
1350
1353
1392
1536
1877
2061
2115
2172
2515
2522
2528
2541
2542
2555
2562
2563
2571
2573
2577
2587
2591
2593
2930
3160
3594
3894
4367
4386
4396
4956
6829
7888
7964
8781
8906
27498
