117 4256 33
0 1
0 2
0 3
0 4
0 5
0 6
0 7
0 8
0 9
0 10
0 11
0 12
0 13
0 14
0 15
0 16
0 17
0 18
0 19
0 20
0 21
0 22
0 23
0 24
0 25
0 26
0 27
0 28
0 29
0 30
0 31
0 32
0 33
0 34
0 35
0 36
0 37
0 38
0 39
0 40
0 41
0 42
0 50
0 51
0 52
0 53
0 54
0 55
0 57
0 58
0 59
1 0
1 2
1 3
1 4
1 5
1 6
1 7
1 8
1 9
1 10
1 11
1 12
1 13
1 14
1 15
1 16
1 17
1 18
1 19
1 20
1 21
1 22
1 23
1 24
1 25
1 26
1 27
1 28
1 29
1 30
1 31
1 32
1 33
1 34
1 35
1 36
1 37
1 38
1 39
1 40
1 41
1 50
1 51
1 52
1 53
1 54
1 55
1 56
1 57
1 58
1 59
2 0
2 1
2 3
2 4
2 5
2 6
2 9
2 10
2 11
2 12
2 14
2 15
2 16
2 17
2 18
2 19
2 20
2 21
2 22
2 23
2 24
2 26
2 27
2 28
2 29
2 30
2 31
2 32
2 33
2 34
2 35
2 36
2 37
2 39
2 40
2 41
2 50
2 51
2 52
2 53
2 54
2 55
2 56
2 57
2 58
2 59
3 0
3 1
3 2
3 4
3 5
3 6
3 7
3 8
3 9
3 10
3 11
3 12
3 13
3 14
3 15
3 16
3 17
3 18
3 19
3 20
3 21
3 22
3 25
3 26
3 28
3 29
3 30
3 32
3 33
3 35
3 36
3 38
3 39
3 40
3 42
3 50
3 51
3 52
3 53
3 54
3 55
3 57
3 58
4 0
4 1
4 2
4 3
4 5
4 6
4 7
4 8
4 9
4 10
4 11
4 12
4 14
4 15
4 16
4 17
4 18
4 19
4 20
4 21
4 22
4 23
4 24
4 25
4 26
4 27
4 28
4 29
4 30
4 31
4 32
4 33
4 34
4 35
4 36
4 37
4 38
4 39
4 40
4 41
4 42
4 50
4 51
4 52
4 53
4 54
4 55
4 56
4 57
4 58
4 59
5 0
5 1
5 2
5 3
5 4
5 6
5 7
5 8
5 9
5 10
5 11
5 12
5 13
5 14
5 15
5 16
5 17
5 18
5 19
5 20
5 21
5 22
5 23
5 24
5 25
5 26
5 27
5 28
5 29
5 30
5 31
5 32
5 33
5 34
5 35
5 36
5 37
5 38
5 39
5 40
5 41
5 42
5 50
5 51
5 52
5 53
5 54
5 55
5 56
5 57
5 58
5 59
6 0
6 1
6 2
6 3
6 4
6 5
6 7
6 8
6 9
6 10
6 11
6 12
6 13
6 14
6 15
6 16
6 17
6 18
6 19
6 20
6 21
6 22
6 23
6 24
6 25
6 26
6 27
6 28
6 29
6 30
6 31
6 32
6 33
6 34
6 35
6 36
6 37
6 38
6 39
6 40
6 41
6 42
6 50
6 51
6 52
6 53
6 54
6 55
6 56
6 57
6 58
6 59
7 0
7 1
7 3
7 4
7 5
7 6
7 8
7 9
7 10
7 11
7 12
7 13
7 14
7 15
7 16
7 17
7 18
7 20
7 21
7 22
7 23
7 24
7 25
7 28
7 29
7 31
7 32
7 33
7 34
7 35
7 39
7 40
7 42
7 50
7 51
7 52
7 54
7 56
7 57
7 59
8 0
8 1
8 3
8 4
8 5
8 6
8 7
8 11
8 12
8 13
8 14
8 15
8 16
8 17
8 18
8 20
8 21
8 22
8 23
8 25
8 26
8 27
8 28
8 30
8 31
8 32
8 33
8 34
8 35
8 37
8 38
8 40
8 41
8 42
8 52
8 53
8 54
8 56
8 59
9 0
9 1
9 2
9 3
9 4
9 5
9 6
9 7
9 11
9 12
9 14
9 15
9 16
9 17
9 18
9 19
9 20
9 21
9 22
9 23
9 24
9 25
9 26
9 27
9 28
9 30
9 31
9 32
9 33
9 34
9 35
9 36
9 37
9 38
9 40
9 41
9 42
9 52
9 53
9 54
9 55
9 56
9 57
9 58
9 59
10 0
10 1
10 2
10 3
10 4
10 5
10 6
10 7
10 11
10 12
10 13
10 14
10 15
10 16
10 17
10 18
10 20
10 21
10 22
10 23
10 24
10 25
10 26
10 27
10 28
10 30
10 31
10 32
10 33
10 34
10 35
10 37
10 38
10 40
10 41
10 42
10 52
10 53
10 54
10 56
10 59
11 0
11 1
11 2
11 3
11 4
11 5
11 6
11 7
11 8
11 9
11 10
11 12
11 14
11 15
11 16
11 17
11 18
11 19
11 20
11 21
11 22
11 23
11 24
11 25
11 26
11 27
11 28
11 29
11 30
11 31
11 32
11 33
11 34
11 35
11 36
11 37
11 38
11 39
11 40
11 41
11 50
11 51
11 52
11 53
11 54
11 55
11 56
11 57
11 59
12 0
12 1
12 2
12 3
12 4
12 5
12 6
12 7
12 8
12 9
12 10
12 11
12 13
12 14
12 15
12 16
12 18
12 19
12 20
12 21
12 22
12 23
12 24
12 25
12 28
12 29
12 32
12 33
12 34
12 35
12 36
12 37
12 39
12 40
12 42
12 50
12 51
12 52
12 53
12 54
12 55
12 56
12 57
12 58
12 59
13 0
13 1
13 3
13 5
13 6
13 7
13 8
13 10
13 12
13 14
13 15
13 16
13 17
13 18
13 20
13 21
13 22
13 25
13 26
13 28
13 30
13 33
13 34
13 35
13 36
13 37
13 38
13 40
13 41
13 42
13 50
13 51
13 52
13 53
13 54
13 56
13 57
13 58
13 59
14 0
14 1
14 2
14 3
14 4
14 5
14 6
14 7
14 8
14 9
14 10
14 11
14 12
14 13
14 15
14 18
14 19
14 20
14 21
14 22
14 23
14 26
14 27
14 28
14 29
14 30
14 31
14 32
14 34
14 35
14 36
14 37
14 39
14 41
14 42
14 50
14 51
14 52
14 53
14 54
14 56
14 57
14 58
14 59
15 0
15 1
15 2
15 3
15 4
15 5
15 6
15 7
15 8
15 9
15 10
15 11
15 12
15 13
15 14
15 16
15 17
15 18
15 19
15 20
15 21
15 22
15 23
15 24
15 25
15 27
15 28
15 29
15 30
15 31
15 32
15 33
15 34
15 35
15 36
15 37
15 38
15 39
15 40
15 41
15 42
15 50
15 51
15 52
15 53
15 54
15 55
15 56
15 57
15 58
15 59
16 0
16 1
16 2
16 3
16 4
16 5
16 6
16 7
16 8
16 9
16 10
16 11
16 12
16 13
16 15
16 17
16 18
16 20
16 21
16 22
16 23
16 24
16 25
16 26
16 27
16 28
16 29
16 31
16 32
16 33
16 34
16 35
16 36
16 38
16 39
16 40
16 41
16 42
16 50
16 51
16 53
16 54
16 55
16 56
16 57
16 58
16 59
17 0
17 1
17 2
17 3
17 4
17 5
17 6
17 7
17 8
17 9
17 10
17 11
17 13
17 15
17 16
17 18
17 19
17 21
17 22
17 23
17 25
17 26
17 27
17 28
17 29
17 30
17 34
17 35
17 36
17 38
17 39
17 40
17 41
17 42
17 50
17 51
17 52
17 53
17 54
17 55
17 56
17 59
18 0
18 1
18 2
18 3
18 4
18 5
18 6
18 7
18 8
18 9
18 10
18 11
18 12
18 13
18 14
18 15
18 16
18 17
18 19
18 20
18 21
18 22
18 23
18 24
18 25
18 26
18 27
18 28
18 29
18 30
18 31
18 32
18 33
18 34
18 35
18 36
18 37
18 38
18 39
18 40
18 41
18 42
18 50
18 51
18 52
18 53
18 54
18 55
18 56
18 57
18 58
18 59
19 0
19 1
19 2
19 3
19 4
19 5
19 6
19 9
19 11
19 12
19 14
19 15
19 17
19 18
19 20
19 21
19 23
19 26
19 27
19 29
19 30
19 32
19 33
19 35
19 36
19 37
19 39
19 40
19 50
19 51
19 53
19 54
19 55
19 56
19 57
20 0
20 1
20 2
20 3
20 4
20 5
20 6
20 7
20 8
20 9
20 10
20 11
20 12
20 13
20 14
20 15
20 16
20 18
20 19
20 21
20 22
20 23
20 24
20 25
20 26
20 27
20 28
20 29
20 30
20 31
20 32
20 33
20 34
20 35
20 36
20 37
20 38
20 39
20 40
20 41
20 42
20 50
20 52
20 54
20 55
20 56
20 57
20 58
20 59
21 0
21 1
21 2
21 3
21 4
21 5
21 6
21 7
21 8
21 9
21 10
21 11
21 12
21 13
21 14
21 15
21 16
21 17
21 18
21 19
21 20
21 22
21 24
21 25
21 26
21 27
21 28
21 29
21 30
21 31
21 32
21 33
21 34
21 35
21 36
21 37
21 38
21 39
21 40
21 42
21 50
21 51
21 52
21 54
21 55
21 56
21 57
21 58
21 59
22 0
22 1
22 2
22 3
22 4
22 5
22 6
22 7
22 8
22 9
22 10
22 11
22 12
22 13
22 14
22 15
22 16
22 17
22 18
22 20
22 21
22 23
22 24
22 25
22 26
22 28
22 29
22 30
22 31
22 32
22 33
22 34
22 35
22 36
22 37
22 38
22 39
22 40
22 41
22 42
22 50
22 51
22 52
22 53
22 54
22 55
22 56
22 57
22 59
23 0
23 1
23 2
23 4
23 5
23 6
23 7
23 8
23 9
23 10
23 11
23 12
23 14
23 15
23 16
23 17
23 18
23 19
23 20
23 22
23 24
23 25
23 26
23 28
23 29
23 30
23 31
23 32
23 33
23 34
23 35
23 36
23 39
23 40
23 41
23 42
23 50
23 52
23 53
23 55
23 56
23 57
23 58
23 59
24 0
24 1
24 2
24 4
24 5
24 6
24 7
24 9
24 10
24 11
24 12
24 15
24 16
24 18
24 20
24 21
24 22
24 23
24 27
24 28
24 29
24 31
24 32
24 35
24 36
24 39
24 40
24 42
24 50
24 54
24 55
24 56
24 57
24 58
24 59
25 0
25 1
25 3
25 4
25 5
25 6
25 7
25 8
25 9
25 10
25 11
25 12
25 13
25 15
25 16
25 17
25 18
25 20
25 21
25 22
25 23
25 28
25 29
25 32
25 33
25 34
25 35
25 36
25 39
25 40
25 42
25 50
25 51
25 52
25 54
25 55
25 56
25 59
26 0
26 1
26 2
26 3
26 4
26 5
26 6
26 8
26 9
26 10
26 11
26 13
26 14
26 16
26 17
26 18
26 19
26 20
26 21
26 22
26 23
26 27
26 29
26 30
26 32
26 33
26 35
26 36
26 37
26 38
26 39
26 40
26 41
26 42
26 50
26 51
26 53
26 54
26 57
26 58
27 0
27 1
27 2
27 4
27 5
27 6
27 8
27 9
27 10
27 11
27 14
27 15
27 16
27 17
27 18
27 19
27 20
27 21
27 24
27 26
27 29
27 30
27 31
27 32
27 33
27 35
27 36
27 37
27 38
27 39
27 40
27 41
27 42
27 50
27 51
27 53
27 54
27 56
27 57
27 58
28 0
28 1
28 2
28 3
28 4
28 5
28 6
28 7
28 8
28 9
28 10
28 11
28 12
28 13
28 14
28 15
28 16
28 17
28 18
28 20
28 21
28 22
28 23
28 24
28 25
28 31
28 32
28 33
28 34
28 35
28 37
28 38
28 39
28 40
28 41
28 42
28 50
28 51
28 52
28 53
28 54
28 56
29 0
29 1
29 2
29 3
29 4
29 5
29 6
29 7
29 11
29 12
29 14
29 15
29 16
29 17
29 18
29 19
29 20
29 21
29 22
29 23
29 24
29 25
29 26
29 27
29 30
29 31
29 32
29 33
29 34
29 35
29 36
29 37
29 38
29 41
29 42
29 51
29 53
29 54
29 55
29 56
29 57
29 58
29 59
30 0
30 1
30 2
30 3
30 4
30 5
30 6
30 8
30 9
30 10
30 11
30 13
30 14
30 15
30 17
30 18
30 19
30 20
30 21
30 22
30 23
30 26
30 27
30 29
30 31
30 32
30 33
30 34
30 35
30 36
30 37
30 38
30 41
30 50
30 51
30 53
30 54
30 55
30 57
30 58
31 0
31 1
31 2
31 4
31 5
31 6
31 7
31 8
31 9
31 10
31 11
31 14
31 15
31 16
31 18
31 20
31 21
31 22
31 23
31 24
31 27
31 28
31 29
31 30
31 32
31 33
31 34
31 35
31 36
31 38
31 39
31 41
31 51
31 52
31 55
31 56
31 57
31 58
31 59
32 0
32 1
32 2
32 3
32 4
32 5
32 6
32 7
32 8
32 9
32 10
32 11
32 12
32 14
32 15
32 16
32 18
32 19
32 20
32 21
32 22
32 23
32 24
32 25
32 26
32 27
32 28
32 29
32 30
32 31
32 33
32 34
32 35
32 36
32 37
32 38
32 39
32 40
32 41
32 42
32 50
32 51
32 52
32 53
32 54
32 55
32 56
32 57
32 58
33 0
33 1
33 2
33 3
33 4
33 5
33 6
33 7
33 8
33 9
33 10
33 11
33 12
33 13
33 15
33 16
33 18
33 19
33 20
33 21
33 22
33 23
33 25
33 26
33 27
33 28
33 29
33 30
33 31
33 32
33 35
33 36
33 39
33 40
33 41
33 42
33 50
33 51
33 52
33 53
33 54
33 56
33 59
34 0
34 1
34 2
34 4
34 5
34 6
34 7
34 8
34 9
34 10
34 11
34 12
34 13
34 14
34 15
34 16
34 17
34 18
34 20
34 21
34 22
34 23
34 25
34 28
34 29
34 30
34 31
34 32
34 35
34 36
34 37
34 38
34 39
34 41
34 42
34 51
34 53
34 54
34 55
34 56
34 57
34 59
35 0
35 1
35 2
35 3
35 4
35 5
35 6
35 7
35 8
35 9
35 10
35 11
35 12
35 13
35 14
35 15
35 16
35 17
35 18
35 19
35 20
35 21
35 22
35 23
35 24
35 25
35 26
35 27
35 28
35 29
35 30
35 31
35 32
35 33
35 34
35 36
35 37
35 38
35 39
35 40
35 41
35 42
35 50
35 51
35 52
35 53
35 54
35 55
35 56
35 57
35 58
36 0
36 1
36 2
36 3
36 4
36 5
36 6
36 9
36 11
36 12
36 13
36 14
36 15
36 16
36 17
36 18
36 19
36 20
36 21
36 22
36 23
36 24
36 25
36 26
36 27
36 29
36 30
36 31
36 32
36 33
36 34
36 35
36 37
36 39
36 40
36 41
36 42
36 50
36 51
36 52
36 54
36 55
36 56
36 57
36 59
37 0
37 1
37 2
37 4
37 5
37 6
37 8
37 9
37 10
37 11
37 12
37 13
37 14
37 15
37 18
37 19
37 20
37 21
37 22
37 26
37 27
37 28
37 29
37 30
37 32
37 34
37 35
37 36
37 38
37 39
37 41
37 50
37 51
37 53
37 54
37 57
37 58
37 59
38 0
38 1
38 3
38 4
38 5
38 6
38 8
38 9
38 10
38 11
38 13
38 15
38 16
38 17
38 18
38 20
38 21
38 22
38 26
38 27
38 28
38 29
38 30
38 31
38 32
38 34
38 35
38 37
38 39
38 41
38 42
38 50
38 51
38 52
38 53
38 54
38 55
38 56
38 57
38 58
38 59
39 0
39 1
39 2
39 3
39 4
39 5
39 6
39 7
39 11
39 12
39 14
39 15
39 16
39 17
39 18
39 19
39 20
39 21
39 22
39 23
39 24
39 25
39 26
39 27
39 28
39 31
39 32
39 33
39 34
39 35
39 36
39 37
39 38
39 40
39 41
39 42
39 51
39 52
39 53
39 54
39 55
39 56
39 57
39 58
40 0
40 1
40 2
40 3
40 4
40 5
40 6
40 7
40 8
40 9
40 10
40 11
40 12
40 13
40 15
40 16
40 17
40 18
40 19
40 20
40 21
40 22
40 23
40 24
40 25
40 26
40 27
40 28
40 32
40 33
40 35
40 36
40 39
40 42
40 51
40 52
40 53
40 54
40 56
40 57
40 59
41 0
41 1
41 2
41 4
41 5
41 6
41 8
41 9
41 10
41 11
41 13
41 14
41 15
41 16
41 17
41 18
41 20
41 22
41 23
41 26
41 27
41 28
41 29
41 30
41 31
41 32
41 33
41 34
41 35
41 36
41 37
41 38
41 39
41 42
41 50
41 51
41 52
41 53
41 54
41 56
41 57
41 58
42 0
42 3
42 4
42 5
42 6
42 7
42 8
42 9
42 10
42 12
42 13
42 14
42 15
42 16
42 17
42 18
42 20
42 21
42 22
42 23
42 24
42 25
42 26
42 27
42 28
42 29
42 32
42 33
42 34
42 35
42 36
42 38
42 39
42 40
42 41
42 58
43 44
43 45
43 46
43 47
43 48
43 49
43 60
43 61
43 62
43 63
43 64
43 65
43 66
43 67
43 68
43 69
43 70
43 71
43 72
43 73
43 74
43 75
43 76
43 77
43 78
43 79
43 80
43 81
43 82
43 83
43 84
44 43
44 45
44 46
44 47
44 48
44 49
44 60
44 61
44 62
44 63
44 64
44 65
44 66
44 67
44 68
44 69
44 70
44 71
44 72
44 73
44 74
44 75
44 76
44 77
44 78
44 79
44 80
44 81
44 82
44 83
44 84
45 43
45 44
45 46
45 47
45 48
45 49
45 60
45 61
45 62
45 63
45 64
45 65
45 66
45 67
45 68
45 69
45 70
45 71
45 72
45 73
45 74
45 75
45 76
45 77
45 78
45 79
45 80
45 81
45 82
45 83
45 84
46 43
46 44
46 45
46 47
46 48
46 49
46 60
46 61
46 62
46 63
46 64
46 65
46 66
46 67
46 68
46 69
46 70
46 71
46 72
46 73
46 74
46 75
46 76
46 77
46 78
46 79
46 80
46 81
46 82
46 83
46 84
47 43
47 44
47 45
47 46
47 48
47 49
47 60
47 61
47 62
47 63
47 64
47 65
47 66
47 67
47 68
47 69
47 70
47 71
47 72
47 73
47 74
47 75
47 76
47 77
47 78
47 79
47 80
47 81
47 82
47 83
47 84
48 43
48 44
48 45
48 46
48 47
48 49
48 60
48 61
48 62
48 63
48 64
48 65
48 66
48 67
48 68
48 69
48 70
48 71
48 72
48 73
48 74
48 75
48 76
48 77
48 78
48 79
48 80
48 81
48 82
48 83
48 84
49 43
49 44
49 45
49 46
49 47
49 48
49 60
49 61
49 62
49 63
49 64
49 65
49 66
49 67
49 68
49 69
49 70
49 71
49 72
49 73
49 74
49 75
49 76
49 77
49 78
49 79
49 80
49 81
49 82
49 83
49 84
50 0
50 1
50 2
50 3
50 4
50 5
50 6
50 7
50 11
50 12
50 13
50 14
50 15
50 16
50 17
50 18
50 19
50 20
50 21
50 22
50 23
50 24
50 25
50 26
50 27
50 28
50 30
50 32
50 33
50 35
50 36
50 37
50 38
50 41
50 52
50 53
50 54
50 55
50 56
50 57
50 58
51 0
51 1
51 2
51 3
51 4
51 5
51 6
51 7
51 11
51 12
51 13
51 14
51 15
51 16
51 17
51 18
51 19
51 21
51 22
51 25
51 26
51 27
51 28
51 29
51 30
51 31
51 32
51 33
51 34
51 35
51 36
51 37
51 38
51 39
51 40
51 41
51 53
51 54
51 55
51 56
51 57
51 58
51 59
52 0
52 1
52 2
52 3
52 4
52 5
52 6
52 7
52 8
52 9
52 10
52 11
52 12
52 13
52 14
52 15
52 17
52 18
52 20
52 21
52 22
52 23
52 25
52 28
52 31
52 32
52 33
52 35
52 36
52 38
52 39
52 40
52 41
52 50
52 53
52 54
52 56
52 59
53 0
53 1
53 2
53 3
53 4
53 5
53 6
53 8
53 9
53 10
53 11
53 12
53 13
53 14
53 15
53 16
53 17
53 18
53 19
53 22
53 23
53 26
53 27
53 28
53 29
53 30
53 32
53 33
53 34
53 35
53 37
53 38
53 39
53 40
53 41
53 50
53 51
53 52
53 54
53 55
53 57
53 58
53 59
54 0
54 1
54 2
54 3
54 4
54 5
54 6
54 7
54 8
54 9
54 10
54 11
54 12
54 13
54 14
54 15
54 16
54 17
54 18
54 19
54 20
54 21
54 22
54 24
54 25
54 26
54 27
54 28
54 29
54 30
54 32
54 33
54 34
54 35
54 36
54 37
54 38
54 39
54 40
54 41
54 50
54 51
54 52
54 53
54 55
54 57
54 58
54 59
55 0
55 1
55 2
55 3
55 4
55 5
55 6
55 9
55 11
55 12
55 15
55 16
55 17
55 18
55 19
55 20
55 21
55 22
55 23
55 24
55 25
55 29
55 30
55 31
55 32
55 34
55 35
55 36
55 38
55 39
55 50
55 51
55 53
55 54
55 56
56 1
56 2
56 4
56 5
56 6
56 7
56 8
56 9
56 10
56 11
56 12
56 13
56 14
56 15
56 16
56 17
56 18
56 19
56 20
56 21
56 22
56 23
56 24
56 25
56 27
56 28
56 29
56 31
56 32
56 33
56 34
56 35
56 36
56 38
56 39
56 40
56 41
56 50
56 51
56 52
56 55
56 57
56 59
57 0
57 1
57 2
57 3
57 4
57 5
57 6
57 7
57 9
57 11
57 12
57 13
57 14
57 15
57 16
57 18
57 19
57 20
57 21
57 22
57 23
57 24
57 26
57 27
57 29
57 30
57 31
57 32
57 34
57 35
57 36
57 37
57 38
57 39
57 40
57 41
57 50
57 51
57 53
57 54
57 56
57 58
58 0
58 1
58 2
58 3
58 4
58 5
58 6
58 9
58 12
58 13
58 14
58 15
58 16
58 18
58 20
58 21
58 23
58 24
58 26
58 27
58 29
58 30
58 31
58 32
58 35
58 37
58 38
58 39
58 41
58 42
58 50
58 51
58 53
58 54
58 57
59 0
59 1
59 2
59 4
59 5
59 6
59 7
59 8
59 9
59 10
59 11
59 12
59 13
59 14
59 15
59 16
59 17
59 18
59 20
59 21
59 22
59 23
59 24
59 25
59 29
59 31
59 33
59 34
59 36
59 37
59 38
59 40
59 51
59 52
59 53
59 54
59 56
60 43
60 44
60 45
60 46
60 47
60 48
60 49
60 61
60 62
60 63
60 64
60 65
60 66
60 67
60 68
60 70
60 71
60 72
60 73
60 74
60 75
60 76
60 77
60 78
60 79
60 80
60 81
60 82
60 83
60 84
61 43
61 44
61 45
61 46
61 47
61 48
61 49
61 60
61 62
61 64
61 65
61 66
61 67
61 68
61 69
61 70
61 71
61 72
61 73
61 74
61 75
61 76
61 77
61 78
61 79
61 80
61 81
61 82
61 83
61 84
62 43
62 44
62 45
62 46
62 47
62 48
62 49
62 60
62 61
62 63
62 64
62 65
62 66
62 67
62 68
62 69
62 70
62 71
62 72
62 73
62 74
62 75
62 76
62 77
62 78
62 79
62 80
62 81
62 82
62 83
63 43
63 44
63 45
63 46
63 47
63 48
63 49
63 60
63 62
63 64
63 65
63 66
63 67
63 68
63 69
63 70
63 71
63 72
63 73
63 74
63 75
63 76
63 77
63 78
63 79
63 80
63 81
63 82
63 83
64 43
64 44
64 45
64 46
64 47
64 48
64 49
64 60
64 61
64 62
64 63
64 65
64 66
64 67
64 68
64 69
64 70
64 71
64 72
64 73
64 74
64 75
64 76
64 77
64 78
64 79
64 80
64 81
64 82
64 83
64 84
65 43
65 44
65 45
65 46
65 47
65 48
65 49
65 60
65 61
65 62
65 63
65 64
65 66
65 67
65 68
65 69
65 70
65 71
65 72
65 73
65 74
65 75
65 76
65 77
65 78
65 79
65 80
65 81
65 82
65 83
65 84
66 43
66 44
66 45
66 46
66 47
66 48
66 49
66 60
66 61
66 62
66 63
66 64
66 65
66 67
66 68
66 69
66 70
66 71
66 72
66 73
66 74
66 75
66 76
66 77
66 78
66 79
66 80
66 81
66 82
66 83
66 84
67 43
67 44
67 45
67 46
67 47
67 48
67 49
67 60
67 61
67 62
67 63
67 64
67 65
67 66
67 68
67 69
67 70
67 71
67 72
67 73
67 74
67 75
67 76
67 77
67 78
67 79
67 80
67 81
67 82
67 83
67 84
68 43
68 44
68 45
68 46
68 47
68 48
68 49
68 60
68 61
68 62
68 63
68 64
68 65
68 66
68 67
68 69
68 70
68 71
68 72
68 73
68 74
68 75
68 76
68 77
68 78
68 79
68 80
68 81
68 82
68 83
68 84
69 43
69 44
69 45
69 46
69 47
69 48
69 49
69 61
69 62
69 63
69 64
69 65
69 66
69 67
69 68
69 70
69 71
69 72
69 73
69 74
69 75
69 76
69 77
69 78
69 79
69 80
69 81
69 82
69 83
69 84
70 43
70 44
70 45
70 46
70 47
70 48
70 49
70 60
70 61
70 62
70 63
70 64
70 65
70 66
70 67
70 68
70 69
70 71
70 72
70 73
70 74
70 75
70 76
70 77
70 78
70 79
70 80
70 81
70 82
70 83
70 84
71 43
71 44
71 45
71 46
71 47
71 48
71 49
71 60
71 61
71 62
71 63
71 64
71 65
71 66
71 67
71 68
71 69
71 70
71 72
71 73
71 74
71 75
71 76
71 77
71 78
71 79
71 80
71 81
71 82
71 83
71 84
72 43
72 44
72 45
72 46
72 47
72 48
72 49
72 60
72 61
72 62
72 63
72 64
72 65
72 66
72 67
72 68
72 69
72 70
72 71
72 73
72 74
72 75
72 76
72 77
72 78
72 79
72 80
72 81
72 82
72 83
72 84
73 43
73 44
73 45
73 46
73 47
73 48
73 49
73 60
73 61
73 62
73 63
73 64
73 65
73 66
73 67
73 68
73 69
73 70
73 71
73 72
73 74
73 75
73 76
73 77
73 78
73 79
73 80
73 81
73 82
73 83
73 84
74 43
74 44
74 45
74 46
74 47
74 48
74 49
74 60
74 61
74 62
74 63
74 64
74 65
74 66
74 67
74 68
74 69
74 70
74 71
74 72
74 73
74 75
74 76
74 77
74 78
74 79
74 80
74 81
74 82
74 83
74 84
75 43
75 44
75 45
75 46
75 47
75 48
75 49
75 60
75 61
75 62
75 63
75 64
75 65
75 66
75 67
75 68
75 69
75 70
75 71
75 72
75 73
75 74
75 76
75 77
75 78
75 79
75 80
75 81
75 82
75 83
75 84
76 43
76 44
76 45
76 46
76 47
76 48
76 49
76 60
76 61
76 62
76 63
76 64
76 65
76 66
76 67
76 68
76 69
76 70
76 71
76 72
76 73
76 74
76 75
76 77
76 78
76 79
76 80
76 81
76 82
76 83
76 84
77 43
77 44
77 45
77 46
77 47
77 48
77 49
77 60
77 61
77 62
77 63
77 64
77 65
77 66
77 67
77 68
77 69
77 70
77 71
77 72
77 73
77 74
77 75
77 76
77 78
77 79
77 80
77 81
77 82
77 83
77 84
78 43
78 44
78 45
78 46
78 47
78 48
78 49
78 60
78 61
78 62
78 63
78 64
78 65
78 66
78 67
78 68
78 69
78 70
78 71
78 72
78 73
78 74
78 75
78 76
78 77
78 79
78 80
78 81
78 82
78 83
78 84
79 43
79 44
79 45
79 46
79 47
79 48
79 49
79 60
79 61
79 62
79 63
79 64
79 65
79 66
79 67
79 68
79 69
79 70
79 71
79 72
79 73
79 74
79 75
79 76
79 77
79 78
79 80
79 81
79 82
79 83
79 84
80 43
80 44
80 45
80 46
80 47
80 48
80 49
80 60
80 61
80 62
80 63
80 64
80 65
80 66
80 67
80 68
80 69
80 70
80 71
80 72
80 73
80 74
80 75
80 76
80 77
80 78
80 79
80 81
80 82
80 83
80 84
81 43
81 44
81 45
81 46
81 47
81 48
81 49
81 60
81 61
81 62
81 63
81 64
81 65
81 66
81 67
81 68
81 69
81 70
81 71
81 72
81 73
81 74
81 75
81 76
81 77
81 78
81 79
81 80
81 82
81 83
81 84
82 43
82 44
82 45
82 46
82 47
82 48
82 49
82 60
82 61
82 62
82 63
82 64
82 65
82 66
82 67
82 68
82 69
82 70
82 71
82 72
82 73
82 74
82 75
82 76
82 77
82 78
82 79
82 80
82 81
82 83
82 84
83 43
83 44
83 45
83 46
83 47
83 48
83 49
83 60
83 61
83 62
83 63
83 64
83 65
83 66
83 67
83 68
83 69
83 70
83 71
83 72
83 73
83 74
83 75
83 76
83 77
83 78
83 79
83 80
83 81
83 82
83 84
84 43
84 44
84 45
84 46
84 47
84 48
84 49
84 60
84 61
84 64
84 65
84 66
84 67
84 68
84 69
84 70
84 71
84 72
84 73
84 74
84 75
84 76
84 77
84 78
84 79
84 80
84 81
84 82
84 83
85 86
85 87
85 88
85 89
85 90
85 91
85 92
85 93
85 94
85 95
85 96
85 97
85 98
85 99
85 100
85 101
85 102
85 103
85 104
85 105
85 106
85 107
85 108
85 109
85 110
85 111
85 112
85 113
85 114
85 115
85 116
86 85
86 87
86 88
86 89
86 90
86 91
86 92
86 93
86 94
86 95
86 96
86 97
86 98
86 99
86 100
86 101
86 102
86 103
86 104
86 105
86 106
86 107
86 108
86 109
86 110
86 111
86 112
86 113
86 114
86 115
86 116
87 85
87 86
87 88
87 89
87 90
87 91
87 92
87 93
87 94
87 95
87 96
87 97
87 98
87 99
87 100
87 101
87 102
87 103
87 104
87 105
87 106
87 107
87 108
87 109
87 110
87 111
87 112
87 113
87 114
87 115
87 116
88 85
88 86
88 87
88 89
88 90
88 91
88 92
88 93
88 94
88 95
88 96
88 97
88 98
88 99
88 100
88 101
88 102
88 103
88 104
88 105
88 106
88 107
88 108
88 109
88 110
88 111
88 112
88 113
88 114
88 115
88 116
89 85
89 86
89 87
89 88
89 90
89 91
89 92
89 93
89 94
89 95
89 96
89 97
89 98
89 99
89 100
89 101
89 102
89 103
89 104
89 105
89 106
89 107
89 108
89 109
89 110
89 111
89 112
89 113
89 114
89 115
89 116
90 85
90 86
90 87
90 88
90 89
90 91
90 92
90 93
90 94
90 95
90 96
90 97
90 98
90 99
90 100
90 101
90 102
90 103
90 104
90 105
90 106
90 107
90 108
90 109
90 110
90 111
90 112
90 113
90 114
90 115
90 116
91 85
91 86
91 87
91 88
91 89
91 90
91 92
91 93
91 94
91 95
91 96
91 97
91 98
91 99
91 100
91 101
91 102
91 103
91 104
91 105
91 106
91 107
91 108
91 109
91 110
91 111
91 112
91 113
91 114
91 115
91 116
92 85
92 86
92 87
92 88
92 89
92 90
92 91
92 93
92 95
92 96
92 97
92 98
92 99
92 100
92 101
92 102
92 103
92 104
92 105
92 106
92 107
92 108
92 109
92 110
92 111
92 112
92 113
92 114
92 115
92 116
93 85
93 86
93 87
93 88
93 89
93 90
93 91
93 92
93 95
93 96
93 97
93 98
93 99
93 100
93 101
93 102
93 103
93 104
93 105
93 106
93 107
93 108
93 109
93 110
93 111
93 112
93 113
93 114
93 115
93 116
94 85
94 86
94 87
94 88
94 89
94 90
94 91
94 95
94 96
94 97
94 98
94 99
94 100
94 101
94 102
94 103
94 104
94 105
94 106
94 107
94 108
94 109
94 110
94 111
94 112
94 113
94 114
94 115
94 116
95 85
95 86
95 87
95 88
95 89
95 90
95 91
95 92
95 93
95 94
95 96
95 97
95 98
95 99
95 100
95 101
95 102
95 103
95 104
95 105
95 106
95 107
95 108
95 109
95 110
95 111
95 112
95 113
95 114
95 115
95 116
96 85
96 86
96 87
96 88
96 89
96 90
96 91
96 92
96 93
96 94
96 95
96 97
96 98
96 99
96 100
96 101
96 102
96 103
96 104
96 105
96 106
96 107
96 108
96 109
96 110
96 111
96 112
96 113
96 114
96 115
96 116
97 85
97 86
97 87
97 88
97 89
97 90
97 91
97 92
97 93
97 94
97 95
97 96
97 98
97 99
97 100
97 101
97 102
97 103
97 104
97 105
97 106
97 107
97 108
97 109
97 110
97 111
97 112
97 113
97 114
97 115
97 116
98 85
98 86
98 87
98 88
98 89
98 90
98 91
98 92
98 93
98 94
98 95
98 96
98 97
98 99
98 100
98 101
98 102
98 103
98 104
98 105
98 106
98 107
98 108
98 109
98 110
98 111
98 112
98 113
98 114
98 115
98 116
99 85
99 86
99 87
99 88
99 89
99 90
99 91
99 92
99 93
99 94
99 95
99 96
99 97
99 98
99 100
99 101
99 102
99 103
99 104
99 105
99 106
99 107
99 108
99 109
99 110
99 111
99 112
99 113
99 114
99 115
99 116
100 85
100 86
100 87
100 88
100 89
100 90
100 91
100 92
100 93
100 94
100 95
100 96
100 97
100 98
100 99
100 101
100 102
100 103
100 104
100 105
100 106
100 107
100 108
100 109
100 110
100 111
100 112
100 113
100 114
100 115
100 116
101 85
101 86
101 87
101 88
101 89
101 90
101 91
101 92
101 93
101 94
101 95
101 96
101 97
101 98
101 99
101 100
101 102
101 103
101 104
101 105
101 106
101 107
101 108
101 109
101 110
101 111
101 112
101 113
101 114
101 115
101 116
102 85
102 86
102 87
102 88
102 89
102 90
102 91
102 92
102 93
102 94
102 95
102 96
102 97
102 98
102 99
102 100
102 101
102 103
102 104
102 105
102 106
102 107
102 108
102 109
102 110
102 111
102 112
102 113
102 114
102 115
102 116
103 85
103 86
103 87
103 88
103 89
103 90
103 91
103 92
103 93
103 94
103 95
103 96
103 97
103 98
103 99
103 100
103 101
103 102
103 104
103 105
103 106
103 107
103 108
103 109
103 110
103 111
103 112
103 113
103 114
103 115
103 116
104 85
104 86
104 87
104 88
104 89
104 90
104 91
104 92
104 93
104 94
104 95
104 96
104 97
104 98
104 99
104 100
104 101
104 102
104 103
104 105
104 106
104 107
104 108
104 109
104 110
104 111
104 112
104 113
104 114
104 115
104 116
105 85
105 86
105 87
105 88
105 89
105 90
105 91
105 92
105 93
105 94
105 95
105 96
105 97
105 98
105 99
105 100
105 101
105 102
105 103
105 104
105 106
105 107
105 108
105 109
105 110
105 111
105 112
105 113
105 114
105 115
105 116
106 85
106 86
106 87
106 88
106 89
106 90
106 91
106 92
106 93
106 94
106 95
106 96
106 97
106 98
106 99
106 100
106 101
106 102
106 103
106 104
106 105
106 107
106 108
106 109
106 110
106 111
106 112
106 113
106 114
106 115
107 85
107 86
107 87
107 88
107 89
107 90
107 91
107 92
107 93
107 94
107 95
107 96
107 97
107 98
107 99
107 100
107 101
107 102
107 103
107 104
107 105
107 106
107 108
107 109
107 110
107 111
107 112
107 113
107 114
107 115
107 116
108 85
108 86
108 87
108 88
108 89
108 90
108 91
108 92
108 93
108 94
108 95
108 96
108 97
108 98
108 99
108 100
108 101
108 102
108 103
108 104
108 105
108 106
108 107
108 109
108 110
108 111
108 112
108 113
108 114
108 115
108 116
109 85
109 86
109 87
109 88
109 89
109 90
109 91
109 92
109 93
109 94
109 95
109 96
109 97
109 98
109 99
109 100
109 101
109 102
109 103
109 104
109 105
109 106
109 107
109 108
109 111
109 112
109 113
109 114
109 115
109 116
110 85
110 86
110 87
110 88
110 89
110 90
110 91
110 92
110 93
110 94
110 95
110 96
110 97
110 98
110 99
110 100
110 101
110 102
110 103
110 104
110 105
110 106
110 107
110 108
110 111
110 112
110 113
110 114
110 115
110 116
111 85
111 86
111 87
111 88
111 89
111 90
111 91
111 92
111 93
111 94
111 95
111 96
111 97
111 98
111 99
111 100
111 101
111 102
111 103
111 104
111 105
111 106
111 107
111 108
111 109
111 110
111 112
111 114
111 116
112 85
112 86
112 87
112 88
112 89
112 90
112 91
112 92
112 93
112 94
112 95
112 96
112 97
112 98
112 99
112 100
112 101
112 102
112 103
112 104
112 105
112 106
112 107
112 108
112 109
112 110
112 111
112 114
112 116
113 85
113 86
113 87
113 88
113 89
113 90
113 91
113 92
113 93
113 94
113 95
113 96
113 97
113 98
113 99
113 100
113 101
113 102
113 103
113 104
113 105
113 106
113 107
113 108
113 109
113 110
113 115
113 116
114 85
114 86
114 87
114 88
114 89
114 90
114 91
114 92
114 93
114 94
114 95
114 96
114 97
114 98
114 99
114 100
114 101
114 102
114 103
114 104
114 105
114 106
114 107
114 108
114 109
114 110
114 111
114 112
114 116
115 85
115 86
115 87
115 88
115 89
115 90
115 91
115 92
115 93
115 94
115 95
115 96
115 97
115 98
115 99
115 100
115 101
115 102
115 103
115 104
115 105
115 106
115 107
115 108
115 109
115 110
115 113
115 116
116 85
116 86
116 87
116 88
116 89
116 90
116 91
116 92
116 93
116 94
116 95
116 96
116 97
116 98
116 99
116 100
116 101
116 102
116 103
116 104
116 105
116 107
116 108
116 109
116 110
116 111
116 112
116 113
116 114
116 115

65376
65377
65378
65381
65382
65386
65471
65477
65485
65487
65490
65496
65614
65761
65762
65770
65772
126478
138933
139305
183763
187518
188927
197018
231089
327079
374904
386766
405473
428789
428843
465172
465462
465467
465554
465556
465993
512976
523434
597870
597962
612126
625514
645658
645701
646643
646646
646787
646941
647089
654175
708092
708094
708121
708122
708241
708303
708305
708337
708506
917947
924788
1033351
1033505
1033592
1034005
1034007
1034008
1034010
1034011
1034012
1034013
1034023
1034024
1034025
1034026
1034027
1034100
1034152
1199174
1442639
1442640
1442641
1442642
1442643
1608225
1630482
1630539
1630554
1630556
1630573
1630590
1630591
1630592
1630593
1630594
1630595
1630596
1630597
1630599
1630600
1630601
1630602
1630604
1630607
1630608
1630609
1630610
1630613
1630614
1630615
1630616
1630617
1630618
1630620
1630621
1630622
