132 10106 34
0 1
0 2
0 3
0 4
0 5
0 7
0 8
0 9
0 10
0 11
0 12
0 13
0 14
0 15
0 19
0 20
0 23
0 24
0 26
0 27
0 28
0 29
0 30
0 31
0 33
0 37
0 38
0 39
0 40
0 41
0 42
0 43
0 44
0 45
0 46
0 47
0 48
0 49
0 50
0 51
0 52
0 53
0 54
0 55
0 56
0 57
0 58
0 60
0 61
0 62
0 63
0 64
0 65
0 66
0 67
0 68
0 69
0 70
0 71
0 72
0 73
0 74
0 75
0 76
0 77
0 78
0 131
1 0
1 2
1 3
1 4
1 5
1 7
1 8
1 9
1 10
1 11
1 12
1 13
1 14
1 15
1 17
1 19
1 20
1 22
1 23
1 24
1 26
1 29
1 38
1 39
1 40
1 41
1 43
1 46
1 47
1 48
1 49
1 50
1 51
1 52
1 53
1 54
1 55
1 57
1 60
1 61
1 62
1 63
1 64
1 69
1 70
1 71
1 73
1 74
1 75
1 76
1 77
1 78
1 79
1 82
1 86
1 87
1 88
1 90
1 91
1 95
1 98
1 99
1 100
1 101
1 102
1 103
1 106
1 107
1 108
1 110
1 111
1 115
1 117
1 118
1 119
1 123
1 125
1 127
1 130
1 131
2 0
2 1
2 3
2 4
2 5
2 6
2 7
2 8
2 9
2 10
2 11
2 12
2 13
2 14
2 15
2 16
2 17
2 20
2 22
2 23
2 24
2 25
2 26
2 27
2 29
2 31
2 32
2 33
2 35
2 37
2 38
2 39
2 42
2 43
2 44
2 45
2 47
2 48
2 49
2 50
2 51
2 52
2 53
2 54
2 55
2 56
2 57
2 58
2 59
2 60
2 61
2 62
2 63
2 66
2 67
2 68
2 69
2 71
2 72
2 73
2 74
2 75
2 76
2 77
2 78
2 79
2 82
2 86
2 88
2 90
2 94
2 95
2 97
2 98
2 99
2 100
2 101
2 102
2 106
2 108
2 110
2 115
2 118
2 119
2 120
2 121
2 125
2 131
3 0
3 1
3 2
3 4
3 5
3 7
3 8
3 9
3 10
3 11
3 12
3 13
3 15
3 18
3 19
3 20
3 21
3 22
3 23
3 24
3 27
3 28
3 29
3 30
3 31
3 32
3 33
3 34
3 35
3 36
3 37
3 38
3 39
3 40
3 41
3 42
3 43
3 44
3 45
3 46
3 48
3 49
3 50
3 51
3 52
3 53
3 54
3 55
3 57
3 58
3 60
3 61
3 62
3 63
3 66
3 68
3 69
3 72
3 73
3 74
3 75
3 76
3 77
3 78
3 79
3 80
3 81
3 82
3 83
3 84
3 86
3 87
3 88
3 89
3 90
3 91
3 92
3 96
3 98
3 99
3 100
3 103
3 106
3 108
3 110
3 111
3 112
3 114
3 115
3 116
3 118
3 119
3 122
3 124
3 128
3 131
4 0
4 1
4 2
4 3
4 5
4 6
4 7
4 8
4 9
4 10
4 11
4 12
4 13
4 14
4 15
4 16
4 19
4 20
4 21
4 22
4 23
4 25
4 26
4 27
4 28
4 29
4 30
4 31
4 32
4 33
4 34
4 35
4 36
4 38
4 39
4 40
4 41
4 42
4 43
4 44
4 45
4 46
4 47
4 48
4 49
4 51
4 52
4 53
4 55
4 56
4 57
4 58
4 60
4 61
4 62
4 63
4 64
4 66
4 67
4 68
4 69
4 70
4 71
4 72
4 73
4 74
4 75
4 76
4 77
4 78
4 79
4 80
4 81
4 82
4 83
4 84
4 85
4 86
4 87
4 88
4 89
4 92
4 94
4 95
4 97
4 99
4 100
4 101
4 103
4 104
4 106
4 108
4 109
4 110
4 111
4 112
4 113
4 114
4 115
4 116
4 117
4 118
4 119
4 120
4 121
4 122
4 123
4 124
4 125
4 126
4 128
4 129
4 130
4 131
5 0
5 1
5 2
5 3
5 4
5 6
5 8
5 9
5 11
5 12
5 13
5 15
5 17
5 18
5 19
5 20
5 22
5 23
5 25
5 26
5 28
5 30
5 33
5 34
5 35
5 36
5 37
5 38
5 40
5 41
5 43
5 44
5 46
5 47
5 49
5 52
5 53
5 54
5 55
5 56
5 57
5 60
5 61
5 63
5 68
5 69
5 70
5 73
5 74
5 75
5 76
5 77
5 80
5 81
5 82
5 83
5 84
5 85
5 86
5 87
5 89
5 93
5 94
5 95
5 96
5 97
5 99
5 100
5 101
5 102
5 103
5 104
5 105
5 106
5 107
5 108
5 110
5 111
5 113
5 114
5 115
5 116
5 118
5 119
5 120
5 121
5 123
5 124
5 125
5 126
5 127
5 128
5 129
5 130
5 131
6 2
6 4
6 5
6 7
6 8
6 9
6 11
6 12
6 14
6 15
6 20
6 23
6 24
6 26
6 27
6 29
6 30
6 34
6 35
6 37
6 38
6 41
6 43
6 45
6 46
6 47
6 48
6 49
6 50
6 53
6 55
6 57
6 58
6 60
6 61
6 62
6 63
6 64
6 65
6 67
6 68
6 69
6 70
6 71
6 72
6 73
6 74
6 75
6 76
6 78
6 79
6 80
6 82
6 83
6 84
6 85
6 87
6 90
6 91
6 95
6 96
6 97
6 99
6 100
6 102
6 103
6 104
6 106
6 108
6 110
6 111
6 113
6 114
6 115
6 116
6 117
6 118
6 119
6 120
6 121
6 122
6 123
6 127
6 129
6 131
7 0
7 1
7 2
7 3
7 4
7 6
7 8
7 9
7 11
7 12
7 13
7 15
7 19
7 20
7 21
7 22
7 23
7 24
7 25
7 26
7 27
7 28
7 30
7 31
7 33
7 34
7 35
7 37
7 38
7 39
7 40
7 41
7 42
7 43
7 44
7 45
7 46
7 47
7 48
7 50
7 52
7 53
7 55
7 57
7 58
7 59
7 60
7 61
7 62
7 64
7 65
7 67
7 68
7 69
7 70
7 71
7 72
7 73
7 74
7 75
7 76
7 77
7 79
7 80
7 82
7 83
7 84
7 85
7 87
7 88
7 89
7 90
7 91
7 95
7 97
7 98
7 99
7 100
7 103
7 104
7 106
7 107
7 108
7 109
7 110
7 111
7 116
7 118
7 119
7 120
7 121
7 123
7 124
7 127
7 128
7 129
7 130
7 131
8 0
8 1
8 2
8 3
8 4
8 5
8 6
8 7
8 9
8 10
8 11
8 12
8 13
8 14
8 15
8 16
8 19
8 20
8 21
8 23
8 24
8 25
8 26
8 28
8 29
8 30
8 31
8 33
8 37
8 38
8 39
8 40
8 41
8 43
8 44
8 45
8 46
8 47
8 48
8 49
8 50
8 51
8 52
8 53
8 55
8 56
8 57
8 58
8 59
8 60
8 61
8 62
8 63
8 64
8 65
8 66
8 67
8 68
8 69
8 70
8 71
8 72
8 73
8 74
8 75
8 76
8 77
8 78
8 79
8 80
8 81
8 82
8 83
8 84
8 85
8 86
8 88
8 89
8 90
8 91
8 92
8 94
8 95
8 96
8 98
8 99
8 100
8 101
8 102
8 103
8 104
8 106
8 107
8 108
8 110
8 111
8 113
8 114
8 115
8 116
8 118
8 119
8 120
8 121
8 122
8 123
8 124
8 125
8 126
8 127
8 128
8 129
8 130
8 131
9 0
9 1
9 2
9 3
9 4
9 5
9 6
9 7
9 8
9 10
9 11
9 12
9 13
9 14
9 15
9 16
9 17
9 18
9 19
9 20
9 21
9 22
9 23
9 24
9 25
9 26
9 28
9 29
9 30
9 31
9 32
9 33
9 34
9 35
9 37
9 38
9 39
9 40
9 41
9 42
9 43
9 44
9 45
9 46
9 47
9 48
9 49
9 50
9 51
9 52
9 53
9 54
9 55
9 56
9 57
9 58
9 59
9 60
9 61
9 62
9 63
9 64
9 65
9 66
9 67
9 68
9 69
9 70
9 71
9 72
9 73
9 74
9 75
9 76
9 77
9 78
9 79
9 80
9 81
9 82
9 83
9 84
9 85
9 86
9 87
9 88
9 89
9 90
9 91
9 92
9 93
9 94
9 95
9 96
9 97
9 98
9 99
9 100
9 101
9 102
9 103
9 104
9 105
9 106
9 107
9 108
9 109
9 110
9 111
9 112
9 113
9 114
9 115
9 116
9 117
9 118
9 119
9 120
9 121
9 122
9 123
9 125
9 126
9 127
9 128
9 129
9 130
9 131
10 0
10 1
10 2
10 3
10 4
10 8
10 9
10 11
10 13
10 15
10 16
10 19
10 20
10 23
10 35
10 37
10 39
10 41
10 42
10 43
10 44
10 46
10 47
10 48
10 49
10 52
10 53
10 54
10 55
10 56
10 57
10 61
10 63
10 66
10 68
10 69
10 70
10 72
10 74
10 75
10 76
10 77
10 79
10 83
10 84
10 86
10 88
10 100
10 103
10 106
10 108
10 116
10 121
10 126
10 128
10 131
11 0
11 1
11 2
11 3
11 4
11 5
11 6
11 7
11 8
11 9
11 10
11 12
11 13
11 14
11 15
11 16
11 17
11 18
11 19
11 20
11 21
11 22
11 23
11 24
11 25
11 26
11 28
11 29
11 30
11 31
11 32
11 33
11 34
11 35
11 36
11 37
11 38
11 39
11 40
11 41
11 42
11 43
11 44
11 45
11 46
11 47
11 48
11 49
11 50
11 51
11 52
11 53
11 54
11 55
11 56
11 57
11 58
11 59
11 60
11 61
11 62
11 63
11 65
11 66
11 67
11 68
11 69
11 70
11 71
11 72
11 73
11 74
11 75
11 76
11 77
11 78
11 79
11 80
11 81
11 82
11 83
11 84
11 85
11 86
11 87
11 88
11 89
11 90
11 91
11 92
11 94
11 95
11 96
11 99
11 100
11 101
11 102
11 103
11 104
11 105
11 106
11 107
11 108
11 109
11 110
11 111
11 112
11 113
11 114
11 115
11 116
11 117
11 118
11 119
11 120
11 121
11 122
11 123
11 124
11 125
11 126
11 127
11 128
11 129
11 130
11 131
12 0
12 1
12 2
12 3
12 4
12 5
12 6
12 7
12 8
12 9
12 11
12 13
12 14
12 15
12 16
12 17
12 18
12 19
12 20
12 21
12 22
12 23
12 24
12 25
12 26
12 27
12 28
12 29
12 30
12 31
12 32
12 33
12 34
12 35
12 36
12 37
12 38
12 39
12 40
12 41
12 42
12 43
12 44
12 45
12 46
12 47
12 48
12 49
12 50
12 51
12 52
12 53
12 54
12 55
12 56
12 57
12 58
12 59
12 60
12 61
12 62
12 63
12 64
12 66
12 67
12 68
12 69
12 70
12 71
12 72
12 73
12 74
12 75
12 76
12 77
12 78
12 79
12 80
12 81
12 82
12 83
12 84
12 85
12 86
12 87
12 88
12 89
12 90
12 91
12 92
12 93
12 95
12 96
12 98
12 99
12 100
12 102
12 103
12 104
12 105
12 106
12 107
12 108
12 109
12 110
12 111
12 112
12 113
12 114
12 115
12 116
12 117
12 118
12 119
12 120
12 121
12 122
12 123
12 124
12 125
12 126
12 127
12 128
12 129
12 130
12 131
13 0
13 1
13 2
13 3
13 4
13 5
13 7
13 8
13 9
13 10
13 11
13 12
13 14
13 15
13 16
13 17
13 18
13 19
13 20
13 21
13 22
13 23
13 24
13 25
13 26
13 29
13 31
13 32
13 33
13 34
13 35
13 36
13 37
13 38
13 39
13 40
13 41
13 43
13 44
13 45
13 46
13 47
13 48
13 49
13 50
13 51
13 52
13 53
13 54
13 55
13 56
13 57
13 58
13 59
13 60
13 61
13 62
13 63
13 64
13 65
13 66
13 67
13 68
13 69
13 70
13 71
13 72
13 73
13 74
13 75
13 76
13 77
13 78
13 79
13 80
13 81
13 82
13 83
13 84
13 85
13 86
13 87
13 88
13 89
13 90
13 91
13 92
13 94
13 95
13 96
13 97
13 98
13 99
13 100
13 101
13 102
13 103
13 104
13 105
13 106
13 107
13 108
13 109
13 110
13 111
13 113
13 114
13 115
13 116
13 118
13 119
13 120
13 121
13 122
13 123
13 124
13 125
13 126
13 127
13 128
13 129
13 130
13 131
14 0
14 1
14 2
14 4
14 6
14 8
14 9
14 11
14 12
14 13
14 15
14 16
14 19
14 20
14 23
14 24
14 25
14 26
14 30
14 31
14 32
14 35
14 37
14 38
14 39
14 43
14 46
14 47
14 48
14 50
14 52
14 53
14 54
14 55
14 56
14 57
14 58
14 60
14 61
14 62
14 63
14 64
14 65
14 67
14 68
14 69
14 70
14 71
14 73
14 74
14 75
14 76
14 77
14 78
14 79
14 82
14 83
14 84
14 85
14 88
14 89
14 95
14 99
14 102
14 103
14 104
14 106
14 107
14 108
14 109
14 111
14 114
14 115
14 116
14 121
14 124
14 125
14 127
14 128
14 129
14 130
14 131
15 0
15 1
15 2
15 3
15 4
15 5
15 6
15 7
15 8
15 9
15 10
15 11
15 12
15 13
15 14
15 16
15 17
15 18
15 20
15 22
15 23
15 24
15 25
15 26
15 27
15 28
15 29
15 30
15 31
15 33
15 34
15 35
15 37
15 38
15 39
15 40
15 41
15 42
15 43
15 44
15 45
15 46
15 47
15 48
15 49
15 50
15 51
15 52
15 53
15 54
15 55
15 56
15 57
15 58
15 60
15 61
15 62
15 65
15 66
15 67
15 68
15 69
15 70
15 71
15 72
15 73
15 74
15 75
15 76
15 77
15 79
15 80
15 81
15 82
15 83
15 89
15 90
15 91
15 95
15 96
15 97
15 100
15 102
15 103
15 104
15 106
15 108
15 110
15 111
15 114
15 115
15 116
15 117
15 118
15 119
15 120
15 121
15 125
15 126
15 128
15 130
15 131
16 2
16 4
16 8
16 9
16 10
16 11
16 12
16 13
16 14
16 15
16 17
16 18
16 20
16 21
16 23
16 24
16 27
16 29
16 30
16 32
16 35
16 37
16 42
16 44
16 45
16 46
16 47
16 48
16 52
16 53
16 55
16 58
16 60
16 61
16 65
16 68
16 69
16 70
16 71
16 74
16 75
16 76
16 79
16 80
16 82
16 83
16 84
16 85
16 89
16 93
16 95
16 98
16 99
16 102
16 103
16 104
16 106
16 107
16 108
16 109
16 112
16 113
16 114
16 117
16 119
16 121
16 122
16 123
16 124
16 127
16 128
16 129
16 131
17 1
17 2
17 5
17 9
17 11
17 12
17 13
17 15
17 16
17 18
17 19
17 20
17 21
17 22
17 23
17 25
17 30
17 37
17 38
17 43
17 46
17 47
17 49
17 50
17 53
17 54
17 55
17 59
17 61
17 63
17 66
17 69
17 74
17 75
17 76
17 80
17 83
17 85
17 93
17 95
17 99
17 101
17 103
17 105
17 106
17 108
17 109
17 110
17 114
17 117
17 119
17 121
17 122
17 128
17 129
17 131
18 3
18 5
18 9
18 11
18 12
18 13
18 15
18 16
18 17
18 19
18 21
18 22
18 23
18 24
18 26
18 30
18 32
18 34
18 35
18 36
18 37
18 38
18 41
18 45
18 47
18 52
18 53
18 54
18 61
18 66
18 69
18 70
18 74
18 76
18 79
18 80
18 81
18 83
18 84
18 85
18 86
18 87
18 89
18 91
18 92
18 93
18 99
18 106
18 107
18 109
18 111
18 113
18 114
18 116
18 117
18 119
18 121
18 122
18 128
18 129
18 131
19 0
19 1
19 3
19 4
19 5
19 7
19 8
19 9
19 10
19 11
19 12
19 13
19 14
19 17
19 18
19 22
19 23
19 24
19 27
19 28
19 30
19 34
19 37
19 39
19 41
19 43
19 46
19 47
19 49
19 50
19 53
19 55
19 56
19 57
19 58
19 60
19 61
19 63
19 66
19 69
19 70
19 75
19 76
19 77
19 79
19 82
19 83
19 87
19 94
19 96
19 98
19 99
19 103
19 104
19 106
19 108
19 109
19 110
19 119
19 121
19 123
19 124
19 126
19 127
19 128
19 131
20 0
20 1
20 2
20 3
20 4
20 5
20 6
20 7
20 8
20 9
20 10
20 11
20 12
20 13
20 14
20 15
20 16
20 17
20 21
20 22
20 23
20 26
20 27
20 28
20 29
20 30
20 31
20 32
20 35
20 37
20 38
20 40
20 41
20 42
20 43
20 44
20 45
20 46
20 47
20 48
20 49
20 50
20 51
20 52
20 53
20 54
20 55
20 56
20 57
20 58
20 60
20 61
20 62
20 63
20 64
20 65
20 66
20 67
20 68
20 69
20 70
20 71
20 72
20 73
20 74
20 75
20 76
20 77
20 78
20 79
20 81
20 82
20 85
20 86
20 88
20 89
20 90
20 92
20 94
20 95
20 96
20 97
20 98
20 99
20 100
20 101
20 102
20 104
20 105
20 106
20 107
20 108
20 110
20 111
20 112
20 114
20 115
20 117
20 118
20 119
20 120
20 121
20 122
20 123
20 125
20 126
20 128
20 129
20 131
21 3
21 4
21 7
21 8
21 9
21 11
21 12
21 13
21 16
21 17
21 18
21 20
21 22
21 23
21 25
21 26
21 28
21 30
21 32
21 34
21 35
21 36
21 37
21 40
21 46
21 47
21 52
21 53
21 54
21 55
21 58
21 59
21 61
21 69
21 70
21 73
21 74
21 75
21 76
21 80
21 81
21 83
21 84
21 85
21 86
21 89
21 91
21 92
21 93
21 94
21 98
21 99
21 105
21 109
21 111
21 113
21 116
21 117
21 119
21 121
21 122
21 123
21 124
21 129
21 131
22 1
22 2
22 3
22 4
22 5
22 7
22 9
22 11
22 12
22 13
22 15
22 17
22 18
22 19
22 20
22 21
22 23
22 26
22 30
22 32
22 33
22 34
22 35
22 36
22 37
22 38
22 39
22 41
22 43
22 44
22 46
22 48
22 52
22 53
22 54
22 55
22 56
22 57
22 58
22 60
22 61
22 62
22 69
22 70
22 74
22 75
22 76
22 77
22 79
22 80
22 81
22 82
22 83
22 84
22 85
22 87
22 89
22 91
22 99
22 101
22 102
22 104
22 106
22 108
22 111
22 113
22 115
22 119
22 121
22 122
22 124
22 125
22 127
22 128
22 129
22 130
22 131
23 0
23 1
23 2
23 3
23 4
23 5
23 6
23 7
23 8
23 9
23 10
23 11
23 12
23 13
23 14
23 15
23 16
23 17
23 18
23 19
23 20
23 21
23 22
23 24
23 25
23 26
23 27
23 28
23 29
23 30
23 31
23 32
23 33
23 34
23 35
23 36
23 37
23 38
23 39
23 40
23 41
23 42
23 43
23 44
23 45
23 46
23 47
23 48
23 49
23 50
23 52
23 53
23 54
23 55
23 56
23 57
23 58
23 59
23 61
23 63
23 64
23 65
23 66
23 67
23 69
23 70
23 73
23 74
23 75
23 76
23 78
23 79
23 80
23 81
23 82
23 83
23 84
23 85
23 86
23 87
23 88
23 89
23 91
23 93
23 94
23 95
23 96
23 98
23 99
23 101
23 102
23 103
23 104
23 105
23 106
23 107
23 109
23 111
23 112
23 114
23 115
23 116
23 117
23 118
23 121
23 122
23 124
23 126
23 128
23 129
23 131
24 0
24 1
24 2
24 3
24 6
24 7
24 8
24 9
24 11
24 12
24 13
24 14
24 15
24 16
24 18
24 19
24 23
24 25
24 26
24 27
24 28
24 29
24 30
24 31
24 33
24 34
24 37
24 38
24 40
24 41
24 43
24 44
24 45
24 46
24 47
24 48
24 49
24 50
24 51
24 53
24 55
24 57
24 58
24 59
24 60
24 61
24 63
24 64
24 65
24 66
24 67
24 69
24 70
24 72
24 73
24 74
24 75
24 77
24 80
24 81
24 82
24 84
24 85
24 86
24 87
24 89
24 90
24 91
24 94
24 95
24 96
24 97
24 98
24 99
24 100
24 102
24 103
24 104
24 105
24 106
24 107
24 108
24 109
24 110
24 113
24 114
24 115
24 116
24 117
24 118
24 119
24 120
24 121
24 122
24 123
24 126
24 129
24 130
25 2
25 4
25 5
25 7
25 8
25 9
25 11
25 12
25 13
25 14
25 15
25 17
25 21
25 23
25 24
25 30
25 31
25 34
25 35
25 36
25 37
25 38
25 40
25 46
25 47
25 48
25 52
25 53
25 55
25 58
25 59
25 60
25 61
25 65
25 69
25 73
25 74
25 75
25 80
25 81
25 82
25 83
25 84
25 85
25 86
25 93
25 94
25 95
25 98
25 99
25 101
25 102
25 104
25 105
25 106
25 107
25 108
25 110
25 111
25 112
25 113
25 115
25 116
25 119
25 121
25 122
25 123
25 125
25 127
25 128
25 129
26 0
26 1
26 2
26 4
26 5
26 6
26 7
26 8
26 9
26 11
26 12
26 13
26 14
26 15
26 18
26 20
26 21
26 22
26 23
26 24
26 27
26 28
26 29
26 30
26 31
26 32
26 33
26 34
26 37
26 39
26 40
26 45
26 46
26 47
26 48
26 49
26 50
26 52
26 53
26 54
26 55
26 57
26 58
26 60
26 61
26 64
26 65
26 66
26 67
26 68
26 70
26 72
26 73
26 74
26 75
26 76
26 77
26 79
26 80
26 81
26 82
26 84
26 85
26 87
26 89
26 90
26 91
26 95
26 96
26 97
26 99
26 102
26 106
26 108
26 113
26 115
26 117
26 118
26 119
26 121
26 122
26 129
26 131
27 0
27 2
27 3
27 4
27 6
27 7
27 12
27 15
27 16
27 19
27 20
27 23
27 24
27 26
27 28
27 29
27 30
27 31
27 32
27 33
27 35
27 40
27 43
27 44
27 45
27 46
27 47
27 48
27 49
27 50
27 53
27 56
27 57
27 60
27 61
27 63
27 64
27 65
27 67
27 68
27 69
27 70
27 71
27 72
27 73
27 74
27 75
27 76
27 78
27 79
27 84
27 89
27 90
27 99
27 103
27 106
27 108
27 110
27 115
27 117
27 118
27 119
27 131
28 0
28 3
28 4
28 5
28 7
28 8
28 9
28 11
28 12
28 15
28 19
28 20
28 21
28 23
28 24
28 26
28 27
28 30
28 31
28 32
28 33
28 37
28 38
28 40
28 41
28 44
28 45
28 46
28 47
28 48
28 51
28 52
28 53
28 54
28 55
28 58
28 59
28 60
28 61
28 66
28 69
28 70
28 72
28 74
28 75
28 76
28 79
28 80
28 82
28 84
28 85
28 88
28 89
28 92
28 96
28 99
28 100
28 105
28 106
28 107
28 108
28 110
28 111
28 113
28 116
28 117
28 119
28 121
28 122
28 123
28 125
28 127
28 129
28 131
29 0
29 1
29 2
29 3
29 4
29 6
29 8
29 9
29 11
29 12
29 13
29 15
29 16
29 20
29 23
29 24
29 26
29 27
29 30
29 31
29 40
29 42
29 43
29 44
29 45
29 46
29 49
29 51
29 52
29 53
29 54
29 55
29 56
29 57
29 58
29 60
29 61
29 62
29 63
29 65
29 66
29 67
29 68
29 69
29 70
29 71
29 76
29 79
29 80
29 82
29 83
29 84
29 90
29 96
29 97
29 99
29 104
29 106
29 108
29 109
29 110
29 119
29 121
29 123
29 127
29 128
29 131
30 0
30 3
30 4
30 5
30 6
30 7
30 8
30 9
30 11
30 12
30 14
30 15
30 16
30 17
30 18
30 19
30 20
30 21
30 22
30 23
30 24
30 25
30 26
30 27
30 28
30 29
30 32
30 34
30 35
30 36
30 37
30 38
30 40
30 41
30 42
30 45
30 46
30 47
30 48
30 51
30 52
30 53
30 55
30 58
30 59
30 60
30 61
30 63
30 65
30 68
30 69
30 70
30 71
30 72
30 73
30 74
30 75
30 76
30 79
30 80
30 81
30 82
30 84
30 85
30 87
30 88
30 89
30 92
30 93
30 95
30 96
30 99
30 102
30 103
30 104
30 106
30 107
30 108
30 109
30 110
30 111
30 112
30 113
30 114
30 115
30 116
30 117
30 118
30 119
30 121
30 122
30 124
30 126
30 127
30 129
30 131
31 0
31 2
31 3
31 4
31 7
31 8
31 9
31 11
31 12
31 13
31 14
31 15
31 20
31 23
31 24
31 25
31 26
31 27
31 28
31 29
31 37
31 38
31 40
31 42
31 44
31 45
31 46
31 47
31 48
31 49
31 50
31 51
31 52
31 53
31 55
31 57
31 58
31 60
31 61
31 64
31 67
31 68
31 69
31 71
31 72
31 73
31 74
31 75
31 76
31 77
31 79
31 81
31 84
31 87
31 89
31 93
31 94
31 95
31 97
31 98
31 100
31 102
31 103
31 104
31 105
31 106
31 107
31 108
31 110
31 111
31 116
31 117
31 119
31 121
31 123
31 127
31 131
32 2
32 3
32 4
32 9
32 11
32 12
32 13
32 14
32 16
32 18
32 20
32 21
32 22
32 23
32 26
32 27
32 28
32 30
32 34
32 35
32 36
32 37
32 38
32 40
32 42
32 44
32 45
32 46
32 47
32 48
32 52
32 53
32 55
32 56
32 63
32 65
32 69
32 70
32 74
32 75
32 76
32 80
32 81
32 82
32 83
32 84
32 85
32 87
32 88
32 91
32 95
32 96
32 99
32 103
32 106
32 107
32 108
32 111
32 114
32 116
32 118
32 119
32 121
32 122
32 123
32 124
32 127
32 128
32 129
32 130
32 131
33 0
33 2
33 3
33 4
33 5
33 7
33 8
33 9
33 11
33 12
33 13
33 15
33 22
33 23
33 24
33 26
33 27
33 28
33 34
33 35
33 36
33 37
33 39
33 40
33 42
33 45
33 46
33 47
33 48
33 51
33 52
33 53
33 55
33 59
33 60
33 61
33 64
33 67
33 69
33 70
33 72
33 73
33 74
33 75
33 76
33 77
33 78
33 79
33 80
33 82
33 83
33 86
33 87
33 88
33 90
33 91
33 93
33 95
33 97
33 99
33 103
33 104
33 106
33 107
33 108
33 109
33 110
33 113
33 114
33 117
33 118
33 119
33 121
33 122
33 123
33 125
33 127
33 128
33 130
33 131
34 3
34 4
34 5
34 6
34 7
34 9
34 11
34 12
34 13
34 15
34 18
34 19
34 21
34 22
34 23
34 24
34 25
34 26
34 30
34 32
34 33
34 35
34 36
34 37
34 38
34 40
34 41
34 44
34 46
34 49
34 52
34 53
34 55
34 60
34 61
34 63
34 69
34 70
34 72
34 73
34 75
34 76
34 81
34 83
34 84
34 87
34 91
34 93
34 95
34 96
34 99
34 103
34 104
34 106
34 108
34 109
34 110
34 111
34 112
34 114
34 115
34 116
34 117
34 119
34 121
34 122
34 124
34 126
34 127
34 130
34 131
35 2
35 3
35 4
35 5
35 6
35 7
35 9
35 10
35 11
35 12
35 13
35 14
35 15
35 16
35 18
35 20
35 21
35 22
35 23
35 25
35 27
35 30
35 32
35 33
35 34
35 36
35 37
35 41
35 42
35 44
35 47
35 52
35 53
35 54
35 55
35 58
35 60
35 61
35 66
35 68
35 69
35 72
35 74
35 75
35 80
35 82
35 83
35 84
35 86
35 87
35 91
35 95
35 96
35 99
35 102
35 103
35 104
35 105
35 106
35 107
35 108
35 110
35 112
35 113
35 114
35 115
35 116
35 119
35 121
35 122
35 125
35 126
35 127
35 130
36 3
36 4
36 5
36 11
36 12
36 13
36 18
36 21
36 22
36 23
36 25
36 30
36 32
36 33
36 34
36 35
36 37
36 38
36 41
36 44
36 47
36 48
36 53
36 55
36 61
36 69
36 74
36 76
36 80
36 82
36 83
36 84
36 85
36 86
36 87
36 95
36 99
36 108
36 111
36 114
36 119
36 121
36 122
36 129
36 131
37 0
37 2
37 3
37 5
37 6
37 7
37 8
37 9
37 10
37 11
37 12
37 13
37 14
37 15
37 16
37 17
37 18
37 19
37 20
37 21
37 22
37 23
37 24
37 25
37 26
37 28
37 30
37 31
37 32
37 33
37 34
37 35
37 36
37 38
37 40
37 41
37 42
37 44
37 45
37 46
37 47
37 48
37 52
37 53
37 54
37 55
37 58
37 59
37 61
37 62
37 63
37 69
37 72
37 73
37 74
37 75
37 76
37 78
37 79
37 80
37 81
37 82
37 83
37 84
37 85
37 86
37 87
37 88
37 89
37 91
37 92
37 93
37 94
37 95
37 96
37 98
37 99
37 100
37 101
37 102
37 103
37 104
37 105
37 106
37 107
37 108
37 109
37 110
37 111
37 112
37 113
37 114
37 115
37 116
37 117
37 118
37 119
37 121
37 122
37 124
37 125
37 126
37 128
37 129
37 131
38 0
38 1
38 2
38 3
38 4
38 5
38 6
38 7
38 8
38 9
38 11
38 12
38 13
38 14
38 15
38 17
38 18
38 20
38 22
38 23
38 24
38 25
38 28
38 30
38 31
38 32
38 34
38 36
38 37
38 40
38 41
38 43
38 44
38 45
38 46
38 47
38 48
38 51
38 52
38 53
38 54
38 55
38 56
38 58
38 59
38 60
38 62
38 63
38 64
38 66
38 68
38 69
38 70
38 71
38 73
38 74
38 75
38 76
38 80
38 81
38 82
38 83
38 84
38 87
38 88
38 93
38 94
38 95
38 96
38 99
38 101
38 102
38 103
38 104
38 106
38 107
38 108
38 111
38 112
38 113
38 114
38 115
38 118
38 119
38 120
38 121
38 122
38 124
38 126
38 127
38 131
39 0
39 1
39 2
39 3
39 4
39 7
39 8
39 9
39 10
39 11
39 12
39 13
39 14
39 15
39 19
39 22
39 23
39 26
39 33
39 40
39 41
39 43
39 44
39 45
39 46
39 48
39 49
39 51
39 52
39 53
39 55
39 57
39 58
39 60
39 61
39 62
39 63
39 67
39 68
39 69
39 70
39 71
39 72
39 74
39 76
39 77
39 78
39 79
39 82
39 86
39 88
39 89
39 90
39 97
39 98
39 99
39 103
39 108
39 110
39 119
39 120
39 130
39 131
40 0
40 1
40 3
40 4
40 5
40 7
40 8
40 9
40 11
40 12
40 13
40 15
40 20
40 21
40 23
40 24
40 25
40 26
40 27
40 28
40 29
40 30
40 31
40 32
40 33
40 34
40 37
40 38
40 39
40 41
40 43
40 45
40 46
40 47
40 50
40 53
40 55
40 57
40 60
40 61
40 64
40 65
40 66
40 67
40 68
40 69
40 70
40 71
40 72
40 74
40 76
40 77
40 78
40 79
40 80
40 81
40 82
40 85
40 87
40 88
40 90
40 91
40 93
40 95
40 97
40 98
40 99
40 104
40 106
40 107
40 108
40 109
40 112
40 113
40 115
40 117
40 118
40 119
40 121
40 122
40 123
40 125
40 126
40 128
40 129
40 130
40 131
41 0
41 1
41 3
41 4
41 5
41 6
41 7
41 8
41 9
41 10
41 11
41 12
41 13
41 15
41 18
41 19
41 20
41 22
41 23
41 24
41 28
41 30
41 34
41 35
41 36
41 37
41 38
41 39
41 40
41 42
41 44
41 45
41 46
41 47
41 49
41 51
41 53
41 54
41 55
41 56
41 60
41 61
41 63
41 65
41 66
41 69
41 70
41 72
41 73
41 74
41 75
41 76
41 80
41 81
41 82
41 83
41 84
41 85
41 86
41 87
41 93
41 98
41 99
41 100
41 101
41 102
41 103
41 104
41 105
41 107
41 108
41 110
41 111
41 112
41 113
41 114
41 115
41 116
41 117
41 118
41 119
41 120
41 121
41 122
41 123
41 124
41 125
41 126
41 127
41 128
41 129
41 130
41 131
42 0
42 2
42 3
42 4
42 7
42 9
42 10
42 11
42 12
42 15
42 16
42 20
42 23
42 29
42 30
42 31
42 32
42 33
42 35
42 37
42 41
42 44
42 45
42 46
42 47
42 52
42 53
42 55
42 61
42 68
42 69
42 70
42 74
42 75
42 76
42 80
42 83
42 89
42 95
42 99
42 104
42 116
42 121
42 131
43 0
43 1
43 2
43 3
43 4
43 5
43 6
43 7
43 8
43 9
43 10
43 11
43 12
43 13
43 14
43 15
43 17
43 19
43 20
43 22
43 23
43 24
43 27
43 29
43 38
43 39
43 40
43 44
43 46
43 47
43 48
43 49
43 50
43 52
43 53
43 55
43 56
43 57
43 60
43 62
43 63
43 64
43 65
43 66
43 68
43 69
43 70
43 71
43 74
43 76
43 77
43 78
43 79
43 82
43 86
43 89
43 90
43 98
43 99
43 100
43 101
43 107
43 110
43 115
43 118
43 119
43 131
44 0
44 2
44 3
44 4
44 5
44 7
44 8
44 9
44 10
44 11
44 12
44 13
44 15
44 16
44 20
44 22
44 23
44 24
44 27
44 28
44 29
44 31
44 32
44 34
44 35
44 36
44 37
44 38
44 39
44 41
44 42
44 43
44 45
44 46
44 47
44 48
44 49
44 52
44 53
44 55
44 56
44 57
44 60
44 61
44 62
44 64
44 66
44 68
44 69
44 70
44 71
44 72
44 73
44 74
44 76
44 77
44 82
44 83
44 84
44 87
44 91
44 95
44 97
44 100
44 104
44 106
44 108
44 114
44 119
44 120
44 126
44 127
44 131
45 0
45 2
45 3
45 4
45 6
45 7
45 8
45 9
45 11
45 12
45 13
45 15
45 16
45 18
45 20
45 23
45 24
45 26
45 27
45 28
45 29
45 30
45 31
45 32
45 33
45 37
45 38
45 39
45 40
45 41
45 42
45 44
45 46
45 47
45 48
45 49
45 52
45 53
45 55
45 58
45 59
45 60
45 61
45 64
45 65
45 66
45 67
45 68
45 69
45 72
45 73
45 74
45 75
45 76
45 77
45 80
45 85
45 94
45 95
45 96
45 97
45 98
45 99
45 103
45 105
45 106
45 108
45 111
45 118
45 119
45 120
45 121
45 128
45 129
45 131
46 0
46 1
46 3
46 4
46 5
46 6
46 7
46 8
46 9
46 10
46 11
46 12
46 13
46 14
46 15
46 16
46 17
46 19
46 20
46 21
46 22
46 23
46 24
46 25
46 26
46 27
46 28
46 29
46 30
46 31
46 32
46 33
46 34
46 37
46 38
46 39
46 40
46 41
46 42
46 43
46 44
46 45
46 47
46 48
46 49
46 50
46 52
46 53
46 54
46 55
46 56
46 57
46 58
46 59
46 60
46 61
46 62
46 63
46 64
46 65
46 66
46 67
46 68
46 69
46 70
46 71
46 72
46 73
46 74
46 75
46 76
46 77
46 78
46 79
46 80
46 81
46 83
46 84
46 85
46 86
46 87
46 88
46 89
46 90
46 92
46 93
46 94
46 95
46 96
46 97
46 98
46 99
46 100
46 101
46 102
46 103
46 104
46 105
46 106
46 107
46 108
46 109
46 110
46 112
46 113
46 114
46 115
46 116
46 117
46 118
46 120
46 121
46 122
46 123
46 124
46 125
46 126
46 127
46 128
46 129
46 130
46 131
47 0
47 1
47 2
47 4
47 5
47 6
47 7
47 8
47 9
47 10
47 11
47 12
47 13
47 14
47 15
47 16
47 17
47 18
47 19
47 20
47 21
47 23
47 24
47 25
47 26
47 27
47 28
47 30
47 31
47 32
47 33
47 35
47 36
47 37
47 38
47 40
47 41
47 42
47 43
47 44
47 45
47 46
47 48
47 49
47 50
47 51
47 52
47 53
47 54
47 55
47 57
47 58
47 59
47 60
47 61
47 63
47 64
47 65
47 66
47 67
47 69
47 71
47 73
47 74
47 75
47 76
47 77
47 78
47 79
47 80
47 81
47 82
47 83
47 84
47 85
47 87
47 88
47 89
47 91
47 92
47 93
47 95
47 96
47 98
47 99
47 100
47 101
47 102
47 103
47 104
47 105
47 106
47 107
47 108
47 109
47 110
47 111
47 112
47 113
47 114
47 115
47 116
47 117
47 118
47 119
47 120
47 121
47 122
47 123
47 124
47 125
47 126
47 127
47 128
47 129
47 130
47 131
48 0
48 1
48 2
48 3
48 4
48 6
48 7
48 8
48 9
48 10
48 11
48 12
48 13
48 14
48 15
48 16
48 20
48 22
48 23
48 24
48 25
48 26
48 27
48 28
48 30
48 31
48 32
48 33
48 36
48 37
48 38
48 39
48 43
48 44
48 45
48 46
48 47
48 49
48 50
48 51
48 52
48 53
48 54
48 55
48 56
48 57
48 58
48 60
48 61
48 62
48 63
48 64
48 65
48 66
48 68
48 69
48 70
48 73
48 74
48 75
48 76
48 77
48 78
48 79
48 80
48 82
48 84
48 85
48 86
48 87
48 88
48 89
48 91
48 95
48 96
48 97
48 98
48 99
48 100
48 101
48 102
48 103
48 104
48 106
48 107
48 108
48 109
48 110
48 111
48 114
48 115
48 117
48 118
48 119
48 121
48 122
48 123
48 124
48 125
48 127
48 128
48 129
48 130
48 131
49 0
49 1
49 2
49 3
49 4
49 5
49 6
49 8
49 9
49 10
49 11
49 12
49 13
49 15
49 17
49 19
49 20
49 23
49 24
49 26
49 27
49 29
49 31
49 34
49 39
49 41
49 43
49 44
49 45
49 46
49 47
49 48
49 50
49 51
49 52
49 53
49 54
49 55
49 56
49 57
49 58
49 60
49 61
49 63
49 64
49 65
49 66
49 67
49 68
49 69
49 70
49 71
49 72
49 75
49 76
49 77
49 78
49 79
49 82
49 89
49 90
49 97
49 98
49 101
49 103
49 106
49 108
49 117
49 118
49 119
49 120
49 131
50 0
50 1
50 2
50 3
50 6
50 7
50 8
50 9
50 11
50 12
50 13
50 14
50 15
50 17
50 19
50 20
50 23
50 24
50 26
50 27
50 31
50 40
50 43
50 46
50 47
50 48
50 49
50 52
50 53
50 55
50 56
50 57
50 58
50 61
50 62
50 64
50 65
50 66
50 69
50 72
50 73
50 75
50 76
50 77
50 78
50 86
50 88
50 89
50 90
50 94
50 95
50 96
50 97
50 98
50 100
50 104
50 106
50 108
50 110
50 114
50 116
50 117
50 119
50 121
50 127
50 128
50 131
51 0
51 1
51 2
51 3
51 4
51 8
51 9
51 11
51 12
51 13
51 15
51 20
51 24
51 28
51 29
51 30
51 31
51 33
51 38
51 39
51 41
51 47
51 48
51 49
51 53
51 54
51 55
51 56
51 57
51 60
51 61
51 65
51 68
51 69
51 70
51 71
51 73
51 74
51 75
51 88
51 89
51 96
51 103
51 106
51 108
51 115
51 118
51 126
52 0
52 1
52 2
52 3
52 4
52 5
52 7
52 8
52 9
52 10
52 11
52 12
52 13
52 14
52 15
52 16
52 18
52 20
52 21
52 22
52 23
52 25
52 26
52 28
52 29
52 30
52 31
52 32
52 33
52 34
52 35
52 37
52 38
52 39
52 42
52 43
52 44
52 45
52 46
52 47
52 48
52 49
52 50
52 53
52 54
52 55
52 57
52 58
52 60
52 61
52 62
52 63
52 64
52 66
52 67
52 68
52 69
52 70
52 71
52 73
52 74
52 75
52 76
52 77
52 79
52 82
52 83
52 84
52 85
52 86
52 89
52 90
52 91
52 92
52 94
52 95
52 97
52 98
52 105
52 106
52 107
52 108
52 109
52 110
52 111
52 112
52 115
52 116
52 117
52 118
52 119
52 120
52 121
52 123
52 124
52 127
52 128
52 129
52 130
52 131
53 0
53 1
53 2
53 3
53 4
53 5
53 6
53 7
53 8
53 9
53 10
53 11
53 12
53 13
53 14
53 15
53 16
53 17
53 18
53 19
53 20
53 21
53 22
53 23
53 24
53 25
53 26
53 27
53 28
53 29
53 30
53 31
53 32
53 33
53 34
53 35
53 36
53 37
53 38
53 39
53 40
53 41
53 42
53 43
53 44
53 45
53 46
53 47
53 48
53 49
53 50
53 51
53 52
53 54
53 55
53 56
53 57
53 58
53 59
53 60
53 61
53 62
53 63
53 64
53 65
53 66
53 67
53 68
53 69
53 70
53 71
53 72
53 73
53 74
53 75
53 76
53 77
53 79
53 80
53 81
53 82
53 83
53 84
53 85
53 87
53 88
53 89
53 90
53 91
53 92
53 93
53 94
53 95
53 96
53 97
53 98
53 99
53 101
53 102
53 103
53 104
53 105
53 106
53 107
53 108
53 109
53 110
53 111
53 112
53 113
53 114
53 115
53 116
53 117
53 118
53 119
53 120
53 121
53 123
53 124
53 125
53 126
53 127
53 128
53 129
53 130
53 131
54 0
54 1
54 2
54 3
54 5
54 9
54 10
54 11
54 12
54 13
54 14
54 15
54 17
54 18
54 20
54 21
54 22
54 23
54 26
54 28
54 29
54 35
54 37
54 38
54 41
54 46
54 47
54 48
54 49
54 51
54 52
54 53
54 55
54 56
54 59
54 60
54 61
54 63
54 65
54 66
54 67
54 68
54 69
54 70
54 73
54 74
54 75
54 76
54 79
54 80
54 81
54 82
54 83
54 84
54 86
54 87
54 91
54 92
54 93
54 94
54 95
54 98
54 99
54 100
54 101
54 103
54 104
54 108
54 109
54 110
54 111
54 114
54 116
54 117
54 119
54 121
54 123
54 124
54 125
54 127
54 128
54 130
54 131
55 0
55 1
55 2
55 3
55 4
55 5
55 6
55 7
55 8
55 9
55 10
55 11
55 12
55 13
55 14
55 15
55 16
55 17
55 19
55 20
55 21
55 22
55 23
55 24
55 25
55 26
55 28
55 29
55 30
55 31
55 32
55 33
55 34
55 35
55 36
55 37
55 38
55 39
55 40
55 41
55 42
55 43
55 44
55 45
55 46
55 47
55 48
55 49
55 50
55 51
55 52
55 53
55 54
55 56
55 57
55 58
55 59
55 60
55 61
55 62
55 63
55 64
55 66
55 67
55 68
55 69
55 70
55 71
55 72
55 73
55 74
55 75
55 76
55 77
55 78
55 79
55 80
55 81
55 82
55 83
55 84
55 85
55 86
55 87
55 88
55 89
55 90
55 92
55 93
55 94
55 95
55 96
55 97
55 98
55 99
55 100
55 101
55 102
55 103
55 104
55 105
55 106
55 107
55 108
55 109
55 110
55 112
55 114
55 115
55 117
55 118
55 119
55 120
55 121
55 122
55 123
55 124
55 126
55 128
55 129
55 131
56 0
56 2
56 4
56 5
56 8
56 9
56 10
56 11
56 12
56 13
56 14
56 15
56 19
56 20
56 22
56 23
56 27
56 29
56 32
56 38
56 41
56 43
56 44
56 46
56 48
56 49
56 50
56 51
56 53
56 54
56 55
56 57
56 60
56 63
56 64
56 65
56 66
56 68
56 69
56 70
56 72
56 73
56 74
56 77
56 78
56 81
56 82
56 85
56 86
56 88
56 95
56 97
56 98
56 99
56 100
56 103
56 104
56 107
56 110
56 111
56 117
56 118
56 119
56 122
56 123
56 129
57 0
57 1
57 2
57 3
57 4
57 5
57 6
57 7
57 8
57 9
57 10
57 11
57 12
57 13
57 14
57 15
57 19
57 20
57 22
57 23
57 24
57 26
57 27
57 29
57 31
57 39
57 40
57 43
57 44
57 46
57 47
57 48
57 49
57 50
57 51
57 52
57 53
57 55
57 56
57 58
57 61
57 62
57 63
57 64
57 65
57 66
57 69
57 70
57 71
57 72
57 74
57 76
57 77
57 78
57 79
57 81
57 82
57 86
57 88
57 89
57 90
57 97
57 98
57 99
57 100
57 102
57 106
57 110
57 118
57 126
57 131
58 0
58 2
58 3
58 4
58 6
58 7
58 8
58 9
58 11
58 12
58 13
58 14
58 15
58 16
58 19
58 20
58 21
58 22
58 23
58 24
58 25
58 26
58 28
58 29
58 30
58 31
58 35
58 37
58 38
58 39
58 45
58 46
58 47
58 48
58 49
58 50
58 52
58 53
58 55
58 57
58 61
58 62
58 63
58 64
58 65
58 66
58 67
58 68
58 69
58 70
58 71
58 72
58 73
58 74
58 75
58 76
58 77
58 78
58 79
58 80
58 83
58 84
58 87
58 88
58 94
58 95
58 96
58 99
58 100
58 103
58 104
58 106
58 107
58 108
58 110
58 115
58 116
58 118
58 119
58 121
58 122
58 123
58 124
58 125
58 127
58 128
58 131
59 2
59 7
59 8
59 9
59 11
59 12
59 13
59 17
59 21
59 23
59 24
59 25
59 28
59 30
59 33
59 37
59 38
59 45
59 46
59 47
59 53
59 54
59 55
59 60
59 61
59 63
59 65
59 69
59 70
59 76
59 83
59 85
59 86
59 87
59 89
59 93
59 99
59 103
59 104
59 106
59 107
59 108
59 117
59 119
59 122
59 128
59 129
59 131
60 0
60 1
60 2
60 3
60 4
60 5
60 6
60 7
60 8
60 9
60 11
60 12
60 13
60 14
60 15
60 16
60 19
60 20
60 22
60 24
60 25
60 26
60 27
60 28
60 29
60 30
60 31
60 33
60 34
60 35
60 38
60 39
60 40
60 41
60 43
60 44
60 45
60 46
60 47
60 48
60 49
60 51
60 52
60 53
60 54
60 55
60 56
60 59
60 61
60 62
60 65
60 66
60 68
60 69
60 70
60 72
60 73
60 74
60 75
60 76
60 77
60 79
60 82
60 88
60 89
60 90
60 94
60 96
60 97
60 98
60 99
60 101
60 102
60 103
60 106
60 107
60 108
60 115
60 118
60 120
60 126
60 130
60 131
61 0
61 1
61 2
61 3
61 4
61 5
61 6
61 7
61 8
61 9
61 10
61 11
61 12
61 13
61 14
61 15
61 16
61 17
61 18
61 19
61 20
61 21
61 22
61 23
61 24
61 25
61 26
61 27
61 28
61 29
61 30
61 31
61 33
61 34
61 35
61 36
61 37
61 39
61 40
61 41
61 42
61 44
61 45
61 46
61 47
61 48
61 49
61 50
61 51
61 52
61 53
61 54
61 55
61 57
61 58
61 59
61 60
61 63
61 64
61 65
61 66
61 67
61 68
61 69
61 71
61 72
61 73
61 74
61 75
61 76
61 77
61 79
61 80
61 82
61 83
61 85
61 86
61 87
61 89
61 93
61 94
61 95
61 96
61 99
61 100
61 101
61 102
61 103
61 104
61 105
61 106
61 107
61 108
61 109
61 110
61 112
61 113
61 116
61 117
61 118
61 119
61 120
61 121
61 122
61 123
61 124
61 125
61 126
61 127
61 128
61 129
61 130
61 131
62 0
62 1
62 2
62 3
62 4
62 6
62 7
62 8
62 9
62 11
62 12
62 13
62 14
62 15
62 20
62 22
62 29
62 37
62 38
62 39
62 43
62 44
62 46
62 48
62 50
62 52
62 53
62 55
62 57
62 58
62 60
62 63
62 64
62 69
62 71
62 74
62 78
62 82
62 95
62 98
62 100
62 104
62 106
62 108
62 110
63 0
63 1
63 2
63 3
63 4
63 5
63 6
63 8
63 9
63 10
63 11
63 12
63 13
63 14
63 17
63 19
63 20
63 23
63 24
63 27
63 29
63 30
63 32
63 34
63 37
63 38
63 39
63 41
63 43
63 46
63 47
63 48
63 49
63 52
63 53
63 54
63 55
63 56
63 57
63 58
63 59
63 61
63 62
63 64
63 65
63 66
63 69
63 70
63 71
63 74
63 75
63 77
63 78
63 79
63 80
63 85
63 86
63 88
63 94
63 98
63 99
63 100
63 101
63 102
63 103
63 105
63 106
63 107
63 110
63 111
63 113
63 115
63 121
63 122
63 124
63 129
64 0
64 1
64 4
64 6
64 7
64 8
64 9
64 12
64 13
64 14
64 20
64 23
64 24
64 26
64 27
64 31
64 33
64 38
64 40
64 43
64 44
64 45
64 46
64 47
64 48
64 49
64 50
64 52
64 53
64 55
64 56
64 57
64 58
64 61
64 62
64 63
64 65
64 66
64 67
64 69
64 71
64 74
64 76
64 78
64 82
64 86
64 88
64 89
64 97
64 98
64 100
64 103
64 106
64 108
64 119
64 123
64 131
65 0
65 6
65 7
65 8
65 9
65 11
65 13
65 14
65 15
65 16
65 20
65 23
65 24
65 25
65 26
65 27
65 29
65 30
65 32
65 40
65 41
65 43
65 45
65 46
65 47
65 48
65 49
65 50
65 51
65 53
65 54
65 56
65 57
65 58
65 59
65 60
65 61
65 63
65 64
65 66
65 68
65 69
65 70
65 71
65 72
65 73
65 74
65 75
65 76
65 81
65 84
65 85
65 87
65 91
65 94
65 96
65 97
65 99
65 102
65 104
65 106
65 108
65 114
65 115
65 117
65 118
65 119
65 122
65 126
65 127
65 129
65 131
66 0
66 2
66 3
66 4
66 8
66 9
66 10
66 11
66 12
66 13
66 15
66 17
66 18
66 19
66 20
66 23
66 24
66 26
66 28
66 29
66 35
66 38
66 40
66 41
66 43
66 44
66 45
66 46
66 47
66 48
66 49
66 50
66 52
66 53
66 54
66 55
66 56
66 57
66 58
66 60
66 61
66 63
66 64
66 65
66 67
66 69
66 70
66 71
66 72
66 73
66 74
66 75
66 76
66 77
66 78
66 83
66 86
66 88
66 89
66 91
66 97
66 102
66 106
66 111
66 118
66 119
66 120
66 123
66 128
66 131
67 0
67 2
67 4
67 6
67 7
67 8
67 9
67 11
67 12
67 13
67 14
67 15
67 20
67 23
67 24
67 26
67 27
67 29
67 31
67 33
67 39
67 40
67 45
67 46
67 47
67 49
67 52
67 53
67 54
67 55
67 58
67 61
67 64
67 66
67 68
67 70
67 72
67 74
67 75
67 76
67 79
67 99
67 106
67 108
67 131
68 0
68 2
68 3
68 4
68 5
68 6
68 7
68 8
68 9
68 10
68 11
68 12
68 13
68 14
68 15
68 16
68 20
68 26
68 27
68 29
68 30
68 31
68 35
68 38
68 39
68 40
68 42
68 43
68 44
68 45
68 46
68 48
68 49
68 51
68 52
68 53
68 54
68 55
68 56
68 58
68 60
68 61
68 65
68 67
68 69
68 70
68 71
68 72
68 74
68 75
68 78
68 79
68 82
68 86
68 89
68 90
68 97
68 99
68 102
68 103
68 106
68 111
68 119
68 126
68 127
69 0
69 1
69 2
69 3
69 4
69 5
69 6
69 7
69 8
69 9
69 10
69 11
69 12
69 13
69 14
69 15
69 16
69 17
69 18
69 19
69 20
69 21
69 22
69 23
69 24
69 25
69 27
69 28
69 29
69 30
69 31
69 32
69 33
69 34
69 35
69 36
69 37
69 38
69 39
69 40
69 41
69 42
69 43
69 44
69 45
69 46
69 47
69 48
69 49
69 50
69 51
69 52
69 53
69 54
69 55
69 56
69 57
69 58
69 59
69 60
69 61
69 62
69 63
69 64
69 65
69 66
69 68
69 70
69 71
69 72
69 73
69 74
69 75
69 76
69 78
69 79
69 80
69 82
69 84
69 85
69 86
69 87
69 88
69 89
69 90
69 91
69 92
69 93
69 94
69 95
69 96
69 97
69 98
69 99
69 100
69 101
69 102
69 103
69 104
69 105
69 106
69 107
69 108
69 109
69 110
69 112
69 113
69 114
69 115
69 116
69 117
69 118
69 119
69 123
69 125
69 126
69 127
69 129
69 130
69 131
70 0
70 1
70 4
70 5
70 6
70 7
70 8
70 9
70 10
70 11
70 12
70 13
70 14
70 15
70 16
70 18
70 19
70 20
70 21
70 22
70 23
70 24
70 26
70 27
70 28
70 29
70 30
70 32
70 33
70 34
70 38
70 39
70 40
70 41
70 42
70 43
70 44
70 46
70 48
70 49
70 51
70 52
70 53
70 54
70 55
70 56
70 57
70 58
70 59
70 60
70 63
70 65
70 66
70 67
70 68
70 69
70 71
70 72
70 73
70 74
70 75
70 76
70 77
70 78
70 79
70 80
70 81
70 82
70 83
70 84
70 85
70 86
70 87
70 88
70 89
70 90
70 91
70 92
70 93
70 96
70 98
70 99
70 100
70 101
70 103
70 104
70 105
70 107
70 108
70 109
70 110
70 113
70 115
70 116
70 118
70 119
70 120
70 121
70 123
70 124
70 125
70 126
70 127
70 128
70 129
70 130
70 131
71 0
71 1
71 2
71 4
71 6
71 7
71 8
71 9
71 11
71 12
71 13
71 14
71 15
71 16
71 20
71 27
71 29
71 30
71 31
71 38
71 39
71 40
71 43
71 44
71 46
71 47
71 49
71 51
71 52
71 53
71 55
71 57
71 58
71 61
71 62
71 63
71 64
71 65
71 66
71 68
71 69
71 70
71 74
71 75
71 77
71 79
71 82
71 89
71 90
71 98
71 99
71 102
71 107
71 108
71 115
72 0
72 2
72 3
72 4
72 6
72 7
72 8
72 9
72 10
72 11
72 12
72 13
72 15
72 20
72 24
72 26
72 27
72 28
72 30
72 31
72 33
72 34
72 35
72 37
72 39
72 40
72 41
72 44
72 45
72 46
72 49
72 50
72 53
72 55
72 56
72 57
72 58
72 60
72 61
72 65
72 66
72 67
72 68
72 69
72 70
72 73
72 74
72 75
72 77
72 79
72 80
72 90
72 95
72 96
72 97
72 98
72 99
72 106
72 107
72 108
72 110
72 117
72 119
72 120
72 121
72 123
72 127
72 128
73 0
73 1
73 2
73 3
73 4
73 5
73 6
73 7
73 8
73 9
73 11
73 12
73 13
73 14
73 15
73 20
73 21
73 23
73 24
73 25
73 26
73 27
73 30
73 31
73 33
73 34
73 37
73 38
73 41
73 44
73 45
73 46
73 47
73 48
73 50
73 51
73 52
73 53
73 54
73 55
73 56
73 58
73 60
73 61
73 65
73 66
73 69
73 70
73 72
73 74
73 75
73 77
73 80
73 81
73 88
73 89
73 94
73 96
73 98
73 101
73 104
73 108
73 111
73 114
73 115
73 117
73 121
73 122
73 123
73 124
73 126
73 128
74 0
74 1
74 2
74 3
74 4
74 5
74 6
74 7
74 8
74 9
74 10
74 11
74 12
74 13
74 14
74 15
74 16
74 17
74 18
74 20
74 21
74 22
74 23
74 24
74 25
74 26
74 27
74 28
74 30
74 31
74 32
74 33
74 35
74 36
74 37
74 38
74 39
74 40
74 41
74 42
74 43
74 44
74 45
74 46
74 47
74 48
74 51
74 52
74 53
74 54
74 55
74 56
74 57
74 58
74 60
74 61
74 62
74 63
74 64
74 65
74 66
74 67
74 68
74 69
74 70
74 71
74 72
74 73
74 75
74 76
74 78
74 79
74 80
74 81
74 83
74 86
74 87
74 88
74 89
74 91
74 92
74 95
74 96
74 97
74 98
74 99
74 100
74 101
74 103
74 104
74 105
74 106
74 107
74 108
74 110
74 111
74 112
74 113
74 114
74 115
74 116
74 117
74 118
74 119
74 120
74 121
74 122
74 123
74 124
74 126
74 127
74 128
74 130
74 131
75 0
75 1
75 2
75 3
75 4
75 5
75 6
75 7
75 8
75 9
75 10
75 11
75 12
75 13
75 14
75 15
75 16
75 17
75 19
75 20
75 21
75 22
75 23
75 24
75 25
75 26
75 27
75 28
75 30
75 31
75 32
75 33
75 34
75 35
75 37
75 38
75 41
75 42
75 45
75 46
75 47
75 48
75 49
75 50
75 51
75 52
75 53
75 54
75 55
75 58
75 60
75 61
75 63
75 65
75 66
75 67
75 68
75 69
75 70
75 71
75 72
75 73
75 74
75 76
75 79
75 82
75 83
75 84
75 85
75 86
75 87
75 89
75 91
75 92
75 93
75 94
75 95
75 96
75 97
75 99
75 101
75 102
75 103
75 104
75 105
75 106
75 107
75 108
75 110
75 111
75 112
75 113
75 114
75 115
75 116
75 117
75 118
75 119
75 121
75 122
75 123
75 124
75 125
75 126
75 127
75 128
75 129
75 130
75 131
76 0
76 1
76 2
76 3
76 4
76 5
76 6
76 7
76 8
76 9
76 10
76 11
76 12
76 13
76 14
76 15
76 16
76 17
76 18
76 19
76 20
76 21
76 22
76 23
76 26
76 27
76 28
76 29
76 30
76 31
76 32
76 33
76 34
76 36
76 37
76 38
76 39
76 40
76 41
76 42
76 43
76 44
76 45
76 46
76 47
76 48
76 49
76 50
76 52
76 53
76 54
76 55
76 57
76 58
76 59
76 60
76 61
76 64
76 65
76 66
76 67
76 69
76 70
76 74
76 75
76 77
76 78
76 79
76 82
76 83
76 88
76 89
76 91
76 95
76 98
76 99
76 100
76 102
76 104
76 106
76 109
76 110
76 111
76 112
76 116
76 118
76 120
76 126
76 127
76 130
76 131
77 0
77 1
77 2
77 3
77 4
77 5
77 7
77 8
77 9
77 10
77 11
77 12
77 13
77 14
77 15
77 19
77 20
77 22
77 24
77 26
77 31
77 33
77 39
77 40
77 43
77 44
77 45
77 46
77 47
77 48
77 49
77 50
77 52
77 53
77 55
77 56
77 57
77 58
77 60
77 61
77 63
77 66
77 70
77 71
77 72
77 73
77 76
77 79
77 82
77 90
77 102
77 103
77 106
77 108
77 110
77 118
77 119
77 131
78 0
78 1
78 2
78 3
78 4
78 6
78 8
78 9
78 11
78 12
78 13
78 14
78 20
78 23
78 27
78 33
78 37
78 39
78 40
78 43
78 46
78 47
78 48
78 49
78 50
78 55
78 56
78 57
78 58
78 62
78 63
78 64
78 66
78 68
78 69
78 70
78 74
78 76
78 79
78 82
78 86
78 88
78 89
78 99
78 100
78 106
78 115
78 118
78 119
78 131
79 1
79 2
79 3
79 4
79 6
79 7
79 8
79 9
79 10
79 11
79 12
79 13
79 14
79 15
79 16
79 18
79 19
79 20
79 22
79 23
79 26
79 27
79 28
79 29
79 30
79 31
79 33
79 37
79 39
79 40
79 43
79 46
79 47
79 48
79 49
79 52
79 53
79 54
79 55
79 57
79 58
79 60
79 61
79 63
79 67
79 68
79 69
79 70
79 71
79 72
79 74
79 75
79 76
79 77
79 78
79 80
79 81
79 82
79 89
79 95
79 98
79 99
79 102
79 103
79 104
79 106
79 107
79 108
79 110
79 112
79 113
79 115
79 116
79 117
79 121
79 125
79 126
79 127
79 128
79 130
79 131
80 3
80 4
80 5
80 6
80 7
80 8
80 9
80 11
80 12
80 13
80 15
80 16
80 17
80 18
80 21
80 22
80 23
80 24
80 25
80 26
80 28
80 29
80 30
80 32
80 33
80 35
80 36
80 37
80 38
80 40
80 41
80 42
80 45
80 46
80 47
80 48
80 53
80 54
80 55
80 58
80 61
80 63
80 69
80 70
80 72
80 73
80 74
80 79
80 81
80 83
80 84
80 85
80 86
80 87
80 89
80 92
80 93
80 94
80 95
80 96
80 99
80 102
80 104
80 105
80 106
80 108
80 109
80 111
80 113
80 114
80 115
80 116
80 117
80 118
80 119
80 121
80 122
80 123
80 127
80 128
80 129
81 3
81 4
81 5
81 8
81 9
81 11
81 12
81 13
81 15
81 18
81 20
81 21
81 22
81 23
81 24
81 25
81 26
81 30
81 31
81 32
81 34
81 37
81 38
81 40
81 41
81 46
81 47
81 53
81 54
81 55
81 56
81 57
81 65
81 70
81 73
81 74
81 79
81 80
81 83
81 84
81 85
81 89
81 92
81 102
81 108
81 111
81 114
81 115
81 117
81 118
81 122
81 126
81 128
81 129
82 1
82 2
82 3
82 4
82 5
82 6
82 7
82 8
82 9
82 11
82 12
82 13
82 14
82 15
82 16
82 19
82 20
82 22
82 23
82 24
82 25
82 26
82 28
82 29
82 30
82 32
82 33
82 35
82 36
82 37
82 38
82 39
82 40
82 41
82 43
82 44
82 47
82 48
82 49
82 52
82 53
82 54
82 55
82 56
82 57
82 60
82 61
82 62
82 64
82 68
82 69
82 70
82 71
82 75
82 76
82 77
82 78
82 79
82 83
82 85
82 86
82 88
82 89
82 90
82 92
82 93
82 94
82 95
82 96
82 98
82 99
82 101
82 102
82 103
82 104
82 105
82 106
82 107
82 108
82 109
82 110
82 111
82 113
82 114
82 115
82 117
82 118
82 120
82 121
82 122
82 124
82 126
82 127
82 128
82 129
82 130
82 131
83 3
83 4
83 5
83 6
83 7
83 8
83 9
83 10
83 11
83 12
83 13
83 14
83 15
83 16
83 17
83 18
83 19
83 21
83 22
83 23
83 25
83 29
83 32
83 33
83 34
83 35
83 36
83 37
83 38
83 41
83 42
83 44
83 46
83 47
83 52
83 53
83 54
83 55
83 58
83 59
83 61
83 66
83 70
83 74
83 75
83 76
83 80
83 81
83 82
83 84
83 85
83 86
83 87
83 89
83 91
83 92
83 95
83 99
83 102
83 111
83 112
83 114
83 115
83 116
83 117
83 121
83 122
83 124
83 127
83 128
83 129
83 131
84 3
84 4
84 5
84 6
84 7
84 8
84 9
84 10
84 11
84 12
84 13
84 14
84 16
84 18
84 21
84 22
84 23
84 24
84 25
84 26
84 27
84 28
84 29
84 30
84 31
84 32
84 34
84 35
84 36
84 37
84 38
84 41
84 44
84 46
84 47
84 48
84 52
84 53
84 54
84 55
84 58
84 65
84 69
84 70
84 75
84 80
84 81
84 83
84 85
84 87
84 88
84 91
84 92
84 93
84 94
84 96
84 99
84 103
84 105
84 106
84 107
84 108
84 109
84 111
84 113
84 114
84 116
84 117
84 119
84 121
84 122
84 123
84 129
85 4
85 5
85 6
85 7
85 8
85 9
85 11
85 12
85 13
85 14
85 16
85 17
85 18
85 20
85 21
85 22
85 23
85 24
85 25
85 26
85 28
85 30
85 32
85 36
85 37
85 40
85 41
85 45
85 46
85 47
85 48
85 52
85 53
85 55
85 56
85 59
85 61
85 63
85 65
85 69
85 70
85 75
85 80
85 81
85 82
85 83
85 84
85 86
85 87
85 89
85 92
85 93
85 94
85 95
85 99
85 101
85 103
85 105
85 106
85 107
85 108
85 109
85 112
85 114
85 117
85 119
85 121
85 122
85 125
85 128
85 129
86 1
86 2
86 3
86 4
86 5
86 8
86 9
86 10
86 11
86 12
86 13
86 18
86 20
86 21
86 23
86 24
86 25
86 33
86 35
86 36
86 37
86 39
86 41
86 43
86 46
86 48
86 50
86 52
86 54
86 55
86 56
86 57
86 59
86 61
86 63
86 64
86 66
86 68
86 69
86 70
86 74
86 75
86 78
86 80
86 82
86 83
86 85
86 87
86 88
86 89
86 92
86 93
86 94
86 96
86 98
86 99
86 100
86 101
86 103
86 105
86 107
86 108
86 113
86 114
86 122
86 126
86 128
86 129
87 1
87 3
87 4
87 5
87 6
87 7
87 9
87 11
87 12
87 13
87 18
87 19
87 22
87 23
87 24
87 26
87 30
87 31
87 32
87 33
87 34
87 35
87 36
87 37
87 38
87 40
87 41
87 44
87 46
87 47
87 48
87 53
87 54
87 55
87 58
87 59
87 61
87 65
87 69
87 70
87 74
87 75
87 80
87 83
87 84
87 85
87 86
87 89
87 91
87 92
87 93
87 94
87 95
87 96
87 98
87 99
87 101
87 102
87 103
87 104
87 106
87 107
87 108
87 111
87 112
87 113
87 114
87 116
87 117
87 118
87 119
87 122
87 123
87 126
87 127
87 128
87 129
87 130
88 1
88 2
88 3
88 4
88 7
88 8
88 9
88 10
88 11
88 12
88 13
88 14
88 20
88 23
88 28
88 30
88 32
88 33
88 37
88 38
88 39
88 40
88 46
88 47
88 48
88 50
88 51
88 53
88 55
88 56
88 57
88 58
88 60
88 63
88 64
88 66
88 69
88 70
88 73
88 74
88 76
88 78
88 82
88 84
88 86
88 95
88 98
88 99
88 100
88 101
88 102
88 106
88 107
88 108
88 110
88 111
88 115
88 118
88 119
88 121
88 127
88 128
88 130
88 131
89 3
89 4
89 5
89 7
89 8
89 9
89 11
89 12
89 13
89 14
89 15
89 16
89 18
89 20
89 21
89 22
89 23
89 24
89 26
89 27
89 28
89 30
89 31
89 37
89 39
89 42
89 43
89 46
89 47
89 48
89 49
89 50
89 51
89 52
89 53
89 55
89 57
89 59
89 60
89 61
89 64
89 66
89 68
89 69
89 70
89 71
89 73
89 74
89 75
89 76
89 78
89 79
89 80
89 81
89 82
89 83
89 85
89 86
89 87
89 90
89 91
89 95
89 96
89 97
89 99
89 100
89 101
89 103
89 104
89 106
89 108
89 110
89 112
89 114
89 119
89 122
89 124
89 127
89 128
89 129
89 131
90 1
90 2
90 3
90 6
90 7
90 8
90 9
90 11
90 12
90 13
90 15
90 20
90 24
90 26
90 27
90 29
90 33
90 39
90 40
90 43
90 46
90 49
90 50
90 52
90 53
90 55
90 57
90 60
90 68
90 69
90 70
90 71
90 72
90 77
90 82
90 89
90 97
90 98
90 106
90 110
90 118
90 119
91 1
91 3
91 6
91 7
91 8
91 9
91 11
91 12
91 13
91 15
91 18
91 21
91 22
91 23
91 24
91 26
91 32
91 33
91 34
91 35
91 37
91 40
91 44
91 47
91 48
91 52
91 53
91 54
91 65
91 66
91 69
91 70
91 74
91 75
91 76
91 83
91 84
91 87
91 89
91 95
91 99
91 102
91 104
91 108
91 114
91 116
91 117
91 123
91 130
91 131
92 3
92 4
92 8
92 9
92 11
92 12
92 13
92 18
92 20
92 21
92 28
92 30
92 37
92 46
92 47
92 52
92 53
92 54
92 55
92 69
92 70
92 74
92 75
92 80
92 81
92 82
92 83
92 84
92 85
92 86
92 87
92 99
92 108
92 114
92 116
92 117
92 122
92 128
92 129
93 5
93 9
93 12
93 16
93 17
93 18
93 21
93 23
93 25
93 30
93 31
93 33
93 34
93 37
93 38
93 40
93 41
93 46
93 47
93 53
93 54
93 55
93 59
93 61
93 69
93 70
93 75
93 80
93 82
93 84
93 85
93 86
93 87
93 94
93 95
93 99
93 101
93 103
93 104
93 105
93 106
93 107
93 108
93 111
93 113
93 116
93 117
93 119
93 123
93 129
94 2
94 4
94 5
94 8
94 9
94 11
94 13
94 19
94 20
94 21
94 23
94 24
94 25
94 31
94 37
94 38
94 45
94 46
94 50
94 52
94 53
94 54
94 55
94 58
94 60
94 61
94 63
94 65
94 69
94 73
94 75
94 80
94 82
94 84
94 85
94 86
94 87
94 93
94 95
94 98
94 99
94 105
94 106
94 108
94 110
94 111
94 113
94 117
94 119
94 121
94 123
94 128
94 129
95 1
95 2
95 4
95 5
95 6
95 7
95 8
95 9
95 11
95 12
95 13
95 14
95 15
95 16
95 17
95 20
95 23
95 24
95 25
95 26
95 30
95 31
95 32
95 33
95 34
95 35
95 36
95 37
95 38
95 40
95 42
95 44
95 45
95 46
95 47
95 48
95 50
95 52
95 53
95 54
95 55
95 56
95 58
95 61
95 62
95 69
95 72
95 74
95 75
95 76
95 79
95 80
95 82
95 83
95 85
95 87
95 88
95 89
95 91
95 93
95 94
95 99
95 102
95 103
95 104
95 106
95 107
95 108
95 110
95 111
95 113
95 114
95 116
95 118
95 120
95 121
95 124
95 125
95 126
95 127
95 128
95 129
95 131
96 3
96 5
96 6
96 8
96 9
96 11
96 12
96 13
96 15
96 19
96 20
96 23
96 24
96 26
96 28
96 29
96 30
96 32
96 34
96 35
96 37
96 38
96 45
96 46
96 47
96 48
96 50
96 51
96 53
96 55
96 58
96 60
96 61
96 65
96 69
96 70
96 72
96 73
96 74
96 75
96 80
96 82
96 84
96 86
96 87
96 89
96 99
96 102
96 103
96 104
96 106
96 107
96 108
96 111
96 113
96 114
96 115
96 116
96 117
96 121
96 126
96 128
97 2
97 4
97 5
97 6
97 7
97 9
97 13
97 15
97 20
97 24
97 26
97 29
97 31
97 33
97 39
97 40
97 44
97 45
97 46
97 48
97 49
97 50
97 52
97 53
97 55
97 56
97 57
97 60
97 64
97 65
97 66
97 68
97 69
97 72
97 74
97 75
97 89
97 90
97 98
97 99
97 103
97 104
97 106
97 108
97 110
97 118
97 119
98 1
98 2
98 3
98 7
98 8
98 9
98 12
98 13
98 16
98 19
98 20
98 21
98 23
98 24
98 25
98 31
98 37
98 39
98 40
98 41
98 43
98 45
98 46
98 47
98 48
98 49
98 50
98 52
98 53
98 54
98 55
98 56
98 57
98 60
98 62
98 63
98 64
98 69
98 70
98 71
98 72
98 73
98 74
98 76
98 79
98 82
98 86
98 87
98 88
98 90
98 94
98 97
98 99
98 100
98 106
98 110
98 117
98 119
98 123
98 128
98 131
99 1
99 2
99 3
99 4
99 5
99 6
99 7
99 8
99 9
99 11
99 12
99 13
99 14
99 16
99 17
99 18
99 19
99 20
99 21
99 22
99 23
99 24
99 25
99 26
99 27
99 28
99 29
99 30
99 32
99 33
99 34
99 35
99 36
99 37
99 38
99 39
99 40
99 41
99 42
99 43
99 45
99 46
99 47
99 48
99 53
99 54
99 55
99 56
99 57
99 58
99 59
99 60
99 61
99 63
99 65
99 67
99 68
99 69
99 70
99 71
99 72
99 74
99 75
99 76
99 78
99 79
99 80
99 82
99 83
99 84
99 85
99 86
99 87
99 88
99 89
99 91
99 92
99 93
99 94
99 95
99 96
99 97
99 98
99 102
99 103
99 104
99 106
99 108
99 109
99 111
99 113
99 114
99 116
99 117
99 119
99 121
99 122
99 124
99 125
99 126
99 127
99 128
99 129
99 130
99 131
100 1
100 2
100 3
100 4
100 5
100 6
100 7
100 8
100 9
100 10
100 11
100 12
100 13
100 15
100 20
100 24
100 28
100 31
100 37
100 41
100 43
100 44
100 46
100 47
100 48
100 50
100 54
100 55
100 56
100 57
100 58
100 61
100 62
100 63
100 64
100 69
100 70
100 74
100 76
100 78
100 86
100 88
100 89
100 98
100 104
100 106
100 108
100 119
100 127
100 131
101 1
101 2
101 4
101 5
101 8
101 9
101 11
101 13
101 17
101 20
101 22
101 23
101 25
101 37
101 38
101 41
101 43
101 46
101 47
101 48
101 49
101 53
101 54
101 55
101 60
101 61
101 63
101 69
101 70
101 73
101 74
101 75
101 82
101 85
101 86
101 87
101 88
101 89
101 93
101 102
101 104
101 105
101 106
101 107
101 108
101 111
101 114
101 119
101 126
101 128
101 129
102 1
102 2
102 5
102 6
102 8
102 9
102 11
102 12
102 13
102 14
102 15
102 16
102 20
102 22
102 23
102 24
102 25
102 26
102 30
102 31
102 35
102 37
102 38
102 41
102 46
102 47
102 48
102 53
102 55
102 57
102 60
102 61
102 63
102 65
102 66
102 68
102 69
102 71
102 75
102 76
102 77
102 79
102 80
102 81
102 82
102 83
102 87
102 88
102 91
102 95
102 96
102 99
102 101
102 104
102 106
102 107
102 108
102 110
102 111
102 113
102 115
102 117
102 119
102 121
102 122
102 123
102 124
102 125
102 128
102 130
102 131
103 1
103 3
103 4
103 5
103 6
103 7
103 8
103 9
103 10
103 11
103 12
103 13
103 14
103 15
103 16
103 17
103 19
103 23
103 24
103 27
103 30
103 31
103 32
103 33
103 34
103 35
103 37
103 38
103 39
103 41
103 45
103 46
103 47
103 48
103 49
103 51
103 53
103 54
103 55
103 56
103 58
103 59
103 60
103 61
103 63
103 64
103 68
103 69
103 70
103 74
103 75
103 77
103 79
103 82
103 84
103 85
103 86
103 87
103 89
103 93
103 95
103 96
103 97
103 99
103 104
103 105
103 106
103 107
103 108
103 111
103 112
103 113
103 114
103 118
103 119
103 120
103 122
103 123
103 124
103 125
103 126
103 129
103 130
104 4
104 5
104 6
104 7
104 8
104 9
104 11
104 12
104 13
104 14
104 15
104 16
104 19
104 20
104 22
104 23
104 24
104 25
104 29
104 30
104 31
104 33
104 34
104 35
104 37
104 38
104 40
104 41
104 42
104 44
104 46
104 47
104 48
104 50
104 53
104 54
104 55
104 56
104 58
104 59
104 61
104 62
104 65
104 69
104 70
104 73
104 74
104 75
104 76
104 79
104 80
104 82
104 87
104 89
104 91
104 93
104 95
104 96
104 97
104 99
104 100
104 101
104 102
104 103
104 107
104 108
104 110
104 112
104 114
104 118
104 119
104 120
104 121
104 126
104 127
104 128
104 131
105 5
105 9
105 11
105 12
105 13
105 17
105 20
105 21
105 23
105 24
105 25
105 28
105 31
105 35
105 37
105 41
105 45
105 46
105 47
105 52
105 53
105 55
105 61
105 63
105 69
105 70
105 74
105 75
105 80
105 82
105 84
105 85
105 86
105 93
105 94
105 101
105 103
105 106
105 108
105 114
105 117
105 119
105 121
105 122
105 129
106 1
106 2
106 3
106 4
106 5
106 6
106 7
106 8
106 9
106 10
106 11
106 12
106 13
106 14
106 15
106 16
106 17
106 18
106 19
106 20
106 22
106 23
106 24
106 25
106 26
106 27
106 28
106 29
106 30
106 31
106 32
106 33
106 34
106 35
106 37
106 38
106 40
106 44
106 45
106 46
106 47
106 48
106 49
106 50
106 51
106 52
106 53
106 55
106 57
106 58
106 59
106 60
106 61
106 62
106 63
106 64
106 65
106 66
106 67
106 68
106 69
106 72
106 74
106 75
106 76
106 77
106 78
106 79
106 80
106 82
106 84
106 85
106 87
106 88
106 89
106 90
106 93
106 94
106 95
106 96
106 97
106 98
106 99
106 100
106 101
106 102
106 103
106 105
106 107
106 108
106 109
106 110
106 111
106 112
106 113
106 114
106 115
106 116
106 117
106 119
106 123
106 125
106 128
106 129
106 131
107 1
107 5
107 7
107 8
107 9
107 11
107 12
107 13
107 14
107 16
107 18
107 20
107 23
107 24
107 25
107 28
107 30
107 31
107 32
107 33
107 35
107 37
107 38
107 40
107 41
107 43
107 46
107 47
107 48
107 52
107 53
107 55
107 56
107 58
107 59
107 60
107 61
107 63
107 69
107 70
107 71
107 72
107 74
107 75
107 79
107 82
107 84
107 85
107 86
107 87
107 88
107 93
107 95
107 96
107 101
107 102
107 103
107 104
107 106
107 108
107 109
107 111
107 113
107 117
107 122
107 123
107 124
107 126
107 127
107 128
107 129
107 130
108 1
108 2
108 3
108 4
108 5
108 6
108 7
108 8
108 9
108 10
108 11
108 12
108 13
108 14
108 15
108 16
108 17
108 19
108 20
108 22
108 24
108 25
108 26
108 27
108 28
108 29
108 30
108 31
108 32
108 33
108 34
108 35
108 36
108 37
108 38
108 39
108 40
108 41
108 44
108 45
108 46
108 47
108 48
108 49
108 50
108 51
108 52
108 53
108 54
108 55
108 58
108 59
108 60
108 61
108 62
108 64
108 65
108 67
108 69
108 70
108 71
108 72
108 73
108 74
108 75
108 77
108 79
108 80
108 81
108 82
108 84
108 85
108 86
108 87
108 88
108 89
108 91
108 92
108 93
108 94
108 95
108 96
108 97
108 99
108 100
108 101
108 102
108 103
108 104
108 105
108 106
108 107
108 109
108 112
108 113
108 115
108 116
108 117
108 118
108 119
108 120
108 121
108 125
108 126
108 127
108 128
108 129
108 130
109 4
109 7
109 9
109 11
109 12
109 13
109 14
109 16
109 17
109 18
109 19
109 21
109 23
109 24
109 29
109 30
109 33
109 34
109 37
109 40
109 46
109 47
109 48
109 52
109 53
109 54
109 55
109 61
109 69
109 70
109 76
109 80
109 82
109 84
109 85
109 99
109 106
109 107
109 108
109 110
109 113
109 114
109 116
109 121
109 123
109 129
109 130
109 131
110 1
110 2
110 3
110 4
110 5
110 6
110 7
110 8
110 9
110 11
110 12
110 13
110 15
110 17
110 19
110 20
110 24
110 25
110 27
110 28
110 29
110 30
110 31
110 33
110 34
110 35
110 37
110 39
110 41
110 43
110 46
110 47
110 48
110 50
110 52
110 53
110 54
110 55
110 56
110 57
110 58
110 61
110 62
110 63
110 69
110 70
110 72
110 74
110 75
110 76
110 77
110 79
110 82
110 88
110 89
110 90
110 94
110 95
110 97
110 98
110 102
110 104
110 106
110 109
110 112
110 116
110 118
110 119
110 120
110 121
110 126
110 130
110 131
111 1
111 3
111 4
111 5
111 6
111 7
111 8
111 9
111 11
111 12
111 13
111 14
111 15
111 18
111 20
111 21
111 22
111 23
111 25
111 28
111 30
111 31
111 32
111 34
111 36
111 37
111 38
111 41
111 45
111 47
111 48
111 52
111 53
111 54
111 56
111 63
111 66
111 68
111 73
111 74
111 75
111 76
111 80
111 81
111 82
111 83
111 84
111 87
111 88
111 93
111 94
111 95
111 96
111 99
111 101
111 102
111 103
111 106
111 107
111 113
111 114
111 118
111 121
111 122
111 124
111 128
111 131
112 3
112 4
112 9
112 11
112 12
112 16
112 20
112 23
112 25
112 30
112 34
112 35
112 37
112 38
112 40
112 41
112 46
112 47
112 52
112 53
112 55
112 61
112 69
112 74
112 75
112 76
112 79
112 83
112 85
112 87
112 89
112 103
112 104
112 106
112 108
112 110
112 114
112 116
112 117
112 119
112 121
112 126
112 129
112 131
113 4
113 5
113 6
113 8
113 9
113 11
113 12
113 13
113 16
113 18
113 21
113 22
113 24
113 25
113 26
113 28
113 30
113 33
113 35
113 37
113 38
113 40
113 41
113 46
113 47
113 53
113 61
113 63
113 69
113 70
113 74
113 75
113 79
113 80
113 82
113 84
113 86
113 87
113 93
113 94
113 95
113 96
113 99
113 102
113 103
113 106
113 107
113 108
113 109
113 111
113 114
113 116
113 117
113 119
113 121
113 122
113 126
113 128
114 3
114 4
114 5
114 6
114 8
114 9
114 11
114 12
114 13
114 14
114 15
114 16
114 17
114 18
114 20
114 23
114 24
114 30
114 32
114 33
114 34
114 35
114 36
114 37
114 38
114 41
114 44
114 46
114 47
114 48
114 50
114 53
114 54
114 55
114 65
114 69
114 73
114 74
114 75
114 80
114 81
114 82
114 83
114 84
114 85
114 86
114 87
114 89
114 91
114 92
114 95
114 96
114 99
114 101
114 103
114 104
114 105
114 106
114 109
114 111
114 112
114 113
114 115
114 116
114 117
114 122
114 127
114 128
114 129
114 130
115 1
115 2
115 3
115 4
115 5
115 6
115 8
115 9
115 11
115 12
115 13
115 14
115 15
115 20
115 22
115 23
115 24
115 25
115 26
115 27
115 30
115 34
115 35
115 37
115 38
115 40
115 41
115 43
115 46
115 47
115 48
115 51
115 52
115 53
115 55
115 58
115 60
115 63
115 65
115 69
115 70
115 71
115 73
115 74
115 75
115 78
115 79
115 80
115 81
115 82
115 83
115 88
115 96
115 102
115 106
115 108
115 114
115 118
115 127
116 3
116 4
116 5
116 6
116 7
116 8
116 9
116 10
116 11
116 12
116 13
116 14
116 15
116 18
116 21
116 23
116 24
116 25
116 28
116 30
116 31
116 32
116 34
116 35
116 37
116 41
116 42
116 46
116 47
116 50
116 52
116 53
116 54
116 58
116 61
116 69
116 70
116 74
116 75
116 76
116 79
116 80
116 83
116 84
116 87
116 91
116 92
116 93
116 95
116 96
116 99
116 106
116 108
116 109
116 110
116 112
116 113
116 114
116 117
116 119
116 121
116 122
116 123
116 131
117 1
117 4
117 6
117 9
117 11
117 12
117 15
117 16
117 17
117 18
117 20
117 21
117 23
117 24
117 26
117 27
117 28
117 30
117 31
117 33
117 34
117 37
117 40
117 41
117 46
117 47
117 48
117 49
117 50
117 52
117 53
117 54
117 55
117 56
117 59
117 61
117 65
117 69
117 72
117 73
117 74
117 75
117 79
117 80
117 81
117 82
117 83
117 84
117 85
117 87
117 91
117 92
117 93
117 94
117 96
117 98
117 99
117 102
117 105
117 106
117 107
117 108
117 112
117 113
117 114
117 116
117 119
117 121
117 122
117 123
117 126
117 129
118 1
118 2
118 3
118 4
118 5
118 6
118 7
118 8
118 9
118 11
118 12
118 13
118 15
118 20
118 23
118 24
118 26
118 27
118 30
118 32
118 33
118 37
118 38
118 40
118 41
118 43
118 45
118 46
118 47
118 48
118 49
118 51
118 52
118 53
118 55
118 56
118 57
118 58
118 60
118 61
118 65
118 66
118 69
118 70
118 74
118 75
118 76
118 77
118 78
118 80
118 81
118 82
118 87
118 88
118 90
118 95
118 97
118 103
118 104
118 108
118 110
118 111
118 115
118 119
118 120
118 121
118 122
118 123
118 126
118 127
118 128
118 130
118 131
119 1
119 2
119 3
119 4
119 5
119 6
119 7
119 8
119 9
119 11
119 12
119 13
119 15
119 16
119 17
119 18
119 19
119 20
119 21
119 22
119 24
119 25
119 26
119 27
119 28
119 29
119 30
119 31
119 32
119 33
119 34
119 35
119 36
119 37
119 38
119 39
119 40
119 41
119 43
119 44
119 45
119 47
119 48
119 49
119 50
119 52
119 53
119 54
119 55
119 56
119 58
119 59
119 61
119 64
119 65
119 66
119 68
119 69
119 70
119 72
119 74
119 75
119 77
119 78
119 80
119 84
119 85
119 87
119 88
119 89
119 90
119 93
119 94
119 97
119 98
119 99
119 100
119 101
119 102
119 103
119 104
119 105
119 106
119 108
119 110
119 112
119 113
119 116
119 117
119 118
119 120
119 122
119 123
119 126
119 129
120 2
120 4
120 5
120 6
120 7
120 8
120 9
120 11
120 12
120 13
120 15
120 20
120 24
120 38
120 39
120 41
120 44
120 45
120 46
120 47
120 49
120 52
120 53
120 55
120 60
120 61
120 66
120 70
120 72
120 74
120 76
120 82
120 95
120 103
120 104
120 108
120 110
120 118
120 119
120 131
121 2
121 4
121 5
121 6
121 7
121 8
121 9
121 10
121 11
121 12
121 13
121 14
121 15
121 16
121 17
121 18
121 19
121 20
121 21
121 22
121 23
121 24
121 25
121 26
121 28
121 29
121 30
121 31
121 32
121 33
121 34
121 35
121 36
121 37
121 38
121 40
121 41
121 42
121 45
121 46
121 47
121 48
121 50
121 52
121 53
121 54
121 55
121 58
121 61
121 63
121 70
121 72
121 73
121 74
121 75
121 79
121 80
121 82
121 83
121 84
121 85
121 88
121 94
121 95
121 96
121 99
121 102
121 104
121 105
121 108
121 109
121 110
121 111
121 112
121 113
121 116
121 117
121 118
121 124
121 125
121 129
122 3
122 4
122 6
122 8
122 9
122 11
122 12
122 13
122 16
122 17
122 18
122 20
122 21
122 22
122 23
122 24
122 25
122 26
122 28
122 30
122 32
122 33
122 34
122 35
122 36
122 37
122 38
122 40
122 41
122 46
122 47
122 48
122 55
122 56
122 58
122 59
122 61
122 63
122 65
122 73
122 74
122 75
122 80
122 81
122 82
122 83
122 84
122 85
122 86
122 87
122 89
122 92
122 99
122 102
122 103
122 105
122 107
122 111
122 113
122 114
122 116
122 117
122 118
122 119
122 124
122 129
123 1
123 4
123 5
123 6
123 7
123 8
123 9
123 11
123 12
123 13
123 16
123 19
123 20
123 21
123 24
123 25
123 28
123 29
123 31
123 32
123 33
123 40
123 41
123 46
123 47
123 48
123 52
123 53
123 54
123 55
123 56
123 58
123 61
123 64
123 66
123 69
123 70
123 72
123 73
123 74
123 75
123 80
123 84
123 87
123 91
123 93
123 94
123 98
123 102
123 103
123 106
123 107
123 109
123 116
123 117
123 118
123 119
123 126
123 130
124 3
124 4
124 5
124 7
124 8
124 11
124 12
124 13
124 14
124 16
124 19
124 21
124 22
124 23
124 30
124 32
124 34
124 37
124 38
124 41
124 46
124 47
124 48
124 52
124 53
124 54
124 55
124 58
124 61
124 63
124 70
124 73
124 74
124 75
124 82
124 83
124 89
124 95
124 99
124 102
124 103
124 107
124 111
124 121
124 122
124 128
125 1
125 2
125 4
125 5
125 8
125 9
125 11
125 12
125 13
125 14
125 15
125 20
125 22
125 25
125 28
125 33
125 35
125 37
125 40
125 41
125 46
125 47
125 48
125 53
125 54
125 58
125 61
125 69
125 70
125 75
125 79
125 85
125 95
125 99
125 102
125 103
125 106
125 108
125 121
125 129
126 4
126 5
126 8
126 9
126 10
126 11
126 12
126 13
126 15
126 19
126 20
126 23
126 24
126 30
126 34
126 35
126 37
126 38
126 40
126 41
126 44
126 46
126 47
126 51
126 53
126 55
126 57
126 60
126 61
126 65
126 68
126 69
126 70
126 73
126 74
126 75
126 76
126 79
126 81
126 82
126 86
126 87
126 95
126 96
126 99
126 101
126 103
126 104
126 107
126 108
126 110
126 112
126 113
126 117
126 118
126 119
126 123
126 127
126 128
126 130
126 131
127 1
127 5
127 6
127 7
127 8
127 9
127 11
127 12
127 13
127 14
127 16
127 19
127 22
127 25
127 28
127 29
127 30
127 31
127 32
127 33
127 34
127 35
127 38
127 41
127 44
127 46
127 47
127 48
127 50
127 52
127 53
127 54
127 58
127 61
127 65
127 68
127 69
127 70
127 72
127 74
127 75
127 76
127 79
127 80
127 82
127 83
127 87
127 88
127 89
127 95
127 99
127 100
127 104
127 107
127 108
127 114
127 115
127 118
127 126
127 128
127 131
128 3
128 4
128 5
128 7
128 8
128 9
128 10
128 11
128 12
128 13
128 14
128 15
128 16
128 17
128 18
128 19
128 20
128 22
128 23
128 25
128 29
128 32
128 33
128 37
128 40
128 41
128 45
128 46
128 47
128 48
128 50
128 52
128 53
128 54
128 55
128 58
128 59
128 61
128 66
128 70
128 72
128 73
128 74
128 75
128 79
128 80
128 81
128 82
128 83
128 85
128 86
128 87
128 88
128 89
128 92
128 94
128 95
128 96
128 98
128 99
128 101
128 102
128 104
128 106
128 107
128 108
128 111
128 113
128 114
128 118
128 124
128 126
128 127
128 129
129 4
129 5
129 6
129 7
129 8
129 9
129 11
129 12
129 13
129 14
129 16
129 17
129 18
129 20
129 21
129 22
129 23
129 24
129 25
129 26
129 28
129 30
129 32
129 36
129 37
129 40
129 41
129 45
129 46
129 47
129 48
129 52
129 53
129 55
129 56
129 59
129 61
129 63
129 65
129 69
129 70
129 75
129 80
129 81
129 82
129 83
129 84
129 85
129 86
129 87
129 89
129 92
129 93
129 94
129 95
129 99
129 101
129 103
129 105
129 106
129 107
129 108
129 109
129 112
129 114
129 117
129 119
129 121
129 122
129 125
129 128
130 1
130 4
130 5
130 7
130 8
130 9
130 11
130 12
130 13
130 14
130 15
130 22
130 24
130 32
130 33
130 34
130 35
130 39
130 40
130 41
130 46
130 47
130 48
130 52
130 53
130 54
130 60
130 61
130 69
130 70
130 74
130 75
130 76
130 79
130 82
130 87
130 88
130 91
130 99
130 102
130 103
130 107
130 108
130 109
130 110
130 114
130 118
130 123
130 126
130 131
131 0
131 1
131 2
131 3
131 4
131 5
131 6
131 7
131 8
131 9
131 10
131 11
131 12
131 13
131 14
131 15
131 16
131 17
131 18
131 19
131 20
131 21
131 22
131 23
131 26
131 27
131 28
131 29
131 30
131 31
131 32
131 33
131 34
131 36
131 37
131 38
131 39
131 40
131 41
131 42
131 43
131 44
131 45
131 46
131 47
131 48
131 49
131 50
131 52
131 53
131 54
131 55
131 57
131 58
131 59
131 60
131 61
131 64
131 65
131 66
131 67
131 69
131 70
131 74
131 75
131 76
131 77
131 78
131 79
131 82
131 83
131 88
131 89
131 91
131 95
131 98
131 99
131 100
131 102
131 104
131 106
131 109
131 110
131 111
131 112
131 116
131 118
131 120
131 126
131 127
131 130

11
66
67
69
70
71
72
75
76
79
83
87
88
92
101
103
159
197
258
599
657
662
806
811
813
830
832
846
847
860
862
876
922
929
933
938
940
973
980
989
997
998
1000
1018
1032
1034
1035
1042
1055
1056
1063
1068
1070
1087
1088
1111
1120
1130
1136
1143
1144
1146
1148
1150
1153
1159
1161
1162
1176
1177
1183
1192
1198
1199
1203
1213
1223
1224
1234
1287
1324
1346
1350
1353
1392
1536
1877
2061
2115
2172
2200
2451
2503
2505
2511
2515
2522
2523
2528
2541
2542
2549
2555
2562
2563
2570
2571
2573
2577
2583
2587
2591
2592
2593
2930
3160
3594
3894
4367
4386
4388
4396
4956
6638
6829
6945
7888
7964
8781
8906
9977
27498
