152 9266 21
0 5
0 7
0 11
0 16
0 18
0 19
0 20
0 21
0 22
0 24
0 27
0 28
0 32
0 35
0 36
0 37
0 39
0 45
0 48
0 50
0 52
0 55
0 57
0 59
0 61
0 63
0 65
0 67
0 71
0 74
0 78
0 79
0 84
0 85
0 86
0 87
0 88
0 91
0 92
0 94
0 95
0 96
0 97
0 99
0 100
0 102
0 103
0 104
0 106
0 107
0 108
0 110
0 111
0 112
0 113
0 114
0 115
0 116
0 117
0 118
0 119
0 121
0 124
0 126
0 127
0 130
0 131
0 132
0 133
0 134
0 135
0 136
0 137
0 139
0 142
0 144
0 145
0 147
0 148
0 149
0 151
1 2
1 3
1 6
1 11
1 13
1 17
1 18
1 21
1 27
1 28
1 30
1 32
1 33
1 35
1 36
1 37
1 38
1 39
1 47
1 48
1 49
1 50
1 51
1 52
1 54
1 56
1 57
1 59
1 61
1 62
1 63
1 64
1 65
1 66
1 67
1 68
1 69
1 73
1 75
1 76
1 80
1 86
1 87
1 88
1 92
1 94
1 95
1 97
1 99
1 100
1 102
1 104
1 105
1 106
1 107
1 108
1 109
1 110
1 111
1 113
1 114
1 115
1 118
1 120
1 121
1 124
1 125
1 127
1 128
1 129
1 130
1 132
1 133
1 136
1 139
1 142
1 143
1 146
1 148
1 150
1 151
2 1
2 8
2 10
2 13
2 14
2 16
2 17
2 18
2 19
2 21
2 26
2 32
2 33
2 35
2 36
2 40
2 41
2 42
2 44
2 51
2 52
2 55
2 56
2 57
2 62
2 64
2 65
2 67
2 68
2 71
2 72
2 73
2 76
2 77
2 81
2 85
2 86
2 93
2 104
2 105
2 122
3 1
3 8
3 9
3 11
3 13
3 14
3 16
3 17
3 18
3 21
3 26
3 28
3 31
3 41
3 42
3 44
3 50
3 51
3 52
3 56
3 57
3 60
3 64
3 65
3 66
3 68
3 71
3 72
3 73
3 77
3 81
3 83
3 89
3 91
3 93
3 97
3 105
3 111
3 114
4 5
4 6
4 7
4 16
4 18
4 20
4 21
4 25
4 26
4 27
4 31
4 32
4 35
4 36
4 43
4 45
4 46
4 49
4 50
4 55
4 57
4 58
4 63
4 64
4 65
4 66
4 73
4 74
4 78
4 79
4 84
4 85
4 86
4 87
4 88
4 94
4 96
4 99
4 100
4 101
4 102
4 104
4 106
4 109
4 110
4 111
4 112
4 113
4 114
4 115
4 116
4 119
4 120
4 124
4 126
4 127
4 130
4 135
4 136
4 138
4 139
4 141
4 143
4 144
4 145
4 146
4 147
4 148
4 150
4 151
5 0
5 4
5 7
5 8
5 9
5 11
5 13
5 14
5 16
5 17
5 18
5 20
5 21
5 28
5 32
5 35
5 38
5 44
5 45
5 49
5 50
5 57
5 58
5 63
5 64
5 65
5 66
5 81
5 86
5 99
5 101
5 102
5 107
5 109
5 115
6 1
6 4
6 8
6 11
6 12
6 14
6 15
6 16
6 17
6 20
6 21
6 25
6 30
6 31
6 32
6 35
6 36
6 39
6 41
6 42
6 48
6 51
6 52
6 57
6 60
6 64
6 65
6 68
6 69
6 72
6 73
6 74
6 85
6 90
6 96
6 97
6 98
6 100
6 112
6 116
6 117
6 118
6 119
6 120
6 127
6 131
6 133
6 137
6 138
6 140
6 141
6 143
6 145
6 146
6 148
6 150
7 0
7 4
7 5
7 8
7 9
7 10
7 13
7 14
7 15
7 16
7 17
7 18
7 19
7 20
7 21
7 22
7 25
7 28
7 30
7 35
7 44
7 47
7 48
7 51
7 52
7 57
7 59
7 64
7 66
7 68
7 71
7 72
7 74
7 81
7 84
7 85
7 87
7 89
7 93
7 97
7 98
7 99
7 111
7 112
7 115
7 117
7 119
7 125
7 130
7 131
7 137
7 138
7 143
7 145
8 2
8 3
8 5
8 6
8 7
8 11
8 13
8 17
8 19
8 22
8 24
8 25
8 26
8 27
8 28
8 29
8 30
8 31
8 32
8 33
8 34
8 35
8 36
8 37
8 38
8 39
8 40
8 41
8 43
8 45
8 46
8 47
8 48
8 49
8 51
8 52
8 53
8 54
8 55
8 56
8 57
8 58
8 60
8 61
8 62
8 63
8 65
8 66
8 68
8 69
8 70
8 73
8 74
8 75
8 76
8 77
8 80
8 81
8 82
8 84
8 85
8 86
8 87
8 88
8 90
8 91
8 93
8 94
8 99
8 101
8 102
8 103
8 104
8 105
8 106
8 109
8 110
8 111
8 112
8 115
8 116
8 117
8 118
8 119
8 120
8 122
8 124
8 125
8 126
8 128
8 129
8 130
8 131
8 132
8 133
8 137
8 138
8 139
8 140
8 141
8 143
8 144
8 145
8 146
8 147
8 148
8 149
8 150
8 151
9 3
9 5
9 7
9 13
9 16
9 17
9 18
9 21
9 25
9 28
9 30
9 31
9 32
9 35
9 38
9 39
9 40
9 41
9 42
9 45
9 48
9 49
9 50
9 55
9 57
9 58
9 60
9 63
9 64
9 65
9 66
9 68
9 73
9 79
9 80
9 84
9 86
9 88
9 101
9 102
9 110
9 111
9 114
9 115
9 127
9 130
9 131
9 134
9 151
10 2
10 7
10 11
10 13
10 17
10 18
10 19
10 20
10 21
10 22
10 27
10 28
10 33
10 37
10 40
10 41
10 42
10 43
10 45
10 47
10 50
10 52
10 53
10 56
10 57
10 65
10 66
10 68
10 70
10 73
10 78
10 80
10 81
10 84
10 85
10 88
10 91
10 95
10 96
10 99
10 105
10 106
10 107
10 109
10 111
10 112
10 113
10 124
10 128
10 129
10 130
10 134
10 145
10 147
10 151
11 0
11 1
11 3
11 5
11 6
11 8
11 10
11 12
11 15
11 17
11 19
11 21
11 24
11 26
11 28
11 30
11 32
11 33
11 35
11 37
11 40
11 41
11 44
11 45
11 46
11 49
11 50
11 52
11 54
11 57
11 58
11 59
11 61
11 63
11 64
11 65
11 66
11 68
11 69
11 70
11 71
11 72
11 76
11 77
11 79
11 81
11 83
11 84
11 85
11 88
11 89
11 90
11 94
11 95
11 96
11 97
11 100
11 102
11 103
11 105
11 106
11 107
11 109
11 111
11 112
11 114
11 116
11 119
11 120
11 124
11 125
11 126
11 127
11 129
11 130
11 131
11 132
11 133
11 134
11 135
11 136
11 138
11 139
11 143
11 145
11 146
11 149
11 150
11 151
12 6
12 11
12 16
12 17
12 18
12 19
12 21
12 31
12 35
12 36
12 39
12 41
12 45
12 48
12 49
12 57
12 59
12 65
12 67
12 84
12 85
12 96
12 97
12 108
12 109
12 111
12 112
12 114
12 116
12 118
12 119
12 120
12 124
12 126
12 127
12 132
12 134
12 143
12 145
12 146
12 148
13 1
13 2
13 3
13 5
13 7
13 8
13 9
13 10
13 14
13 16
13 17
13 18
13 20
13 21
13 26
13 31
13 32
13 33
13 35
13 36
13 40
13 44
13 45
13 46
13 49
13 50
13 52
13 57
13 58
13 60
13 64
13 66
13 67
13 69
13 72
13 75
13 76
13 80
13 81
13 85
13 86
13 89
13 91
13 93
13 94
13 96
13 107
13 111
13 112
13 114
13 115
13 126
13 128
13 129
13 143
13 146
14 2
14 3
14 5
14 6
14 7
14 13
14 17
14 18
14 19
14 21
14 22
14 23
14 25
14 28
14 30
14 32
14 33
14 34
14 35
14 36
14 37
14 38
14 39
14 40
14 41
14 42
14 43
14 45
14 46
14 47
14 50
14 51
14 52
14 53
14 55
14 56
14 57
14 58
14 59
14 60
14 61
14 62
14 63
14 64
14 65
14 66
14 67
14 68
14 69
14 70
14 71
14 73
14 75
14 76
14 77
14 78
14 79
14 80
14 82
14 86
14 88
14 90
14 91
14 92
14 93
14 94
14 95
14 96
14 97
14 99
14 100
14 101
14 105
14 107
14 108
14 109
14 111
14 113
14 114
14 119
14 121
14 123
14 124
14 125
14 128
14 129
14 133
14 139
14 142
14 147
14 151
15 6
15 7
15 11
15 18
15 19
15 21
15 24
15 27
15 28
15 31
15 32
15 36
15 44
15 45
15 49
15 51
15 58
15 63
15 64
15 65
15 74
15 76
15 81
15 84
15 85
15 87
15 88
15 99
15 103
15 104
15 106
15 109
15 111
15 112
15 114
15 115
15 116
15 117
15 118
15 119
15 120
15 124
15 127
15 130
15 131
15 132
15 133
15 135
15 136
15 137
15 138
15 139
15 140
15 141
15 143
15 144
15 145
15 146
15 147
15 148
15 149
15 150
16 0
16 2
16 3
16 4
16 5
16 6
16 7
16 9
16 12
16 13
16 17
16 18
16 20
16 21
16 22
16 25
16 28
16 30
16 32
16 34
16 36
16 39
16 41
16 42
16 45
16 48
16 49
16 52
16 53
16 55
16 56
16 58
16 60
16 63
16 66
16 68
16 69
16 71
16 75
16 76
16 77
16 80
16 85
16 91
16 93
16 95
16 96
16 97
16 99
16 101
16 102
16 104
16 106
16 111
16 115
16 117
16 120
16 124
16 138
16 143
16 145
16 146
16 148
17 1
17 2
17 3
17 5
17 6
17 7
17 8
17 9
17 10
17 11
17 12
17 13
17 14
17 16
17 18
17 19
17 20
17 21
17 23
17 24
17 25
17 26
17 27
17 28
17 29
17 30
17 32
17 33
17 34
17 35
17 36
17 38
17 39
17 40
17 41
17 42
17 43
17 44
17 45
17 46
17 47
17 48
17 49
17 50
17 51
17 52
17 53
17 54
17 55
17 56
17 57
17 58
17 60
17 61
17 62
17 63
17 64
17 65
17 66
17 68
17 70
17 71
17 72
17 73
17 76
17 77
17 80
17 81
17 82
17 83
17 85
17 86
17 88
17 89
17 90
17 92
17 94
17 95
17 96
17 97
17 98
17 99
17 100
17 101
17 102
17 104
17 105
17 106
17 107
17 108
17 110
17 111
17 112
17 114
17 117
17 119
17 120
17 121
17 122
17 124
17 125
17 126
17 128
17 129
17 130
17 131
17 132
17 134
17 138
17 139
17 140
17 143
17 144
17 145
17 146
17 147
17 148
17 150
17 151
18 0
18 1
18 2
18 3
18 4
18 5
18 7
18 9
18 10
18 12
18 13
18 14
18 15
18 16
18 17
18 19
18 20
18 21
18 22
18 23
18 26
18 30
18 32
18 35
18 36
18 38
18 40
18 41
18 42
18 44
18 45
18 47
18 48
18 49
18 50
18 51
18 53
18 55
18 56
18 57
18 58
18 59
18 60
18 62
18 64
18 65
18 66
18 67
18 70
18 71
18 72
18 75
18 76
18 77
18 78
18 80
18 81
18 85
18 86
18 87
18 89
18 91
18 94
18 95
18 96
18 98
18 99
18 100
18 107
18 109
18 111
18 112
18 113
18 122
18 126
18 128
18 130
18 151
19 0
19 2
19 7
19 8
19 10
19 11
19 12
19 14
19 15
19 17
19 18
19 22
19 23
19 25
19 30
19 31
19 33
19 34
19 35
19 37
19 38
19 39
19 40
19 41
19 42
19 43
19 47
19 50
19 51
19 52
19 53
19 56
19 57
19 58
19 60
19 61
19 62
19 63
19 64
19 66
19 67
19 69
19 70
19 71
19 72
19 73
19 74
19 75
19 76
19 77
19 78
19 79
19 80
19 82
19 86
19 88
19 89
19 90
19 91
19 92
19 93
19 94
19 95
19 97
19 100
19 101
19 102
19 105
19 106
19 107
19 108
19 109
19 111
19 112
19 113
19 116
19 117
19 118
19 119
19 120
19 121
19 122
19 123
19 125
19 128
19 129
19 131
19 137
19 139
19 142
19 149
19 151
20 0
20 4
20 5
20 6
20 7
20 10
20 13
20 16
20 17
20 18
20 21
20 22
20 25
20 27
20 28
20 30
20 32
20 38
20 41
20 42
20 49
20 51
20 52
20 55
20 57
20 58
20 59
20 63
20 66
20 77
20 80
20 84
20 91
20 100
20 101
20 102
20 107
20 108
20 109
20 111
20 120
20 126
20 131
20 143
20 145
20 146
20 148
20 150
20 151
21 0
21 1
21 2
21 3
21 4
21 5
21 6
21 7
21 9
21 10
21 11
21 12
21 13
21 14
21 15
21 16
21 17
21 18
21 20
21 22
21 23
21 24
21 25
21 26
21 27
21 28
21 29
21 30
21 31
21 32
21 33
21 34
21 35
21 36
21 37
21 38
21 39
21 40
21 41
21 42
21 43
21 44
21 45
21 46
21 47
21 48
21 49
21 50
21 51
21 52
21 53
21 54
21 55
21 56
21 57
21 58
21 59
21 60
21 61
21 62
21 63
21 64
21 65
21 66
21 67
21 68
21 69
21 70
21 71
21 72
21 73
21 75
21 76
21 77
21 78
21 79
21 80
21 81
21 82
21 83
21 84
21 85
21 86
21 87
21 88
21 89
21 90
21 91
21 92
21 93
21 94
21 95
21 96
21 97
21 99
21 100
21 101
21 102
21 104
21 105
21 106
21 107
21 108
21 109
21 111
21 112
21 113
21 114
21 115
21 116
21 118
21 119
21 120
21 121
21 123
21 124
21 125
21 126
21 127
21 128
21 129
21 130
21 131
21 134
21 136
21 137
21 138
21 139
21 140
21 142
21 143
21 144
21 145
21 146
21 147
21 148
21 149
21 150
21 151
22 0
22 7
22 8
22 10
22 14
22 16
22 18
22 19
22 20
22 21
22 25
22 28
22 30
22 32
22 34
22 36
22 38
22 41
22 42
22 45
22 47
22 49
22 50
22 57
22 58
22 59
22 60
22 63
22 65
22 66
22 75
22 80
22 85
22 99
22 101
22 102
22 108
22 111
22 112
22 126
22 151
23 14
23 17
23 18
23 19
23 21
23 33
23 35
23 41
23 44
23 50
23 53
23 57
23 58
23 68
23 72
23 73
23 76
23 77
23 81
23 94
23 96
23 97
23 111
23 112
24 0
24 8
24 11
24 15
24 17
24 21
24 35
24 44
24 52
24 57
24 58
24 64
24 65
24 72
24 74
24 85
24 87
24 89
24 90
24 96
24 104
24 106
24 107
24 111
24 112
24 113
24 116
24 117
24 118
24 119
24 120
24 124
24 127
24 130
24 138
24 141
25 4
25 6
25 7
25 8
25 9
25 14
25 16
25 17
25 19
25 20
25 21
25 22
25 32
25 34
25 38
25 41
25 42
25 47
25 51
25 53
25 57
25 60
25 63
25 64
25 65
25 66
25 67
25 68
25 70
25 71
25 72
25 75
25 81
25 85
25 86
25 96
25 97
25 99
25 102
25 120
25 150
25 151
26 2
26 3
26 4
26 8
26 11
26 13
26 17
26 18
26 21
26 30
26 33
26 34
26 37
26 38
26 39
26 40
26 41
26 42
26 43
26 46
26 47
26 49
26 51
26 52
26 53
26 55
26 56
26 58
26 59
26 60
26 61
26 62
26 63
26 64
26 65
26 66
26 67
26 68
26 69
26 70
26 71
26 73
26 75
26 76
26 78
26 79
26 80
26 82
26 88
26 91
26 92
26 93
26 95
26 96
26 97
26 100
26 101
26 102
26 105
26 108
26 111
26 113
26 120
26 121
26 122
26 126
26 128
26 129
26 134
26 142
26 151
27 0
27 1
27 4
27 8
27 10
27 15
27 17
27 20
27 21
27 28
27 35
27 40
27 41
27 42
27 43
27 44
27 45
27 49
27 50
27 52
27 56
27 57
27 64
27 66
27 68
27 73
27 76
27 77
27 81
27 83
27 92
27 94
27 105
27 106
27 109
27 111
27 112
27 119
27 120
27 126
27 127
27 130
27 135
27 145
28 0
28 1
28 3
28 5
28 7
28 8
28 9
28 10
28 11
28 14
28 15
28 16
28 17
28 20
28 21
28 22
28 27
28 32
28 36
28 38
28 41
28 42
28 44
28 45
28 48
28 50
28 51
28 52
28 55
28 56
28 57
28 59
28 60
28 64
28 65
28 68
28 72
28 73
28 75
28 77
28 79
28 83
28 85
28 86
28 88
28 89
28 91
28 95
28 96
28 98
28 111
28 112
28 125
28 126
28 127
28 130
28 131
28 132
28 133
28 135
28 136
28 145
28 146
29 8
29 17
29 21
29 35
29 41
29 44
29 45
29 53
29 57
29 72
29 73
29 76
29 77
29 85
29 88
29 89
29 96
29 106
29 109
29 111
29 119
29 127
29 137
29 140
29 145
29 146
29 147
30 1
30 6
30 7
30 8
30 9
30 11
30 14
30 16
30 17
30 18
30 19
30 20
30 21
30 22
30 26
30 32
30 34
30 38
30 39
30 42
30 43
30 45
30 48
30 49
30 51
30 52
30 54
30 55
30 57
30 60
30 63
30 64
30 66
30 67
30 68
30 71
30 72
30 73
30 74
30 80
30 81
30 83
30 85
30 86
30 94
30 95
30 96
30 98
30 99
30 101
30 102
30 109
30 111
30 117
30 120
30 121
30 124
30 127
30 137
30 145
30 146
30 148
30 150
31 3
31 4
31 6
31 8
31 9
31 12
31 13
31 15
31 19
31 21
31 32
31 35
31 39
31 40
31 41
31 44
31 45
31 49
31 50
31 57
31 58
31 64
31 65
31 66
31 68
31 72
31 74
31 77
31 81
31 84
31 89
31 90
31 111
31 112
31 114
31 118
31 119
31 120
31 130
31 138
31 143
31 146
32 0
32 1
32 2
32 4
32 5
32 6
32 8
32 9
32 11
32 13
32 14
32 15
32 16
32 17
32 18
32 20
32 21
32 22
32 25
32 28
32 30
32 31
32 34
32 35
32 38
32 39
32 41
32 42
32 44
32 45
32 46
32 49
32 50
32 51
32 52
32 54
32 55
32 56
32 57
32 60
32 64
32 68
32 72
32 80
32 81
32 84
32 85
32 87
32 89
32 90
32 91
32 93
32 95
32 96
32 97
32 99
32 100
32 103
32 107
32 108
32 110
32 111
32 114
32 118
32 120
32 124
32 125
32 129
32 130
32 131
32 133
32 137
32 138
32 139
32 142
32 146
32 148
32 150
32 151
33 1
33 2
33 8
33 10
33 11
33 13
33 14
33 17
33 19
33 21
33 23
33 26
33 35
33 36
33 37
33 40
33 41
33 44
33 45
33 49
33 50
33 56
33 57
33 60
33 62
33 64
33 65
33 67
33 70
33 72
33 73
33 76
33 77
33 81
33 82
33 83
33 86
33 89
33 94
33 96
33 97
33 104
33 105
33 112
33 114
33 128
33 129
34 8
34 14
34 16
34 17
34 19
34 21
34 22
34 25
34 26
34 30
34 32
34 38
34 41
34 42
34 45
34 47
34 51
34 52
34 56
34 57
34 63
34 64
34 70
34 71
34 72
34 85
34 88
34 95
34 96
34 99
34 101
35 0
35 1
35 2
35 4
35 5
35 6
35 7
35 8
35 9
35 11
35 12
35 13
35 14
35 17
35 18
35 19
35 21
35 23
35 24
35 27
35 29
35 31
35 32
35 33
35 36
35 37
35 38
35 39
35 40
35 41
35 43
35 45
35 48
35 49
35 52
35 53
35 55
35 57
35 58
35 59
35 60
35 61
35 64
35 65
35 66
35 67
35 68
35 69
35 70
35 71
35 72
35 73
35 74
35 75
35 76
35 79
35 80
35 81
35 82
35 84
35 85
35 87
35 89
35 90
35 91
35 94
35 95
35 96
35 97
35 99
35 100
35 101
35 102
35 103
35 104
35 105
35 106
35 108
35 110
35 111
35 112
35 113
35 114
35 115
35 116
35 117
35 118
35 119
35 120
35 121
35 123
35 124
35 125
35 127
35 128
35 130
35 132
35 133
35 134
35 135
35 136
35 137
35 138
35 139
35 141
35 142
35 144
35 145
35 146
35 147
35 148
35 149
35 150
35 151
36 0
36 1
36 2
36 4
36 6
36 8
36 12
36 13
36 14
36 15
36 16
36 17
36 18
36 21
36 22
36 28
36 33
36 35
36 38
36 41
36 42
36 45
36 49
36 51
36 55
36 57
36 60
36 63
36 64
36 67
36 72
36 79
36 85
36 89
36 91
36 95
36 108
36 109
36 110
36 111
36 118
36 120
36 128
36 130
36 138
36 143
36 147
36 151
37 0
37 1
37 8
37 10
37 11
37 14
37 19
37 21
37 26
37 33
37 35
37 40
37 42
37 44
37 45
37 50
37 56
37 57
37 59
37 64
37 65
37 66
37 67
37 68
37 70
37 72
37 73
37 76
37 77
37 80
37 83
37 85
37 89
37 91
37 93
37 94
37 96
37 97
37 111
37 112
37 130
38 1
38 5
38 8
38 9
38 14
38 17
38 18
38 19
38 20
38 21
38 22
38 25
38 26
38 28
38 30
38 32
38 34
38 35
38 36
38 47
38 50
38 51
38 52
38 55
38 57
38 60
38 61
38 63
38 64
38 66
38 67
38 69
38 72
38 79
38 80
38 81
38 84
38 85
38 86
38 88
38 89
38 91
38 97
38 101
38 102
38 107
38 109
38 110
38 111
38 113
38 120
38 126
38 132
38 137
38 148
38 150
38 151
39 0
39 1
39 6
39 8
39 9
39 12
39 14
39 16
39 17
39 19
39 21
39 26
39 30
39 31
39 32
39 35
39 40
39 44
39 45
39 48
39 52
39 57
39 58
39 62
39 64
39 65
39 67
39 69
39 71
39 72
39 76
39 77
39 80
39 85
39 89
39 94
39 97
39 98
39 102
39 110
39 111
39 112
39 113
39 114
39 127
39 138
39 146
40 2
40 8
40 9
40 10
40 11
40 13
40 14
40 17
40 18
40 19
40 21
40 26
40 27
40 31
40 33
40 35
40 37
40 39
40 41
40 43
40 44
40 50
40 52
40 53
40 55
40 56
40 57
40 61
40 64
40 65
40 66
40 67
40 68
40 69
40 70
40 71
40 72
40 73
40 76
40 77
40 78
40 79
40 80
40 82
40 83
40 85
40 86
40 89
40 91
40 92
40 93
40 94
40 95
40 98
40 102
40 104
40 105
40 107
40 108
40 110
40 113
40 114
40 121
40 122
40 123
40 124
40 125
40 127
40 128
40 129
40 139
40 142
40 144
40 146
40 151
41 2
41 3
41 6
41 8
41 9
41 10
41 11
41 12
41 14
41 16
41 17
41 18
41 19
41 20
41 21
41 22
41 23
41 25
41 26
41 27
41 28
41 29
41 31
41 32
41 33
41 34
41 35
41 36
41 40
41 42
41 44
41 45
41 48
41 49
41 51
41 52
41 53
41 55
41 56
41 57
41 60
41 61
41 63
41 64
41 66
41 67
41 68
41 69
41 70
41 71
41 72
41 73
41 76
41 77
41 78
41 79
41 81
41 83
41 84
41 85
41 88
41 89
41 91
41 93
41 94
41 95
41 96
41 97
41 99
41 101
41 105
41 106
41 107
41 108
41 109
41 111
41 119
41 120
41 122
41 123
41 124
41 126
41 127
41 129
41 130
41 134
41 136
41 143
41 145
41 146
41 149
41 150
41 151
42 2
42 3
42 6
42 9
42 10
42 14
42 16
42 17
42 18
42 19
42 20
42 21
42 22
42 25
42 26
42 27
42 28
42 30
42 32
42 34
42 36
42 37
42 41
42 47
42 48
42 49
42 50
42 52
42 55
42 56
42 57
42 58
42 59
42 60
42 63
42 64
42 65
42 66
42 67
42 68
42 75
42 79
42 80
42 84
42 85
42 86
42 88
42 91
42 92
42 93
42 97
42 108
42 111
42 120
42 125
42 126
42 128
42 146
42 150
43 4
43 8
43 10
43 14
43 17
43 19
43 21
43 26
43 27
43 30
43 35
43 40
43 44
43 45
43 46
43 52
43 55
43 57
43 58
43 64
43 66
43 67
43 68
43 70
43 72
43 73
43 76
43 77
43 81
43 83
43 94
43 96
43 104
43 111
43 112
43 113
43 114
43 129
44 2
44 3
44 5
44 7
44 11
44 13
44 15
44 17
44 18
44 21
44 23
44 24
44 27
44 28
44 29
44 31
44 32
44 33
44 37
44 39
44 40
44 41
44 43
44 45
44 46
44 49
44 50
44 52
44 53
44 54
44 55
44 56
44 57
44 58
44 59
44 60
44 61
44 62
44 65
44 66
44 67
44 68
44 69
44 70
44 71
44 72
44 73
44 75
44 78
44 79
44 80
44 81
44 82
44 84
44 85
44 86
44 87
44 88
44 89
44 91
44 92
44 93
44 94
44 95
44 96
44 97
44 98
44 100
44 102
44 105
44 106
44 107
44 108
44 109
44 110
44 111
44 112
44 113
44 114
44 115
44 116
44 118
44 121
44 122
44 123
44 124
44 125
44 126
44 127
44 128
44 129
44 130
44 131
44 133
44 134
44 135
44 136
44 137
44 139
44 140
44 142
44 143
44 144
44 145
44 146
44 147
44 149
44 151
45 0
45 4
45 5
45 8
45 9
45 10
45 11
45 12
45 13
45 14
45 15
45 16
45 17
45 18
45 21
45 22
45 27
45 28
45 29
45 30
45 31
45 32
45 33
45 34
45 35
45 36
45 37
45 39
45 41
45 43
45 44
45 46
45 50
45 51
45 52
45 53
45 55
45 56
45 57
45 59
45 61
45 64
45 65
45 66
45 67
45 68
45 69
45 71
45 72
45 73
45 74
45 75
45 76
45 77
45 78
45 79
45 80
45 83
45 84
45 85
45 87
45 88
45 89
45 90
45 91
45 93
45 94
45 95
45 96
45 97
45 98
45 99
45 105
45 106
45 107
45 108
45 109
45 110
45 111
45 112
45 115
45 116
45 117
45 119
45 120
45 121
45 123
45 124
45 126
45 127
45 129
45 130
45 131
45 132
45 133
45 134
45 136
45 137
45 141
45 142
45 145
45 147
45 151
46 4
46 8
46 11
46 13
46 14
46 17
46 21
46 26
46 32
46 43
46 44
46 45
46 53
46 56
46 57
46 59
46 60
46 66
46 67
46 68
46 70
46 71
46 72
46 73
46 77
46 78
46 79
46 83
46 88
46 89
46 91
46 92
46 94
46 95
46 96
46 97
46 100
46 102
46 104
46 107
46 111
46 119
46 130
46 134
46 142
47 1
47 7
47 8
47 10
47 14
47 17
47 18
47 19
47 21
47 22
47 25
47 26
47 34
47 38
47 42
47 50
47 51
47 52
47 53
47 57
47 61
47 63
47 65
47 66
47 67
47 70
47 72
47 73
47 75
47 85
47 86
47 89
47 92
47 96
47 97
47 99
47 102
47 106
47 124
47 145
48 0
48 1
48 6
48 7
48 8
48 9
48 12
48 16
48 17
48 18
48 21
48 28
48 30
48 35
48 39
48 41
48 42
48 49
48 54
48 55
48 57
48 58
48 63
48 64
48 68
48 72
48 73
48 81
48 85
48 89
48 99
48 101
48 106
48 111
48 112
48 115
48 117
48 118
48 120
48 130
48 131
48 138
48 140
48 143
48 146
48 148
49 1
49 4
49 5
49 8
49 9
49 11
49 12
49 13
49 15
49 16
49 17
49 18
49 20
49 21
49 22
49 26
49 27
49 30
49 31
49 32
49 33
49 35
49 36
49 41
49 42
49 44
49 48
49 51
49 52
49 54
49 56
49 57
49 58
49 59
49 60
49 61
49 62
49 63
49 64
49 65
49 68
49 69
49 71
49 72
49 77
49 79
49 81
49 83
49 84
49 85
49 89
49 92
49 95
49 96
49 97
49 98
49 99
49 100
49 102
49 105
49 107
49 108
49 111
49 112
49 115
49 118
49 119
49 120
49 122
49 127
49 128
49 130
49 131
49 134
49 137
49 138
49 140
49 141
49 142
49 143
49 146
49 148
49 149
49 150
49 151
50 0
50 1
50 3
50 4
50 5
50 9
50 10
50 11
50 13
50 14
50 17
50 18
50 19
50 21
50 22
50 23
50 27
50 28
50 31
50 32
50 33
50 37
50 38
50 40
50 42
50 44
50 45
50 47
50 51
50 52
50 53
50 55
50 57
50 58
50 59
50 64
50 65
50 66
50 67
50 68
50 69
50 70
50 71
50 72
50 73
50 75
50 76
50 77
50 78
50 79
50 80
50 81
50 84
50 85
50 86
50 88
50 89
50 91
50 94
50 95
50 96
50 97
50 98
50 99
50 100
50 101
50 102
50 105
50 110
50 111
50 112
50 114
50 123
50 124
50 128
50 129
50 130
50 132
50 133
50 134
50 144
50 145
50 151
51 1
51 2
51 3
51 6
51 7
51 8
51 14
51 15
51 17
51 18
51 19
51 20
51 21
51 25
51 26
51 28
51 30
51 32
51 34
51 36
51 38
51 41
51 45
51 47
51 49
51 50
51 53
51 57
51 58
51 60
51 61
51 63
51 64
51 66
51 68
51 69
51 70
51 72
51 75
51 77
51 79
51 81
51 83
51 85
51 88
51 89
51 91
51 92
51 95
51 99
51 102
51 107
51 126
51 131
51 145
51 146
52 0
52 1
52 2
52 3
52 6
52 7
52 8
52 10
52 11
52 13
52 14
52 16
52 17
52 19
52 20
52 21
52 24
52 26
52 27
52 28
52 30
52 32
52 34
52 35
52 38
52 39
52 40
52 41
52 42
52 43
52 44
52 45
52 47
52 49
52 50
52 53
52 56
52 57
52 58
52 59
52 60
52 61
52 63
52 65
52 66
52 67
52 68
52 69
52 70
52 71
52 72
52 73
52 74
52 76
52 77
52 78
52 79
52 80
52 82
52 83
52 84
52 85
52 86
52 87
52 88
52 89
52 90
52 91
52 92
52 93
52 94
52 95
52 96
52 97
52 98
52 99
52 100
52 101
52 102
52 103
52 104
52 105
52 106
52 107
52 108
52 109
52 111
52 112
52 113
52 115
52 117
52 121
52 122
52 123
52 124
52 126
52 127
52 128
52 129
52 130
52 133
52 134
52 135
52 138
52 141
52 142
52 144
52 145
52 146
52 147
52 149
52 150
53 8
53 10
53 14
53 16
53 17
53 18
53 19
53 21
53 23
53 25
53 26
53 29
53 35
53 40
53 41
53 44
53 45
53 46
53 47
53 50
53 51
53 52
53 56
53 57
53 60
53 63
53 64
53 66
53 68
53 70
53 71
53 72
53 73
53 76
53 77
53 78
53 80
53 81
53 83
53 88
53 91
53 94
53 95
53 96
53 97
53 99
53 104
53 106
53 109
53 111
53 112
53 113
53 114
53 122
53 123
53 145
53 147
53 150
54 1
54 8
54 11
54 17
54 21
54 30
54 32
54 44
54 48
54 49
54 57
54 58
54 67
54 68
54 72
54 73
54 77
54 81
54 84
54 85
54 89
54 96
54 98
54 107
54 111
54 118
54 120
54 127
54 130
54 137
54 138
54 140
54 143
55 0
55 2
55 4
55 8
55 9
55 14
55 16
55 17
55 18
55 20
55 21
55 26
55 28
55 30
55 32
55 35
55 36
55 38
55 40
55 41
55 42
55 43
55 44
55 45
55 48
55 50
55 57
55 59
55 61
55 62
55 64
55 65
55 66
55 70
55 72
55 75
55 76
55 77
55 81
55 96
55 97
55 104
55 107
55 111
55 115
55 117
55 119
55 120
55 130
55 131
55 132
55 137
55 143
55 148
55 150
55 151
56 1
56 2
56 3
56 8
56 10
56 14
56 16
56 17
56 18
56 19
56 21
56 26
56 27
56 28
56 32
56 33
56 34
56 37
56 40
56 41
56 42
56 44
56 45
56 46
56 49
56 52
56 53
56 57
56 58
56 62
56 64
56 68
56 70
56 71
56 72
56 73
56 76
56 77
56 79
56 81
56 82
56 83
56 84
56 85
56 95
56 97
56 108
56 128
56 129
56 139
56 142
56 146
57 0
57 1
57 2
57 3
57 4
57 5
57 6
57 7
57 8
57 9
57 10
57 11
57 12
57 13
57 14
57 17
57 18
57 19
57 20
57 21
57 22
57 23
57 24
57 25
57 27
57 28
57 29
57 30
57 31
57 32
57 33
57 34
57 35
57 36
57 37
57 38
57 39
57 40
57 41
57 42
57 43
57 44
57 45
57 46
57 47
57 48
57 49
57 50
57 51
57 52
57 53
57 54
57 55
57 56
57 58
57 59
57 60
57 62
57 63
57 64
57 65
57 66
57 67
57 68
57 69
57 70
57 71
57 72
57 73
57 74
57 75
57 76
57 77
57 78
57 79
57 80
57 81
57 82
57 83
57 84
57 85
57 86
57 87
57 88
57 89
57 90
57 91
57 92
57 93
57 94
57 95
57 96
57 97
57 98
57 99
57 100
57 101
57 102
57 103
57 104
57 105
57 106
57 107
57 108
57 109
57 110
57 111
57 112
57 113
57 114
57 115
57 116
57 117
57 118
57 119
57 120
57 121
57 122
57 123
57 124
57 125
57 126
57 127
57 128
57 129
57 130
57 131
57 132
57 133
57 134
57 135
57 136
57 137
57 138
57 139
57 140
57 141
57 142
57 143
57 144
57 145
57 146
57 147
57 148
57 149
57 150
57 151
58 4
58 5
58 8
58 9
58 11
58 13
58 14
58 15
58 16
58 17
58 18
58 19
58 20
58 21
58 22
58 23
58 24
58 26
58 31
58 35
58 39
58 42
58 43
58 44
58 48
58 49
58 50
58 51
58 52
58 54
58 56
58 57
58 60
58 63
58 64
58 65
58 66
58 67
58 68
58 70
58 71
58 72
58 73
58 74
58 75
58 76
58 77
58 81
58 83
58 85
58 89
58 90
58 91
58 93
58 97
58 98
58 100
58 101
58 102
58 103
58 105
58 108
58 111
58 112
58 114
58 115
58 116
58 118
58 120
58 122
58 127
58 138
58 140
58 151
59 0
59 1
59 7
59 11
59 12
59 14
59 18
59 20
59 21
59 22
59 26
59 28
59 35
59 37
59 42
59 44
59 45
59 46
59 49
59 50
59 52
59 55
59 57
59 60
59 61
59 62
59 63
59 64
59 65
59 66
59 71
59 72
59 73
59 75
59 76
59 77
59 78
59 79
59 80
59 81
59 84
59 85
59 88
59 91
59 93
59 95
59 97
59 98
59 100
59 101
59 102
59 106
59 108
59 109
59 112
59 113
59 114
59 119
59 124
59 125
59 126
59 127
59 128
59 130
59 133
59 143
59 146
59 150
59 151
60 3
60 6
60 8
60 9
60 13
60 14
60 16
60 17
60 18
60 19
60 21
60 22
60 25
60 26
60 28
60 30
60 32
60 33
60 35
60 36
60 38
60 41
60 42
60 44
60 46
60 49
60 51
60 52
60 53
60 57
60 58
60 59
60 61
60 63
60 64
60 65
60 68
60 71
60 72
60 73
60 76
60 77
60 79
60 81
60 83
60 86
60 88
60 91
60 95
60 98
60 101
60 104
60 106
60 108
60 114
60 126
60 128
60 145
60 150
61 0
61 1
61 8
61 11
61 14
61 17
61 19
61 21
61 26
61 35
61 38
61 40
61 41
61 44
61 45
61 47
61 49
61 51
61 52
61 55
61 59
61 60
61 63
61 64
61 65
61 67
61 70
61 71
61 72
61 75
61 76
61 77
61 82
61 83
61 84
61 85
61 90
61 97
61 100
61 104
61 110
61 111
61 114
61 119
61 126
61 130
61 131
61 136
61 137
62 1
62 2
62 8
62 14
62 17
62 18
62 19
62 21
62 26
62 33
62 39
62 44
62 49
62 55
62 56
62 57
62 59
62 63
62 64
62 65
62 69
62 70
62 71
62 72
62 76
62 77
62 95
62 97
62 107
62 109
62 113
62 130
62 151
63 0
63 1
63 4
63 5
63 8
63 9
63 11
63 14
63 15
63 16
63 17
63 19
63 20
63 21
63 22
63 25
63 26
63 30
63 34
63 36
63 38
63 41
63 42
63 47
63 48
63 49
63 51
63 52
63 53
63 57
63 58
63 59
63 60
63 61
63 62
63 64
63 65
63 66
63 67
63 68
63 70
63 71
63 72
63 73
63 74
63 75
63 76
63 77
63 80
63 81
63 83
63 85
63 86
63 88
63 91
63 95
63 96
63 97
63 99
63 101
63 103
63 104
63 107
63 108
63 109
64 1
64 2
64 3
64 4
64 5
64 6
64 7
64 9
64 11
64 13
64 14
64 15
64 17
64 18
64 19
64 21
64 24
64 25
64 26
64 27
64 28
64 30
64 31
64 32
64 33
64 34
64 35
64 36
64 37
64 38
64 39
64 40
64 41
64 42
64 43
64 45
64 48
64 49
64 50
64 51
64 53
64 55
64 56
64 57
64 58
64 59
64 60
64 61
64 62
64 63
64 65
64 67
64 68
64 69
64 70
64 71
64 72
64 73
64 74
64 77
64 78
64 79
64 80
64 81
64 82
64 83
64 85
64 86
64 87
64 88
64 91
64 92
64 93
64 94
64 95
64 96
64 97
64 98
64 100
64 102
64 103
64 104
64 105
64 107
64 108
64 109
64 111
64 112
64 113
64 114
64 118
64 119
64 122
64 125
64 126
64 128
64 130
64 131
64 132
64 133
64 134
64 136
64 137
64 141
64 142
64 146
64 147
64 149
64 150
64 151
65 0
65 1
65 2
65 3
65 4
65 5
65 6
65 8
65 9
65 10
65 11
65 12
65 14
65 15
65 17
65 18
65 21
65 22
65 24
65 25
65 26
65 28
65 31
65 33
65 35
65 37
65 39
65 40
65 42
65 44
65 45
65 47
65 49
65 50
65 52
65 55
65 57
65 58
65 59
65 60
65 61
65 62
65 63
65 64
65 66
65 67
65 68
65 70
65 71
65 72
65 73
65 74
65 76
65 77
65 78
65 80
65 83
65 85
65 88
65 89
65 90
65 91
65 92
65 93
65 94
65 95
65 96
65 97
65 100
65 102
65 103
65 106
65 108
65 109
65 111
65 112
65 113
65 114
65 115
65 119
65 120
65 121
65 122
65 123
65 124
65 125
65 127
65 128
65 129
65 130
65 131
65 133
65 134
65 135
65 137
65 140
65 141
65 142
65 145
65 146
65 147
65 149
66 1
66 3
66 4
66 5
66 7
66 8
66 9
66 10
66 11
66 13
66 14
66 16
66 17
66 18
66 19
66 20
66 21
66 22
66 25
66 26
66 27
66 30
66 31
66 35
66 37
66 38
66 40
66 41
66 42
66 43
66 44
66 45
66 46
66 47
66 50
66 51
66 52
66 53
66 55
66 57
66 58
66 59
66 63
66 65
66 67
66 68
66 69
66 70
66 71
66 72
66 73
66 75
66 76
66 77
66 79
66 80
66 81
66 82
66 83
66 84
66 86
66 88
66 89
66 91
66 92
66 94
66 96
66 97
66 101
66 104
66 105
66 107
66 111
66 112
66 113
66 121
66 123
66 124
66 125
66 126
66 134
67 0
67 1
67 2
67 12
67 13
67 14
67 18
67 19
67 21
67 25
67 26
67 30
67 33
67 35
67 36
67 37
67 38
67 39
67 40
67 41
67 42
67 43
67 44
67 45
67 46
67 47
67 50
67 52
67 54
67 57
67 58
67 61
67 63
67 64
67 65
67 66
67 68
67 71
67 72
67 73
67 75
67 76
67 77
67 78
67 80
67 81
67 85
67 86
67 89
67 91
67 94
67 97
67 98
67 100
67 103
67 104
67 107
67 108
67 109
67 111
67 112
67 113
67 114
67 119
67 121
67 122
67 125
67 126
67 127
67 128
67 130
67 133
68 1
68 2
68 3
68 6
68 7
68 8
68 9
68 10
68 11
68 14
68 16
68 17
68 21
68 23
68 25
68 26
68 27
68 28
68 30
68 31
68 32
68 35
68 37
68 40
68 41
68 42
68 43
68 44
68 45
68 46
68 48
68 49
68 50
68 51
68 52
68 53
68 54
68 56
68 57
68 58
68 60
68 63
68 64
68 65
68 66
68 67
68 70
68 71
68 72
68 73
68 75
68 76
68 77
68 80
68 81
68 82
68 83
68 85
68 86
68 89
68 91
68 93
68 94
68 95
68 96
68 97
68 101
68 103
68 104
68 106
68 107
68 110
68 111
68 112
68 114
68 115
68 121
68 122
68 123
68 124
68 125
68 128
68 129
69 1
69 6
69 8
69 11
69 13
69 14
69 16
69 19
69 21
69 26
69 35
69 38
69 39
69 40
69 41
69 44
69 45
69 49
69 50
69 51
69 52
69 57
69 62
69 64
69 66
69 71
69 72
69 73
69 76
69 77
69 83
69 93
69 94
69 95
69 96
69 101
69 105
69 109
69 111
69 113
69 114
69 120
69 125
69 126
69 146
70 8
70 10
70 11
70 14
70 17
70 18
70 19
70 21
70 25
70 26
70 33
70 34
70 35
70 37
70 40
70 41
70 43
70 44
70 46
70 47
70 50
70 51
70 52
70 53
70 55
70 56
70 57
70 58
70 61
70 62
70 63
70 64
70 65
70 66
70 68
70 71
70 72
70 73
70 75
70 76
70 77
70 80
70 82
70 83
70 89
70 92
70 94
70 95
70 96
70 97
70 99
70 105
70 107
70 111
70 113
70 114
70 120
70 121
70 126
70 129
70 134
70 139
70 142
70 151
71 0
71 2
71 3
71 7
71 11
71 14
71 16
71 17
71 18
71 19
71 21
71 25
71 26
71 30
71 34
71 35
71 39
71 40
71 41
71 44
71 45
71 46
71 49
71 50
71 52
71 53
71 56
71 57
71 58
71 59
71 60
71 61
71 62
71 63
71 64
71 65
71 66
71 67
71 68
71 69
71 70
71 72
71 75
71 76
71 77
71 81
71 82
71 86
71 92
71 93
71 96
71 97
71 101
71 102
71 104
71 107
71 114
71 122
71 125
71 130
71 142
71 151
72 2
72 3
72 6
72 7
72 11
72 13
72 17
72 18
72 19
72 21
72 23
72 24
72 25
72 28
72 29
72 30
72 31
72 32
72 33
72 34
72 35
72 36
72 37
72 38
72 39
72 40
72 41
72 43
72 44
72 45
72 46
72 47
72 48
72 49
72 50
72 51
72 52
72 53
72 54
72 55
72 56
72 57
72 58
72 59
72 60
72 61
72 62
72 63
72 64
72 65
72 66
72 67
72 68
72 69
72 70
72 71
72 73
72 74
72 75
72 76
72 77
72 78
72 79
72 80
72 81
72 82
72 84
72 85
72 86
72 87
72 88
72 91
72 92
72 93
72 94
72 95
72 96
72 97
72 99
72 100
72 101
72 103
72 104
72 105
72 106
72 107
72 108
72 109
72 110
72 111
72 112
72 113
72 114
72 115
72 116
72 117
72 118
72 119
72 120
72 121
72 122
72 123
72 124
72 125
72 126
72 127
72 128
72 129
72 130
72 131
72 132
72 133
72 136
72 138
72 139
72 140
72 141
72 142
72 143
72 144
72 145
72 146
72 147
72 148
72 149
72 150
72 151
73 1
73 2
73 3
73 4
73 6
73 8
73 9
73 10
73 14
73 17
73 19
73 21
73 23
73 26
73 27
73 28
73 29
73 30
73 33
73 35
73 37
73 40
73 41
73 43
73 44
73 45
73 46
73 47
73 48
73 50
73 52
73 53
73 54
73 56
73 57
73 58
73 59
73 60
73 63
73 64
73 65
73 66
73 67
73 68
73 69
73 70
73 72
73 76
73 77
73 80
73 81
73 82
73 83
73 87
73 88
73 89
73 91
73 92
73 93
73 94
73 96
73 97
73 102
73 104
73 105
73 106
73 111
73 112
73 113
73 114
73 115
73 116
73 119
73 120
73 122
73 123
73 124
73 126
73 127
73 128
73 129
73 130
73 135
73 140
73 146
73 151
74 0
74 4
74 6
74 7
74 8
74 15
74 19
74 24
74 30
74 31
74 35
74 45
74 52
74 57
74 58
74 63
74 64
74 65
74 72
74 77
74 81
74 85
74 89
74 90
74 96
74 103
74 104
74 106
74 111
74 117
74 118
74 120
74 124
74 127
74 137
74 138
74 141
74 145
74 146
74 147
74 148
74 149
75 1
75 8
75 13
75 14
75 16
75 18
75 19
75 21
75 22
75 25
75 26
75 28
75 35
75 42
75 44
75 45
75 47
75 50
75 51
75 55
75 57
75 58
75 59
75 61
75 63
75 66
75 67
75 68
75 70
75 71
75 72
75 81
75 85
75 86
75 89
75 91
75 94
75 95
75 96
75 100
75 105
75 106
75 108
75 124
75 126
75 130
75 134
75 145
76 1
76 2
76 8
76 11
76 13
76 14
76 15
76 16
76 17
76 18
76 19
76 21
76 23
76 26
76 27
76 29
76 33
76 35
76 37
76 39
76 40
76 41
76 43
76 45
76 50
76 52
76 53
76 55
76 56
76 57
76 58
76 59
76 60
76 61
76 62
76 63
76 65
76 66
76 67
76 68
76 69
76 70
76 71
76 72
76 73
76 77
76 78
76 79
76 80
76 81
76 82
76 83
76 84
76 85
76 87
76 88
76 91
76 92
76 93
76 94
76 95
76 96
76 97
76 100
76 102
76 104
76 105
76 107
76 108
76 109
76 110
76 111
76 112
76 113
76 121
76 122
76 123
76 128
76 129
76 130
76 131
76 136
76 137
76 139
76 142
76 144
76 146
76 147
77 2
77 3
77 8
77 11
77 14
77 16
77 17
77 18
77 19
77 20
77 21
77 23
77 27
77 28
77 29
77 31
77 33
77 37
77 39
77 40
77 41
77 43
77 45
77 46
77 49
77 50
77 51
77 52
77 53
77 54
77 55
77 56
77 57
77 58
77 59
77 60
77 61
77 62
77 63
77 64
77 65
77 66
77 67
77 68
77 69
77 70
77 71
77 72
77 73
77 74
77 76
77 79
77 80
77 81
77 82
77 84
77 85
77 87
77 88
77 91
77 92
77 93
77 95
77 96
77 97
77 98
77 100
77 102
77 103
77 104
77 105
77 106
77 107
77 108
77 109
77 110
77 111
77 112
77 113
77 114
77 121
77 122
77 123
77 126
77 127
77 128
77 129
77 130
77 133
77 134
77 135
77 136
77 137
77 139
77 140
77 142
77 144
77 146
77 147
77 151
78 0
78 4
78 10
78 14
78 18
78 19
78 21
78 26
78 40
78 41
78 44
78 45
78 46
78 50
78 52
78 53
78 57
78 59
78 64
78 65
78 67
78 72
78 76
78 88
78 92
78 94
78 97
78 100
78 107
78 109
78 111
78 112
78 113
78 121
78 123
78 125
78 126
78 147
79 0
79 4
79 9
79 11
79 14
79 19
79 21
79 26
79 28
79 35
79 36
79 38
79 40
79 41
79 42
79 44
79 45
79 46
79 49
79 50
79 51
79 52
79 56
79 57
79 59
79 60
79 64
79 66
79 72
79 76
79 77
79 80
79 83
79 84
79 85
79 88
79 95
79 100
79 109
79 111
79 112
79 125
79 126
79 130
79 133
79 136
79 139
80 1
80 8
80 9
80 10
80 13
80 14
80 16
80 17
80 18
80 19
80 20
80 21
80 22
80 26
80 30
80 32
80 35
80 37
80 38
80 39
80 40
80 42
80 44
80 45
80 50
80 52
80 53
80 57
80 59
80 63
80 64
80 65
80 66
80 67
80 68
80 70
80 72
80 73
80 76
80 77
80 79
80 81
80 83
80 86
80 91
80 92
80 94
80 95
80 96
80 98
80 102
80 103
80 105
80 107
80 108
80 110
80 111
80 112
80 113
80 114
80 121
80 122
80 123
80 127
80 128
80 134
80 146
81 2
81 3
81 5
81 7
81 8
81 10
81 11
81 13
81 15
81 17
81 18
81 21
81 23
81 25
81 27
81 30
81 31
81 32
81 33
81 35
81 38
81 41
81 43
81 44
81 48
81 49
81 50
81 51
81 53
81 54
81 55
81 56
81 57
81 58
81 59
81 60
81 63
81 64
81 66
81 67
81 68
81 71
81 72
81 73
81 74
81 75
81 76
81 77
81 80
81 84
81 85
81 86
81 88
81 89
81 91
81 93
81 95
81 97
81 98
81 100
81 101
81 102
81 103
81 108
81 111
81 112
81 113
81 114
81 115
81 117
81 118
81 119
81 121
81 122
81 124
81 128
81 131
81 134
81 137
81 143
81 145
81 146
81 149
81 150
81 151
82 8
82 14
82 17
82 19
82 21
82 26
82 33
82 35
82 40
82 44
82 52
82 56
82 57
82 61
82 64
82 66
82 68
82 70
82 71
82 72
82 73
82 76
82 77
82 85
82 96
82 104
82 105
82 111
82 113
82 114
82 122
82 142
83 3
83 11
83 17
83 21
83 27
83 28
83 30
83 33
83 37
83 40
83 41
83 43
83 45
83 46
83 49
83 51
83 52
83 53
83 56
83 57
83 58
83 60
83 61
83 63
83 64
83 65
83 66
83 68
83 69
83 70
83 73
83 76
83 79
83 80
83 84
83 88
83 91
83 93
83 94
83 95
83 97
83 102
83 105
83 107
83 108
83 109
83 112
83 114
83 128
83 129
83 146
84 0
84 4
84 7
84 8
84 9
84 10
84 11
84 12
84 15
84 20
84 21
84 31
84 32
84 35
84 38
84 41
84 42
84 44
84 45
84 49
84 50
84 52
84 54
84 56
84 57
84 59
84 61
84 66
84 72
84 76
84 77
84 79
84 81
84 83
84 85
84 86
84 88
84 89
84 90
84 92
84 95
84 96
84 97
84 98
84 99
84 104
84 107
84 108
84 110
84 111
84 113
84 114
84 115
84 118
84 119
84 125
84 126
84 127
84 130
84 131
84 133
84 134
84 139
84 142
84 143
84 144
84 146
84 147
84 148
84 151
85 0
85 2
85 4
85 6
85 7
85 8
85 10
85 11
85 12
85 13
85 15
85 16
85 17
85 18
85 21
85 22
85 24
85 25
85 28
85 29
85 30
85 32
85 34
85 35
85 36
85 37
85 38
85 39
85 40
85 41
85 42
85 44
85 45
85 47
85 48
85 49
85 50
85 51
85 52
85 54
85 56
85 57
85 58
85 59
85 61
85 63
85 64
85 65
85 67
85 68
85 72
85 74
85 75
85 76
85 77
85 79
85 81
85 82
85 84
85 86
85 87
85 88
85 89
85 90
85 91
85 92
85 94
85 95
85 96
85 97
85 99
85 100
85 101
85 102
85 104
85 106
85 107
85 108
85 109
85 110
85 111
85 114
85 115
85 116
85 117
85 118
85 119
85 120
85 124
85 126
85 127
85 130
85 134
85 136
85 137
85 138
85 139
85 140
85 141
85 142
85 143
85 144
85 146
85 147
85 148
85 151
86 0
86 1
86 2
86 4
86 5
86 8
86 9
86 13
86 14
86 17
86 18
86 19
86 21
86 25
86 28
86 30
86 33
86 38
86 40
86 42
86 44
86 47
86 50
86 52
86 57
86 60
86 63
86 64
86 66
86 67
86 68
86 71
86 72
86 75
86 80
86 81
86 84
86 85
86 89
86 95
86 98
86 101
86 104
86 107
86 110
86 111
86 112
86 125
86 127
86 134
86 145
87 0
87 1
87 4
87 7
87 8
87 15
87 18
87 21
87 24
87 32
87 35
87 44
87 45
87 52
87 57
87 64
87 72
87 73
87 76
87 77
87 85
87 88
87 89
87 90
87 96
87 97
87 106
87 110
87 111
87 112
87 114
87 119
87 124
87 127
87 130
87 132
87 136
87 139
87 146
88 0
88 1
88 4
88 8
88 9
88 10
88 11
88 14
88 15
88 17
88 19
88 21
88 26
88 28
88 29
88 34
88 38
88 41
88 42
88 44
88 45
88 46
88 50
88 51
88 52
88 53
88 57
88 59
88 60
88 63
88 64
88 65
88 66
88 72
88 73
88 76
88 77
88 78
88 79
88 81
88 83
88 84
88 85
88 87
88 89
88 90
88 91
88 95
88 96
88 97
88 100
88 101
88 102
88 103
88 109
88 110
88 111
88 112
88 114
88 119
88 122
88 125
88 126
88 127
88 132
88 133
88 134
88 135
88 137
88 139
88 142
88 147
88 150
89 3
89 7
89 11
89 13
89 17
89 18
89 19
89 21
89 24
89 28
89 29
89 31
89 32
89 33
89 35
89 36
89 37
89 38
89 39
89 40
89 41
89 44
89 45
89 46
89 47
89 48
89 49
89 50
89 51
89 52
89 54
89 57
89 58
89 65
89 66
89 67
89 68
89 70
89 73
89 74
89 75
89 81
89 84
89 85
89 86
89 87
89 88
89 91
89 92
89 93
89 94
89 96
89 99
89 102
89 105
89 106
89 107
89 109
89 110
89 111
89 112
89 113
89 114
89 116
89 118
89 120
89 123
89 126
89 127
89 128
89 129
89 130
89 131
89 132
89 135
89 137
89 138
89 140
89 141
89 142
89 143
89 144
89 145
89 146
89 147
89 148
89 149
89 151
90 6
90 8
90 11
90 14
90 17
90 19
90 21
90 24
90 31
90 32
90 35
90 45
90 52
90 57
90 58
90 61
90 65
90 74
90 84
90 85
90 87
90 88
90 97
90 104
90 106
90 107
90 110
90 111
90 114
90 116
90 117
90 118
90 119
90 120
90 124
90 126
90 127
90 130
90 132
90 133
90 134
90 138
90 141
90 145
90 148
90 149
90 150
91 0
91 3
91 8
91 10
91 13
91 14
91 16
91 18
91 19
91 20
91 21
91 26
91 28
91 32
91 35
91 36
91 37
91 38
91 40
91 41
91 42
91 44
91 45
91 46
91 50
91 51
91 52
91 53
91 57
91 58
91 59
91 60
91 63
91 64
91 65
91 66
91 67
91 68
91 72
91 73
91 75
91 76
91 77
91 80
91 81
91 83
91 85
91 88
91 89
91 94
91 95
91 98
91 99
91 100
91 103
91 107
91 108
91 111
91 112
91 123
91 125
91 126
91 128
92 0
92 1
92 14
92 17
92 19
92 21
92 26
92 27
92 40
92 42
92 44
92 46
92 47
92 49
92 51
92 52
92 57
92 64
92 65
92 66
92 70
92 71
92 72
92 73
92 76
92 77
92 78
92 80
92 84
92 85
92 89
92 94
92 96
92 97
92 109
92 111
92 121
92 125
92 130
92 131
92 142
92 146
93 2
93 3
93 7
93 8
93 13
93 14
93 16
93 19
93 21
93 26
93 32
93 37
93 40
93 41
93 42
93 44
93 45
93 52
93 57
93 58
93 59
93 64
93 65
93 68
93 69
93 71
93 72
93 73
93 76
93 77
93 81
93 83
93 89
93 94
93 97
93 104
93 105
93 109
93 111
93 114
93 134
94 0
94 1
94 4
94 8
94 11
94 13
94 14
94 17
94 18
94 19
94 21
94 23
94 27
94 30
94 33
94 35
94 37
94 39
94 40
94 41
94 43
94 44
94 45
94 46
94 50
94 52
94 53
94 57
94 64
94 65
94 66
94 67
94 68
94 69
94 70
94 72
94 73
94 75
94 76
94 78
94 80
94 83
94 85
94 89
94 91
94 92
94 93
94 95
94 96
94 97
94 100
94 101
94 102
94 105
94 111
94 112
94 113
94 121
94 123
94 124
94 127
94 128
94 129
94 134
94 142
94 150
94 151
95 0
95 1
95 10
95 11
95 14
95 16
95 17
95 18
95 19
95 21
95 26
95 28
95 30
95 32
95 34
95 35
95 36
95 40
95 41
95 44
95 45
95 46
95 49
95 50
95 51
95 52
95 53
95 56
95 57
95 59
95 60
95 62
95 63
95 64
95 65
95 68
95 69
95 70
95 72
95 75
95 76
95 77
95 79
95 80
95 81
95 83
95 84
95 85
95 86
95 88
95 91
95 94
95 96
95 102
95 106
95 109
95 111
95 126
95 128
95 130
95 134
95 136
95 139
95 147
96 0
96 4
96 6
96 10
96 11
96 12
96 13
96 14
96 16
96 17
96 18
96 21
96 23
96 24
96 25
96 26
96 28
96 29
96 30
96 32
96 33
96 34
96 35
96 37
96 41
96 43
96 44
96 45
96 46
96 47
96 49
96 50
96 52
96 53
96 54
96 55
96 57
96 63
96 64
96 65
96 66
96 68
96 69
96 70
96 71
96 72
96 73
96 74
96 75
96 76
96 77
96 80
96 82
96 84
96 85
96 87
96 88
96 89
96 92
96 94
96 95
96 97
96 98
96 100
96 102
96 104
96 105
96 106
96 107
96 108
96 109
96 111
96 113
96 114
96 115
96 117
96 119
96 120
96 121
96 123
96 124
96 125
96 126
96 127
96 129
96 130
96 131
96 132
96 133
96 134
96 136
96 140
96 141
96 142
96 144
96 145
96 146
96 147
96 148
96 149
96 150
96 151
97 0
97 1
97 3
97 6
97 7
97 11
97 12
97 14
97 16
97 17
97 19
97 21
97 23
97 25
97 26
97 32
97 33
97 35
97 37
97 38
97 39
97 41
97 42
97 44
97 45
97 46
97 47
97 49
97 50
97 52
97 53
97 55
97 56
97 57
97 58
97 59
97 61
97 62
97 63
97 64
97 65
97 66
97 67
97 68
97 70
97 71
97 72
97 73
97 76
97 77
97 78
97 81
97 83
97 84
97 85
97 87
97 88
97 90
97 92
97 93
97 94
97 96
97 100
97 101
97 104
97 107
97 109
97 111
97 114
97 119
97 120
97 121
97 123
97 125
97 127
97 128
97 132
97 134
97 136
97 142
97 144
97 145
97 146
97 147
97 148
97 149
97 150
98 6
98 7
98 17
98 18
98 28
98 30
98 39
98 40
98 44
98 45
98 49
98 50
98 52
98 54
98 57
98 58
98 59
98 60
98 64
98 67
98 77
98 80
98 81
98 84
98 86
98 91
98 96
98 106
98 109
98 110
98 111
98 112
98 114
98 117
98 118
98 119
98 120
98 125
98 127
98 130
98 132
98 133
98 137
98 140
98 146
99 0
99 1
99 4
99 5
99 7
99 8
99 10
99 14
99 15
99 16
99 17
99 18
99 21
99 22
99 25
99 30
99 32
99 34
99 35
99 41
99 45
99 47
99 48
99 49
99 50
99 51
99 52
99 53
99 57
99 63
99 70
99 72
99 84
99 85
99 89
99 91
99 101
99 107
99 109
99 115
99 118
99 120
99 127
99 130
99 137
99 138
99 141
99 143
99 145
99 150
100 0
100 1
100 4
100 6
100 11
100 14
100 17
100 18
100 19
100 20
100 21
100 26
100 32
100 35
100 44
100 46
100 49
100 50
100 52
100 57
100 58
100 59
100 61
100 64
100 65
100 67
100 72
100 75
100 76
100 77
100 78
100 79
100 81
100 85
100 88
100 91
100 94
100 96
100 97
100 101
100 102
100 111
100 112
100 113
100 114
100 119
100 121
100 124
100 125
100 126
100 127
100 131
100 137
100 142
100 148
100 151
101 4
101 5
101 8
101 9
101 14
101 16
101 17
101 19
101 20
101 21
101 22
101 26
101 30
101 34
101 35
101 38
101 41
101 48
101 50
101 52
101 57
101 58
101 59
101 60
101 63
101 66
101 68
101 69
101 71
101 72
101 81
101 85
101 86
101 88
101 94
101 97
101 99
101 100
101 111
101 120
102 0
102 1
102 4
102 5
102 8
102 9
102 11
102 16
102 17
102 19
102 20
102 21
102 22
102 25
102 26
102 30
102 35
102 38
102 39
102 40
102 44
102 46
102 47
102 49
102 50
102 51
102 52
102 57
102 58
102 59
102 64
102 65
102 71
102 73
102 76
102 77
102 80
102 81
102 83
102 85
102 88
102 89
102 94
102 95
102 96
102 100
102 107
102 109
102 111
102 112
102 119
102 125
102 130
102 132
102 135
103 0
103 8
103 11
103 15
103 32
103 35
103 52
103 57
103 58
103 63
103 64
103 65
103 67
103 68
103 72
103 74
103 77
103 80
103 81
103 88
103 91
103 111
103 112
103 118
103 119
103 120
103 127
103 130
103 133
103 146
104 0
104 1
104 2
104 4
104 8
104 15
104 16
104 17
104 21
104 24
104 33
104 35
104 40
104 43
104 46
104 52
104 53
104 55
104 57
104 60
104 61
104 63
104 64
104 66
104 67
104 68
104 71
104 72
104 73
104 74
104 76
104 77
104 82
104 84
104 85
104 86
104 90
104 93
104 96
104 97
104 105
104 111
104 112
104 113
104 114
104 115
104 118
104 119
104 120
104 121
104 127
104 133
104 134
104 136
104 139
104 140
104 149
105 1
105 2
105 3
105 8
105 10
105 11
105 14
105 17
105 19
105 21
105 26
105 27
105 33
105 35
105 40
105 41
105 44
105 45
105 49
105 50
105 52
105 57
105 58
105 64
105 66
105 69
105 70
105 72
105 73
105 75
105 76
105 77
105 80
105 82
105 83
105 89
105 93
105 94
105 96
105 104
105 113
105 114
105 121
105 122
105 126
105 134
106 0
106 1
106 4
106 8
106 10
106 11
106 15
106 16
106 17
106 19
106 21
106 24
106 27
106 29
106 35
106 41
106 44
106 45
106 47
106 48
106 52
106 53
106 57
106 59
106 60
106 65
106 68
106 72
106 73
106 74
106 75
106 77
106 85
106 87
106 89
106 90
106 95
106 96
106 98
106 107
106 111
106 113
106 114
106 119
106 120
106 124
106 127
106 130
106 131
106 132
106 134
106 136
106 137
106 140
106 141
106 144
106 145
106 147
107 0
107 1
107 5
107 10
107 11
107 13
107 14
107 17
107 18
107 19
107 20
107 21
107 24
107 32
107 38
107 40
107 41
107 44
107 45
107 46
107 49
107 51
107 52
107 54
107 55
107 57
107 62
107 63
107 64
107 66
107 67
107 68
107 70
107 71
107 72
107 76
107 77
107 78
107 80
107 83
107 84
107 85
107 86
107 89
107 90
107 91
107 96
107 97
107 99
107 102
107 106
107 108
107 109
107 110
107 111
107 113
107 114
107 119
107 121
107 125
107 127
107 129
107 130
107 131
107 137
107 139
107 142
107 144
107 146
107 150
107 151
108 0
108 1
108 12
108 14
108 17
108 19
108 20
108 21
108 22
108 26
108 32
108 35
108 36
108 40
108 41
108 42
108 44
108 45
108 49
108 52
108 56
108 57
108 58
108 59
108 60
108 63
108 64
108 65
108 67
108 72
108 75
108 76
108 77
108 80
108 81
108 83
108 84
108 85
108 91
108 96
108 107
108 111
108 112
108 114
108 119
108 125
108 126
108 130
108 133
108 137
109 1
109 4
109 5
109 8
109 10
109 11
109 12
109 14
109 15
109 18
109 19
109 20
109 21
109 27
109 29
109 30
109 36
109 38
109 41
109 44
109 45
109 52
109 53
109 57
109 59
109 62
109 63
109 64
109 65
109 67
109 69
109 72
109 76
109 77
109 78
109 79
109 83
109 85
109 88
109 89
109 92
109 93
109 95
109 96
109 97
109 98
109 99
109 102
109 107
109 110
109 111
109 112
109 113
109 114
109 115
109 116
109 119
109 123
109 125
109 126
109 130
109 131
109 132
109 134
109 135
109 136
109 137
109 138
109 140
109 141
109 143
109 144
109 145
109 146
109 147
109 151
110 0
110 1
110 4
110 8
110 9
110 17
110 32
110 35
110 36
110 38
110 39
110 40
110 44
110 45
110 50
110 57
110 61
110 68
110 72
110 76
110 77
110 80
110 84
110 85
110 86
110 87
110 88
110 89
110 90
110 98
110 107
110 109
110 111
110 112
110 114
110 116
110 118
110 120
110 126
110 130
110 132
110 133
110 137
110 144
110 151
111 0
111 1
111 3
111 4
111 7
111 8
111 9
111 10
111 11
111 12
111 13
111 14
111 15
111 16
111 17
111 18
111 19
111 20
111 21
111 22
111 23
111 24
111 26
111 27
111 28
111 29
111 30
111 31
111 32
111 35
111 36
111 37
111 38
111 39
111 41
111 42
111 43
111 44
111 45
111 46
111 48
111 49
111 50
111 52
111 53
111 54
111 55
111 57
111 58
111 61
111 64
111 65
111 66
111 67
111 68
111 69
111 70
111 72
111 73
111 74
111 76
111 77
111 78
111 79
111 80
111 81
111 82
111 84
111 85
111 86
111 87
111 88
111 89
111 90
111 91
111 92
111 93
111 94
111 95
111 96
111 97
111 98
111 100
111 101
111 102
111 103
111 104
111 106
111 107
111 108
111 109
111 110
111 112
111 113
111 115
111 116
111 117
111 118
111 119
111 120
111 121
111 122
111 123
111 124
111 126
111 127
111 130
111 131
111 132
111 133
111 134
111 135
111 136
111 137
111 138
111 139
111 140
111 141
111 142
111 143
111 144
111 145
111 146
111 147
111 148
111 150
111 151
112 0
112 4
112 6
112 7
112 8
112 10
112 11
112 12
112 13
112 15
112 17
112 18
112 19
112 21
112 22
112 23
112 24
112 27
112 28
112 31
112 33
112 35
112 37
112 39
112 43
112 44
112 45
112 48
112 49
112 50
112 52
112 53
112 57
112 58
112 59
112 64
112 65
112 66
112 67
112 68
112 72
112 73
112 76
112 77
112 78
112 79
112 80
112 81
112 83
112 86
112 87
112 88
112 89
112 91
112 94
112 98
112 100
112 102
112 103
112 104
112 108
112 109
112 110
112 111
112 113
112 114
112 116
112 118
112 119
112 120
112 121
112 122
112 123
112 124
112 125
112 126
112 127
112 130
112 132
112 133
112 134
112 135
112 137
112 139
112 140
112 142
112 144
112 145
112 146
112 147
112 149
112 150
113 0
113 1
113 4
113 10
113 14
113 18
113 19
113 21
113 24
113 26
113 35
113 38
113 39
113 40
113 43
113 44
113 52
113 53
113 57
113 59
113 62
113 64
113 65
113 66
113 67
113 69
113 70
113 72
113 73
113 76
113 77
113 78
113 80
113 81
113 82
113 84
113 89
113 94
113 96
113 100
113 104
113 105
113 106
113 107
113 109
113 111
113 112
113 119
113 121
113 123
113 125
113 129
113 130
113 134
113 142
113 151
114 0
114 1
114 3
114 4
114 9
114 11
114 12
114 13
114 14
114 15
114 17
114 21
114 31
114 32
114 33
114 35
114 39
114 40
114 43
114 44
114 50
114 53
114 57
114 58
114 59
114 60
114 61
114 64
114 65
114 67
114 68
114 69
114 70
114 71
114 72
114 73
114 77
114 80
114 81
114 82
114 83
114 84
114 85
114 87
114 88
114 89
114 90
114 93
114 96
114 97
114 98
114 100
114 104
114 105
114 106
114 107
114 108
114 109
114 110
114 112
114 117
114 119
114 120
114 122
114 127
114 129
114 130
114 131
114 132
114 133
114 134
114 137
114 144
114 145
114 150
115 0
115 1
115 4
115 5
115 7
115 8
115 9
115 13
115 15
115 16
115 21
115 35
115 44
115 45
115 48
115 49
115 52
115 55
115 57
115 58
115 65
115 68
115 72
115 73
115 81
115 84
115 85
115 96
115 99
115 104
115 109
115 111
115 117
115 118
115 119
115 120
115 127
115 130
115 137
115 140
115 141
116 0
116 4
116 6
116 8
116 11
116 12
116 15
116 19
116 21
116 24
116 35
116 44
116 45
116 57
116 58
116 72
116 73
116 85
116 89
116 90
116 109
116 110
116 111
116 112
116 117
116 118
116 119
116 120
116 124
116 132
116 138
116 141
116 144
116 145
116 146
116 148
117 0
117 6
117 7
117 8
117 15
117 16
117 17
117 19
117 24
117 30
117 35
117 45
117 48
117 52
117 55
117 57
117 72
117 74
117 81
117 85
117 90
117 96
117 98
117 111
117 114
117 115
117 116
117 118
117 119
117 120
117 124
117 130
117 131
117 132
117 138
117 140
117 141
117 145
117 146
117 150
118 0
118 1
118 6
118 8
118 12
118 15
118 19
118 21
118 24
118 31
118 32
118 35
118 36
118 44
118 48
118 49
118 54
118 57
118 58
118 64
118 72
118 74
118 81
118 84
118 85
118 89
118 90
118 98
118 99
118 103
118 104
118 110
118 111
118 112
118 115
118 116
118 117
118 119
118 120
118 124
118 127
118 130
118 132
118 138
118 139
118 140
118 141
118 144
118 145
118 146
118 148
118 149
118 150
119 0
119 4
119 6
119 7
119 8
119 11
119 12
119 14
119 15
119 17
119 19
119 21
119 24
119 27
119 29
119 31
119 35
119 41
119 45
119 46
119 49
119 55
119 57
119 59
119 61
119 64
119 65
119 67
119 72
119 73
119 81
119 84
119 85
119 87
119 88
119 90
119 96
119 97
119 98
119 100
119 102
119 103
119 104
119 106
119 107
119 108
119 109
119 111
119 112
119 113
119 114
119 115
119 116
119 117
119 118
119 120
119 124
119 125
119 127
119 130
119 132
119 133
119 135
119 137
119 140
119 141
119 143
119 144
119 145
119 146
119 148
119 149
119 151
120 1
120 4
120 6
120 8
120 11
120 12
120 15
120 16
120 17
120 19
120 20
120 21
120 24
120 25
120 26
120 27
120 30
120 31
120 32
120 35
120 36
120 38
120 41
120 42
120 45
120 48
120 49
120 54
120 55
120 57
120 58
120 65
120 69
120 70
120 72
120 73
120 74
120 85
120 89
120 90
120 96
120 97
120 98
120 99
120 101
120 103
120 104
120 106
120 110
120 111
120 112
120 114
120 115
120 116
120 117
120 118
120 119
120 124
120 127
120 130
120 131
120 132
120 133
120 135
120 136
120 137
120 138
120 139
120 140
120 141
120 143
120 144
120 145
120 146
120 147
120 149
120 150
121 0
121 1
121 14
121 17
121 19
121 21
121 26
121 30
121 35
121 40
121 44
121 45
121 52
121 57
121 65
121 66
121 67
121 68
121 70
121 72
121 76
121 77
121 78
121 80
121 81
121 92
121 94
121 96
121 97
121 100
121 104
121 105
121 107
121 111
121 112
121 113
121 125
121 134
122 2
122 8
122 17
122 18
122 19
122 26
122 40
122 41
122 44
122 49
122 52
122 53
122 57
122 58
122 64
122 65
122 67
122 68
122 71
122 72
122 73
122 76
122 77
122 80
122 81
122 82
122 88
122 105
122 111
122 112
122 114
123 14
123 19
123 21
123 35
123 40
123 41
123 44
123 45
123 50
123 52
123 53
123 57
123 65
123 66
123 68
123 72
123 73
123 76
123 77
123 78
123 80
123 89
123 91
123 94
123 96
123 97
123 109
123 111
123 112
123 113
124 0
124 1
124 4
124 8
124 10
124 11
124 12
124 14
124 15
124 16
124 17
124 21
124 24
124 30
124 32
124 35
124 40
124 41
124 44
124 45
124 47
124 50
124 52
124 57
124 59
124 65
124 66
124 68
124 72
124 73
124 74
124 75
124 81
124 85
124 87
124 90
124 94
124 96
124 100
124 106
124 111
124 112
124 116
124 117
124 118
124 119
124 120
124 126
124 127
124 137
124 138
124 140
124 141
124 143
124 145
125 1
125 7
125 8
125 11
125 14
125 17
125 19
125 21
125 28
125 32
125 35
125 40
125 42
125 44
125 57
125 59
125 64
125 65
125 66
125 67
125 68
125 69
125 71
125 72
125 78
125 79
125 84
125 86
125 88
125 91
125 92
125 96
125 97
125 98
125 100
125 102
125 107
125 108
125 109
125 112
125 113
125 119
125 121
125 126
125 130
125 133
125 134
125 139
125 142
125 146
125 147
126 0
126 4
126 8
126 11
126 12
126 13
126 17
126 18
126 20
126 21
126 22
126 26
126 27
126 28
126 38
126 41
126 42
126 44
126 45
126 51
126 52
126 57
126 59
126 60
126 61
126 64
126 66
126 67
126 69
126 70
126 72
126 73
126 75
126 77
126 78
126 79
126 84
126 85
126 88
126 89
126 90
126 91
126 95
126 96
126 100
126 105
126 108
126 109
126 110
126 111
126 112
126 124
126 125
126 127
126 128
126 130
126 131
126 132
126 133
126 134
126 135
126 136
126 140
126 141
126 145
126 146
126 147
127 0
127 1
127 4
127 6
127 9
127 11
127 12
127 15
127 21
127 24
127 27
127 28
127 29
127 30
127 35
127 39
127 40
127 41
127 44
127 45
127 49
127 52
127 54
127 57
127 58
127 59
127 65
127 67
127 72
127 73
127 74
127 77
127 80
127 84
127 85
127 86
127 87
127 88
127 89
127 90
127 94
127 96
127 97
127 98
127 99
127 100
127 103
127 104
127 106
127 107
127 111
127 112
127 114
127 115
127 118
127 119
127 120
127 124
127 126
127 130
127 131
127 132
127 133
127 135
127 136
127 137
127 138
127 139
127 140
127 144
127 145
127 146
127 147
127 148
127 149
128 1
128 8
128 10
128 13
128 14
128 17
128 18
128 19
128 21
128 26
128 33
128 35
128 36
128 40
128 42
128 44
128 49
128 50
128 52
128 56
128 57
128 59
128 60
128 64
128 65
128 67
128 68
128 72
128 73
128 76
128 77
128 80
128 81
128 83
128 89
128 91
128 94
128 95
128 97
128 126
129 1
129 8
129 10
129 11
129 13
129 14
129 17
129 19
129 21
129 26
129 32
129 33
129 40
129 41
129 43
129 44
129 45
129 50
129 52
129 56
129 57
129 65
129 68
129 70
129 72
129 73
129 76
129 77
129 83
129 89
129 94
129 96
129 107
129 113
129 114
130 0
130 1
130 4
130 7
130 8
130 9
130 10
130 11
130 15
130 17
130 18
130 21
130 24
130 27
130 28
130 31
130 32
130 35
130 36
130 37
130 41
130 44
130 45
130 46
130 48
130 49
130 50
130 52
130 54
130 55
130 57
130 59
130 61
130 62
130 64
130 65
130 67
130 71
130 72
130 73
130 75
130 76
130 77
130 79
130 84
130 85
130 87
130 89
130 90
130 92
130 95
130 96
130 98
130 99
130 102
130 103
130 106
130 107
130 108
130 109
130 110
130 111
130 112
130 113
130 114
130 115
130 117
130 118
130 119
130 120
130 125
130 126
130 127
130 131
130 132
130 133
130 134
130 135
130 136
130 138
130 139
130 140
130 142
130 145
130 147
130 149
130 151
131 0
131 6
131 7
131 8
131 9
131 11
131 15
131 17
131 19
131 20
131 21
131 28
131 32
131 44
131 45
131 48
131 49
131 51
131 55
131 57
131 61
131 64
131 65
131 72
131 76
131 81
131 84
131 89
131 92
131 96
131 100
131 106
131 107
131 109
131 111
131 114
131 117
131 120
131 126
131 127
131 130
131 132
131 134
131 136
131 137
131 139
131 140
131 144
131 145
131 148
131 150
131 151
132 0
132 1
132 8
132 11
132 12
132 15
132 17
132 28
132 35
132 38
132 45
132 50
132 55
132 57
132 64
132 72
132 87
132 88
132 89
132 90
132 96
132 97
132 98
132 102
132 106
132 109
132 110
132 111
132 112
132 114
132 116
132 117
132 118
132 119
132 120
132 126
132 127
132 130
132 131
132 134
132 135
132 137
132 138
132 140
132 146
132 147
133 0
133 1
133 6
133 8
133 11
133 14
133 15
133 28
133 32
133 35
133 44
133 45
133 50
133 52
133 57
133 59
133 64
133 65
133 67
133 72
133 77
133 79
133 84
133 88
133 90
133 96
133 98
133 103
133 104
133 108
133 110
133 111
133 112
133 114
133 119
133 120
133 125
133 126
133 127
133 130
133 134
133 135
133 140
134 0
134 9
134 10
134 11
134 12
134 17
134 21
134 26
134 35
134 41
134 44
134 45
134 46
134 49
134 50
134 52
134 57
134 64
134 65
134 66
134 70
134 75
134 77
134 80
134 81
134 84
134 85
134 86
134 88
134 90
134 93
134 94
134 95
134 96
134 97
134 104
134 105
134 106
134 109
134 111
134 112
134 113
134 114
134 121
134 125
134 126
134 130
134 131
134 132
134 133
135 0
135 4
135 11
135 15
135 27
135 28
135 35
135 44
135 52
135 57
135 65
135 73
135 77
135 88
135 89
135 102
135 109
135 111
135 112
135 119
135 120
135 126
135 127
135 130
135 132
135 133
135 140
135 145
135 146
135 147
136 0
136 1
136 4
136 11
136 15
136 21
136 28
136 35
136 41
136 44
136 45
136 57
136 61
136 64
136 72
136 76
136 77
136 79
136 85
136 87
136 95
136 96
136 97
136 104
136 106
136 109
136 111
136 120
136 126
136 127
136 130
136 131
136 139
137 0
137 6
137 7
137 8
137 15
137 19
137 21
137 29
137 30
137 32
137 35
137 38
137 44
137 45
137 49
137 54
137 55
137 57
137 61
137 64
137 65
137 74
137 76
137 77
137 81
137 85
137 88
137 89
137 98
137 99
137 100
137 106
137 107
137 108
137 109
137 110
137 111
137 112
137 114
137 115
137 119
137 120
137 124
137 127
137 131
137 132
137 138
137 140
137 143
137 144
137 145
137 146
137 148
137 149
137 150
138 4
138 6
138 7
138 8
138 11
138 15
138 16
138 17
138 21
138 24
138 31
138 32
138 35
138 36
138 39
138 48
138 49
138 52
138 54
138 57
138 58
138 72
138 74
138 85
138 89
138 90
138 99
138 109
138 111
138 116
138 117
138 118
138 120
138 124
138 127
138 130
138 132
138 137
138 140
138 141
138 143
138 145
138 146
138 148
138 149
139 0
139 1
139 4
139 8
139 11
139 14
139 15
139 17
139 19
139 21
139 32
139 35
139 40
139 44
139 56
139 57
139 70
139 72
139 76
139 77
139 79
139 84
139 85
139 87
139 88
139 95
139 104
139 107
139 111
139 112
139 118
139 120
139 125
139 127
139 130
139 131
139 136
139 144
139 151
140 6
140 8
140 15
140 17
140 21
140 29
140 44
140 48
140 49
140 54
140 57
140 58
140 65
140 72
140 73
140 77
140 85
140 89
140 96
140 98
140 104
140 106
140 109
140 111
140 112
140 115
140 117
140 118
140 119
140 120
140 124
140 126
140 127
140 130
140 131
140 132
140 133
140 135
140 137
140 138
140 141
140 146
140 147
140 148
141 4
141 6
141 8
141 15
141 24
141 35
141 45
141 49
141 52
141 57
141 64
141 65
141 72
141 74
141 85
141 89
141 90
141 96
141 99
141 106
141 109
141 111
141 115
141 116
141 117
141 118
141 119
141 120
141 124
141 126
141 138
141 140
141 145
141 146
141 147
141 148
141 149
141 150
142 0
142 1
142 14
142 19
142 21
142 26
142 32
142 35
142 40
142 44
142 45
142 46
142 49
142 52
142 56
142 57
142 64
142 65
142 70
142 71
142 72
142 76
142 77
142 82
142 84
142 85
142 88
142 89
142 92
142 94
142 96
142 97
142 100
142 107
142 111
142 112
142 113
142 125
142 130
143 1
143 4
143 6
143 7
143 8
143 11
143 12
143 13
143 15
143 16
143 17
143 20
143 21
143 31
143 36
143 41
143 44
143 48
143 49
143 54
143 55
143 57
143 59
143 72
143 81
143 84
143 85
143 89
143 99
143 109
143 111
143 119
143 120
143 124
143 137
143 138
143 145
143 146
143 148
144 0
144 4
144 8
144 15
144 17
144 21
144 35
144 40
144 44
144 50
144 52
144 57
144 72
144 76
144 77
144 84
144 85
144 89
144 96
144 97
144 106
144 107
144 109
144 110
144 111
144 112
144 114
144 116
144 118
144 119
144 120
144 127
144 131
144 137
144 139
145 0
145 4
145 6
145 7
145 8
145 10
145 11
145 12
145 15
145 16
145 17
145 20
145 21
145 27
145 28
145 29
145 30
145 35
145 41
145 44
145 45
145 47
145 50
145 51
145 52
145 53
145 57
145 60
145 65
145 72
145 74
145 75
145 81
145 86
145 89
145 90
145 96
145 97
145 99
145 106
145 109
145 111
145 112
145 114
145 116
145 117
145 118
145 119
145 120
145 124
145 126
145 127
145 130
145 131
145 135
145 137
145 138
145 141
145 143
145 146
146 1
146 4
146 6
146 8
146 11
146 12
146 13
146 15
146 16
146 17
146 20
146 21
146 28
146 29
146 30
146 31
146 32
146 35
146 39
146 40
146 41
146 42
146 44
146 48
146 49
146 51
146 52
146 56
146 57
146 59
146 64
146 65
146 69
146 72
146 73
146 74
146 76
146 77
146 80
146 81
146 83
146 84
146 85
146 87
146 89
146 92
146 96
146 97
146 98
146 103
146 107
146 109
146 111
146 112
146 116
146 117
146 118
146 119
146 120
146 125
146 126
146 127
146 132
146 135
146 137
146 138
146 140
146 141
146 143
146 145
146 148
146 150
147 0
147 4
147 8
147 10
147 14
147 15
147 17
147 21
147 29
147 35
147 36
147 44
147 45
147 52
147 53
147 57
147 64
147 65
147 72
147 74
147 76
147 77
147 78
147 84
147 85
147 88
147 89
147 95
147 96
147 97
147 106
147 109
147 111
147 112
147 120
147 125
147 126
147 127
147 130
147 132
147 135
147 140
147 141
148 0
148 1
148 4
148 6
148 8
148 12
148 15
148 16
148 17
148 20
148 21
148 30
148 32
148 35
148 38
148 48
148 49
148 55
148 57
148 72
148 74
148 84
148 85
148 89
148 90
148 96
148 97
148 100
148 111
148 116
148 118
148 119
148 127
148 131
148 137
148 138
148 140
148 141
148 143
148 146
148 149
148 150
149 0
149 8
149 11
149 15
149 19
149 21
149 35
149 41
149 44
149 49
149 52
149 57
149 64
149 65
149 72
149 74
149 81
149 89
149 90
149 96
149 97
149 104
149 112
149 118
149 119
149 120
149 127
149 130
149 137
149 138
149 141
149 148
150 1
150 4
150 6
150 8
150 11
150 15
150 17
150 20
150 21
150 25
150 30
150 32
150 35
150 38
150 41
150 42
150 49
150 52
150 53
150 55
150 57
150 59
150 60
150 64
150 72
150 81
150 88
150 90
150 94
150 96
150 97
150 99
150 107
150 111
150 112
150 114
150 117
150 118
150 120
150 131
150 137
150 141
150 146
150 148
151 0
151 1
151 4
151 8
151 9
151 10
151 11
151 14
151 17
151 18
151 19
151 20
151 21
151 22
151 25
151 26
151 32
151 35
151 36
151 38
151 40
151 41
151 44
151 45
151 49
151 50
151 55
151 57
151 58
151 59
151 62
151 64
151 70
151 71
151 72
151 73
151 77
151 81
151 84
151 85
151 89
151 94
151 96
151 100
151 107
151 109
151 110
151 111
151 113
151 119
151 130
151 131
151 139

8
116
193
394
431
661
676
698
702
719
746
758
807
895
909
1038
1054
1066
1189
1197
1261
1427
1481
1505
1558
1677
1817
1834
1902
1961
1962
1970
1971
2029
2044
2056
2059
2069
2073
2074
2102
2109
2134
2135
2137
2138
2165
2179
2188
2204
2216
2273
2283
2307
2313
2329
2335
2356
2367
2376
2383
2405
2408
2410
2436
2438
2439
2442
2445
2451
2458
2469
2471
2476
2479
2480
2483
2494
2506
2520
2521
2562
2585
2604
2620
2632
2657
2685
2707
2715
2720
2751
2753
2755
2756
2770
2772
2774
2778
2780
2823
2828
2854
2860
2877
2881
2919
2983
2985
3001
3012
3064
3102
3112
3137
3140
3144
3149
3150
3151
3153
3175
3204
3216
3222
3226
3245
3251
3258
3265
3290
3304
3308
3317
3322
3332
3333
3443
3449
3465
3466
3498
3537
3601
3629
3722
3782
3840
3903
4106
4804
7110
