106 5756 28
0 6
0 10
0 11
0 12
0 14
0 16
0 18
0 21
0 27
0 30
0 32
0 34
0 36
0 38
0 40
0 41
0 43
0 45
0 49
0 55
0 56
0 61
0 62
0 64
0 66
0 69
0 70
0 71
0 72
0 73
0 74
0 75
0 77
0 78
0 79
0 81
0 82
0 83
0 84
0 85
0 87
0 90
0 92
0 93
0 96
0 97
0 98
0 99
0 100
0 101
0 102
0 104
0 105
1 2
1 3
1 6
1 7
1 9
1 10
1 12
1 14
1 15
1 16
1 17
1 18
1 19
1 20
1 21
1 29
1 30
1 31
1 32
1 35
1 36
1 38
1 40
1 41
1 42
1 43
1 44
1 45
1 46
1 47
1 51
1 52
1 53
1 57
1 63
1 64
1 67
1 69
1 70
1 72
1 73
1 74
1 75
1 76
1 78
1 79
1 80
1 81
1 83
1 84
1 87
1 90
1 91
1 93
1 94
1 96
1 101
1 103
1 105
2 1
2 4
2 7
2 8
2 9
2 10
2 11
2 12
2 13
2 16
2 17
2 18
2 22
2 23
2 26
2 32
2 34
2 35
2 36
2 42
2 43
2 45
2 46
2 49
2 50
2 51
2 53
2 54
2 58
2 62
2 63
2 68
2 75
2 76
2 88
3 1
3 4
3 6
3 7
3 8
3 9
3 10
3 12
3 13
3 14
3 23
3 24
3 26
3 30
3 31
3 32
3 35
3 36
3 39
3 42
3 43
3 44
3 46
3 49
3 50
3 51
3 54
3 58
3 60
3 65
3 66
3 68
3 72
3 76
3 81
3 84
4 2
4 3
4 6
4 7
4 9
4 11
4 13
4 14
4 15
4 16
4 17
4 18
4 19
4 20
4 21
4 22
4 23
4 25
4 27
4 28
4 29
4 31
4 32
4 33
4 34
4 35
4 36
4 37
4 39
4 40
4 41
4 43
4 44
4 46
4 47
4 48
4 51
4 52
4 53
4 54
4 57
4 58
4 59
4 61
4 62
4 63
4 64
4 66
4 68
4 69
4 74
4 75
4 76
4 77
4 80
4 81
4 82
4 85
4 86
4 88
4 90
4 91
4 92
4 94
4 95
4 96
4 97
4 100
4 102
4 103
4 104
4 105
5 6
5 7
5 9
5 10
5 11
5 12
5 14
5 17
5 19
5 22
5 23
5 24
5 27
5 30
5 32
5 33
5 35
5 36
5 43
5 44
5 46
5 48
5 51
5 57
5 58
5 61
5 62
5 64
5 66
5 70
5 71
5 77
5 78
5 80
5 81
5 82
5 83
5 90
5 94
5 95
5 96
5 99
5 102
5 105
6 0
6 1
6 3
6 4
6 5
6 9
6 11
6 12
6 13
6 14
6 15
6 16
6 17
6 18
6 19
6 22
6 23
6 26
6 27
6 28
6 29
6 30
6 32
6 36
6 37
6 38
6 40
6 41
6 42
6 43
6 44
6 46
6 47
6 48
6 49
6 50
6 53
6 54
6 56
6 58
6 60
6 61
6 62
6 64
6 65
6 69
6 70
6 71
6 72
6 73
6 74
6 76
6 77
6 78
6 80
6 81
6 82
6 84
6 85
6 86
6 90
6 91
6 92
6 93
6 95
6 96
6 97
6 98
6 99
6 102
6 103
6 105
7 1
7 2
7 3
7 4
7 5
7 8
7 9
7 10
7 12
7 13
7 16
7 17
7 18
7 22
7 26
7 27
7 28
7 29
7 30
7 32
7 36
7 37
7 39
7 42
7 44
7 45
7 47
7 50
7 52
7 53
7 57
7 58
7 62
7 63
7 65
7 66
7 68
7 69
7 71
7 78
7 81
7 82
7 84
7 92
7 94
7 95
7 103
8 2
8 3
8 7
8 9
8 10
8 11
8 12
8 14
8 15
8 16
8 17
8 18
8 19
8 20
8 21
8 22
8 23
8 24
8 25
8 27
8 28
8 30
8 31
8 32
8 33
8 34
8 35
8 36
8 37
8 38
8 39
8 40
8 41
8 42
8 43
8 44
8 45
8 46
8 47
8 48
8 49
8 51
8 52
8 53
8 54
8 55
8 56
8 57
8 59
8 63
8 64
8 66
8 67
8 68
8 69
8 70
8 71
8 72
8 73
8 76
8 78
8 79
8 80
8 81
8 83
8 84
8 85
8 87
8 89
8 90
8 91
8 94
8 95
8 98
8 101
8 104
8 105
9 1
9 2
9 3
9 4
9 5
9 6
9 7
9 8
9 10
9 11
9 12
9 13
9 14
9 15
9 16
9 17
9 18
9 20
9 21
9 22
9 23
9 24
9 25
9 26
9 27
9 28
9 29
9 30
9 31
9 32
9 33
9 34
9 35
9 36
9 37
9 39
9 40
9 41
9 42
9 43
9 44
9 46
9 48
9 49
9 50
9 51
9 53
9 54
9 57
9 58
9 59
9 60
9 62
9 63
9 64
9 65
9 67
9 69
9 70
9 71
9 72
9 73
9 74
9 75
9 76
9 77
9 78
9 79
9 81
9 82
9 84
9 85
9 86
9 87
9 88
9 90
9 91
9 92
9 94
9 95
9 96
9 97
9 99
9 102
9 103
9 104
9 105
10 0
10 1
10 2
10 3
10 5
10 7
10 8
10 9
10 11
10 12
10 13
10 15
10 16
10 18
10 20
10 22
10 23
10 24
10 26
10 27
10 29
10 30
10 31
10 33
10 34
10 35
10 36
10 37
10 38
10 39
10 42
10 43
10 44
10 45
10 48
10 49
10 50
10 52
10 53
10 54
10 55
10 57
10 58
10 62
10 63
10 65
10 66
10 69
10 70
10 71
10 73
10 78
10 80
10 81
10 82
10 83
10 88
10 92
10 94
10 96
10 105
11 0
11 2
11 4
11 5
11 6
11 8
11 9
11 10
11 15
11 17
11 18
11 19
11 20
11 21
11 22
11 23
11 24
11 25
11 30
11 31
11 32
11 33
11 35
11 36
11 37
11 39
11 40
11 41
11 42
11 44
11 45
11 47
11 48
11 49
11 50
11 51
11 52
11 53
11 54
11 55
11 56
11 57
11 59
11 63
11 64
11 65
11 66
11 67
11 68
11 69
11 70
11 72
11 73
11 74
11 76
11 77
11 78
11 79
11 80
11 81
11 82
11 83
11 85
11 87
11 88
11 89
11 91
11 94
11 95
11 101
11 105
12 0
12 1
12 2
12 3
12 5
12 6
12 7
12 8
12 9
12 10
12 13
12 14
12 15
12 16
12 17
12 18
12 19
12 20
12 21
12 22
12 23
12 24
12 25
12 26
12 27
12 28
12 29
12 30
12 31
12 32
12 33
12 34
12 35
12 36
12 37
12 38
12 39
12 40
12 41
12 42
12 43
12 44
12 45
12 46
12 47
12 48
12 49
12 50
12 51
12 52
12 53
12 54
12 55
12 56
12 57
12 58
12 59
12 60
12 61
12 62
12 63
12 64
12 65
12 66
12 67
12 68
12 69
12 70
12 71
12 72
12 73
12 74
12 75
12 76
12 77
12 78
12 79
12 80
12 81
12 82
12 83
12 84
12 85
12 86
12 87
12 89
12 90
12 91
12 92
12 93
12 94
12 95
12 96
12 97
12 99
12 100
12 101
12 102
12 103
12 104
12 105
13 2
13 3
13 4
13 6
13 7
13 9
13 10
13 12
13 15
13 17
13 19
13 20
13 22
13 23
13 24
13 25
13 28
13 29
13 31
13 32
13 33
13 34
13 35
13 37
13 38
13 39
13 40
13 41
13 42
13 43
13 44
13 45
13 46
13 47
13 48
13 49
13 51
13 52
13 53
13 56
13 57
13 59
13 64
13 66
13 67
13 68
13 70
13 71
13 72
13 73
13 74
13 76
13 79
13 81
13 83
13 87
13 88
13 92
13 94
13 99
13 101
13 105
14 0
14 1
14 3
14 4
14 5
14 6
14 8
14 9
14 12
14 16
14 20
14 23
14 24
14 26
14 27
14 30
14 31
14 32
14 34
14 35
14 36
14 38
14 39
14 42
14 43
14 46
14 50
14 51
14 52
14 54
14 56
14 60
14 62
14 63
14 64
14 65
14 66
14 70
14 71
14 81
14 82
14 91
14 92
14 93
14 96
14 97
14 98
14 102
14 103
15 1
15 4
15 6
15 8
15 9
15 10
15 11
15 12
15 13
15 16
15 20
15 21
15 24
15 25
15 27
15 29
15 31
15 32
15 36
15 39
15 41
15 42
15 44
15 45
15 46
15 49
15 50
15 51
15 57
15 58
15 60
15 62
15 63
15 69
15 70
15 71
15 74
15 80
15 81
15 90
15 103
16 0
16 1
16 2
16 4
16 6
16 7
16 8
16 9
16 10
16 12
16 14
16 15
16 18
16 20
16 21
16 23
16 24
16 26
16 27
16 28
16 29
16 30
16 31
16 32
16 34
16 35
16 36
16 39
16 42
16 46
16 50
16 57
16 58
16 61
16 62
16 65
16 66
16 70
16 71
16 72
16 73
16 78
16 79
16 81
16 84
16 86
16 90
16 91
16 95
16 96
16 97
16 98
16 100
16 101
16 103
16 105
17 1
17 2
17 4
17 5
17 6
17 7
17 8
17 9
17 11
17 12
17 13
17 18
17 19
17 22
17 23
17 26
17 27
17 29
17 30
17 35
17 36
17 39
17 42
17 43
17 45
17 48
17 50
17 51
17 53
17 54
17 58
17 59
17 60
17 63
17 65
17 69
17 71
17 72
17 75
17 76
17 82
17 84
17 94
17 95
18 0
18 1
18 2
18 4
18 6
18 7
18 8
18 9
18 10
18 11
18 12
18 16
18 17
18 19
18 20
18 21
18 22
18 23
18 25
18 27
18 29
18 32
18 33
18 34
18 36
18 37
18 38
18 39
18 40
18 42
18 43
18 44
18 45
18 46
18 47
18 48
18 49
18 50
18 51
18 52
18 53
18 56
18 57
18 58
18 59
18 61
18 62
18 65
18 66
18 69
18 70
18 71
18 72
18 73
18 74
18 75
18 76
18 77
18 79
18 81
18 82
18 83
18 84
18 85
18 86
18 87
18 89
18 90
18 91
18 93
18 94
18 96
18 98
18 99
18 100
18 101
18 102
18 103
18 104
18 105
19 1
19 4
19 5
19 6
19 8
19 11
19 12
19 13
19 17
19 18
19 22
19 24
19 26
19 27
19 30
19 35
19 36
19 38
19 42
19 43
19 44
19 45
19 46
19 48
19 50
19 51
19 53
19 54
19 57
19 60
19 62
19 65
19 66
19 68
19 69
19 71
19 72
19 81
19 82
19 96
20 1
20 4
20 8
20 9
20 10
20 11
20 12
20 13
20 14
20 15
20 16
20 18
20 30
20 31
20 32
20 34
20 36
20 39
20 40
20 41
20 42
20 44
20 45
20 50
20 56
20 57
20 58
20 61
20 62
20 63
20 64
20 65
20 66
20 72
20 74
20 78
20 80
20 81
20 83
20 92
20 105
21 0
21 1
21 4
21 8
21 9
21 11
21 12
21 15
21 16
21 18
21 22
21 26
21 27
21 32
21 36
21 37
21 42
21 43
21 45
21 47
21 49
21 50
21 53
21 54
21 57
21 62
21 65
21 69
21 72
21 74
21 81
21 82
21 83
21 84
21 93
21 103
22 2
22 4
22 5
22 6
22 7
22 8
22 9
22 10
22 11
22 12
22 13
22 17
22 18
22 19
22 21
22 23
22 25
22 26
22 30
22 32
22 33
22 34
22 35
22 36
22 40
22 42
22 43
22 44
22 45
22 46
22 47
22 48
22 49
22 50
22 51
22 53
22 54
22 55
22 56
22 57
22 59
22 60
22 62
22 63
22 65
22 66
22 67
22 68
22 69
22 70
22 74
22 75
22 76
22 78
22 79
22 83
22 84
22 87
22 88
22 89
22 90
22 91
22 93
22 94
22 95
22 101
22 103
22 105
23 2
23 3
23 4
23 5
23 6
23 8
23 9
23 10
23 11
23 12
23 13
23 14
23 16
23 17
23 18
23 22
23 24
23 26
23 27
23 29
23 31
23 32
23 33
23 34
23 35
23 36
23 39
23 40
23 41
23 42
23 44
23 45
23 46
23 47
23 48
23 49
23 50
23 51
23 53
23 54
23 55
23 56
23 58
23 60
23 61
23 62
23 64
23 65
23 66
23 68
23 69
23 70
23 71
23 72
23 76
23 77
23 78
23 79
23 80
23 81
23 85
23 86
23 88
23 89
23 90
23 92
23 93
23 95
23 96
23 99
23 102
23 103
23 105
24 3
24 5
24 8
24 9
24 10
24 11
24 12
24 13
24 14
24 15
24 16
24 19
24 23
24 29
24 30
24 32
24 35
24 36
24 37
24 38
24 39
24 41
24 42
24 43
24 44
24 45
24 46
24 52
24 56
24 57
24 61
24 62
24 63
24 64
24 66
24 72
24 79
24 81
24 91
24 92
24 94
24 103
25 4
25 8
25 9
25 11
25 12
25 13
25 15
25 18
25 22
25 26
25 27
25 28
25 32
25 34
25 36
25 37
25 42
25 44
25 45
25 46
25 48
25 50
25 51
25 53
25 54
25 58
25 60
25 69
25 71
25 75
25 81
25 82
25 83
25 84
25 95
26 2
26 3
26 6
26 7
26 9
26 10
26 12
26 14
26 16
26 17
26 19
26 21
26 22
26 23
26 25
26 27
26 28
26 29
26 30
26 32
26 33
26 34
26 35
26 36
26 37
26 38
26 39
26 40
26 43
26 44
26 45
26 46
26 47
26 48
26 49
26 50
26 51
26 52
26 55
26 56
26 57
26 58
26 59
26 61
26 62
26 63
26 64
26 65
26 66
26 67
26 68
26 69
26 70
26 71
26 72
26 73
26 74
26 76
26 77
26 78
26 79
26 80
26 81
26 82
26 83
26 84
26 87
26 88
26 89
26 90
26 91
26 92
26 93
26 94
26 95
26 96
26 97
26 98
26 99
26 100
26 101
26 102
26 103
26 104
26 105
27 0
27 4
27 5
27 6
27 7
27 8
27 9
27 10
27 12
27 14
27 15
27 16
27 17
27 18
27 19
27 21
27 23
27 25
27 26
27 28
27 30
27 31
27 32
27 33
27 34
27 35
27 36
27 38
27 40
27 42
27 43
27 44
27 45
27 46
27 47
27 49
27 50
27 51
27 52
27 53
27 54
27 55
27 56
27 57
27 60
27 61
27 62
27 64
27 65
27 66
27 68
27 69
27 70
27 71
27 72
27 76
27 77
27 78
27 79
27 80
27 81
27 82
27 85
27 86
27 87
27 89
27 90
27 92
27 93
27 95
27 96
27 97
27 98
27 99
27 100
27 101
27 102
27 104
27 105
28 4
28 6
28 7
28 8
28 9
28 12
28 13
28 16
28 25
28 26
28 27
28 33
28 35
28 36
28 38
28 39
28 44
28 45
28 46
28 48
28 49
28 50
28 51
28 54
28 56
28 60
28 64
28 65
28 66
28 67
28 69
28 70
28 71
28 72
28 73
28 74
28 78
28 81
28 85
28 96
28 101
29 1
29 4
29 6
29 7
29 9
29 10
29 12
29 13
29 15
29 16
29 17
29 18
29 23
29 24
29 26
29 31
29 32
29 35
29 36
29 37
29 38
29 39
29 40
29 41
29 42
29 43
29 46
29 47
29 49
29 50
29 54
29 56
29 58
29 60
29 61
29 62
29 65
29 67
29 70
29 71
29 72
29 73
29 74
29 76
29 78
29 79
29 81
29 82
29 85
29 86
29 88
29 93
29 94
29 96
29 97
29 99
29 100
29 101
29 103
29 105
30 0
30 1
30 3
30 5
30 6
30 7
30 8
30 9
30 10
30 11
30 12
30 14
30 16
30 17
30 19
30 20
30 22
30 24
30 26
30 27
30 31
30 32
30 33
30 34
30 36
30 37
30 38
30 42
30 43
30 44
30 45
30 46
30 47
30 48
30 49
30 50
30 51
30 52
30 53
30 54
30 55
30 56
30 57
30 58
30 61
30 62
30 63
30 64
30 65
30 66
30 69
30 70
30 71
30 72
30 73
30 74
30 76
30 81
30 82
30 84
30 89
30 90
30 94
30 95
30 96
30 98
30 99
30 102
30 105
31 1
31 3
31 4
31 8
31 9
31 10
31 11
31 12
31 13
31 14
31 15
31 16
31 20
31 23
31 27
31 29
31 30
31 33
31 36
31 37
31 39
31 40
31 41
31 42
31 44
31 46
31 47
31 48
31 50
31 52
31 54
31 56
31 58
31 60
31 62
31 64
31 65
31 66
31 70
31 74
31 78
31 92
31 103
32 0
32 1
32 2
32 3
32 4
32 5
32 6
32 7
32 8
32 9
32 11
32 12
32 13
32 14
32 15
32 16
32 18
32 20
32 21
32 22
32 23
32 24
32 25
32 26
32 27
32 29
32 30
32 33
32 35
32 36
32 37
32 38
32 39
32 40
32 41
32 43
32 44
32 45
32 46
32 47
32 48
32 49
32 50
32 51
32 53
32 54
32 55
32 56
32 57
32 59
32 60
32 61
32 62
32 63
32 64
32 65
32 66
32 67
32 68
32 69
32 70
32 71
32 72
32 73
32 74
32 75
32 76
32 77
32 78
32 79
32 80
32 81
32 82
32 83
32 87
32 88
32 89
32 90
32 92
32 93
32 94
32 95
32 96
32 98
32 99
32 101
32 102
32 103
32 104
33 4
33 5
33 8
33 9
33 10
33 11
33 12
33 13
33 18
33 22
33 23
33 26
33 27
33 28
33 30
33 31
33 32
33 35
33 36
33 39
33 41
33 42
33 44
33 46
33 48
33 49
33 50
33 51
33 53
33 54
33 55
33 57
33 58
33 60
33 64
33 66
33 69
33 70
33 71
33 72
33 75
33 77
33 80
33 81
33 82
33 83
33 84
33 88
33 89
33 102
33 104
34 0
34 2
34 4
34 8
34 9
34 10
34 12
34 13
34 14
34 16
34 18
34 20
34 22
34 23
34 25
34 26
34 27
34 30
34 36
34 38
34 40
34 42
34 43
34 44
34 48
34 50
34 52
34 53
34 54
34 58
34 71
34 72
34 75
34 78
34 81
34 85
34 96
34 105
35 1
35 2
35 3
35 4
35 5
35 8
35 9
35 10
35 11
35 12
35 13
35 14
35 16
35 17
35 19
35 22
35 23
35 24
35 26
35 27
35 28
35 29
35 32
35 33
35 36
35 37
35 42
35 46
35 48
35 49
35 50
35 51
35 53
35 54
35 56
35 58
35 59
35 60
35 61
35 62
35 70
35 72
35 79
35 94
35 95
35 101
35 103
36 0
36 1
36 2
36 3
36 4
36 5
36 6
36 7
36 8
36 9
36 10
36 11
36 12
36 14
36 15
36 16
36 17
36 18
36 19
36 20
36 21
36 22
36 23
36 24
36 25
36 26
36 27
36 28
36 29
36 30
36 31
36 32
36 33
36 34
36 35
36 37
36 38
36 39
36 41
36 42
36 43
36 44
36 45
36 46
36 47
36 48
36 49
36 50
36 51
36 52
36 53
36 54
36 55
36 56
36 57
36 58
36 59
36 60
36 61
36 62
36 63
36 64
36 65
36 66
36 67
36 68
36 69
36 70
36 71
36 72
36 73
36 74
36 75
36 76
36 77
36 78
36 79
36 80
36 81
36 82
36 83
36 84
36 85
36 86
36 87
36 88
36 89
36 90
36 91
36 92
36 93
36 94
36 95
36 96
36 97
36 98
36 99
36 100
36 101
36 102
36 103
36 104
36 105
37 4
37 6
37 7
37 8
37 9
37 10
37 11
37 12
37 13
37 18
37 21
37 24
37 25
37 26
37 29
37 30
37 31
37 32
37 35
37 36
37 39
37 41
37 42
37 43
37 44
37 45
37 46
37 48
37 49
37 50
37 51
37 52
37 53
37 54
37 58
37 60
37 62
37 65
37 66
37 68
37 72
37 73
37 74
37 76
37 79
37 81
37 82
37 84
37 88
37 93
37 105
38 0
38 1
38 6
38 8
38 10
38 12
38 13
38 14
38 18
38 19
38 24
38 26
38 27
38 28
38 29
38 30
38 32
38 34
38 36
38 39
38 40
38 41
38 42
38 43
38 44
38 49
38 50
38 51
38 52
38 53
38 54
38 55
38 56
38 57
38 58
38 61
38 62
38 64
38 66
38 68
38 70
38 72
38 73
38 74
38 77
38 79
38 80
38 82
38 83
38 84
38 85
38 90
38 91
38 92
38 93
38 94
38 96
38 98
38 103
38 105
39 3
39 4
39 7
39 8
39 9
39 10
39 11
39 12
39 13
39 14
39 15
39 16
39 17
39 18
39 20
39 23
39 24
39 26
39 28
39 29
39 31
39 32
39 33
39 36
39 37
39 38
39 40
39 41
39 42
39 43
39 46
39 49
39 50
39 51
39 53
39 54
39 56
39 58
39 60
39 63
39 64
39 66
39 70
39 75
39 79
39 84
39 92
39 94
40 0
40 1
40 4
40 6
40 8
40 9
40 11
40 12
40 13
40 18
40 20
40 22
40 23
40 26
40 27
40 29
40 31
40 32
40 34
40 38
40 39
40 41
40 42
40 43
40 45
40 48
40 49
40 50
40 52
40 53
40 54
40 59
40 61
40 62
40 72
40 73
40 75
40 81
40 84
40 85
40 92
40 96
41 0
41 1
41 4
41 6
41 8
41 9
41 11
41 12
41 13
41 15
41 20
41 23
41 24
41 29
41 31
41 32
41 33
41 36
41 37
41 38
41 39
41 40
41 42
41 43
41 44
41 45
41 46
41 48
41 49
41 50
41 51
41 52
41 53
41 54
41 57
41 58
41 60
41 62
41 63
41 64
41 66
41 70
41 71
41 72
41 75
41 78
41 79
41 80
42 1
42 2
42 3
42 6
42 7
42 8
42 9
42 10
42 11
42 12
42 13
42 14
42 15
42 16
42 17
42 18
42 19
42 20
42 21
42 22
42 23
42 24
42 25
42 27
42 29
42 30
42 31
42 33
42 34
42 35
42 36
42 37
42 38
42 39
42 40
42 41
42 43
42 45
42 46
42 47
42 48
42 49
42 50
42 51
42 54
42 55
42 56
42 57
42 58
42 59
42 60
42 62
42 63
42 64
42 66
42 67
42 68
42 69
42 70
42 71
42 72
42 73
42 74
42 75
42 76
42 78
42 79
42 80
42 81
42 82
42 83
42 84
42 85
42 88
42 91
42 92
42 94
42 96
42 97
42 98
42 99
42 100
42 101
42 103
42 104
42 105
43 0
43 1
43 2
43 3
43 4
43 5
43 6
43 8
43 9
43 10
43 12
43 13
43 14
43 17
43 18
43 19
43 21
43 22
43 24
43 26
43 27
43 29
43 30
43 32
43 34
43 36
43 37
43 38
43 39
43 40
43 41
43 42
43 44
43 45
43 46
43 48
43 49
43 50
43 51
43 53
43 54
43 55
43 57
43 60
43 62
43 64
43 65
43 66
43 67
43 68
43 69
43 70
43 71
43 72
43 73
43 74
43 77
43 79
43 80
43 81
43 82
43 83
43 84
43 85
43 86
43 87
43 88
43 89
43 90
43 91
43 93
43 94
43 95
43 96
43 97
43 98
43 99
43 100
43 101
43 102
43 103
43 104
44 1
44 3
44 4
44 5
44 6
44 7
44 8
44 9
44 10
44 11
44 12
44 13
44 15
44 18
44 19
44 20
44 22
44 23
44 24
44 25
44 26
44 27
44 28
44 30
44 31
44 32
44 33
44 34
44 36
44 37
44 38
44 41
44 43
44 45
44 46
44 47
44 48
44 49
44 50
44 51
44 52
44 53
44 54
44 56
44 57
44 58
44 59
44 60
44 61
44 63
44 64
44 65
44 66
44 67
44 69
44 71
44 72
44 75
44 76
44 78
44 81
44 82
44 83
44 87
44 89
44 90
44 91
44 92
44 99
45 0
45 1
45 2
45 7
45 8
45 10
45 11
45 12
45 13
45 15
45 17
45 18
45 19
45 20
45 21
45 22
45 23
45 24
45 25
45 26
45 27
45 28
45 30
45 32
45 36
45 37
45 40
45 41
45 42
45 43
45 44
45 46
45 49
45 50
45 51
45 52
45 53
45 54
45 55
45 57
45 58
45 62
45 63
45 65
45 66
45 69
45 72
45 73
45 75
45 78
45 79
45 80
45 81
45 82
45 83
45 84
45 85
45 87
45 88
45 91
45 92
45 93
45 94
45 96
45 98
46 1
46 2
46 3
46 4
46 5
46 6
46 8
46 9
46 12
46 13
46 14
46 15
46 16
46 18
46 19
46 22
46 23
46 24
46 25
46 26
46 27
46 28
46 29
46 30
46 31
46 32
46 33
46 35
46 36
46 37
46 39
46 41
46 42
46 43
46 44
46 45
46 48
46 49
46 50
46 51
46 52
46 53
46 54
46 57
46 58
46 59
46 60
46 62
46 63
46 65
46 66
46 68
46 69
46 70
46 71
46 72
46 75
46 77
46 78
46 81
46 82
46 84
46 87
46 88
46 89
46 90
46 91
46 94
46 95
47 1
47 4
47 6
47 7
47 8
47 11
47 12
47 13
47 18
47 21
47 22
47 23
47 26
47 27
47 29
47 30
47 31
47 32
47 36
47 42
47 44
47 49
47 50
47 51
47 53
47 54
47 60
47 68
47 69
47 70
47 71
47 76
47 80
47 81
47 83
47 84
47 91
47 92
47 103
48 4
48 5
48 6
48 8
48 9
48 10
48 11
48 12
48 13
48 17
48 18
48 19
48 22
48 23
48 25
48 26
48 28
48 30
48 31
48 32
48 33
48 34
48 35
48 36
48 37
48 40
48 41
48 42
48 43
48 44
48 46
48 49
48 50
48 51
48 52
48 53
48 54
48 57
48 59
48 60
48 65
48 67
48 69
48 70
48 71
48 72
48 76
48 78
48 81
48 83
48 84
48 87
48 92
48 95
48 99
48 101
48 105
49 0
49 2
49 3
49 6
49 8
49 9
49 10
49 11
49 12
49 13
49 15
49 18
49 21
49 22
49 23
49 26
49 27
49 28
49 29
49 30
49 32
49 33
49 35
49 36
49 37
49 38
49 39
49 40
49 41
49 42
49 43
49 44
49 45
49 46
49 47
49 48
49 50
49 52
49 53
49 54
49 58
49 59
49 63
49 67
49 68
49 71
49 72
49 74
49 75
49 78
49 84
49 88
49 91
49 96
49 101
49 105
50 2
50 3
50 6
50 7
50 9
50 10
50 11
50 12
50 14
50 15
50 16
50 17
50 18
50 19
50 20
50 21
50 22
50 23
50 25
50 26
50 27
50 28
50 29
50 30
50 31
50 32
50 33
50 34
50 35
50 36
50 37
50 38
50 39
50 40
50 41
50 42
50 43
50 44
50 45
50 46
50 47
50 48
50 49
50 51
50 52
50 53
50 54
50 55
50 56
50 57
50 58
50 59
50 61
50 62
50 63
50 64
50 66
50 67
50 68
50 69
50 70
50 71
50 72
50 73
50 75
50 76
50 77
50 78
50 79
50 80
50 81
50 82
50 83
50 84
50 85
50 86
50 87
50 88
50 89
50 90
50 91
50 92
50 93
50 94
50 95
50 96
50 97
50 98
50 101
50 102
50 103
50 104
50 105
51 1
51 2
51 3
51 4
51 5
51 8
51 9
51 11
51 12
51 13
51 14
51 15
51 17
51 18
51 19
51 22
51 23
51 25
51 26
51 27
51 28
51 30
51 32
51 33
51 35
51 36
51 37
51 38
51 39
51 41
51 42
51 43
51 44
51 45
51 46
51 47
51 48
51 50
51 53
51 54
51 57
51 58
51 59
51 60
51 64
51 65
51 66
51 67
51 68
51 69
51 71
51 72
51 74
51 75
51 76
51 77
51 81
51 82
51 83
51 84
51 85
51 86
51 88
51 89
51 90
51 92
51 93
51 94
51 95
51 96
51 103
51 105
52 1
52 4
52 7
52 8
52 10
52 11
52 12
52 13
52 14
52 18
52 24
52 26
52 27
52 30
52 31
52 34
52 36
52 37
52 38
52 40
52 41
52 44
52 45
52 46
52 48
52 49
52 50
52 58
52 62
52 63
52 65
52 66
52 69
52 70
52 71
52 73
52 76
52 79
52 90
52 92
52 96
53 1
53 2
53 4
53 6
53 7
53 8
53 9
53 10
53 11
53 12
53 13
53 17
53 18
53 19
53 21
53 22
53 23
53 25
53 27
53 30
53 32
53 33
53 34
53 35
53 36
53 37
53 38
53 39
53 40
53 41
53 43
53 44
53 45
53 46
53 47
53 48
53 49
53 50
53 51
53 54
53 55
53 56
53 57
53 58
53 59
53 60
53 61
53 62
53 64
53 66
53 67
53 68
53 69
53 70
53 71
53 72
53 73
53 74
53 75
53 76
53 78
53 79
53 80
53 81
53 82
53 83
53 87
53 88
53 89
53 94
53 95
53 96
53 101
53 103
53 104
54 2
54 3
54 4
54 6
54 8
54 9
54 10
54 11
54 12
54 14
54 17
54 19
54 21
54 22
54 23
54 25
54 27
54 28
54 29
54 30
54 31
54 32
54 33
54 34
54 35
54 36
54 37
54 38
54 39
54 40
54 41
54 42
54 43
54 44
54 45
54 46
54 47
54 48
54 49
54 50
54 51
54 53
54 56
54 57
54 58
54 59
54 61
54 62
54 64
54 66
54 67
54 68
54 70
54 71
54 72
54 73
54 74
54 75
54 76
54 77
54 78
54 79
54 80
54 81
54 82
54 83
54 84
54 87
54 88
54 89
54 92
54 93
54 94
54 95
54 96
54 98
54 99
54 100
54 101
54 103
54 104
54 105
55 0
55 8
55 10
55 11
55 12
55 22
55 23
55 26
55 27
55 30
55 32
55 33
55 36
55 38
55 42
55 43
55 45
55 50
55 53
55 64
55 69
55 72
55 73
55 78
55 80
55 81
55 82
55 83
55 87
55 89
55 91
55 92
55 104
56 0
56 6
56 8
56 11
56 12
56 13
56 14
56 18
56 20
56 22
56 23
56 24
56 26
56 27
56 28
56 29
56 30
56 31
56 32
56 35
56 36
56 38
56 39
56 42
56 44
56 50
56 53
56 54
56 57
56 60
56 61
56 62
56 64
56 70
56 73
56 80
56 81
56 82
56 91
56 92
56 96
56 98
57 1
57 4
57 5
57 7
57 8
57 9
57 10
57 11
57 12
57 13
57 15
57 16
57 18
57 19
57 20
57 21
57 22
57 24
57 26
57 27
57 30
57 32
57 33
57 36
57 38
57 41
57 42
57 43
57 44
57 45
57 46
57 48
57 50
57 51
57 53
57 54
57 56
57 58
57 60
57 63
57 66
57 67
57 69
57 70
57 71
57 74
57 76
57 78
57 79
57 81
57 82
57 83
57 84
57 87
57 88
57 89
57 93
57 94
57 99
57 103
58 2
58 3
58 4
58 5
58 6
58 7
58 9
58 10
58 12
58 15
58 16
58 17
58 18
58 20
58 23
58 25
58 26
58 29
58 30
58 31
58 33
58 34
58 35
58 36
58 37
58 38
58 39
58 41
58 42
58 44
58 45
58 46
58 49
58 50
58 51
58 52
58 53
58 54
58 57
58 61
58 62
58 63
58 64
58 65
58 66
58 68
58 70
58 72
58 73
58 74
58 79
58 81
58 82
58 83
58 84
58 85
58 88
58 90
58 94
58 97
58 99
58 100
58 102
58 103
58 105
59 4
59 8
59 9
59 11
59 12
59 13
59 17
59 18
59 22
59 26
59 32
59 35
59 36
59 40
59 42
59 44
59 46
59 48
59 49
59 50
59 51
59 53
59 54
59 62
59 71
59 75
59 76
59 81
59 83
59 84
59 101
60 3
60 6
60 9
60 12
60 14
60 15
60 17
60 19
60 22
60 23
60 25
60 27
60 28
60 29
60 31
60 32
60 33
60 35
60 36
60 37
60 39
60 41
60 42
60 43
60 44
60 46
60 47
60 48
60 51
60 53
60 56
60 57
60 64
60 66
60 68
60 69
60 70
60 72
60 74
60 76
60 78
60 79
60 80
60 82
60 84
60 94
60 95
60 103
61 0
61 4
61 5
61 6
61 12
61 16
61 18
61 20
61 23
61 24
61 26
61 27
61 29
61 30
61 32
61 35
61 36
61 38
61 40
61 44
61 50
61 53
61 54
61 56
61 58
61 62
61 64
61 65
61 70
61 71
61 72
61 75
61 78
61 79
61 81
61 83
61 84
61 85
61 91
61 92
61 93
61 96
61 97
61 98
61 99
61 101
61 103
61 104
61 105
62 0
62 2
62 4
62 5
62 6
62 7
62 9
62 10
62 12
62 14
62 15
62 16
62 18
62 19
62 20
62 21
62 22
62 23
62 24
62 26
62 27
62 29
62 30
62 31
62 32
62 35
62 36
62 37
62 38
62 40
62 41
62 42
62 43
62 45
62 46
62 50
62 52
62 53
62 54
62 56
62 58
62 59
62 61
62 63
62 64
62 65
62 66
62 67
62 69
62 70
62 71
62 72
62 73
62 74
62 75
62 77
62 78
62 79
62 80
62 81
62 84
62 85
62 86
62 90
62 92
62 93
62 96
62 99
62 100
62 101
62 103
62 104
62 105
63 1
63 2
63 4
63 7
63 8
63 9
63 10
63 11
63 12
63 14
63 15
63 17
63 20
63 22
63 24
63 26
63 30
63 32
63 36
63 39
63 41
63 42
63 44
63 45
63 46
63 49
63 50
63 52
63 57
63 58
63 62
63 65
63 70
63 75
63 78
63 81
63 82
63 91
64 0
64 1
64 4
64 5
64 6
64 8
64 9
64 11
64 12
64 13
64 14
64 20
64 23
64 24
64 26
64 27
64 28
64 30
64 31
64 32
64 33
64 36
64 38
64 39
64 41
64 42
64 43
64 44
64 50
64 51
64 53
64 54
64 55
64 56
64 58
64 60
64 61
64 62
64 65
64 66
64 70
64 71
64 72
64 73
64 74
64 80
64 81
64 82
64 84
64 85
64 88
64 91
64 92
64 93
64 98
64 99
64 100
64 101
64 104
65 3
65 6
65 7
65 9
65 10
65 11
65 12
65 14
65 16
65 17
65 18
65 19
65 20
65 21
65 22
65 23
65 26
65 27
65 28
65 29
65 30
65 31
65 32
65 36
65 37
65 43
65 44
65 45
65 46
65 48
65 51
65 52
65 58
65 61
65 62
65 63
65 64
65 66
65 67
65 68
65 69
65 71
65 74
65 76
65 77
65 78
65 80
65 81
65 82
65 83
65 84
65 86
65 89
65 92
65 93
65 94
65 95
65 96
65 97
65 100
65 101
65 102
65 103
65 104
65 105
66 0
66 3
66 4
66 5
66 7
66 8
66 10
66 11
66 12
66 13
66 14
66 16
66 18
66 19
66 20
66 22
66 23
66 24
66 26
66 27
66 28
66 30
66 31
66 32
66 33
66 36
66 37
66 38
66 39
66 41
66 42
66 43
66 44
66 45
66 46
66 50
66 51
66 52
66 53
66 54
66 57
66 58
66 60
66 62
66 64
66 65
66 69
66 70
66 73
66 78
66 79
66 81
66 82
66 89
66 91
66 92
66 94
67 1
67 8
67 9
67 11
67 12
67 13
67 22
67 26
67 28
67 29
67 32
67 36
67 42
67 43
67 44
67 48
67 49
67 50
67 51
67 53
67 54
67 57
67 62
67 65
67 69
67 71
67 72
67 80
67 81
67 87
67 91
67 96
67 101
67 103
68 2
68 3
68 4
68 7
68 8
68 11
68 12
68 13
68 19
68 22
68 23
68 26
68 27
68 32
68 36
68 37
68 38
68 42
68 43
68 46
68 47
68 49
68 50
68 51
68 53
68 54
68 58
68 60
68 65
68 69
68 72
68 76
68 80
68 81
68 84
69 0
69 1
69 4
69 6
69 7
69 8
69 9
69 10
69 11
69 12
69 15
69 17
69 18
69 19
69 21
69 22
69 23
69 25
69 26
69 27
69 28
69 30
69 32
69 33
69 36
69 42
69 43
69 44
69 45
69 46
69 47
69 48
69 50
69 51
69 52
69 53
69 55
69 57
69 60
69 62
69 65
69 66
69 67
69 68
69 70
69 71
69 72
69 73
69 74
69 76
69 81
69 82
69 83
69 87
69 89
69 90
69 93
69 94
69 95
69 99
69 101
69 105
70 0
70 1
70 5
70 6
70 8
70 9
70 10
70 11
70 12
70 13
70 14
70 15
70 16
70 18
70 22
70 23
70 26
70 27
70 28
70 29
70 30
70 31
70 32
70 33
70 35
70 36
70 38
70 39
70 41
70 42
70 43
70 46
70 47
70 48
70 50
70 52
70 53
70 54
70 56
70 57
70 58
70 60
70 61
70 62
70 63
70 64
70 66
70 69
70 71
70 74
70 77
70 80
70 81
70 92
70 94
70 96
70 99
70 104
71 0
71 5
71 6
71 7
71 8
71 9
71 10
71 12
71 13
71 14
71 15
71 16
71 17
71 18
71 19
71 23
71 25
71 26
71 27
71 28
71 29
71 30
71 32
71 33
71 34
71 36
71 41
71 42
71 43
71 44
71 46
71 47
71 48
71 49
71 50
71 51
71 52
71 53
71 54
71 57
71 59
71 61
71 62
71 64
71 65
71 67
71 69
71 70
71 72
71 73
71 74
71 75
71 76
71 77
71 78
71 79
71 80
71 81
71 83
71 84
71 85
71 86
71 87
71 89
71 90
71 91
71 92
71 93
71 95
71 96
71 97
71 98
71 99
71 101
71 102
71 103
71 104
71 105
72 0
72 1
72 3
72 6
72 8
72 9
72 11
72 12
72 13
72 16
72 17
72 18
72 19
72 20
72 21
72 23
72 24
72 26
72 27
72 28
72 29
72 30
72 32
72 33
72 34
72 35
72 36
72 37
72 38
72 40
72 41
72 42
72 43
72 44
72 45
72 46
72 48
72 49
72 50
72 51
72 53
72 54
72 55
72 58
72 60
72 61
72 62
72 64
72 67
72 68
72 69
72 71
72 73
72 75
72 78
72 80
72 81
72 84
72 85
72 86
72 87
72 89
72 91
72 93
72 94
72 99
72 101
72 102
72 103
72 104
73 0
73 1
73 6
73 8
73 9
73 10
73 11
73 12
73 13
73 16
73 18
73 26
73 28
73 29
73 30
73 32
73 36
73 37
73 38
73 40
73 42
73 43
73 45
73 50
73 52
73 53
73 54
73 55
73 56
73 58
73 62
73 64
73 66
73 69
73 71
73 72
73 74
73 81
73 82
73 83
73 84
73 85
73 87
73 90
73 91
73 92
73 93
73 97
73 100
73 101
73 105
74 0
74 1
74 4
74 6
74 9
74 11
74 12
74 13
74 15
74 18
74 20
74 21
74 22
74 26
74 28
74 29
74 30
74 31
74 32
74 36
74 37
74 38
74 42
74 43
74 49
74 51
74 53
74 54
74 57
74 58
74 60
74 62
74 64
74 65
74 69
74 70
74 71
74 73
74 78
74 80
74 81
74 82
74 85
74 91
74 96
75 0
75 1
75 2
75 4
75 9
75 12
75 17
75 18
75 22
75 25
75 32
75 33
75 34
75 36
75 39
75 40
75 41
75 42
75 44
75 45
75 46
75 49
75 50
75 51
75 53
75 54
75 59
75 61
75 62
75 63
75 71
75 72
75 76
75 81
75 82
75 83
75 84
75 85
75 87
75 93
75 99
76 1
76 2
76 3
76 4
76 6
76 8
76 9
76 11
76 12
76 13
76 17
76 18
76 22
76 23
76 26
76 27
76 29
76 30
76 32
76 36
76 37
76 42
76 44
76 47
76 48
76 50
76 51
76 52
76 53
76 54
76 57
76 59
76 60
76 65
76 68
76 69
76 71
76 75
76 83
76 84
76 87
76 88
76 92
76 99
77 0
77 4
77 5
77 6
77 9
77 11
77 12
77 18
77 23
77 26
77 27
77 32
77 33
77 36
77 38
77 43
77 46
77 50
77 51
77 54
77 62
77 65
77 70
77 71
77 78
77 81
77 83
77 84
77 85
77 86
77 90
77 93
77 96
77 97
77 99
77 100
77 102
77 104
78 0
78 1
78 5
78 6
78 7
78 8
78 9
78 10
78 11
78 12
78 16
78 20
78 22
78 23
78 26
78 27
78 28
78 29
78 31
78 32
78 34
78 36
78 41
78 42
78 44
78 45
78 46
78 48
78 49
78 50
78 53
78 54
78 55
78 57
78 60
78 61
78 62
78 63
78 65
78 66
78 71
78 72
78 74
78 77
78 79
78 80
78 81
78 83
78 84
78 85
78 87
78 91
78 93
78 95
78 96
78 97
78 100
78 101
78 103
78 105
79 0
79 1
79 8
79 9
79 11
79 12
79 13
79 16
79 18
79 22
79 23
79 24
79 26
79 27
79 29
79 32
79 35
79 36
79 37
79 38
79 39
79 41
79 42
79 43
79 45
79 50
79 52
79 53
79 54
79 57
79 58
79 60
79 61
79 62
79 66
79 71
79 78
79 81
79 82
79 84
79 85
79 91
79 92
79 96
79 98
80 1
80 4
80 5
80 6
80 8
80 10
80 11
80 12
80 15
80 20
80 23
80 26
80 27
80 32
80 33
80 36
80 38
80 41
80 42
80 43
80 45
80 47
80 50
80 53
80 54
80 55
80 56
80 60
80 62
80 64
80 65
80 67
80 68
80 70
80 71
80 72
80 74
80 78
80 81
80 82
80 83
80 84
80 85
80 89
80 91
80 92
80 96
80 97
80 99
80 100
80 102
80 103
80 104
80 105
81 0
81 1
81 3
81 4
81 5
81 6
81 7
81 8
81 9
81 10
81 11
81 12
81 13
81 14
81 15
81 16
81 18
81 19
81 20
81 21
81 23
81 24
81 25
81 26
81 27
81 28
81 29
81 30
81 32
81 33
81 34
81 36
81 37
81 40
81 42
81 43
81 44
81 45
81 46
81 47
81 48
81 50
81 51
81 53
81 54
81 55
81 56
81 57
81 58
81 59
81 61
81 62
81 63
81 64
81 65
81 66
81 67
81 68
81 69
81 70
81 71
81 72
81 73
81 74
81 75
81 77
81 78
81 79
81 80
81 82
81 83
81 85
81 86
81 87
81 88
81 89
81 90
81 92
81 93
81 96
81 97
81 98
81 99
81 100
81 101
81 102
81 103
81 104
81 105
82 0
82 4
82 5
82 6
82 7
82 9
82 10
82 11
82 12
82 14
82 17
82 18
82 19
82 21
82 25
82 26
82 27
82 29
82 30
82 32
82 33
82 36
82 37
82 38
82 42
82 43
82 44
82 45
82 46
82 50
82 51
82 53
82 54
82 55
82 56
82 57
82 58
82 60
82 63
82 64
82 65
82 66
82 69
82 73
82 74
82 75
82 79
82 80
82 81
82 83
82 84
82 85
82 86
82 87
82 88
82 89
82 90
82 91
82 92
82 93
82 96
82 98
82 99
82 100
82 101
82 102
82 103
82 104
83 0
83 1
83 5
83 8
83 10
83 11
83 12
83 13
83 18
83 20
83 21
83 22
83 25
83 26
83 32
83 33
83 36
83 38
83 42
83 43
83 44
83 45
83 47
83 48
83 50
83 51
83 53
83 54
83 55
83 57
83 58
83 59
83 61
83 65
83 69
83 71
83 73
83 75
83 76
83 77
83 78
83 80
83 81
83 82
83 85
83 87
83 89
83 91
83 95
83 96
83 99
83 101
83 105
84 0
84 1
84 3
84 6
84 7
84 8
84 9
84 12
84 16
84 17
84 18
84 21
84 22
84 25
84 26
84 30
84 33
84 36
84 37
84 38
84 39
84 40
84 42
84 43
84 45
84 46
84 47
84 48
84 49
84 50
84 51
84 54
84 57
84 58
84 59
84 60
84 61
84 62
84 64
84 65
84 68
84 71
84 72
84 73
84 75
84 76
84 77
84 78
84 79
84 80
84 82
84 85
84 86
84 88
84 93
84 95
84 96
84 97
84 98
84 99
84 100
84 102
85 0
85 4
85 6
85 8
85 9
85 11
85 12
85 18
85 23
85 27
85 28
85 29
85 34
85 36
85 38
85 40
85 42
85 43
85 45
85 50
85 51
85 58
85 61
85 62
85 64
85 71
85 72
85 73
85 74
85 75
85 77
85 78
85 79
85 80
85 81
85 82
85 83
85 84
85 86
85 90
85 91
85 93
85 96
85 98
85 100
85 102
85 103
85 105
86 4
86 6
86 9
86 12
86 16
86 18
86 23
86 27
86 29
86 36
86 43
86 50
86 51
86 62
86 65
86 71
86 72
86 77
86 81
86 82
86 84
86 85
86 90
86 93
86 96
86 97
86 100
86 102
86 103
87 0
87 1
87 8
87 9
87 11
87 12
87 13
87 18
87 22
87 26
87 27
87 32
87 36
87 43
87 44
87 45
87 46
87 48
87 50
87 53
87 54
87 55
87 57
87 67
87 69
87 71
87 72
87 73
87 75
87 76
87 78
87 81
87 82
87 83
87 91
87 99
88 2
88 4
88 9
88 10
88 11
88 13
88 22
88 23
88 26
88 29
88 32
88 33
88 36
88 37
88 42
88 43
88 45
88 46
88 49
88 50
88 51
88 53
88 54
88 57
88 58
88 64
88 76
88 81
88 82
88 84
89 8
89 11
89 12
89 18
89 22
89 23
89 26
89 27
89 30
89 32
89 33
89 36
89 43
89 44
89 46
89 50
89 51
89 53
89 54
89 55
89 57
89 65
89 66
89 69
89 71
89 72
89 80
89 81
89 82
89 83
90 0
90 1
90 4
90 5
90 6
90 8
90 9
90 12
90 15
90 16
90 18
90 22
90 23
90 26
90 27
90 30
90 32
90 36
90 38
90 43
90 44
90 46
90 50
90 51
90 52
90 58
90 62
90 69
90 71
90 73
90 77
90 81
90 82
90 85
90 86
90 92
90 93
90 100
90 102
91 1
91 4
91 6
91 8
91 9
91 11
91 12
91 14
91 16
91 18
91 22
91 24
91 26
91 36
91 38
91 42
91 43
91 44
91 45
91 46
91 47
91 49
91 50
91 55
91 56
91 61
91 63
91 64
91 66
91 67
91 71
91 72
91 73
91 74
91 78
91 79
91 80
91 82
91 83
91 85
91 87
91 92
91 96
91 98
91 99
91 101
91 103
91 104
92 0
92 4
92 6
92 7
92 9
92 10
92 12
92 13
92 14
92 20
92 23
92 24
92 26
92 27
92 31
92 32
92 36
92 38
92 39
92 40
92 42
92 44
92 45
92 47
92 48
92 50
92 51
92 52
92 54
92 55
92 56
92 61
92 62
92 64
92 65
92 66
92 70
92 71
92 73
92 76
92 79
92 80
92 81
92 82
92 90
92 91
92 93
92 94
92 96
92 97
92 98
92 99
92 102
92 103
92 104
93 0
93 1
93 6
93 12
93 14
93 18
93 21
93 22
93 23
93 26
93 27
93 29
93 32
93 36
93 37
93 38
93 43
93 45
93 50
93 51
93 54
93 57
93 61
93 62
93 64
93 65
93 69
93 71
93 72
93 73
93 75
93 77
93 78
93 81
93 82
93 84
93 85
93 86
93 90
93 92
93 96
93 97
93 98
93 100
93 102
93 103
93 104
94 1
94 4
94 5
94 7
94 8
94 9
94 10
94 11
94 12
94 13
94 17
94 18
94 22
94 24
94 26
94 29
94 30
94 32
94 35
94 36
94 38
94 39
94 42
94 43
94 45
94 46
94 50
94 51
94 53
94 54
94 57
94 58
94 60
94 65
94 66
94 69
94 70
94 72
94 92
95 4
95 5
95 6
95 7
95 8
95 9
95 11
95 12
95 16
95 17
95 22
95 23
95 25
95 26
95 27
95 30
95 32
95 35
95 36
95 43
95 46
95 48
95 50
95 51
95 53
95 54
95 60
95 65
95 69
95 71
95 78
95 83
95 84
96 0
96 1
96 4
96 5
96 6
96 9
96 10
96 12
96 14
96 16
96 18
96 19
96 23
96 26
96 27
96 28
96 29
96 30
96 32
96 34
96 36
96 38
96 40
96 42
96 43
96 45
96 49
96 50
96 51
96 52
96 53
96 54
96 56
96 61
96 62
96 65
96 67
96 70
96 71
96 74
96 77
96 78
96 79
96 80
96 81
96 82
96 83
96 84
96 85
96 86
96 91
96 92
96 93
96 97
96 98
96 99
96 101
96 102
96 104
96 105
97 0
97 4
97 6
97 9
97 12
97 14
97 16
97 26
97 27
97 29
97 36
97 42
97 43
97 50
97 58
97 61
97 65
97 71
97 73
97 77
97 78
97 80
97 81
97 84
97 86
97 92
97 93
97 96
97 99
97 100
97 102
97 105
98 0
98 6
98 8
98 14
98 16
98 18
98 26
98 27
98 30
98 32
98 36
98 38
98 42
98 43
98 45
98 50
98 54
98 56
98 61
98 64
98 71
98 79
98 81
98 82
98 84
98 85
98 91
98 92
98 93
98 96
98 99
99 0
99 5
99 6
99 9
99 12
99 13
99 18
99 23
99 26
99 27
99 29
99 30
99 32
99 36
99 42
99 43
99 44
99 48
99 54
99 57
99 58
99 61
99 62
99 64
99 69
99 70
99 71
99 72
99 75
99 76
99 77
99 80
99 81
99 82
99 83
99 84
99 87
99 91
99 92
99 96
99 97
99 98
100 0
100 4
100 12
100 16
100 18
100 26
100 27
100 29
100 36
100 42
100 43
100 54
100 58
100 62
100 64
100 65
100 73
100 77
100 78
100 80
100 81
100 82
100 84
100 85
100 86
100 90
100 93
100 97
100 102
100 103
101 0
101 1
101 8
101 11
101 12
101 13
101 16
101 18
101 22
101 26
101 27
101 28
101 29
101 32
101 35
101 36
101 42
101 43
101 48
101 49
101 50
101 53
101 54
101 59
101 61
101 62
101 64
101 65
101 67
101 69
101 71
101 72
101 73
101 78
101 81
101 82
101 83
101 91
101 96
102 0
102 4
102 5
102 6
102 9
102 12
102 14
102 18
102 23
102 26
102 27
102 30
102 32
102 33
102 36
102 43
102 50
102 58
102 65
102 71
102 72
102 77
102 80
102 81
102 82
102 84
102 85
102 86
102 90
102 92
102 93
102 96
102 97
102 100
102 103
103 1
103 4
103 6
103 7
103 9
103 12
103 14
103 15
103 16
103 18
103 21
103 22
103 23
103 24
103 26
103 29
103 31
103 32
103 35
103 36
103 38
103 42
103 43
103 47
103 50
103 51
103 53
103 54
103 57
103 58
103 60
103 61
103 62
103 65
103 67
103 71
103 72
103 78
103 80
103 81
103 82
103 85
103 86
103 91
103 92
103 93
103 100
103 102
104 0
104 4
104 8
104 9
104 12
104 18
104 26
104 27
104 32
104 33
104 36
104 42
104 43
104 50
104 53
104 54
104 55
104 61
104 62
104 64
104 65
104 70
104 71
104 72
104 77
104 80
104 81
104 82
104 91
104 92
104 93
104 96
105 0
105 1
105 4
105 5
105 6
105 8
105 9
105 10
105 11
105 12
105 13
105 16
105 18
105 20
105 22
105 23
105 26
105 27
105 29
105 30
105 34
105 36
105 37
105 38
105 42
105 48
105 49
105 50
105 51
105 54
105 58
105 61
105 62
105 65
105 69
105 71
105 73
105 78
105 80
105 81
105 83
105 85
105 96
105 97

8
116
193
394
702
746
758
895
909
1066
1189
1197
1427
1817
1902
1962
1971
2029
2056
2069
2073
2074
2102
2109
2134
2135
2137
2138
2165
2204
2216
2273
2283
2307
2329
2335
2356
2367
2376
2383
2405
2410
2436
2438
2439
2442
2445
2451
2458
2469
2471
2476
2480
2483
2494
2506
2520
2521
2562
2585
2604
2620
2632
2657
2707
2715
2751
2753
2755
2756
2770
2772
2774
2823
2854
2877
2881
2919
2983
2985
3001
3064
3102
3112
3137
3151
3153
3175
3204
3216
3222
3226
3245
3251
3258
3265
3290
3304
3317
3322
3443
3537
3722
3782
3840
7110
