81 3990 27
0 4
0 8
0 9
0 10
0 14
0 16
0 24
0 26
0 28
0 31
0 33
0 38
0 40
0 43
0 52
0 53
0 54
0 56
0 57
0 58
0 59
0 60
0 61
0 62
0 63
0 64
0 66
0 67
0 68
0 69
0 70
0 73
0 74
0 76
0 77
0 78
0 80
1 4
1 5
1 7
1 8
1 10
1 12
1 13
1 14
1 16
1 18
1 19
1 25
1 26
1 28
1 31
1 33
1 36
1 37
1 38
1 39
1 40
1 41
1 45
1 46
1 49
1 54
1 57
1 58
1 60
1 61
1 62
1 63
1 65
1 66
1 68
1 69
1 72
1 74
1 75
1 76
1 79
1 80
2 4
2 5
2 7
2 9
2 11
2 12
2 13
2 14
2 15
2 16
2 17
2 18
2 19
2 20
2 21
2 24
2 25
2 27
2 28
2 29
2 30
2 31
2 32
2 34
2 35
2 36
2 38
2 39
2 41
2 42
2 45
2 46
2 47
2 49
2 50
2 52
2 53
2 54
2 56
2 57
2 62
2 65
2 66
2 67
2 70
2 72
2 73
2 75
2 76
2 79
2 80
3 4
3 7
3 8
3 9
3 10
3 20
3 21
3 24
3 26
3 28
3 29
3 31
3 38
3 39
3 41
3 42
3 45
3 49
3 50
3 53
3 54
3 56
3 58
3 59
3 63
3 65
3 66
3 67
3 68
3 76
3 77
3 80
4 0
4 1
4 2
4 3
4 7
4 9
4 10
4 11
4 12
4 13
4 14
4 15
4 16
4 17
4 20
4 21
4 23
4 24
4 25
4 26
4 28
4 31
4 32
4 33
4 35
4 36
4 37
4 38
4 39
4 41
4 42
4 43
4 44
4 46
4 47
4 48
4 50
4 51
4 52
4 53
4 54
4 55
4 57
4 58
4 59
4 60
4 61
4 62
4 63
4 65
4 66
4 67
4 69
4 70
4 72
4 73
4 74
4 76
4 77
4 79
4 80
5 1
5 2
5 6
5 7
5 8
5 10
5 14
5 15
5 16
5 20
5 23
5 24
5 25
5 26
5 28
5 31
5 32
5 34
5 37
5 39
5 40
5 44
5 46
5 49
5 50
5 53
5 55
5 56
5 57
5 59
5 63
5 66
5 67
5 69
5 73
5 75
5 79
6 5
6 7
6 8
6 9
6 10
6 12
6 13
6 14
6 15
6 16
6 17
6 18
6 19
6 20
6 21
6 22
6 24
6 26
6 27
6 28
6 29
6 30
6 31
6 32
6 33
6 34
6 35
6 36
6 37
6 38
6 39
6 40
6 41
6 42
6 43
6 45
6 46
6 47
6 48
6 49
6 54
6 56
6 57
6 58
6 59
6 60
6 61
6 63
6 64
6 65
6 66
6 68
6 69
6 70
6 71
6 72
6 75
6 78
6 80
7 1
7 2
7 3
7 4
7 5
7 6
7 8
7 9
7 10
7 11
7 12
7 13
7 14
7 15
7 16
7 18
7 19
7 20
7 21
7 22
7 23
7 24
7 25
7 26
7 27
7 28
7 29
7 30
7 31
7 32
7 34
7 35
7 36
7 37
7 38
7 39
7 41
7 42
7 43
7 44
7 45
7 46
7 47
7 49
7 50
7 51
7 53
7 54
7 55
7 57
7 58
7 59
7 60
7 61
7 62
7 63
7 64
7 66
7 67
7 69
7 70
7 72
7 73
7 75
7 76
7 77
7 79
7 80
8 0
8 1
8 3
8 5
8 6
8 7
8 9
8 10
8 11
8 13
8 14
8 16
8 18
8 20
8 21
8 22
8 23
8 24
8 25
8 26
8 27
8 29
8 30
8 31
8 32
8 33
8 34
8 37
8 38
8 39
8 40
8 42
8 43
8 44
8 46
8 47
8 49
8 50
8 53
8 55
8 56
8 57
8 58
8 59
8 61
8 63
8 65
8 66
8 67
8 68
8 73
8 75
8 76
8 80
9 0
9 2
9 3
9 4
9 6
9 7
9 8
9 13
9 15
9 16
9 17
9 18
9 19
9 20
9 21
9 22
9 26
9 27
9 28
9 29
9 30
9 31
9 32
9 34
9 35
9 36
9 37
9 39
9 40
9 42
9 43
9 44
9 45
9 46
9 47
9 48
9 49
9 54
9 55
9 56
9 57
9 58
9 60
9 61
9 62
9 63
9 64
9 65
9 66
9 67
9 68
9 70
9 71
9 72
9 75
9 78
9 80
10 0
10 1
10 3
10 4
10 5
10 6
10 7
10 8
10 11
10 12
10 13
10 14
10 15
10 16
10 17
10 18
10 19
10 20
10 21
10 22
10 23
10 24
10 25
10 26
10 27
10 28
10 29
10 30
10 31
10 32
10 33
10 34
10 35
10 36
10 37
10 38
10 39
10 40
10 41
10 42
10 43
10 44
10 45
10 46
10 47
10 48
10 49
10 50
10 51
10 52
10 53
10 54
10 55
10 56
10 57
10 58
10 59
10 60
10 61
10 62
10 63
10 64
10 65
10 66
10 67
10 68
10 69
10 70
10 71
10 72
10 73
10 74
10 75
10 76
10 77
10 78
10 79
10 80
11 2
11 4
11 7
11 8
11 10
11 13
11 18
11 20
11 21
11 22
11 25
11 27
11 28
11 29
11 30
11 32
11 33
11 34
11 35
11 36
11 37
11 38
11 39
11 40
11 41
11 42
11 43
11 45
11 46
11 48
11 49
11 54
11 56
11 58
11 59
11 60
11 61
11 62
11 64
11 66
11 73
11 75
12 1
12 2
12 4
12 6
12 7
12 10
12 14
12 18
12 21
12 22
12 23
12 24
12 26
12 27
12 28
12 30
12 31
12 33
12 34
12 37
12 38
12 41
12 44
12 45
12 47
12 48
12 51
12 53
12 54
12 55
12 56
12 58
12 59
12 66
12 67
12 72
12 73
12 74
12 76
12 79
13 1
13 2
13 4
13 6
13 7
13 8
13 9
13 10
13 11
13 14
13 18
13 19
13 24
13 25
13 27
13 28
13 31
13 34
13 36
13 37
13 39
13 40
13 41
13 43
13 44
13 45
13 49
13 50
13 51
13 53
13 57
13 58
13 59
13 62
13 65
13 66
13 79
14 0
14 1
14 2
14 4
14 5
14 6
14 7
14 8
14 10
14 12
14 13
14 16
14 18
14 19
14 21
14 22
14 23
14 24
14 25
14 26
14 27
14 28
14 30
14 31
14 34
14 37
14 41
14 44
14 49
14 50
14 52
14 53
14 55
14 56
14 58
14 59
14 60
14 61
14 63
14 64
14 66
14 69
14 72
14 76
14 78
14 79
14 80
15 2
15 4
15 5
15 6
15 7
15 9
15 10
15 16
15 17
15 20
15 21
15 23
15 24
15 25
15 26
15 30
15 31
15 34
15 37
15 38
15 40
15 42
15 44
15 45
15 46
15 47
15 50
15 55
15 57
15 59
15 60
15 67
15 69
15 75
16 0
16 1
16 2
16 4
16 5
16 6
16 7
16 8
16 9
16 10
16 14
16 15
16 17
16 18
16 19
16 20
16 21
16 24
16 25
16 28
16 29
16 31
16 32
16 33
16 34
16 35
16 37
16 38
16 39
16 40
16 41
16 42
16 43
16 44
16 45
16 46
16 48
16 49
16 50
16 52
16 53
16 55
16 56
16 57
16 58
16 59
16 60
16 61
16 62
16 64
16 66
16 67
16 68
16 69
16 70
16 71
16 72
16 74
16 75
16 76
16 77
16 78
16 79
16 80
17 2
17 4
17 6
17 9
17 10
17 15
17 16
17 20
17 23
17 24
17 26
17 31
17 33
17 37
17 38
17 39
17 40
17 41
17 42
17 44
17 45
17 46
17 47
17 49
17 53
17 55
17 56
17 57
17 59
17 60
17 66
17 67
17 76
18 1
18 2
18 6
18 7
18 8
18 9
18 10
18 11
18 12
18 13
18 14
18 16
18 26
18 27
18 28
18 31
18 34
18 36
18 37
18 39
18 40
18 44
18 48
18 49
18 50
18 52
18 53
18 54
18 55
18 56
18 60
18 62
18 63
18 65
18 66
18 68
18 73
18 80
19 1
19 2
19 6
19 7
19 9
19 10
19 13
19 14
19 16
19 20
19 23
19 24
19 28
19 31
19 32
19 37
19 38
19 40
19 43
19 44
19 46
19 47
19 49
19 53
19 55
19 57
19 60
19 62
19 66
19 67
19 68
19 69
19 74
19 79
20 2
20 3
20 4
20 5
20 6
20 7
20 8
20 9
20 10
20 11
20 15
20 16
20 17
20 19
20 21
20 23
20 26
20 28
20 29
20 30
20 31
20 35
20 37
20 38
20 39
20 40
20 41
20 42
20 43
20 44
20 45
20 46
20 47
20 48
20 49
20 51
20 53
20 55
20 56
20 57
20 58
20 62
20 63
20 64
20 68
20 69
20 71
20 72
20 74
20 75
20 78
20 79
20 80
21 2
21 3
21 4
21 6
21 7
21 8
21 9
21 10
21 11
21 12
21 14
21 15
21 16
21 20
21 22
21 23
21 24
21 25
21 27
21 28
21 29
21 30
21 31
21 34
21 35
21 36
21 37
21 39
21 40
21 41
21 42
21 43
21 44
21 45
21 46
21 47
21 48
21 50
21 51
21 52
21 53
21 54
21 55
21 56
21 57
21 58
21 59
21 60
21 63
21 64
21 65
21 66
21 70
21 71
21 73
21 74
21 76
21 77
21 79
21 80
22 6
22 7
22 8
22 9
22 10
22 11
22 12
22 14
22 21
22 25
22 26
22 28
22 30
22 31
22 32
22 33
22 34
22 36
22 37
22 38
22 39
22 40
22 41
22 48
22 49
22 53
22 54
22 56
22 60
22 64
22 66
22 73
22 75
23 4
23 5
23 7
23 8
23 10
23 12
23 14
23 15
23 17
23 19
23 20
23 21
23 24
23 25
23 26
23 28
23 29
23 30
23 31
23 32
23 33
23 34
23 35
23 38
23 39
23 40
23 41
23 42
23 43
23 44
23 45
23 48
23 49
23 50
23 52
23 53
23 54
23 55
23 56
23 57
23 58
23 59
23 60
23 61
23 62
23 63
23 64
23 65
23 66
23 67
23 68
23 69
23 71
23 72
23 73
23 74
23 75
23 76
23 77
23 78
23 79
23 80
24 0
24 2
24 3
24 4
24 5
24 6
24 7
24 8
24 10
24 12
24 13
24 14
24 15
24 16
24 17
24 19
24 21
24 23
24 26
24 27
24 28
24 29
24 30
24 31
24 33
24 35
24 37
24 38
24 39
24 40
24 41
24 43
24 44
24 45
24 46
24 47
24 48
24 49
24 51
24 52
24 53
24 54
24 55
24 56
24 57
24 58
24 59
24 60
24 63
24 64
24 65
24 66
24 67
24 70
24 71
24 73
24 74
24 76
24 77
24 78
24 80
25 1
25 2
25 4
25 5
25 7
25 8
25 10
25 11
25 13
25 14
25 15
25 16
25 21
25 22
25 23
25 27
25 28
25 30
25 31
25 32
25 33
25 34
25 35
25 36
25 37
25 38
25 41
25 43
25 44
25 47
25 48
25 50
25 51
25 52
25 53
25 55
25 58
25 59
25 60
25 61
25 62
25 63
25 64
25 66
25 67
25 70
25 74
25 75
25 76
25 77
25 78
25 79
25 80
26 0
26 1
26 3
26 4
26 5
26 6
26 7
26 8
26 9
26 10
26 12
26 14
26 15
26 17
26 18
26 20
26 22
26 23
26 24
26 27
26 28
26 29
26 31
26 32
26 33
26 37
26 38
26 39
26 40
26 41
26 42
26 43
26 44
26 45
26 46
26 47
26 48
26 49
26 50
26 52
26 53
26 54
26 55
26 56
26 57
26 58
26 59
26 60
26 61
26 62
26 66
26 67
26 69
26 71
26 75
26 76
26 77
26 80
27 2
27 6
27 7
27 8
27 9
27 10
27 11
27 12
27 13
27 14
27 18
27 21
27 24
27 25
27 26
27 29
27 31
27 32
27 34
27 36
27 37
27 39
27 41
27 42
27 44
27 47
27 48
27 50
27 51
27 53
27 54
27 55
27 56
27 58
27 62
27 63
27 73
28 0
28 1
28 2
28 3
28 4
28 5
28 6
28 7
28 9
28 10
28 11
28 12
28 13
28 14
28 16
28 18
28 19
28 20
28 21
28 22
28 23
28 24
28 25
28 26
28 29
28 30
28 31
28 32
28 33
28 34
28 35
28 36
28 38
28 39
28 40
28 41
28 42
28 43
28 44
28 45
28 46
28 47
28 48
28 49
28 51
28 52
28 53
28 54
28 55
28 56
28 57
28 58
28 59
28 60
28 61
28 62
28 63
28 64
28 65
28 66
28 67
28 68
28 71
28 73
28 74
28 75
28 76
28 77
28 78
28 79
29 2
29 3
29 6
29 7
29 8
29 9
29 10
29 11
29 16
29 20
29 21
29 23
29 24
29 26
29 27
29 28
29 30
29 31
29 34
29 36
29 37
29 39
29 41
29 42
29 43
29 44
29 45
29 46
29 47
29 49
29 50
29 51
29 54
29 56
29 57
29 58
29 59
29 60
29 65
29 66
29 67
29 68
29 69
29 71
30 2
30 6
30 7
30 8
30 9
30 10
30 11
30 12
30 14
30 15
30 20
30 21
30 22
30 23
30 24
30 25
30 28
30 29
30 31
30 32
30 37
30 41
30 42
30 43
30 44
30 45
30 46
30 47
30 48
30 50
30 51
30 53
30 58
30 60
30 64
30 75
30 79
31 0
31 1
31 2
31 3
31 4
31 5
31 6
31 7
31 8
31 9
31 10
31 12
31 13
31 14
31 15
31 16
31 17
31 18
31 19
31 20
31 21
31 22
31 23
31 24
31 25
31 26
31 27
31 28
31 29
31 30
31 32
31 33
31 34
31 36
31 37
31 38
31 39
31 40
31 41
31 42
31 43
31 44
31 45
31 46
31 47
31 48
31 49
31 50
31 51
31 52
31 53
31 54
31 55
31 56
31 57
31 58
31 59
31 60
31 61
31 62
31 63
31 64
31 65
31 66
31 67
31 68
31 69
31 70
31 71
31 72
31 73
31 74
31 75
31 76
31 77
31 78
31 79
31 80
32 2
32 4
32 5
32 6
32 7
32 8
32 9
32 10
32 11
32 16
32 19
32 22
32 23
32 25
32 26
32 27
32 28
32 30
32 31
32 34
32 36
32 37
32 38
32 39
32 40
32 41
32 42
32 43
32 44
32 45
32 46
32 47
32 50
32 51
32 53
32 55
32 56
32 60
32 61
32 62
32 64
32 66
32 67
32 69
32 74
32 80
33 0
33 1
33 4
33 6
33 8
33 10
33 11
33 12
33 16
33 17
33 22
33 23
33 24
33 25
33 26
33 28
33 31
33 34
33 35
33 36
33 37
33 38
33 39
33 43
33 44
33 45
33 46
33 47
33 48
33 49
33 50
33 52
33 53
33 54
33 56
33 58
33 60
33 61
33 62
33 64
33 65
33 67
33 68
33 69
33 70
33 72
33 73
33 74
33 75
33 76
33 79
33 80
34 2
34 5
34 6
34 7
34 8
34 9
34 10
34 11
34 12
34 13
34 14
34 15
34 16
34 18
34 21
34 22
34 23
34 25
34 27
34 28
34 29
34 31
34 32
34 33
34 35
34 36
34 37
34 38
34 41
34 43
34 44
34 45
34 46
34 47
34 48
34 50
34 51
34 54
34 56
34 58
34 64
34 69
34 73
34 75
35 2
35 4
35 6
35 7
35 9
35 10
35 11
35 16
35 20
35 21
35 23
35 24
35 25
35 28
35 33
35 34
35 36
35 37
35 38
35 40
35 42
35 43
35 44
35 46
35 47
35 52
35 53
35 60
35 61
35 66
35 69
35 70
35 73
35 76
36 1
36 2
36 4
36 6
36 7
36 9
36 10
36 11
36 13
36 18
36 21
36 22
36 25
36 27
36 28
36 29
36 31
36 32
36 33
36 34
36 35
36 37
36 38
36 39
36 40
36 41
36 42
36 43
36 44
36 45
36 46
36 47
36 49
36 50
36 51
36 53
36 54
36 56
36 58
36 59
36 60
36 63
36 64
36 65
37 1
37 4
37 5
37 6
37 7
37 8
37 9
37 10
37 11
37 12
37 13
37 14
37 15
37 16
37 17
37 18
37 19
37 20
37 21
37 22
37 24
37 25
37 26
37 27
37 29
37 30
37 31
37 32
37 33
37 34
37 35
37 36
37 38
37 40
37 41
37 42
37 43
37 44
37 45
37 47
37 48
37 49
37 50
37 51
37 53
37 54
37 56
37 57
37 58
37 59
37 60
37 61
37 62
37 63
37 64
37 65
37 66
37 67
37 68
37 69
37 70
37 72
37 73
37 75
37 76
37 77
37 78
37 79
37 80
38 0
38 1
38 2
38 3
38 4
38 6
38 7
38 8
38 10
38 11
38 12
38 15
38 16
38 17
38 19
38 20
38 22
38 23
38 24
38 25
38 26
38 28
38 31
38 32
38 33
38 34
38 35
38 36
38 37
38 39
38 40
38 41
38 42
38 43
38 44
38 45
38 46
38 47
38 49
38 51
38 53
38 54
38 55
38 56
38 57
38 58
38 59
38 60
38 61
38 62
38 64
38 65
38 66
38 67
38 68
38 69
38 70
38 71
38 72
38 74
38 75
38 76
38 77
38 78
38 79
39 1
39 2
39 3
39 4
39 5
39 6
39 7
39 8
39 9
39 10
39 11
39 13
39 16
39 17
39 18
39 20
39 21
39 22
39 23
39 24
39 26
39 27
39 28
39 29
39 31
39 32
39 33
39 36
39 38
39 40
39 41
39 42
39 43
39 44
39 45
39 46
39 47
39 48
39 49
39 50
39 51
39 52
39 54
39 55
39 56
39 57
39 59
39 60
39 63
39 66
39 67
39 68
39 71
39 72
39 73
39 77
40 0
40 1
40 5
40 6
40 8
40 9
40 10
40 11
40 13
40 15
40 16
40 17
40 18
40 19
40 20
40 21
40 22
40 23
40 24
40 26
40 28
40 31
40 32
40 35
40 36
40 37
40 38
40 39
40 41
40 43
40 44
40 45
40 46
40 47
40 49
40 50
40 53
40 55
40 56
40 57
40 60
40 61
40 63
40 64
40 65
40 66
40 67
40 68
40 69
40 70
40 72
40 73
40 74
40 75
40 76
41 1
41 2
41 3
41 4
41 6
41 7
41 10
41 11
41 12
41 13
41 14
41 16
41 17
41 20
41 21
41 22
41 23
41 24
41 25
41 26
41 27
41 28
41 29
41 30
41 31
41 32
41 34
41 36
41 37
41 38
41 39
41 40
41 42
41 43
41 44
41 45
41 46
41 47
41 49
41 50
41 51
41 53
41 55
41 56
41 57
41 58
41 59
41 60
41 63
41 66
41 67
41 69
41 71
41 72
41 75
42 2
42 3
42 4
42 6
42 7
42 8
42 9
42 10
42 11
42 15
42 16
42 17
42 20
42 21
42 23
42 26
42 27
42 28
42 29
42 30
42 31
42 32
42 35
42 36
42 37
42 38
42 39
42 41
42 43
42 44
42 45
42 46
42 47
42 49
42 51
42 55
42 57
42 58
42 59
42 60
42 63
42 66
42 68
42 69
42 73
42 77
42 78
42 80
43 0
43 4
43 6
43 7
43 8
43 9
43 10
43 11
43 13
43 16
43 19
43 20
43 21
43 23
43 24
43 25
43 26
43 28
43 29
43 30
43 31
43 32
43 33
43 34
43 35
43 36
43 37
43 38
43 39
43 40
43 41
43 42
43 44
43 46
43 47
43 50
43 59
43 60
43 62
43 63
43 69
43 72
43 76
43 78
43 80
44 4
44 5
44 7
44 8
44 9
44 10
44 12
44 13
44 14
44 15
44 16
44 17
44 18
44 19
44 20
44 21
44 23
44 24
44 25
44 26
44 27
44 28
44 29
44 30
44 31
44 32
44 33
44 34
44 35
44 36
44 37
44 38
44 39
44 40
44 41
44 42
44 43
44 45
44 46
44 47
44 48
44 49
44 50
44 52
44 53
44 54
44 56
44 57
44 58
44 59
44 60
44 61
44 63
44 64
44 65
44 66
44 67
44 68
44 69
44 70
44 71
44 72
44 73
44 74
44 75
44 76
44 78
44 79
44 80
45 1
45 2
45 3
45 6
45 7
45 9
45 10
45 11
45 12
45 13
45 15
45 16
45 17
45 20
45 21
45 23
45 24
45 26
45 28
45 29
45 30
45 31
45 32
45 33
45 34
45 36
45 37
45 38
45 39
45 40
45 41
45 42
45 44
45 46
45 47
45 49
45 50
45 51
45 54
45 55
45 56
45 57
45 59
45 60
45 62
45 66
45 67
45 68
45 69
45 70
45 71
45 73
45 74
45 75
45 76
45 79
45 80
46 1
46 2
46 4
46 5
46 6
46 7
46 8
46 9
46 10
46 11
46 15
46 16
46 17
46 19
46 20
46 21
46 24
46 26
46 28
46 29
46 30
46 31
46 32
46 33
46 34
46 35
46 36
46 38
46 39
46 40
46 41
46 42
46 43
46 44
46 45
46 47
46 48
46 49
46 50
46 51
46 52
46 53
46 54
46 56
46 57
46 58
46 59
46 60
46 61
46 62
46 63
46 64
46 65
46 66
46 67
46 68
46 71
46 75
46 76
46 78
46 79
47 2
47 4
47 6
47 7
47 8
47 9
47 10
47 12
47 15
47 17
47 19
47 20
47 21
47 24
47 25
47 26
47 27
47 28
47 29
47 30
47 31
47 32
47 33
47 34
47 35
47 36
47 37
47 38
47 39
47 40
47 41
47 42
47 43
47 44
47 45
47 46
47 48
47 49
47 50
47 52
47 53
47 54
47 56
47 58
47 59
47 60
47 61
47 62
47 63
47 64
47 65
47 66
47 67
47 68
47 69
47 71
47 73
47 74
47 75
47 76
47 77
47 78
47 79
47 80
48 4
48 6
48 9
48 10
48 11
48 12
48 16
48 18
48 20
48 21
48 22
48 23
48 24
48 25
48 26
48 27
48 28
48 30
48 31
48 33
48 34
48 37
48 39
48 44
48 46
48 47
48 49
48 51
48 52
48 53
48 54
48 58
48 61
48 65
48 66
48 67
48 72
48 73
48 76
49 1
49 2
49 3
49 5
49 6
49 7
49 8
49 9
49 10
49 11
49 13
49 14
49 16
49 17
49 18
49 19
49 20
49 22
49 23
49 24
49 26
49 28
49 29
49 31
49 33
49 36
49 37
49 38
49 39
49 40
49 41
49 42
49 44
49 45
49 46
49 47
49 48
49 50
49 51
49 56
49 57
49 58
49 59
49 62
49 63
49 64
49 66
49 67
49 68
49 69
49 71
49 74
49 75
49 77
49 79
50 2
50 3
50 4
50 5
50 7
50 8
50 10
50 13
50 14
50 15
50 16
50 18
50 21
50 23
50 25
50 26
50 27
50 29
50 30
50 31
50 32
50 33
50 34
50 36
50 37
50 39
50 40
50 41
50 43
50 44
50 45
50 46
50 47
50 49
50 52
50 53
50 54
50 55
50 56
50 58
50 60
50 61
50 62
50 64
50 66
50 67
50 68
50 69
50 70
50 75
50 77
50 79
50 80
51 4
51 7
51 10
51 12
51 13
51 20
51 21
51 24
51 25
51 27
51 28
51 29
51 30
51 31
51 32
51 34
51 36
51 37
51 38
51 39
51 41
51 42
51 45
51 46
51 48
51 49
51 54
51 56
51 57
51 58
51 60
51 62
51 63
51 64
51 65
51 67
51 69
51 79
52 0
52 2
52 4
52 10
52 14
52 16
52 18
52 21
52 23
52 24
52 25
52 26
52 28
52 31
52 33
52 35
52 39
52 44
52 46
52 47
52 48
52 50
52 53
52 54
52 55
52 58
52 59
52 60
52 63
52 64
52 66
52 68
52 69
52 70
52 72
52 73
52 74
52 76
52 77
52 78
52 79
52 80
53 0
53 2
53 3
53 4
53 5
53 7
53 8
53 10
53 12
53 13
53 14
53 16
53 17
53 18
53 19
53 20
53 21
53 22
53 23
53 24
53 25
53 26
53 27
53 28
53 30
53 31
53 32
53 33
53 35
53 36
53 37
53 38
53 40
53 41
53 44
53 46
53 47
53 48
53 50
53 52
53 54
53 55
53 56
53 57
53 58
53 59
53 60
53 61
53 62
53 63
53 64
53 65
53 66
53 69
53 70
53 73
53 74
53 76
53 77
53 78
53 79
53 80
54 0
54 1
54 2
54 3
54 4
54 6
54 7
54 9
54 10
54 11
54 12
54 18
54 21
54 22
54 23
54 24
54 26
54 27
54 28
54 29
54 31
54 33
54 34
54 36
54 37
54 38
54 39
54 44
54 45
54 46
54 47
54 48
54 50
54 51
54 52
54 53
54 55
54 56
54 58
54 59
54 60
54 61
54 62
54 65
54 66
54 67
54 69
54 70
54 72
54 73
54 74
54 77
54 78
55 4
55 5
55 7
55 8
55 9
55 10
55 12
55 14
55 15
55 16
55 17
55 18
55 19
55 20
55 21
55 23
55 24
55 25
55 26
55 27
55 28
55 31
55 32
55 38
55 39
55 40
55 41
55 42
55 45
55 50
55 52
55 53
55 54
55 56
55 57
55 59
55 62
55 63
55 65
55 66
55 67
55 68
55 69
55 71
55 73
55 74
55 75
55 76
55 78
55 79
55 80
56 0
56 2
56 3
56 5
56 6
56 8
56 9
56 10
56 11
56 12
56 14
56 16
56 17
56 18
56 20
56 21
56 22
56 23
56 24
56 26
56 27
56 28
56 29
56 31
56 32
56 33
56 34
56 36
56 37
56 38
56 39
56 40
56 41
56 44
56 45
56 46
56 47
56 49
56 50
56 51
56 53
56 54
56 55
56 57
56 58
56 61
56 63
56 64
56 66
56 67
56 71
56 72
56 73
56 75
57 0
57 1
57 2
57 4
57 5
57 6
57 7
57 8
57 9
57 10
57 13
57 15
57 16
57 17
57 19
57 20
57 21
57 23
57 24
57 26
57 28
57 29
57 31
57 37
57 38
57 39
57 40
57 41
57 42
57 44
57 45
57 46
57 49
57 51
57 53
57 55
57 56
57 58
57 59
57 60
57 61
57 62
57 66
57 67
57 68
57 71
57 74
57 75
57 77
57 78
57 80
58 0
58 1
58 3
58 4
58 6
58 7
58 8
58 9
58 10
58 11
58 12
58 13
58 14
58 16
58 20
58 21
58 23
58 24
58 25
58 26
58 27
58 28
58 29
58 30
58 31
58 33
58 34
58 36
58 37
58 38
58 41
58 42
58 44
58 46
58 47
58 48
58 49
58 50
58 51
58 52
58 53
58 54
58 56
58 57
58 59
58 62
58 65
58 66
58 73
58 75
58 76
58 77
59 0
59 3
59 4
59 5
59 6
59 7
59 8
59 10
59 11
59 12
59 13
59 14
59 15
59 16
59 17
59 21
59 23
59 24
59 25
59 26
59 28
59 29
59 31
59 36
59 37
59 38
59 39
59 41
59 42
59 43
59 44
59 45
59 46
59 47
59 49
59 52
59 53
59 54
59 55
59 57
59 58
59 60
59 61
59 62
59 63
59 64
59 65
59 66
59 68
59 69
59 70
59 71
59 72
59 73
59 74
59 76
59 77
59 78
59 79
59 80
60 0
60 1
60 4
60 6
60 7
60 9
60 10
60 11
60 14
60 15
60 16
60 17
60 18
60 19
60 21
60 22
60 23
60 24
60 25
60 26
60 28
60 29
60 30
60 31
60 32
60 33
60 35
60 36
60 37
60 38
60 39
60 40
60 41
60 42
60 43
60 44
60 45
60 46
60 47
60 50
60 51
60 52
60 53
60 54
60 57
60 59
60 61
60 63
60 65
60 66
60 69
60 70
60 71
60 72
60 74
60 75
60 77
60 78
60 79
61 0
61 1
61 4
61 6
61 7
61 8
61 9
61 10
61 11
61 14
61 16
61 23
61 25
61 26
61 28
61 31
61 32
61 33
61 35
61 37
61 38
61 40
61 44
61 46
61 47
61 48
61 50
61 53
61 54
61 56
61 57
61 59
61 60
61 62
61 66
61 67
61 68
61 69
61 70
61 72
61 73
61 74
61 78
61 80
62 0
62 1
62 2
62 4
62 7
62 9
62 10
62 11
62 13
62 16
62 18
62 19
62 20
62 23
62 25
62 26
62 27
62 28
62 31
62 32
62 33
62 37
62 38
62 43
62 45
62 46
62 47
62 49
62 50
62 51
62 53
62 54
62 55
62 57
62 58
62 59
62 61
62 63
62 65
62 66
62 67
62 70
62 72
62 76
63 0
63 1
63 3
63 4
63 5
63 6
63 7
63 8
63 9
63 10
63 14
63 18
63 20
63 21
63 23
63 24
63 25
63 27
63 28
63 31
63 36
63 37
63 39
63 40
63 41
63 42
63 43
63 44
63 46
63 47
63 49
63 51
63 52
63 53
63 55
63 56
63 59
63 60
63 62
63 64
63 65
63 66
63 68
63 69
63 70
63 72
63 74
63 76
63 78
63 79
63 80
64 0
64 6
64 7
64 9
64 10
64 11
64 14
64 16
64 20
64 21
64 22
64 23
64 24
64 25
64 28
64 30
64 31
64 32
64 33
64 34
64 36
64 37
64 38
64 40
64 44
64 46
64 47
64 49
64 50
64 51
64 52
64 53
64 56
64 59
64 63
64 66
64 67
64 69
64 70
64 72
64 73
64 76
65 1
65 2
65 3
65 4
65 6
65 8
65 9
65 10
65 13
65 18
65 21
65 23
65 24
65 28
65 29
65 31
65 33
65 36
65 37
65 38
65 40
65 44
65 46
65 47
65 48
65 51
65 53
65 54
65 55
65 58
65 59
65 60
65 62
65 63
65 66
65 67
65 68
65 69
65 70
65 72
65 73
65 76
65 77
65 79
65 80
66 0
66 1
66 2
66 3
66 4
66 5
66 6
66 7
66 8
66 9
66 10
66 11
66 12
66 13
66 14
66 16
66 17
66 18
66 19
66 21
66 22
66 23
66 24
66 25
66 26
66 28
66 29
66 31
66 32
66 35
66 37
66 38
66 39
66 40
66 41
66 42
66 44
66 45
66 46
66 47
66 48
66 49
66 50
66 52
66 53
66 54
66 55
66 56
66 57
66 58
66 59
66 60
66 61
66 62
66 63
66 64
66 65
66 67
66 68
66 70
66 71
66 73
66 74
66 76
66 77
66 78
66 79
66 80
67 0
67 2
67 3
67 4
67 5
67 7
67 8
67 9
67 10
67 12
67 15
67 16
67 17
67 19
67 23
67 24
67 25
67 26
67 28
67 29
67 31
67 32
67 33
67 37
67 38
67 39
67 40
67 41
67 44
67 45
67 46
67 47
67 48
67 49
67 50
67 51
67 54
67 55
67 56
67 57
67 61
67 62
67 64
67 65
67 66
67 68
67 69
67 70
67 71
67 72
67 73
67 74
67 76
67 77
67 78
67 79
68 0
68 1
68 3
68 6
68 8
68 9
68 10
68 16
68 18
68 19
68 20
68 23
68 28
68 29
68 31
68 33
68 37
68 38
68 39
68 40
68 42
68 44
68 45
68 46
68 47
68 49
68 50
68 52
68 55
68 57
68 59
68 61
68 63
68 65
68 66
68 67
68 70
68 71
68 72
68 76
68 77
68 78
68 80
69 0
69 1
69 4
69 5
69 6
69 7
69 10
69 14
69 15
69 16
69 19
69 20
69 23
69 26
69 29
69 31
69 32
69 33
69 34
69 35
69 37
69 38
69 40
69 41
69 42
69 43
69 44
69 45
69 47
69 49
69 50
69 51
69 52
69 53
69 54
69 55
69 59
69 60
69 61
69 63
69 64
69 65
69 67
69 70
69 74
69 76
69 77
70 0
70 2
70 4
70 6
70 7
70 9
70 10
70 16
70 21
70 24
70 25
70 31
70 33
70 35
70 37
70 38
70 40
70 44
70 45
70 50
70 52
70 53
70 54
70 59
70 60
70 61
70 62
70 63
70 64
70 65
70 66
70 67
70 68
70 69
70 72
70 74
70 76
70 79
70 80
71 6
71 9
71 10
71 16
71 20
71 21
71 23
71 24
71 26
71 28
71 29
71 31
71 38
71 39
71 41
71 44
71 45
71 46
71 47
71 49
71 55
71 56
71 57
71 59
71 60
71 66
71 67
71 68
72 1
72 2
72 4
72 6
72 7
72 9
72 10
72 12
72 14
72 16
72 20
72 23
72 31
72 33
72 37
72 38
72 39
72 40
72 41
72 43
72 44
72 48
72 52
72 54
72 56
72 59
72 60
72 61
72 62
72 63
72 64
72 65
72 67
72 68
72 70
72 73
72 76
72 78
72 79
73 0
73 2
73 4
73 5
73 7
73 8
73 10
73 11
73 12
73 18
73 21
73 22
73 23
73 24
73 27
73 28
73 31
73 33
73 34
73 35
73 37
73 39
73 40
73 42
73 44
73 45
73 47
73 48
73 52
73 53
73 54
73 55
73 56
73 58
73 59
73 61
73 64
73 65
73 66
73 67
73 72
73 74
73 75
73 76
73 77
73 79
74 0
74 1
74 4
74 10
74 12
74 16
74 19
74 20
74 21
74 23
74 24
74 25
74 28
74 31
74 32
74 33
74 38
74 40
74 44
74 45
74 47
74 49
74 52
74 53
74 54
74 55
74 57
74 59
74 60
74 61
74 63
74 66
74 67
74 69
74 70
74 73
74 76
74 79
75 1
75 2
75 5
75 6
75 7
75 8
75 9
75 10
75 11
75 15
75 16
75 20
75 22
75 23
75 25
75 26
75 28
75 30
75 31
75 33
75 34
75 37
75 38
75 40
75 41
75 44
75 45
75 46
75 47
75 49
75 50
75 55
75 56
75 57
75 58
75 60
75 73
76 0
76 1
76 2
76 3
76 4
76 7
76 8
76 10
76 12
76 14
76 16
76 17
76 21
76 23
76 24
76 25
76 26
76 28
76 31
76 33
76 35
76 37
76 38
76 40
76 43
76 44
76 45
76 46
76 47
76 48
76 52
76 53
76 55
76 58
76 59
76 62
76 63
76 64
76 65
76 66
76 67
76 68
76 69
76 70
76 72
76 73
76 74
76 77
76 78
76 80
77 0
77 3
77 4
77 7
77 10
77 16
77 21
77 23
77 24
77 25
77 26
77 28
77 31
77 37
77 38
77 39
77 42
77 47
77 49
77 50
77 52
77 53
77 54
77 57
77 58
77 59
77 60
77 65
77 66
77 67
77 68
77 69
77 73
77 76
78 0
78 6
78 9
78 10
78 14
78 16
78 20
78 23
78 24
78 25
78 28
78 31
78 37
78 38
78 42
78 43
78 44
78 46
78 47
78 52
78 53
78 54
78 55
78 57
78 59
78 60
78 61
78 63
78 66
78 67
78 68
78 72
78 76
79 1
79 2
79 4
79 5
79 7
79 10
79 12
79 13
79 14
79 16
79 19
79 20
79 21
79 23
79 25
79 28
79 30
79 31
79 33
79 37
79 38
79 44
79 45
79 46
79 47
79 49
79 50
79 51
79 52
79 53
79 55
79 59
79 60
79 63
79 65
79 66
79 67
79 70
79 72
79 73
79 74
80 0
80 1
80 2
80 3
80 4
80 6
80 7
80 8
80 9
80 10
80 14
80 16
80 18
80 20
80 21
80 23
80 24
80 25
80 26
80 31
80 32
80 33
80 37
80 42
80 43
80 44
80 45
80 47
80 50
80 52
80 53
80 55
80 57
80 59
80 61
80 63
80 65
80 66
80 68
80 70
80 76

8
116
702
746
758
895
909
1066
1189
1197
1427
1817
1902
1962
1971
2029
2056
2069
2073
2074
2102
2109
2134
2137
2138
2204
2216
2273
2283
2307
2335
2356
2367
2376
2383
2405
2410
2436
2438
2439
2442
2445
2458
2469
2471
2476
2483
2494
2520
2521
2562
2604
2620
2632
2707
2715
2751
2756
2770
2772
2774
2823
2854
2983
2985
3001
3064
3102
3112
3137
3151
3216
3226
3245
3251
3258
3290
3322
3537
3782
7110
